3.1108 	EXP 	Imported images.csv as conditions, 5 conditions, 4 params
3.1112 	EXP 	Created sequence: sequential, trialTypes=5, nReps=5, seed=None
3.1435 	EXP 	New trial (rep=0, index=0): {'color': u'Red', 'verb': u'On', 'names': u'mountie', 'object': u'Stool'}
3.1615 	EXP 	ImageStim: autoLog = None
3.1615 	EXP 	ImageStim: units = None
3.1615 	EXP 	ImageStim: useShaders = None
3.1615 	EXP 	ImageStim: size = None
3.1615 	EXP 	ImageStim: pos = None
3.1615 	EXP 	ImageStim: ori = None
3.1615 	EXP 	ImageStim: depth = None
3.1615 	EXP 	ImageStim: contrast = None
3.1615 	EXP 	ImageStim: opacity = None
3.1615 	EXP 	Set image image=images/mountieOnRedStool.png
3.1615 	EXP 	ImageStim: autoDraw = None
3.5667 	DATA 	Keypress: right
3.6606 	EXP 	New trial (rep=0, index=1): {'color': u'Red', 'verb': u'With', 'names': u'hunter', 'object': u'Stool'}
3.6767 	EXP 	ImageStim: autoDraw = None
3.6767 	EXP 	Set image image=images/hunterWithRedStool.png
3.6767 	EXP 	ImageStim: autoDraw = None
3.9844 	DATA 	Keypress: right
4.1800 	EXP 	New trial (rep=0, index=2): {'color': u'Red', 'verb': u'On', 'names': u'hunter', 'object': u'Stool'}
4.1929 	EXP 	ImageStim: autoDraw = None
4.1929 	EXP 	Set image image=images/hunterOnRedStool.png
4.1929 	EXP 	ImageStim: autoDraw = None
4.4916 	DATA 	Keypress: right
4.6937 	EXP 	New trial (rep=0, index=3): {'color': u'Blue', 'verb': u'Nextto', 'names': u'hunter', 'object': u'Stool'}
4.7067 	EXP 	ImageStim: autoDraw = None
4.7067 	EXP 	Set image image=images/hunterNexttoBlueStool.png
4.7067 	EXP 	ImageStim: autoDraw = None
5.0054 	DATA 	Keypress: right
5.2078 	EXP 	New trial (rep=0, index=4): {'color': u'Red', 'verb': u'On', 'names': u'mountie', 'object': u'Skateboard'}
5.2204 	EXP 	ImageStim: autoDraw = None
5.2204 	EXP 	Set image image=images/mountieOnRedSkateboard.png
5.2204 	EXP 	ImageStim: autoDraw = None
5.5190 	DATA 	Keypress: right
5.7214 	EXP 	New trial (rep=1, index=0): {'color': u'Red', 'verb': u'On', 'names': u'mountie', 'object': u'Stool'}
5.7364 	EXP 	ImageStim: autoDraw = None
5.7364 	EXP 	Set image image=images/mountieOnRedStool.png
5.7364 	EXP 	ImageStim: autoDraw = None
6.0329 	DATA 	Keypress: right
6.2353 	EXP 	New trial (rep=1, index=1): {'color': u'Red', 'verb': u'With', 'names': u'hunter', 'object': u'Stool'}
6.2480 	EXP 	ImageStim: autoDraw = None
6.2480 	EXP 	Set image image=images/hunterWithRedStool.png
6.2480 	EXP 	ImageStim: autoDraw = None
7.2867 	DATA 	Keypress: escape
