2.6354 	EXP 	Imported test.csv as conditions, 3 conditions, 3 params
2.6356 	EXP 	Created sequence: sequential, trialTypes=3, nReps=1, seed=None
2.6360 	EXP 	New trial (rep=0, index=0): {'verb': u'headbutt', 'actor': u'bandit', 'reciever': u'chef'}
2.6737 	EXP 	ImageStim: autoLog = None
2.6737 	EXP 	ImageStim: units = None
2.6737 	EXP 	ImageStim: useShaders = None
2.6737 	EXP 	ImageStim: size = None
2.6737 	EXP 	ImageStim: pos = None
2.6737 	EXP 	ImageStim: ori = None
2.6737 	EXP 	ImageStim: depth = None
2.6737 	EXP 	ImageStim: contrast = None
2.6737 	EXP 	ImageStim: opacity = None
2.6737 	EXP 	MovieStim: autoLog = None
2.6737 	EXP 	MovieStim: units = None
2.6737 	EXP 	Set movie movie=videos/bandit_chef_headbutt.avi
2.6737 	EXP 	MovieStim: pos = None
2.6737 	EXP 	MovieStim: depth = None
2.6737 	EXP 	MovieStim: colorSpace = None
2.6737 	EXP 	MovieStim: opacity = None
2.6737 	EXP 	MovieStim: size = None
2.6737 	EXP 	MovieStim: ori = None
2.6737 	EXP 	MovieStim: autoDraw = None
3.1867 	DATA 	Mouse: Left button down, pos=(1241,870)
3.1879 	EXP 	New trial (rep=0, index=1): {'verb': u'knockover', 'actor': u'bandit', 'reciever': u'hunter'}
3.2043 	EXP 	MovieStim: autoDraw = None
3.2043 	EXP 	MovieStim: autoLog = None
3.2043 	EXP 	MovieStim: units = None
3.2043 	EXP 	Set movie movie=videos/bandit_hunter_knockover.avi
3.2043 	EXP 	MovieStim: pos = None
3.2043 	EXP 	MovieStim: depth = None
3.2043 	EXP 	MovieStim: colorSpace = None
3.2043 	EXP 	MovieStim: opacity = None
3.2043 	EXP 	MovieStim: size = None
3.2043 	EXP 	MovieStim: ori = None
3.2043 	EXP 	MovieStim: autoDraw = None
3.5065 	DATA 	Mouse: Left button up, pos=(1241,865)
7.2305 	DATA 	Mouse: Left button down, pos=(1237,860)
7.2313 	EXP 	New trial (rep=0, index=2): {'verb': u'rock', 'actor': u'bandit', 'reciever': u'ref'}
7.2485 	EXP 	MovieStim: autoDraw = None
7.2485 	EXP 	MovieStim: autoLog = None
7.2485 	EXP 	MovieStim: units = None
7.2485 	EXP 	Set movie movie=videos/bandit_ref_rock.avi
7.2485 	EXP 	MovieStim: pos = None
7.2485 	EXP 	MovieStim: depth = None
7.2485 	EXP 	MovieStim: colorSpace = None
7.2485 	EXP 	MovieStim: opacity = None
7.2485 	EXP 	MovieStim: size = None
7.2485 	EXP 	MovieStim: ori = None
7.2485 	EXP 	MovieStim: autoDraw = None
7.5631 	DATA 	Mouse: Left button up, pos=(1235,860)
8.9303 	EXP 	Set movie finished
10.4135 	DATA 	Mouse: Left button down, pos=(1235,860)
10.4147 	EXP 	Imported images.csv as conditions, 5 conditions, 4 params
10.4149 	EXP 	Created sequence: sequential, trialTypes=5, nReps=1, seed=None
10.4153 	EXP 	New trial (rep=0, index=0): {'color': u'Red', 'verb': u'On', 'names': u'mountie', 'object': u'Stool'}
10.4326 	EXP 	MovieStim: autoDraw = None
10.4326 	EXP 	Set image_2 image=images/mountieOnRedStool.png
10.4326 	EXP 	ImageStim: autoDraw = None
10.6136 	DATA 	Mouse: Left button up, pos=(1235,860)
11.1135 	DATA 	Mouse: Left button down, pos=(1235,860)
11.1145 	EXP 	New trial (rep=0, index=1): {'color': u'Red', 'verb': u'With', 'names': u'hunter', 'object': u'Stool'}
11.1301 	EXP 	ImageStim: autoDraw = None
11.1301 	EXP 	Set image_2 image=images/hunterWithRedStool.png
11.1301 	EXP 	ImageStim: autoDraw = None
11.2635 	DATA 	Mouse: Left button up, pos=(1235,860)
11.6802 	DATA 	Mouse: Left button down, pos=(1235,860)
11.6975 	EXP 	New trial (rep=0, index=2): {'color': u'Red', 'verb': u'On', 'names': u'hunter', 'object': u'Stool'}
11.7135 	EXP 	ImageStim: autoDraw = None
11.7135 	EXP 	Set image_2 image=images/hunterOnRedStool.png
11.7135 	EXP 	ImageStim: autoDraw = None
11.8304 	DATA 	Mouse: Left button up, pos=(1235,860)
12.0467 	DATA 	Mouse: Left button down, pos=(1235,860)
12.0474 	EXP 	New trial (rep=0, index=3): {'color': u'Blue', 'verb': u'Nextto', 'names': u'hunter', 'object': u'Stool'}
12.0634 	EXP 	ImageStim: autoDraw = None
12.0634 	EXP 	Set image_2 image=images/hunterNexttoBlueStool.png
12.0634 	EXP 	ImageStim: autoDraw = None
12.1800 	DATA 	Mouse: Left button up, pos=(1235,860)
12.3966 	DATA 	Mouse: Left button down, pos=(1235,860)
12.3973 	EXP 	New trial (rep=0, index=4): {'color': u'Red', 'verb': u'On', 'names': u'mountie', 'object': u'Skateboard'}
12.4132 	EXP 	ImageStim: autoDraw = None
12.4132 	EXP 	Set image_2 image=images/mountieOnRedSkateboard.png
12.4132 	EXP 	ImageStim: autoDraw = None
12.5467 	DATA 	Mouse: Left button up, pos=(1235,860)
12.7967 	DATA 	Mouse: Left button down, pos=(1235,859)
2.3454 	EXP 	Imported test.csv as conditions, 3 conditions, 3 params
2.3456 	EXP 	Created sequence: sequential, trialTypes=3, nReps=1, seed=None
2.3796 	EXP 	New trial (rep=0, index=0): {'verb': u'headbutt', 'actor': u'bandit', 'reciever': u'chef'}
2.4254 	EXP 	ImageStim: autoLog = None
2.4254 	EXP 	ImageStim: units = None
2.4254 	EXP 	ImageStim: useShaders = None
2.4254 	EXP 	ImageStim: size = None
2.4254 	EXP 	ImageStim: pos = None
2.4254 	EXP 	ImageStim: ori = None
2.4254 	EXP 	ImageStim: depth = None
2.4254 	EXP 	ImageStim: contrast = None
2.4254 	EXP 	ImageStim: opacity = None
2.4254 	EXP 	MovieStim: autoLog = None
2.4254 	EXP 	MovieStim: units = None
2.4254 	EXP 	Set movie movie=videos/bandit_chef_headbutt.avi
2.4254 	EXP 	MovieStim: pos = None
2.4254 	EXP 	MovieStim: depth = None
2.4254 	EXP 	MovieStim: colorSpace = None
2.4254 	EXP 	MovieStim: opacity = None
2.4254 	EXP 	MovieStim: size = None
2.4254 	EXP 	MovieStim: ori = None
2.4254 	EXP 	MovieStim: autoDraw = None
4.3904 	EXP 	Set movie finished
6.6236 	DATA 	Mouse: Left button down, pos=(1173,899)
6.6247 	EXP 	New trial (rep=0, index=1): {'verb': u'knockover', 'actor': u'bandit', 'reciever': u'hunter'}
6.6410 	EXP 	MovieStim: autoDraw = None
6.6410 	EXP 	MovieStim: autoLog = None
6.6410 	EXP 	MovieStim: units = None
6.6410 	EXP 	Set movie movie=videos/bandit_hunter_knockover.avi
6.6410 	EXP 	MovieStim: pos = None
6.6410 	EXP 	MovieStim: depth = None
6.6410 	EXP 	MovieStim: colorSpace = None
6.6410 	EXP 	MovieStim: opacity = None
6.6410 	EXP 	MovieStim: size = None
6.6410 	EXP 	MovieStim: ori = None
6.6410 	EXP 	MovieStim: autoDraw = None
6.9435 	DATA 	Mouse: Left button up, pos=(1173,899)
9.7567 	DATA 	Mouse: Left button down, pos=(1174,896)
9.7574 	EXP 	New trial (rep=0, index=2): {'verb': u'rock', 'actor': u'bandit', 'reciever': u'ref'}
9.7734 	EXP 	MovieStim: autoDraw = None
9.7734 	EXP 	MovieStim: autoLog = None
9.7734 	EXP 	MovieStim: units = None
9.7734 	EXP 	Set movie movie=videos/bandit_ref_rock.avi
9.7734 	EXP 	MovieStim: pos = None
9.7734 	EXP 	MovieStim: depth = None
9.7734 	EXP 	MovieStim: colorSpace = None
9.7734 	EXP 	MovieStim: opacity = None
9.7734 	EXP 	MovieStim: size = None
9.7734 	EXP 	MovieStim: ori = None
9.7734 	EXP 	MovieStim: autoDraw = None
10.0871 	DATA 	Mouse: Left button up, pos=(1174,896)
11.4065 	DATA 	Mouse: Left button down, pos=(1174,896)
11.4077 	EXP 	Imported images.csv as conditions, 5 conditions, 4 params
11.4079 	EXP 	Created sequence: sequential, trialTypes=5, nReps=1, seed=None
11.4088 	EXP 	New trial (rep=0, index=0): {'color': u'Red', 'verb': u'On', 'names': u'mountie', 'object': u'Stool'}
11.4245 	EXP 	MovieStim: autoDraw = None
11.4245 	EXP 	Set image_2 image=images/mountieOnRedStool.png
11.4245 	EXP 	ImageStim: autoDraw = None
11.5733 	DATA 	Mouse: Left button up, pos=(1174,896)
12.3235 	DATA 	Mouse: Left button down, pos=(1174,896)
12.3428 	EXP 	New trial (rep=0, index=1): {'color': u'Red', 'verb': u'With', 'names': u'hunter', 'object': u'Stool'}
12.3579 	EXP 	ImageStim: autoDraw = None
12.3579 	EXP 	Set image_2 image=images/hunterWithRedStool.png
12.3579 	EXP 	ImageStim: autoDraw = None
12.4583 	DATA 	Mouse: Left button up, pos=(1174,896)
12.8748 	DATA 	Mouse: Left button down, pos=(1174,896)
12.8757 	EXP 	New trial (rep=0, index=2): {'color': u'Red', 'verb': u'On', 'names': u'hunter', 'object': u'Stool'}
12.8910 	EXP 	ImageStim: autoDraw = None
12.8910 	EXP 	Set image_2 image=images/hunterOnRedStool.png
12.8910 	EXP 	ImageStim: autoDraw = None
12.9919 	DATA 	Mouse: Left button up, pos=(1174,896)
13.2080 	DATA 	Mouse: Left button down, pos=(1174,895)
13.2087 	EXP 	New trial (rep=0, index=3): {'color': u'Blue', 'verb': u'Nextto', 'names': u'hunter', 'object': u'Stool'}
13.2250 	EXP 	ImageStim: autoDraw = None
13.2250 	EXP 	Set image_2 image=images/hunterNexttoBlueStool.png
13.2250 	EXP 	ImageStim: autoDraw = None
13.3401 	DATA 	Mouse: Left button up, pos=(1174,894)
13.5579 	DATA 	Mouse: Left button down, pos=(1174,894)
13.5586 	EXP 	New trial (rep=0, index=4): {'color': u'Red', 'verb': u'On', 'names': u'mountie', 'object': u'Skateboard'}
13.5749 	EXP 	ImageStim: autoDraw = None
13.5749 	EXP 	Set image_2 image=images/mountieOnRedSkateboard.png
13.5749 	EXP 	ImageStim: autoDraw = None
13.6748 	DATA 	Mouse: Left button up, pos=(1174,894)
14.2231 	DATA 	Mouse: Left button down, pos=(1174,893)
14.2720 	WARNING 	Data file, data/_2015_Oct_13_0603.csv, will be overwritten
