1.9368 	WARNING 	User requested fullscreen with size [2560 1700], but screen is actually [2560, 1440]. Using actual size
2.9000 	EXP 	Imported test.csv as conditions, 3 conditions, 11 params
2.9002 	EXP 	Created sequence: sequential, trialTypes=3, nReps=1, seed=None
2.9632 	EXP 	New trial (rep=0, index=0): {'receivertwo': u'hunter', 'soundverb': u'forp', 'verbtwo': u'rock', 'welcometext': u'hello welcome to the lab. You will be watching videos that will teach us something"', 'actor': u'bandit', 'verb': u'headbutt', 'receiver': u'chef', 'soundreceiver': u'doakla', 'correct': 1, 'soundactor': u'barsu', 'actortwo': u'bandit'}
2.9779 	EXP 	TextStim: autoLog = None
2.9779 	EXP 	TextStim: units = None
2.9779 	EXP 	TextStim: useShaders = None
2.9779 	EXP 	TextStim: depth = None
2.9779 	EXP 	TextStim: ori = None
2.9779 	EXP 	TextStim: pos = None
2.9779 	EXP 	TextStim: colorSpace = None
2.9779 	EXP 	TextStim: opacity = None
2.9779 	EXP 	TextStim: contrast = None
2.9779 	EXP 	ImageStim: autoLog = None
2.9779 	EXP 	ImageStim: units = None
2.9779 	EXP 	ImageStim: useShaders = None
2.9779 	EXP 	ImageStim: size = None
2.9779 	EXP 	ImageStim: pos = None
2.9779 	EXP 	ImageStim: ori = None
2.9779 	EXP 	ImageStim: depth = None
2.9779 	EXP 	ImageStim: contrast = None
2.9779 	EXP 	ImageStim: opacity = None
2.9779 	EXP 	ImageStim: autoLog = None
2.9779 	EXP 	ImageStim: units = None
2.9779 	EXP 	ImageStim: useShaders = None
2.9779 	EXP 	ImageStim: size = None
2.9779 	EXP 	ImageStim: pos = None
2.9779 	EXP 	ImageStim: ori = None
2.9779 	EXP 	ImageStim: depth = None
2.9779 	EXP 	ImageStim: contrast = None
2.9779 	EXP 	ImageStim: opacity = None
2.9779 	EXP 	TextStim: autoDraw = None
2.9779 	EXP 	ImageStim: autoDraw = None
