2.8301 	WARNING 	User requested fullscreen with size [2560 1700], but screen is actually [2560, 1440]. Using actual size
3.9865 	EXP 	Imported test.csv as conditions, 3 conditions, 10 params
3.9868 	EXP 	Created sequence: sequential, trialTypes=3, nReps=1, seed=None
4.0544 	EXP 	New trial (rep=0, index=0): {'receivertwo': u'hunter', 'soundverb': u'forp', 'verbtwo': u'rock', 'actor': u'bandit', 'verb': u'headbutt', 'receiver': u'chef', 'soundreceiver': u'doakla', 'correct': 1, 'soundactor': u'barsu', 'actortwo': u'bandit'}
4.1112 	EXP 	Set  sound=soundfiles/barsu_doakla_forp.wav
4.1113 	EXP 	Sound  started
4.6317 	EXP 	ImageStim: autoLog = None
4.6317 	EXP 	ImageStim: units = None
4.6317 	EXP 	ImageStim: useShaders = None
4.6317 	EXP 	ImageStim: size = None
4.6317 	EXP 	ImageStim: pos = None
4.6317 	EXP 	ImageStim: ori = None
4.6317 	EXP 	ImageStim: depth = None
4.6317 	EXP 	ImageStim: contrast = None
4.6317 	EXP 	ImageStim: opacity = None
4.6317 	EXP 	MovieStim: autoLog = None
4.6317 	EXP 	MovieStim: units = None
4.6317 	EXP 	Set movie movie=videos/bandit_chef_headbutt.avi
4.6317 	EXP 	MovieStim: pos = None
4.6317 	EXP 	MovieStim: depth = None
4.6317 	EXP 	MovieStim: colorSpace = None
4.6317 	EXP 	MovieStim: opacity = None
4.6317 	EXP 	MovieStim: size = None
4.6317 	EXP 	MovieStim: ori = None
4.6317 	EXP 	MovieStim: autoLog = None
4.6317 	EXP 	MovieStim: units = None
4.6317 	EXP 	Set movie movie=videos/bandit_hunter_rock.avi
4.6317 	EXP 	MovieStim: pos = None
4.6317 	EXP 	MovieStim: depth = None
4.6317 	EXP 	MovieStim: colorSpace = None
4.6317 	EXP 	MovieStim: opacity = None
4.6317 	EXP 	MovieStim: size = None
4.6317 	EXP 	MovieStim: ori = None
4.6317 	EXP 	MovieStim: autoDraw = None
4.6317 	EXP 	MovieStim: autoDraw = None
4.6322 	EXP 	Set  sound=soundfiles/barsu_doakla_forp.wav
4.6322 	EXP 	Sound  started
4.6468 	EXP 	Set  sound=soundfiles/barsu_doakla_forp.wav
4.6469 	EXP 	Sound  started
4.6625 	EXP 	Set  sound=soundfiles/barsu_doakla_forp.wav
4.6626 	EXP 	Sound  started
4.6794 	EXP 	Set  sound=soundfiles/barsu_doakla_forp.wav
4.6794 	EXP 	Sound  started
4.6967 	EXP 	Set  sound=soundfiles/barsu_doakla_forp.wav
4.6968 	EXP 	Sound  started
4.7127 	EXP 	Set  sound=soundfiles/barsu_doakla_forp.wav
4.7127 	EXP 	Sound  started
4.7303 	EXP 	Set  sound=soundfiles/barsu_doakla_forp.wav
4.7303 	EXP 	Sound  started
4.7468 	EXP 	Set  sound=soundfiles/barsu_doakla_forp.wav
4.7469 	EXP 	Sound  started
4.7619 	EXP 	Set  sound=soundfiles/barsu_doakla_forp.wav
4.7619 	EXP 	Sound  started
4.7778 	EXP 	Set  sound=soundfiles/barsu_doakla_forp.wav
4.7779 	EXP 	Sound  started
4.7954 	EXP 	Set  sound=soundfiles/barsu_doakla_forp.wav
4.7954 	EXP 	Sound  started
4.8113 	EXP 	Set  sound=soundfiles/barsu_doakla_forp.wav
4.8113 	EXP 	Sound  started
4.8285 	EXP 	Set  sound=soundfiles/barsu_doakla_forp.wav
4.8285 	EXP 	Sound  started
4.8453 	EXP 	Set  sound=soundfiles/barsu_doakla_forp.wav
4.8453 	EXP 	Sound  started
4.8607 	EXP 	Set  sound=soundfiles/barsu_doakla_forp.wav
4.8607 	EXP 	Sound  started
4.8782 	EXP 	Set  sound=soundfiles/barsu_doakla_forp.wav
4.8782 	EXP 	Sound  started
4.8946 	EXP 	Set  sound=soundfiles/barsu_doakla_forp.wav
4.8946 	EXP 	Sound  started
4.9111 	EXP 	Set  sound=soundfiles/barsu_doakla_forp.wav
4.9111 	EXP 	Sound  started
4.9278 	EXP 	Set  sound=soundfiles/barsu_doakla_forp.wav
4.9278 	EXP 	Sound  started
4.9451 	EXP 	Set  sound=soundfiles/barsu_doakla_forp.wav
4.9451 	EXP 	Sound  started
4.9618 	EXP 	Set  sound=soundfiles/barsu_doakla_forp.wav
4.9618 	EXP 	Sound  started
4.9785 	EXP 	Set  sound=soundfiles/barsu_doakla_forp.wav
4.9785 	EXP 	Sound  started
4.9944 	EXP 	Set  sound=soundfiles/barsu_doakla_forp.wav
4.9944 	EXP 	Sound  started
5.0110 	EXP 	Set  sound=soundfiles/barsu_doakla_forp.wav
5.0110 	EXP 	Sound  started
5.0286 	EXP 	Set  sound=soundfiles/barsu_doakla_forp.wav
5.0286 	EXP 	Sound  started
5.0454 	EXP 	Set  sound=soundfiles/barsu_doakla_forp.wav
5.0454 	EXP 	Sound  started
5.0615 	EXP 	Set  sound=soundfiles/barsu_doakla_forp.wav
5.0615 	EXP 	Sound  started
5.0782 	EXP 	Set  sound=soundfiles/barsu_doakla_forp.wav
5.0783 	EXP 	Sound  started
5.0947 	EXP 	Set  sound=soundfiles/barsu_doakla_forp.wav
5.0948 	EXP 	Sound  started
5.1114 	EXP 	Set  sound=soundfiles/barsu_doakla_forp.wav
5.1114 	EXP 	Sound  started
5.1285 	EXP 	Set  sound=soundfiles/barsu_doakla_forp.wav
5.1285 	EXP 	Sound  started
5.1454 	EXP 	Set  sound=soundfiles/barsu_doakla_forp.wav
5.1454 	EXP 	Sound  started
5.1619 	EXP 	Set  sound=soundfiles/barsu_doakla_forp.wav
5.1619 	EXP 	Sound  started
5.1781 	EXP 	Set  sound=soundfiles/barsu_doakla_forp.wav
5.1781 	EXP 	Sound  started
5.1950 	EXP 	Set  sound=soundfiles/barsu_doakla_forp.wav
5.1950 	EXP 	Sound  started
5.2120 	EXP 	Set  sound=soundfiles/barsu_doakla_forp.wav
5.2120 	EXP 	Sound  started
5.2285 	EXP 	Set  sound=soundfiles/barsu_doakla_forp.wav
5.2285 	EXP 	Sound  started
5.2455 	EXP 	Set  sound=soundfiles/barsu_doakla_forp.wav
5.2456 	EXP 	Sound  started
5.2615 	EXP 	Set  sound=soundfiles/barsu_doakla_forp.wav
5.2615 	EXP 	Sound  started
5.2781 	EXP 	Set  sound=soundfiles/barsu_doakla_forp.wav
5.2781 	EXP 	Sound  started
5.2955 	EXP 	Set  sound=soundfiles/barsu_doakla_forp.wav
5.2956 	EXP 	Sound  started
5.3122 	EXP 	Set  sound=soundfiles/barsu_doakla_forp.wav
5.3122 	EXP 	Sound  started
5.3281 	EXP 	Set  sound=soundfiles/barsu_doakla_forp.wav
5.3282 	EXP 	Sound  started
5.3454 	EXP 	Set  sound=soundfiles/barsu_doakla_forp.wav
5.3455 	EXP 	Sound  started
5.3621 	EXP 	Set  sound=soundfiles/barsu_doakla_forp.wav
5.3621 	EXP 	Sound  started
5.3787 	EXP 	Set  sound=soundfiles/barsu_doakla_forp.wav
5.3787 	EXP 	Sound  started
5.3947 	EXP 	Set  sound=soundfiles/barsu_doakla_forp.wav
5.3947 	EXP 	Sound  started
5.4116 	EXP 	Set  sound=soundfiles/barsu_doakla_forp.wav
5.4117 	EXP 	Sound  started
5.4282 	EXP 	Set  sound=soundfiles/barsu_doakla_forp.wav
5.4282 	EXP 	Sound  started
5.4452 	EXP 	Set  sound=soundfiles/barsu_doakla_forp.wav
5.4452 	EXP 	Sound  started
5.4620 	EXP 	Set  sound=soundfiles/barsu_doakla_forp.wav
5.4620 	EXP 	Sound  started
5.4780 	EXP 	Set  sound=soundfiles/barsu_doakla_forp.wav
5.4781 	EXP 	Sound  started
5.4957 	EXP 	Set  sound=soundfiles/barsu_doakla_forp.wav
5.4958 	EXP 	Sound  started
5.5120 	EXP 	Set  sound=soundfiles/barsu_doakla_forp.wav
5.5120 	EXP 	Sound  started
5.5287 	EXP 	Set  sound=soundfiles/barsu_doakla_forp.wav
5.5287 	EXP 	Sound  started
5.5456 	EXP 	Set  sound=soundfiles/barsu_doakla_forp.wav
5.5456 	EXP 	Sound  started
5.5624 	EXP 	Set  sound=soundfiles/barsu_doakla_forp.wav
5.5625 	EXP 	Sound  started
5.5785 	EXP 	Set  sound=soundfiles/barsu_doakla_forp.wav
5.5785 	EXP 	Sound  started
5.5948 	EXP 	Set  sound=soundfiles/barsu_doakla_forp.wav
5.5949 	EXP 	Sound  started
5.6121 	EXP 	Set  sound=soundfiles/barsu_doakla_forp.wav
5.6121 	EXP 	Sound  started
5.6286 	EXP 	Set  sound=soundfiles/barsu_doakla_forp.wav
5.6287 	EXP 	Sound  started
5.6457 	EXP 	Set  sound=soundfiles/barsu_doakla_forp.wav
5.6458 	EXP 	Sound  started
5.6619 	EXP 	Set  sound=soundfiles/barsu_doakla_forp.wav
5.6619 	EXP 	Sound  started
5.6787 	EXP 	Set  sound=soundfiles/barsu_doakla_forp.wav
5.6787 	EXP 	Sound  started
5.6953 	EXP 	Set  sound=soundfiles/barsu_doakla_forp.wav
5.6953 	EXP 	Sound  started
5.7121 	EXP 	Set  sound=soundfiles/barsu_doakla_forp.wav
5.7122 	EXP 	Sound  started
5.7286 	EXP 	Set  sound=soundfiles/barsu_doakla_forp.wav
5.7286 	EXP 	Sound  started
5.7459 	EXP 	Set  sound=soundfiles/barsu_doakla_forp.wav
5.7459 	EXP 	Sound  started
5.7624 	EXP 	Set  sound=soundfiles/barsu_doakla_forp.wav
5.7625 	EXP 	Sound  started
5.7791 	EXP 	Set  sound=soundfiles/barsu_doakla_forp.wav
5.7792 	EXP 	Sound  started
5.7957 	EXP 	Set  sound=soundfiles/barsu_doakla_forp.wav
5.7957 	EXP 	Sound  started
5.8120 	EXP 	Set movie finished
5.8122 	EXP 	Set  sound=soundfiles/barsu_doakla_forp.wav
5.8122 	EXP 	Sound  started
5.8280 	EXP 	Set movie paused
5.8283 	EXP 	Set  sound=soundfiles/barsu_doakla_forp.wav
5.8283 	EXP 	Sound  started
5.8458 	EXP 	Set  sound=soundfiles/barsu_doakla_forp.wav
5.8459 	EXP 	Sound  started
5.8622 	EXP 	Set  sound=soundfiles/barsu_doakla_forp.wav
5.8622 	EXP 	Sound  started
5.8787 	EXP 	Set  sound=soundfiles/barsu_doakla_forp.wav
5.8788 	EXP 	Sound  started
5.8954 	EXP 	Set  sound=soundfiles/barsu_doakla_forp.wav
5.8954 	EXP 	Sound  started
5.9119 	EXP 	Set  sound=soundfiles/barsu_doakla_forp.wav
5.9119 	EXP 	Sound  started
5.9290 	EXP 	Set  sound=soundfiles/barsu_doakla_forp.wav
5.9290 	EXP 	Sound  started
5.9458 	EXP 	Set  sound=soundfiles/barsu_doakla_forp.wav
5.9458 	EXP 	Sound  started
5.9640 	EXP 	Set  sound=soundfiles/barsu_doakla_forp.wav
5.9640 	EXP 	Sound  started
5.9788 	EXP 	Set  sound=soundfiles/barsu_doakla_forp.wav
5.9789 	EXP 	Sound  started
5.9962 	EXP 	Set  sound=soundfiles/barsu_doakla_forp.wav
5.9962 	EXP 	Sound  started
6.0124 	EXP 	Set  sound=soundfiles/barsu_doakla_forp.wav
6.0124 	EXP 	Sound  started
6.0292 	EXP 	Set  sound=soundfiles/barsu_doakla_forp.wav
6.0293 	EXP 	Sound  started
6.0461 	EXP 	Set  sound=soundfiles/barsu_doakla_forp.wav
6.0461 	EXP 	Sound  started
6.0622 	EXP 	Set  sound=soundfiles/barsu_doakla_forp.wav
6.0623 	EXP 	Sound  started
6.0791 	EXP 	Set  sound=soundfiles/barsu_doakla_forp.wav
6.0791 	EXP 	Sound  started
6.0954 	EXP 	Set movie finished
6.0957 	EXP 	Set  sound=soundfiles/barsu_doakla_forp.wav
6.0957 	EXP 	Sound  started
6.1124 	EXP 	Set movie paused
6.1126 	EXP 	Set  sound=soundfiles/barsu_doakla_forp.wav
6.1127 	EXP 	Sound  started
6.1296 	EXP 	Set  sound=soundfiles/barsu_doakla_forp.wav
6.1296 	EXP 	Sound  started
6.1465 	EXP 	Set  sound=soundfiles/barsu_doakla_forp.wav
6.1465 	EXP 	Sound  started
6.1625 	EXP 	Set  sound=soundfiles/barsu_doakla_forp.wav
6.1625 	EXP 	Sound  started
6.1794 	EXP 	Set  sound=soundfiles/barsu_doakla_forp.wav
6.1794 	EXP 	Sound  started
6.1963 	EXP 	Set  sound=soundfiles/barsu_doakla_forp.wav
6.1964 	EXP 	Sound  started
6.2130 	EXP 	Set  sound=soundfiles/barsu_doakla_forp.wav
6.2131 	EXP 	Sound  started
6.2300 	EXP 	Set  sound=soundfiles/barsu_doakla_forp.wav
6.2300 	EXP 	Sound  started
6.2463 	EXP 	Set  sound=soundfiles/barsu_doakla_forp.wav
6.2463 	EXP 	Sound  started
6.2633 	EXP 	Set  sound=soundfiles/barsu_doakla_forp.wav
6.2633 	EXP 	Sound  started
6.2793 	EXP 	Set  sound=soundfiles/barsu_doakla_forp.wav
6.2793 	EXP 	Sound  started
6.2962 	EXP 	Set  sound=soundfiles/barsu_doakla_forp.wav
6.2962 	EXP 	Sound  started
6.3130 	EXP 	Set  sound=soundfiles/barsu_doakla_forp.wav
6.3131 	EXP 	Sound  started
6.3300 	EXP 	Set  sound=soundfiles/barsu_doakla_forp.wav
6.3300 	EXP 	Sound  started
6.3458 	EXP 	Set  sound=soundfiles/barsu_doakla_forp.wav
6.3458 	EXP 	Sound  started
6.3627 	EXP 	Set  sound=soundfiles/barsu_doakla_forp.wav
6.3628 	EXP 	Sound  started
6.3797 	EXP 	Set  sound=soundfiles/barsu_doakla_forp.wav
6.3797 	EXP 	Sound  started
6.3966 	EXP 	Set  sound=soundfiles/barsu_doakla_forp.wav
6.3966 	EXP 	Sound  started
6.4124 	EXP 	Set  sound=soundfiles/barsu_doakla_forp.wav
6.4125 	EXP 	Sound  started
6.4293 	EXP 	Set  sound=soundfiles/barsu_doakla_forp.wav
6.4294 	EXP 	Sound  started
6.4462 	EXP 	Set  sound=soundfiles/barsu_doakla_forp.wav
6.4462 	EXP 	Sound  started
6.4631 	EXP 	Set  sound=soundfiles/barsu_doakla_forp.wav
6.4632 	EXP 	Sound  started
6.4800 	EXP 	Set  sound=soundfiles/barsu_doakla_forp.wav
6.4800 	EXP 	Sound  started
6.4959 	EXP 	Set  sound=soundfiles/barsu_doakla_forp.wav
6.4960 	EXP 	Sound  started
6.5129 	EXP 	Set  sound=soundfiles/barsu_doakla_forp.wav
6.5129 	EXP 	Sound  started
6.5299 	EXP 	Set  sound=soundfiles/barsu_doakla_forp.wav
6.5299 	EXP 	Sound  started
6.5467 	EXP 	Set  sound=soundfiles/barsu_doakla_forp.wav
6.5468 	EXP 	Sound  started
6.5627 	EXP 	Set  sound=soundfiles/barsu_doakla_forp.wav
6.5627 	EXP 	Sound  started
6.5795 	EXP 	Set  sound=soundfiles/barsu_doakla_forp.wav
6.5795 	EXP 	Sound  started
6.5964 	EXP 	Set  sound=soundfiles/barsu_doakla_forp.wav
6.5964 	EXP 	Sound  started
6.6133 	EXP 	Set  sound=soundfiles/barsu_doakla_forp.wav
6.6133 	EXP 	Sound  started
6.6302 	EXP 	Set  sound=soundfiles/barsu_doakla_forp.wav
6.6302 	EXP 	Sound  started
6.6462 	EXP 	Set  sound=soundfiles/barsu_doakla_forp.wav
6.6462 	EXP 	Sound  started
6.6629 	EXP 	Set  sound=soundfiles/barsu_doakla_forp.wav
6.6629 	EXP 	Sound  started
6.6798 	EXP 	Set  sound=soundfiles/barsu_doakla_forp.wav
6.6798 	EXP 	Sound  started
6.6971 	EXP 	Set  sound=soundfiles/barsu_doakla_forp.wav
6.6972 	EXP 	Sound  started
6.7130 	EXP 	Set  sound=soundfiles/barsu_doakla_forp.wav
6.7131 	EXP 	Sound  started
6.7302 	EXP 	Set  sound=soundfiles/barsu_doakla_forp.wav
6.7302 	EXP 	Sound  started
6.7459 	EXP 	Set  sound=soundfiles/barsu_doakla_forp.wav
6.7459 	EXP 	Sound  started
6.7628 	EXP 	Set  sound=soundfiles/barsu_doakla_forp.wav
6.7628 	EXP 	Sound  started
6.7803 	EXP 	Set  sound=soundfiles/barsu_doakla_forp.wav
6.7803 	EXP 	Sound  started
6.7965 	EXP 	Set  sound=soundfiles/barsu_doakla_forp.wav
6.7965 	EXP 	Sound  started
6.8135 	EXP 	Set  sound=soundfiles/barsu_doakla_forp.wav
6.8135 	EXP 	Sound  started
6.8303 	EXP 	Set  sound=soundfiles/barsu_doakla_forp.wav
6.8303 	EXP 	Sound  started
6.8463 	EXP 	Set  sound=soundfiles/barsu_doakla_forp.wav
6.8463 	EXP 	Sound  started
6.8631 	EXP 	Set  sound=soundfiles/barsu_doakla_forp.wav
6.8632 	EXP 	Sound  started
6.8800 	EXP 	Set  sound=soundfiles/barsu_doakla_forp.wav
6.8801 	EXP 	Sound  started
6.8968 	EXP 	Set  sound=soundfiles/barsu_doakla_forp.wav
6.8968 	EXP 	Sound  started
6.9135 	EXP 	Set  sound=soundfiles/barsu_doakla_forp.wav
6.9136 	EXP 	Sound  started
6.9304 	EXP 	Set  sound=soundfiles/barsu_doakla_forp.wav
6.9304 	EXP 	Sound  started
6.9463 	EXP 	Set  sound=soundfiles/barsu_doakla_forp.wav
6.9463 	EXP 	Sound  started
6.9632 	EXP 	Set  sound=soundfiles/barsu_doakla_forp.wav
6.9632 	EXP 	Sound  started
6.9815 	EXP 	Set  sound=soundfiles/barsu_doakla_forp.wav
6.9815 	EXP 	Sound  started
6.9978 	EXP 	Set  sound=soundfiles/barsu_doakla_forp.wav
6.9979 	EXP 	Sound  started
7.0154 	EXP 	Set  sound=soundfiles/barsu_doakla_forp.wav
7.0154 	EXP 	Sound  started
7.0318 	EXP 	Set  sound=soundfiles/barsu_doakla_forp.wav
7.0318 	EXP 	Sound  started
7.0481 	EXP 	Set  sound=soundfiles/barsu_doakla_forp.wav
7.0481 	EXP 	Sound  started
7.0645 	EXP 	Set  sound=soundfiles/barsu_doakla_forp.wav
7.0646 	EXP 	Sound  started
7.0819 	EXP 	Set  sound=soundfiles/barsu_doakla_forp.wav
7.0819 	EXP 	Sound  started
7.0981 	EXP 	Set  sound=soundfiles/barsu_doakla_forp.wav
7.0981 	EXP 	Sound  started
7.1146 	EXP 	Set  sound=soundfiles/barsu_doakla_forp.wav
7.1146 	EXP 	Sound  started
7.1321 	EXP 	Set  sound=soundfiles/barsu_doakla_forp.wav
7.1321 	EXP 	Sound  started
7.1485 	EXP 	Set  sound=soundfiles/barsu_doakla_forp.wav
7.1485 	EXP 	Sound  started
7.1646 	EXP 	Set  sound=soundfiles/barsu_doakla_forp.wav
7.1647 	EXP 	Sound  started
7.1823 	EXP 	Set  sound=soundfiles/barsu_doakla_forp.wav
7.1823 	EXP 	Sound  started
7.1986 	EXP 	Set  sound=soundfiles/barsu_doakla_forp.wav
7.1986 	EXP 	Sound  started
7.2148 	EXP 	Set  sound=soundfiles/barsu_doakla_forp.wav
7.2148 	EXP 	Sound  started
7.2323 	EXP 	Set  sound=soundfiles/barsu_doakla_forp.wav
7.2323 	EXP 	Sound  started
7.2483 	EXP 	Set  sound=soundfiles/barsu_doakla_forp.wav
7.2483 	EXP 	Sound  started
7.2647 	EXP 	Set  sound=soundfiles/barsu_doakla_forp.wav
7.2647 	EXP 	Sound  started
7.2814 	EXP 	Set  sound=soundfiles/barsu_doakla_forp.wav
7.2814 	EXP 	Sound  started
7.2987 	EXP 	Set  sound=soundfiles/barsu_doakla_forp.wav
7.2988 	EXP 	Sound  started
7.3150 	EXP 	Set  sound=soundfiles/barsu_doakla_forp.wav
7.3150 	EXP 	Sound  started
7.3314 	EXP 	Set  sound=soundfiles/barsu_doakla_forp.wav
7.3315 	EXP 	Sound  started
7.3489 	EXP 	Set  sound=soundfiles/barsu_doakla_forp.wav
7.3489 	EXP 	Sound  started
7.3654 	EXP 	Set  sound=soundfiles/barsu_doakla_forp.wav
7.3654 	EXP 	Sound  started
7.3817 	EXP 	Set  sound=soundfiles/barsu_doakla_forp.wav
7.3817 	EXP 	Sound  started
7.3986 	EXP 	Set  sound=soundfiles/barsu_doakla_forp.wav
7.3986 	EXP 	Sound  started
7.4149 	EXP 	Set  sound=soundfiles/barsu_doakla_forp.wav
7.4149 	EXP 	Sound  started
7.4322 	EXP 	Set  sound=soundfiles/barsu_doakla_forp.wav
7.4322 	EXP 	Sound  started
7.4486 	EXP 	Set  sound=soundfiles/barsu_doakla_forp.wav
7.4486 	EXP 	Sound  started
7.4650 	EXP 	Set  sound=soundfiles/barsu_doakla_forp.wav
7.4650 	EXP 	Sound  started
7.4824 	EXP 	Set  sound=soundfiles/barsu_doakla_forp.wav
7.4825 	EXP 	Sound  started
7.4989 	EXP 	Set  sound=soundfiles/barsu_doakla_forp.wav
7.4989 	EXP 	Sound  started
7.5153 	EXP 	Set  sound=soundfiles/barsu_doakla_forp.wav
7.5153 	EXP 	Sound  started
7.5316 	EXP 	Set  sound=soundfiles/barsu_doakla_forp.wav
7.5317 	EXP 	Sound  started
7.5492 	EXP 	Set  sound=soundfiles/barsu_doakla_forp.wav
7.5493 	EXP 	Sound  started
7.5657 	EXP 	Set  sound=soundfiles/barsu_doakla_forp.wav
7.5657 	EXP 	Sound  started
7.5820 	EXP 	Set  sound=soundfiles/barsu_doakla_forp.wav
7.5820 	EXP 	Sound  started
7.5984 	EXP 	Set  sound=soundfiles/barsu_doakla_forp.wav
7.5984 	EXP 	Sound  started
7.6158 	EXP 	Set  sound=soundfiles/barsu_doakla_forp.wav
7.6158 	EXP 	Sound  started
7.6321 	EXP 	Set  sound=soundfiles/barsu_doakla_forp.wav
7.6321 	EXP 	Sound  started
7.6484 	EXP 	Set  sound=soundfiles/barsu_doakla_forp.wav
7.6484 	EXP 	Sound  started
7.6658 	EXP 	Set  sound=soundfiles/barsu_doakla_forp.wav
7.6659 	EXP 	Sound  started
7.6821 	EXP 	Set  sound=soundfiles/barsu_doakla_forp.wav
7.6821 	EXP 	Sound  started
7.6985 	EXP 	Set  sound=soundfiles/barsu_doakla_forp.wav
7.6985 	EXP 	Sound  started
7.7159 	EXP 	Set  sound=soundfiles/barsu_doakla_forp.wav
7.7159 	EXP 	Sound  started
7.7324 	EXP 	Set  sound=soundfiles/barsu_doakla_forp.wav
7.7324 	EXP 	Sound  started
7.7483 	EXP 	Set  sound=soundfiles/barsu_doakla_forp.wav
7.7483 	EXP 	Sound  started
7.7657 	EXP 	Set  sound=soundfiles/barsu_doakla_forp.wav
7.7657 	EXP 	Sound  started
7.7818 	EXP 	Set  sound=soundfiles/barsu_doakla_forp.wav
7.7818 	EXP 	Sound  started
7.7992 	EXP 	Set  sound=soundfiles/barsu_doakla_forp.wav
7.7993 	EXP 	Sound  started
7.8151 	EXP 	Set  sound=soundfiles/barsu_doakla_forp.wav
7.8151 	EXP 	Sound  started
7.8325 	EXP 	Set  sound=soundfiles/barsu_doakla_forp.wav
7.8325 	EXP 	Sound  started
7.8488 	EXP 	Set  sound=soundfiles/barsu_doakla_forp.wav
7.8488 	EXP 	Sound  started
7.8652 	EXP 	Set  sound=soundfiles/barsu_doakla_forp.wav
7.8652 	EXP 	Sound  started
7.8826 	EXP 	Set  sound=soundfiles/barsu_doakla_forp.wav
7.8826 	EXP 	Sound  started
7.8991 	EXP 	Set  sound=soundfiles/barsu_doakla_forp.wav
7.8991 	EXP 	Sound  started
7.9158 	EXP 	Set  sound=soundfiles/barsu_doakla_forp.wav
7.9158 	EXP 	Sound  started
7.9326 	EXP 	Set  sound=soundfiles/barsu_doakla_forp.wav
7.9326 	EXP 	Sound  started
7.9489 	EXP 	Set  sound=soundfiles/barsu_doakla_forp.wav
7.9489 	EXP 	Sound  started
7.9653 	EXP 	Set  sound=soundfiles/barsu_doakla_forp.wav
7.9653 	EXP 	Sound  started
7.9826 	EXP 	Set  sound=soundfiles/barsu_doakla_forp.wav
7.9826 	EXP 	Sound  started
7.9989 	EXP 	Set  sound=soundfiles/barsu_doakla_forp.wav
7.9989 	EXP 	Sound  started
8.0152 	EXP 	Set  sound=soundfiles/barsu_doakla_forp.wav
8.0152 	EXP 	Sound  started
8.0326 	EXP 	Set  sound=soundfiles/barsu_doakla_forp.wav
8.0326 	EXP 	Sound  started
8.0488 	EXP 	Set  sound=soundfiles/barsu_doakla_forp.wav
8.0488 	EXP 	Sound  started
8.0662 	EXP 	Set  sound=soundfiles/barsu_doakla_forp.wav
8.0662 	EXP 	Sound  started
8.0823 	EXP 	Set  sound=soundfiles/barsu_doakla_forp.wav
8.0823 	EXP 	Sound  started
8.0988 	EXP 	Set  sound=soundfiles/barsu_doakla_forp.wav
8.0988 	EXP 	Sound  started
8.1161 	EXP 	Set  sound=soundfiles/barsu_doakla_forp.wav
8.1161 	EXP 	Sound  started
8.1329 	EXP 	Set  sound=soundfiles/barsu_doakla_forp.wav
8.1329 	EXP 	Sound  started
8.1492 	EXP 	Set  sound=soundfiles/barsu_doakla_forp.wav
8.1492 	EXP 	Sound  started
8.1655 	EXP 	Set  sound=soundfiles/barsu_doakla_forp.wav
8.1655 	EXP 	Sound  started
8.1828 	EXP 	Set  sound=soundfiles/barsu_doakla_forp.wav
8.1828 	EXP 	Sound  started
8.1996 	EXP 	Set  sound=soundfiles/barsu_doakla_forp.wav
8.1997 	EXP 	Sound  started
8.2160 	EXP 	Set  sound=soundfiles/barsu_doakla_forp.wav
8.2160 	EXP 	Sound  started
8.2324 	EXP 	Set  sound=soundfiles/barsu_doakla_forp.wav
8.2324 	EXP 	Sound  started
8.2488 	EXP 	Set  sound=soundfiles/barsu_doakla_forp.wav
8.2488 	EXP 	Sound  started
8.2663 	EXP 	Set  sound=soundfiles/barsu_doakla_forp.wav
8.2663 	EXP 	Sound  started
8.2826 	EXP 	Set  sound=soundfiles/barsu_doakla_forp.wav
8.2826 	EXP 	Sound  started
8.2990 	EXP 	Set  sound=soundfiles/barsu_doakla_forp.wav
8.2990 	EXP 	Sound  started
8.3163 	EXP 	Set  sound=soundfiles/barsu_doakla_forp.wav
8.3163 	EXP 	Sound  started
8.3327 	EXP 	Set  sound=soundfiles/barsu_doakla_forp.wav
8.3327 	EXP 	Sound  started
8.3490 	EXP 	Set  sound=soundfiles/barsu_doakla_forp.wav
8.3490 	EXP 	Sound  started
8.3663 	EXP 	Set  sound=soundfiles/barsu_doakla_forp.wav
8.3664 	EXP 	Sound  started
8.3827 	EXP 	Set  sound=soundfiles/barsu_doakla_forp.wav
8.3827 	EXP 	Sound  started
8.3991 	EXP 	Set  sound=soundfiles/barsu_doakla_forp.wav
8.3991 	EXP 	Sound  started
8.4163 	EXP 	Set  sound=soundfiles/barsu_doakla_forp.wav
8.4163 	EXP 	Sound  started
8.4325 	EXP 	Set  sound=soundfiles/barsu_doakla_forp.wav
8.4326 	EXP 	Sound  started
8.4491 	EXP 	Set  sound=soundfiles/barsu_doakla_forp.wav
8.4491 	EXP 	Sound  started
8.4666 	EXP 	Set  sound=soundfiles/barsu_doakla_forp.wav
8.4666 	EXP 	Sound  started
8.4829 	EXP 	Set  sound=soundfiles/barsu_doakla_forp.wav
8.4829 	EXP 	Sound  started
8.4993 	EXP 	Set  sound=soundfiles/barsu_doakla_forp.wav
8.4994 	EXP 	Sound  started
8.5157 	EXP 	Set  sound=soundfiles/barsu_doakla_forp.wav
8.5157 	EXP 	Sound  started
8.5331 	EXP 	Set  sound=soundfiles/barsu_doakla_forp.wav
8.5332 	EXP 	Sound  started
8.5493 	EXP 	Set  sound=soundfiles/barsu_doakla_forp.wav
8.5493 	EXP 	Sound  started
8.5658 	EXP 	Set  sound=soundfiles/barsu_doakla_forp.wav
8.5658 	EXP 	Sound  started
8.5824 	EXP 	Set  sound=soundfiles/barsu_doakla_forp.wav
8.5824 	EXP 	Sound  started
8.5998 	EXP 	Set  sound=soundfiles/barsu_doakla_forp.wav
8.5998 	EXP 	Sound  started
8.6160 	EXP 	Set  sound=soundfiles/barsu_doakla_forp.wav
8.6160 	EXP 	Sound  started
8.6326 	EXP 	Set  sound=soundfiles/barsu_doakla_forp.wav
8.6326 	EXP 	Sound  started
8.6497 	EXP 	Set  sound=soundfiles/barsu_doakla_forp.wav
8.6497 	EXP 	Sound  started
8.6660 	EXP 	Set  sound=soundfiles/barsu_doakla_forp.wav
8.6660 	EXP 	Sound  started
8.6833 	EXP 	Set  sound=soundfiles/barsu_doakla_forp.wav
8.6834 	EXP 	Sound  started
8.6998 	EXP 	Set  sound=soundfiles/barsu_doakla_forp.wav
8.6998 	EXP 	Sound  started
8.7161 	EXP 	Set  sound=soundfiles/barsu_doakla_forp.wav
8.7161 	EXP 	Sound  started
8.7326 	EXP 	Set  sound=soundfiles/barsu_doakla_forp.wav
8.7326 	EXP 	Sound  started
8.7499 	EXP 	Set  sound=soundfiles/barsu_doakla_forp.wav
8.7499 	EXP 	Sound  started
8.7662 	EXP 	Set  sound=soundfiles/barsu_doakla_forp.wav
8.7663 	EXP 	Sound  started
8.7825 	EXP 	Set  sound=soundfiles/barsu_doakla_forp.wav
8.7825 	EXP 	Sound  started
8.7993 	EXP 	Set  sound=soundfiles/barsu_doakla_forp.wav
8.7994 	EXP 	Sound  started
8.8161 	EXP 	Set  sound=soundfiles/barsu_doakla_forp.wav
8.8161 	EXP 	Sound  started
8.8336 	EXP 	Set  sound=soundfiles/barsu_doakla_forp.wav
8.8336 	EXP 	Sound  started
8.8500 	EXP 	Set  sound=soundfiles/barsu_doakla_forp.wav
8.8500 	EXP 	Sound  started
8.8663 	EXP 	Set  sound=soundfiles/barsu_doakla_forp.wav
8.8663 	EXP 	Sound  started
8.8826 	EXP 	Set  sound=soundfiles/barsu_doakla_forp.wav
8.8826 	EXP 	Sound  started
8.9000 	EXP 	Set  sound=soundfiles/barsu_doakla_forp.wav
8.9000 	EXP 	Sound  started
8.9163 	EXP 	Set  sound=soundfiles/barsu_doakla_forp.wav
8.9164 	EXP 	Sound  started
8.9327 	EXP 	Set  sound=soundfiles/barsu_doakla_forp.wav
8.9327 	EXP 	Sound  started
8.9494 	EXP 	Set  sound=soundfiles/barsu_doakla_forp.wav
8.9494 	EXP 	Sound  started
8.9668 	EXP 	Set  sound=soundfiles/barsu_doakla_forp.wav
8.9668 	EXP 	Sound  started
8.9831 	EXP 	Set  sound=soundfiles/barsu_doakla_forp.wav
8.9832 	EXP 	Sound  started
8.9995 	EXP 	Set  sound=soundfiles/barsu_doakla_forp.wav
8.9995 	EXP 	Sound  started
9.0169 	EXP 	Set  sound=soundfiles/barsu_doakla_forp.wav
9.0169 	EXP 	Sound  started
9.0332 	EXP 	Set  sound=soundfiles/barsu_doakla_forp.wav
9.0332 	EXP 	Sound  started
9.0495 	EXP 	Set  sound=soundfiles/barsu_doakla_forp.wav
9.0495 	EXP 	Sound  started
9.0670 	EXP 	Set  sound=soundfiles/barsu_doakla_forp.wav
9.0670 	EXP 	Sound  started
9.0834 	EXP 	Set  sound=soundfiles/barsu_doakla_forp.wav
9.0835 	EXP 	Sound  started
9.0998 	EXP 	Set  sound=soundfiles/barsu_doakla_forp.wav
9.0998 	EXP 	Sound  started
9.1168 	EXP 	Set  sound=soundfiles/barsu_doakla_forp.wav
9.1168 	EXP 	Sound  started
9.1338 	EXP 	Set  sound=soundfiles/barsu_doakla_forp.wav
9.1339 	EXP 	Sound  started
9.1502 	EXP 	Set  sound=soundfiles/barsu_doakla_forp.wav
9.1503 	EXP 	Sound  started
9.1666 	EXP 	Set  sound=soundfiles/barsu_doakla_forp.wav
9.1667 	EXP 	Sound  started
9.1829 	EXP 	Set  sound=soundfiles/barsu_doakla_forp.wav
9.1829 	EXP 	Sound  started
9.2002 	EXP 	Set  sound=soundfiles/barsu_doakla_forp.wav
9.2002 	EXP 	Sound  started
9.2163 	EXP 	Set  sound=soundfiles/barsu_doakla_forp.wav
9.2163 	EXP 	Sound  started
9.2337 	EXP 	Set  sound=soundfiles/barsu_doakla_forp.wav
9.2338 	EXP 	Sound  started
9.2496 	EXP 	Set  sound=soundfiles/barsu_doakla_forp.wav
9.2496 	EXP 	Sound  started
9.2665 	EXP 	Set  sound=soundfiles/barsu_doakla_forp.wav
9.2665 	EXP 	Sound  started
9.2839 	EXP 	Set  sound=soundfiles/barsu_doakla_forp.wav
9.2839 	EXP 	Sound  started
9.3002 	EXP 	Set  sound=soundfiles/barsu_doakla_forp.wav
9.3003 	EXP 	Sound  started
9.3163 	EXP 	Set  sound=soundfiles/barsu_doakla_forp.wav
9.3163 	EXP 	Sound  started
9.3338 	EXP 	Set  sound=soundfiles/barsu_doakla_forp.wav
9.3338 	EXP 	Sound  started
9.3500 	EXP 	Set  sound=soundfiles/barsu_doakla_forp.wav
9.3501 	EXP 	Sound  started
9.3664 	EXP 	Set  sound=soundfiles/barsu_doakla_forp.wav
9.3665 	EXP 	Sound  started
9.3829 	EXP 	Set  sound=soundfiles/barsu_doakla_forp.wav
9.3829 	EXP 	Sound  started
9.4003 	EXP 	Set  sound=soundfiles/barsu_doakla_forp.wav
9.4003 	EXP 	Sound  started
9.4166 	EXP 	Set  sound=soundfiles/barsu_doakla_forp.wav
9.4166 	EXP 	Sound  started
9.4340 	EXP 	Set  sound=soundfiles/barsu_doakla_forp.wav
9.4341 	EXP 	Sound  started
9.4505 	EXP 	Set  sound=soundfiles/barsu_doakla_forp.wav
9.4505 	EXP 	Sound  started
9.4667 	EXP 	Set  sound=soundfiles/barsu_doakla_forp.wav
9.4667 	EXP 	Sound  started
9.4831 	EXP 	Set  sound=soundfiles/barsu_doakla_forp.wav
9.4831 	EXP 	Sound  started
9.5005 	EXP 	Set  sound=soundfiles/barsu_doakla_forp.wav
9.5006 	EXP 	Sound  started
9.5166 	EXP 	Set  sound=soundfiles/barsu_doakla_forp.wav
9.5166 	EXP 	Sound  started
9.5335 	EXP 	Set  sound=soundfiles/barsu_doakla_forp.wav
9.5335 	EXP 	Sound  started
9.5498 	EXP 	Set  sound=soundfiles/barsu_doakla_forp.wav
9.5499 	EXP 	Sound  started
9.5672 	EXP 	Set  sound=soundfiles/barsu_doakla_forp.wav
9.5672 	EXP 	Sound  started
9.5834 	EXP 	Set  sound=soundfiles/barsu_doakla_forp.wav
9.5834 	EXP 	Sound  started
9.6008 	EXP 	Set  sound=soundfiles/barsu_doakla_forp.wav
9.6008 	EXP 	Sound  started
9.6168 	EXP 	Set  sound=soundfiles/barsu_doakla_forp.wav
9.6168 	EXP 	Sound  started
9.6341 	EXP 	Set  sound=soundfiles/barsu_doakla_forp.wav
9.6342 	EXP 	Sound  started
9.6508 	EXP 	Set  sound=soundfiles/barsu_doakla_forp.wav
9.6508 	EXP 	Sound  started
9.6667 	EXP 	Set  sound=soundfiles/barsu_doakla_forp.wav
9.6667 	EXP 	Sound  started
9.6840 	EXP 	Set  sound=soundfiles/barsu_doakla_forp.wav
9.6840 	EXP 	Sound  started
9.7003 	EXP 	Set  sound=soundfiles/barsu_doakla_forp.wav
9.7003 	EXP 	Sound  started
9.7167 	EXP 	Set  sound=soundfiles/barsu_doakla_forp.wav
9.7167 	EXP 	Sound  started
9.7340 	EXP 	Set  sound=soundfiles/barsu_doakla_forp.wav
9.7340 	EXP 	Sound  started
9.7500 	EXP 	Set  sound=soundfiles/barsu_doakla_forp.wav
9.7500 	EXP 	Sound  started
9.7675 	EXP 	Set  sound=soundfiles/barsu_doakla_forp.wav
9.7675 	EXP 	Sound  started
9.7839 	EXP 	Set  sound=soundfiles/barsu_doakla_forp.wav
9.7839 	EXP 	Sound  started
9.8002 	EXP 	Set  sound=soundfiles/barsu_doakla_forp.wav
9.8002 	EXP 	Sound  started
9.8176 	EXP 	Set  sound=soundfiles/barsu_doakla_forp.wav
9.8176 	EXP 	Sound  started
9.8339 	EXP 	Set  sound=soundfiles/barsu_doakla_forp.wav
9.8339 	EXP 	Sound  started
9.8501 	EXP 	Set  sound=soundfiles/barsu_doakla_forp.wav
9.8501 	EXP 	Sound  started
9.8675 	EXP 	Set  sound=soundfiles/barsu_doakla_forp.wav
9.8676 	EXP 	Sound  started
9.8837 	EXP 	Set  sound=soundfiles/barsu_doakla_forp.wav
9.8837 	EXP 	Sound  started
9.9001 	EXP 	Set  sound=soundfiles/barsu_doakla_forp.wav
9.9001 	EXP 	Sound  started
9.9178 	EXP 	Set  sound=soundfiles/barsu_doakla_forp.wav
9.9178 	EXP 	Sound  started
9.9342 	EXP 	Set  sound=soundfiles/barsu_doakla_forp.wav
9.9342 	EXP 	Sound  started
9.9504 	EXP 	Set  sound=soundfiles/barsu_doakla_forp.wav
9.9504 	EXP 	Sound  started
9.9669 	EXP 	Set  sound=soundfiles/barsu_doakla_forp.wav
9.9669 	EXP 	Sound  started
9.9843 	EXP 	Set  sound=soundfiles/barsu_doakla_forp.wav
9.9843 	EXP 	Sound  started
10.0004 	EXP 	Set  sound=soundfiles/barsu_doakla_forp.wav
10.0004 	EXP 	Sound  started
10.0169 	EXP 	Set  sound=soundfiles/barsu_doakla_forp.wav
10.0169 	EXP 	Sound  started
10.0346 	EXP 	Set  sound=soundfiles/barsu_doakla_forp.wav
10.0346 	EXP 	Sound  started
10.0512 	EXP 	Set  sound=soundfiles/barsu_doakla_forp.wav
10.0513 	EXP 	Sound  started
10.0676 	EXP 	Set  sound=soundfiles/barsu_doakla_forp.wav
10.0676 	EXP 	Sound  started
10.0839 	EXP 	Set  sound=soundfiles/barsu_doakla_forp.wav
10.0839 	EXP 	Sound  started
10.1007 	EXP 	Set  sound=soundfiles/barsu_doakla_forp.wav
10.1007 	EXP 	Sound  started
10.1180 	EXP 	Set  sound=soundfiles/barsu_doakla_forp.wav
10.1180 	EXP 	Sound  started
10.1344 	EXP 	Set  sound=soundfiles/barsu_doakla_forp.wav
10.1344 	EXP 	Sound  started
10.1507 	EXP 	Set  sound=soundfiles/barsu_doakla_forp.wav
10.1507 	EXP 	Sound  started
10.1671 	EXP 	Set  sound=soundfiles/barsu_doakla_forp.wav
10.1672 	EXP 	Sound  started
10.1837 	EXP 	Set  sound=soundfiles/barsu_doakla_forp.wav
10.1837 	EXP 	Sound  started
10.2011 	EXP 	Set  sound=soundfiles/barsu_doakla_forp.wav
10.2011 	EXP 	Sound  started
10.2174 	EXP 	Set  sound=soundfiles/barsu_doakla_forp.wav
10.2175 	EXP 	Sound  started
10.2337 	EXP 	Set  sound=soundfiles/barsu_doakla_forp.wav
10.2337 	EXP 	Sound  started
10.2508 	EXP 	Set  sound=soundfiles/barsu_doakla_forp.wav
10.2508 	EXP 	Sound  started
10.2671 	EXP 	Set  sound=soundfiles/barsu_doakla_forp.wav
10.2671 	EXP 	Sound  started
10.2846 	EXP 	Set  sound=soundfiles/barsu_doakla_forp.wav
10.2846 	EXP 	Sound  started
10.3011 	EXP 	Set  sound=soundfiles/barsu_doakla_forp.wav
10.3011 	EXP 	Sound  started
10.3174 	EXP 	Set  sound=soundfiles/barsu_doakla_forp.wav
10.3175 	EXP 	Sound  started
10.3338 	EXP 	Set  sound=soundfiles/barsu_doakla_forp.wav
10.3338 	EXP 	Sound  started
10.3511 	EXP 	Set  sound=soundfiles/barsu_doakla_forp.wav
10.3512 	EXP 	Sound  started
10.3676 	EXP 	Set  sound=soundfiles/barsu_doakla_forp.wav
10.3676 	EXP 	Sound  started
10.3838 	EXP 	Set  sound=soundfiles/barsu_doakla_forp.wav
10.3839 	EXP 	Sound  started
10.4007 	EXP 	Set  sound=soundfiles/barsu_doakla_forp.wav
10.4008 	EXP 	Sound  started
10.4172 	EXP 	Set  sound=soundfiles/barsu_doakla_forp.wav
10.4172 	EXP 	Sound  started
10.4346 	EXP 	Set  sound=soundfiles/barsu_doakla_forp.wav
10.4346 	EXP 	Sound  started
10.4507 	EXP 	Set  sound=soundfiles/barsu_doakla_forp.wav
10.4507 	EXP 	Sound  started
10.4681 	EXP 	Set  sound=soundfiles/barsu_doakla_forp.wav
10.4681 	EXP 	Sound  started
10.4845 	EXP 	Set  sound=soundfiles/barsu_doakla_forp.wav
10.4845 	EXP 	Sound  started
10.5007 	EXP 	Set  sound=soundfiles/barsu_doakla_forp.wav
10.5007 	EXP 	Sound  started
10.5181 	EXP 	Set  sound=soundfiles/barsu_doakla_forp.wav
10.5181 	EXP 	Sound  started
10.5343 	EXP 	Set  sound=soundfiles/barsu_doakla_forp.wav
10.5343 	EXP 	Sound  started
10.5506 	EXP 	Set  sound=soundfiles/barsu_doakla_forp.wav
10.5506 	EXP 	Sound  started
10.5682 	EXP 	Set  sound=soundfiles/barsu_doakla_forp.wav
10.5683 	EXP 	Sound  started
10.5846 	EXP 	Set  sound=soundfiles/barsu_doakla_forp.wav
10.5846 	EXP 	Sound  started
10.6010 	EXP 	Set  sound=soundfiles/barsu_doakla_forp.wav
10.6010 	EXP 	Sound  started
10.6173 	EXP 	Set  sound=soundfiles/barsu_doakla_forp.wav
10.6173 	EXP 	Sound  started
10.6347 	EXP 	Set  sound=soundfiles/barsu_doakla_forp.wav
10.6348 	EXP 	Sound  started
10.6509 	EXP 	Set  sound=soundfiles/barsu_doakla_forp.wav
10.6509 	EXP 	Sound  started
10.6684 	EXP 	Set  sound=soundfiles/barsu_doakla_forp.wav
10.6684 	EXP 	Sound  started
10.6845 	EXP 	Set  sound=soundfiles/barsu_doakla_forp.wav
10.6845 	EXP 	Sound  started
10.7008 	EXP 	Set  sound=soundfiles/barsu_doakla_forp.wav
10.7008 	EXP 	Sound  started
10.7176 	EXP 	Set  sound=soundfiles/barsu_doakla_forp.wav
10.7176 	EXP 	Sound  started
10.7350 	EXP 	Set  sound=soundfiles/barsu_doakla_forp.wav
10.7350 	EXP 	Sound  started
10.7508 	EXP 	Set  sound=soundfiles/barsu_doakla_forp.wav
10.7508 	EXP 	Sound  started
10.7681 	EXP 	Set  sound=soundfiles/barsu_doakla_forp.wav
10.7681 	EXP 	Sound  started
10.7844 	EXP 	Set  sound=soundfiles/barsu_doakla_forp.wav
10.7844 	EXP 	Sound  started
10.8009 	EXP 	Set  sound=soundfiles/barsu_doakla_forp.wav
10.8009 	EXP 	Sound  started
10.8183 	EXP 	Set  sound=soundfiles/barsu_doakla_forp.wav
10.8183 	EXP 	Sound  started
10.8350 	EXP 	Set  sound=soundfiles/barsu_doakla_forp.wav
10.8350 	EXP 	Sound  started
10.8513 	EXP 	Set  sound=soundfiles/barsu_doakla_forp.wav
10.8513 	EXP 	Sound  started
10.8677 	EXP 	Set  sound=soundfiles/barsu_doakla_forp.wav
10.8678 	EXP 	Sound  started
10.8851 	EXP 	Set  sound=soundfiles/barsu_doakla_forp.wav
10.8851 	EXP 	Sound  started
10.9013 	EXP 	Set  sound=soundfiles/barsu_doakla_forp.wav
10.9014 	EXP 	Sound  started
10.9177 	EXP 	Set  sound=soundfiles/barsu_doakla_forp.wav
10.9177 	EXP 	Sound  started
10.9351 	EXP 	Set  sound=soundfiles/barsu_doakla_forp.wav
10.9351 	EXP 	Sound  started
10.9513 	EXP 	Set  sound=soundfiles/barsu_doakla_forp.wav
10.9513 	EXP 	Sound  started
10.9676 	EXP 	Set  sound=soundfiles/barsu_doakla_forp.wav
10.9677 	EXP 	Sound  started
10.9846 	EXP 	Set  sound=soundfiles/barsu_doakla_forp.wav
10.9846 	EXP 	Sound  started
11.0011 	EXP 	Set  sound=soundfiles/barsu_doakla_forp.wav
11.0011 	EXP 	Sound  started
11.0184 	EXP 	Set  sound=soundfiles/barsu_doakla_forp.wav
11.0184 	EXP 	Sound  started
11.0347 	EXP 	Set  sound=soundfiles/barsu_doakla_forp.wav
11.0347 	EXP 	Sound  started
11.0510 	EXP 	Set  sound=soundfiles/barsu_doakla_forp.wav
11.0510 	EXP 	Sound  started
11.0684 	EXP 	Set  sound=soundfiles/barsu_doakla_forp.wav
11.0684 	EXP 	Sound  started
11.0847 	EXP 	Set  sound=soundfiles/barsu_doakla_forp.wav
11.0847 	EXP 	Sound  started
11.1020 	EXP 	Set  sound=soundfiles/barsu_doakla_forp.wav
11.1020 	EXP 	Sound  started
11.1184 	EXP 	Set  sound=soundfiles/barsu_doakla_forp.wav
11.1184 	EXP 	Sound  started
11.1346 	EXP 	Set  sound=soundfiles/barsu_doakla_forp.wav
11.1346 	EXP 	Sound  started
11.1519 	EXP 	Set  sound=soundfiles/barsu_doakla_forp.wav
11.1519 	EXP 	Sound  started
11.1682 	EXP 	Set  sound=soundfiles/barsu_doakla_forp.wav
11.1682 	EXP 	Sound  started
11.1845 	EXP 	Set  sound=soundfiles/barsu_doakla_forp.wav
11.1845 	EXP 	Sound  started
11.2019 	EXP 	Set  sound=soundfiles/barsu_doakla_forp.wav
11.2019 	EXP 	Sound  started
11.2181 	EXP 	Set  sound=soundfiles/barsu_doakla_forp.wav
11.2181 	EXP 	Sound  started
11.2346 	EXP 	Set  sound=soundfiles/barsu_doakla_forp.wav
11.2346 	EXP 	Sound  started
11.2513 	EXP 	Set  sound=soundfiles/barsu_doakla_forp.wav
11.2513 	EXP 	Sound  started
11.2687 	EXP 	Set  sound=soundfiles/barsu_doakla_forp.wav
11.2687 	EXP 	Sound  started
11.2851 	EXP 	Set  sound=soundfiles/barsu_doakla_forp.wav
11.2851 	EXP 	Sound  started
11.3014 	EXP 	Set  sound=soundfiles/barsu_doakla_forp.wav
11.3014 	EXP 	Sound  started
11.3188 	EXP 	Set  sound=soundfiles/barsu_doakla_forp.wav
11.3188 	EXP 	Sound  started
11.3350 	EXP 	Set  sound=soundfiles/barsu_doakla_forp.wav
11.3350 	EXP 	Sound  started
11.3513 	EXP 	Set  sound=soundfiles/barsu_doakla_forp.wav
11.3513 	EXP 	Sound  started
11.3680 	EXP 	Set  sound=soundfiles/barsu_doakla_forp.wav
11.3680 	EXP 	Sound  started
11.3854 	EXP 	Set  sound=soundfiles/barsu_doakla_forp.wav
11.3854 	EXP 	Sound  started
11.4017 	EXP 	Set  sound=soundfiles/barsu_doakla_forp.wav
11.4018 	EXP 	Sound  started
11.4181 	EXP 	Set  sound=soundfiles/barsu_doakla_forp.wav
11.4181 	EXP 	Sound  started
11.4356 	EXP 	Set  sound=soundfiles/barsu_doakla_forp.wav
11.4356 	EXP 	Sound  started
11.4520 	EXP 	Set  sound=soundfiles/barsu_doakla_forp.wav
11.4520 	EXP 	Sound  started
11.4683 	EXP 	Set  sound=soundfiles/barsu_doakla_forp.wav
11.4683 	EXP 	Sound  started
11.4851 	EXP 	Set  sound=soundfiles/barsu_doakla_forp.wav
11.4851 	EXP 	Sound  started
11.5018 	EXP 	Set  sound=soundfiles/barsu_doakla_forp.wav
11.5018 	EXP 	Sound  started
11.5181 	EXP 	Set  sound=soundfiles/barsu_doakla_forp.wav
11.5181 	EXP 	Sound  started
11.5354 	EXP 	Set  sound=soundfiles/barsu_doakla_forp.wav
11.5355 	EXP 	Sound  started
11.5517 	EXP 	Set  sound=soundfiles/barsu_doakla_forp.wav
11.5517 	EXP 	Sound  started
11.5681 	EXP 	Set  sound=soundfiles/barsu_doakla_forp.wav
11.5681 	EXP 	Sound  started
11.5855 	EXP 	Set  sound=soundfiles/barsu_doakla_forp.wav
11.5855 	EXP 	Sound  started
11.6017 	EXP 	Set  sound=soundfiles/barsu_doakla_forp.wav
11.6017 	EXP 	Sound  started
11.6182 	EXP 	Set  sound=soundfiles/barsu_doakla_forp.wav
11.6182 	EXP 	Sound  started
11.6349 	EXP 	Set  sound=soundfiles/barsu_doakla_forp.wav
11.6349 	EXP 	Sound  started
11.6521 	EXP 	Set  sound=soundfiles/barsu_doakla_forp.wav
11.6521 	EXP 	Sound  started
11.6684 	EXP 	Set  sound=soundfiles/barsu_doakla_forp.wav
11.6684 	EXP 	Sound  started
11.6848 	EXP 	Set  sound=soundfiles/barsu_doakla_forp.wav
11.6849 	EXP 	Sound  started
11.7023 	EXP 	Set  sound=soundfiles/barsu_doakla_forp.wav
11.7023 	EXP 	Sound  started
11.7186 	EXP 	Set  sound=soundfiles/barsu_doakla_forp.wav
11.7186 	EXP 	Sound  started
11.7350 	EXP 	Set  sound=soundfiles/barsu_doakla_forp.wav
11.7350 	EXP 	Sound  started
11.7523 	EXP 	Set  sound=soundfiles/barsu_doakla_forp.wav
11.7523 	EXP 	Sound  started
11.7686 	EXP 	Set  sound=soundfiles/barsu_doakla_forp.wav
11.7687 	EXP 	Sound  started
11.7850 	EXP 	Set  sound=soundfiles/barsu_doakla_forp.wav
11.7850 	EXP 	Sound  started
11.8024 	EXP 	Set  sound=soundfiles/barsu_doakla_forp.wav
11.8024 	EXP 	Sound  started
11.8186 	EXP 	Set  sound=soundfiles/barsu_doakla_forp.wav
11.8186 	EXP 	Sound  started
11.8351 	EXP 	Set  sound=soundfiles/barsu_doakla_forp.wav
11.8351 	EXP 	Sound  started
11.8524 	EXP 	Set  sound=soundfiles/barsu_doakla_forp.wav
11.8524 	EXP 	Sound  started
11.8685 	EXP 	Set  sound=soundfiles/barsu_doakla_forp.wav
11.8685 	EXP 	Sound  started
11.8858 	EXP 	Set  sound=soundfiles/barsu_doakla_forp.wav
11.8858 	EXP 	Sound  started
11.9019 	EXP 	Set  sound=soundfiles/barsu_doakla_forp.wav
11.9019 	EXP 	Sound  started
11.9192 	EXP 	Set  sound=soundfiles/barsu_doakla_forp.wav
11.9192 	EXP 	Sound  started
11.9355 	EXP 	Set  sound=soundfiles/barsu_doakla_forp.wav
11.9355 	EXP 	Sound  started
11.9518 	EXP 	Set  sound=soundfiles/barsu_doakla_forp.wav
11.9519 	EXP 	Sound  started
11.9692 	EXP 	Set  sound=soundfiles/barsu_doakla_forp.wav
11.9693 	EXP 	Sound  started
11.9856 	EXP 	Set  sound=soundfiles/barsu_doakla_forp.wav
11.9857 	EXP 	Sound  started
12.0020 	EXP 	Set  sound=soundfiles/barsu_doakla_forp.wav
12.0021 	EXP 	Sound  started
12.0192 	EXP 	Set  sound=soundfiles/barsu_doakla_forp.wav
12.0192 	EXP 	Sound  started
12.0355 	EXP 	Set  sound=soundfiles/barsu_doakla_forp.wav
12.0355 	EXP 	Sound  started
12.0518 	EXP 	Set  sound=soundfiles/barsu_doakla_forp.wav
12.0519 	EXP 	Sound  started
12.0693 	EXP 	Set  sound=soundfiles/barsu_doakla_forp.wav
12.0693 	EXP 	Sound  started
12.0856 	EXP 	Set  sound=soundfiles/barsu_doakla_forp.wav
12.0856 	EXP 	Sound  started
12.1018 	EXP 	Set  sound=soundfiles/barsu_doakla_forp.wav
12.1019 	EXP 	Sound  started
12.1192 	EXP 	Set  sound=soundfiles/barsu_doakla_forp.wav
12.1192 	EXP 	Sound  started
12.1355 	EXP 	Set  sound=soundfiles/barsu_doakla_forp.wav
12.1355 	EXP 	Sound  started
12.1519 	EXP 	Set  sound=soundfiles/barsu_doakla_forp.wav
12.1520 	EXP 	Sound  started
12.1688 	EXP 	Set  sound=soundfiles/barsu_doakla_forp.wav
12.1688 	EXP 	Sound  started
12.1853 	EXP 	Set  sound=soundfiles/barsu_doakla_forp.wav
12.1853 	EXP 	Sound  started
12.2027 	EXP 	Set  sound=soundfiles/barsu_doakla_forp.wav
12.2027 	EXP 	Sound  started
12.2189 	EXP 	Set  sound=soundfiles/barsu_doakla_forp.wav
12.2189 	EXP 	Sound  started
12.2353 	EXP 	Set  sound=soundfiles/barsu_doakla_forp.wav
12.2353 	EXP 	Sound  started
12.2528 	EXP 	Set  sound=soundfiles/barsu_doakla_forp.wav
12.2528 	EXP 	Sound  started
12.2693 	EXP 	Set  sound=soundfiles/barsu_doakla_forp.wav
12.2693 	EXP 	Sound  started
12.2863 	EXP 	Set  sound=soundfiles/barsu_doakla_forp.wav
12.2863 	EXP 	Sound  started
12.3025 	EXP 	Set  sound=soundfiles/barsu_doakla_forp.wav
12.3025 	EXP 	Sound  started
12.3188 	EXP 	Set  sound=soundfiles/barsu_doakla_forp.wav
12.3188 	EXP 	Sound  started
12.3361 	EXP 	Set  sound=soundfiles/barsu_doakla_forp.wav
12.3361 	EXP 	Sound  started
12.3523 	EXP 	Set  sound=soundfiles/barsu_doakla_forp.wav
12.3523 	EXP 	Sound  started
12.3688 	EXP 	Set  sound=soundfiles/barsu_doakla_forp.wav
12.3688 	EXP 	Sound  started
12.3861 	EXP 	Set  sound=soundfiles/barsu_doakla_forp.wav
12.3862 	EXP 	Sound  started
12.4025 	EXP 	Set  sound=soundfiles/barsu_doakla_forp.wav
12.4025 	EXP 	Sound  started
12.4188 	EXP 	Set  sound=soundfiles/barsu_doakla_forp.wav
12.4188 	EXP 	Sound  started
12.4358 	EXP 	Set  sound=soundfiles/barsu_doakla_forp.wav
12.4359 	EXP 	Sound  started
12.4522 	EXP 	Set  sound=soundfiles/barsu_doakla_forp.wav
12.4522 	EXP 	Sound  started
12.4696 	EXP 	Set  sound=soundfiles/barsu_doakla_forp.wav
12.4696 	EXP 	Sound  started
12.4859 	EXP 	Set  sound=soundfiles/barsu_doakla_forp.wav
12.4860 	EXP 	Sound  started
12.5023 	EXP 	Set  sound=soundfiles/barsu_doakla_forp.wav
12.5024 	EXP 	Sound  started
12.5196 	EXP 	Set  sound=soundfiles/barsu_doakla_forp.wav
12.5196 	EXP 	Sound  started
12.5359 	EXP 	Set  sound=soundfiles/barsu_doakla_forp.wav
12.5359 	EXP 	Sound  started
12.5530 	EXP 	Set  sound=soundfiles/barsu_doakla_forp.wav
12.5530 	EXP 	Sound  started
12.5693 	EXP 	Set  sound=soundfiles/barsu_doakla_forp.wav
12.5693 	EXP 	Sound  started
12.5856 	EXP 	Set  sound=soundfiles/barsu_doakla_forp.wav
12.5857 	EXP 	Sound  started
12.6030 	EXP 	Set  sound=soundfiles/barsu_doakla_forp.wav
12.6030 	EXP 	Sound  started
12.6192 	EXP 	Set  sound=soundfiles/barsu_doakla_forp.wav
12.6192 	EXP 	Sound  started
12.6357 	EXP 	Set  sound=soundfiles/barsu_doakla_forp.wav
12.6357 	EXP 	Sound  started
12.6524 	EXP 	Set  sound=soundfiles/barsu_doakla_forp.wav
12.6524 	EXP 	Sound  started
12.6699 	EXP 	Set  sound=soundfiles/barsu_doakla_forp.wav
12.6699 	EXP 	Sound  started
12.6862 	EXP 	Set  sound=soundfiles/barsu_doakla_forp.wav
12.6862 	EXP 	Sound  started
12.7026 	EXP 	Set  sound=soundfiles/barsu_doakla_forp.wav
12.7026 	EXP 	Sound  started
12.7191 	EXP 	Set  sound=soundfiles/barsu_doakla_forp.wav
12.7191 	EXP 	Sound  started
12.7364 	EXP 	Set  sound=soundfiles/barsu_doakla_forp.wav
12.7364 	EXP 	Sound  started
12.7528 	EXP 	Set  sound=soundfiles/barsu_doakla_forp.wav
12.7528 	EXP 	Sound  started
12.7692 	EXP 	Set  sound=soundfiles/barsu_doakla_forp.wav
12.7692 	EXP 	Sound  started
12.7861 	EXP 	Set  sound=soundfiles/barsu_doakla_forp.wav
12.7861 	EXP 	Sound  started
12.8024 	EXP 	Set  sound=soundfiles/barsu_doakla_forp.wav
12.8025 	EXP 	Sound  started
12.8190 	EXP 	Set  sound=soundfiles/barsu_doakla_forp.wav
12.8190 	EXP 	Sound  started
12.8365 	EXP 	Set  sound=soundfiles/barsu_doakla_forp.wav
12.8365 	EXP 	Sound  started
12.8528 	EXP 	Set  sound=soundfiles/barsu_doakla_forp.wav
12.8528 	EXP 	Sound  started
12.8691 	EXP 	Set  sound=soundfiles/barsu_doakla_forp.wav
12.8692 	EXP 	Sound  started
12.8865 	EXP 	Set  sound=soundfiles/barsu_doakla_forp.wav
12.8865 	EXP 	Sound  started
12.9028 	EXP 	Set  sound=soundfiles/barsu_doakla_forp.wav
12.9028 	EXP 	Sound  started
12.9193 	EXP 	Set  sound=soundfiles/barsu_doakla_forp.wav
12.9193 	EXP 	Sound  started
12.9367 	EXP 	Set  sound=soundfiles/barsu_doakla_forp.wav
12.9367 	EXP 	Sound  started
12.9529 	EXP 	Set  sound=soundfiles/barsu_doakla_forp.wav
12.9529 	EXP 	Sound  started
12.9694 	EXP 	Set  sound=soundfiles/barsu_doakla_forp.wav
12.9694 	EXP 	Sound  started
12.9867 	EXP 	Set  sound=soundfiles/barsu_doakla_forp.wav
12.9868 	EXP 	Sound  started
13.0031 	EXP 	Set  sound=soundfiles/barsu_doakla_forp.wav
13.0031 	EXP 	Sound  started
13.0194 	EXP 	Set  sound=soundfiles/barsu_doakla_forp.wav
13.0194 	EXP 	Sound  started
13.0368 	EXP 	Set  sound=soundfiles/barsu_doakla_forp.wav
13.0368 	EXP 	Sound  started
13.0531 	EXP 	Set  sound=soundfiles/barsu_doakla_forp.wav
13.0532 	EXP 	Sound  started
13.0696 	EXP 	Set  sound=soundfiles/barsu_doakla_forp.wav
13.0696 	EXP 	Sound  started
13.0859 	EXP 	Set  sound=soundfiles/barsu_doakla_forp.wav
13.0860 	EXP 	Sound  started
13.1033 	EXP 	Set  sound=soundfiles/barsu_doakla_forp.wav
13.1033 	EXP 	Sound  started
13.1196 	EXP 	Set  sound=soundfiles/barsu_doakla_forp.wav
13.1196 	EXP 	Sound  started
13.1360 	EXP 	Set  sound=soundfiles/barsu_doakla_forp.wav
13.1360 	EXP 	Sound  started
13.1533 	EXP 	Set  sound=soundfiles/barsu_doakla_forp.wav
13.1534 	EXP 	Sound  started
13.1697 	EXP 	Set  sound=soundfiles/barsu_doakla_forp.wav
13.1697 	EXP 	Sound  started
13.1861 	EXP 	Set  sound=soundfiles/barsu_doakla_forp.wav
13.1861 	EXP 	Sound  started
13.2032 	EXP 	Set  sound=soundfiles/barsu_doakla_forp.wav
13.2032 	EXP 	Sound  started
13.2195 	EXP 	Set  sound=soundfiles/barsu_doakla_forp.wav
13.2195 	EXP 	Sound  started
13.2368 	EXP 	Set  sound=soundfiles/barsu_doakla_forp.wav
13.2368 	EXP 	Sound  started
13.2530 	EXP 	Set  sound=soundfiles/barsu_doakla_forp.wav
13.2530 	EXP 	Sound  started
13.2705 	EXP 	Set  sound=soundfiles/barsu_doakla_forp.wav
13.2705 	EXP 	Sound  started
13.2868 	EXP 	Set  sound=soundfiles/barsu_doakla_forp.wav
13.2868 	EXP 	Sound  started
13.3032 	EXP 	Set  sound=soundfiles/barsu_doakla_forp.wav
13.3033 	EXP 	Sound  started
13.3195 	EXP 	Set  sound=soundfiles/barsu_doakla_forp.wav
13.3195 	EXP 	Sound  started
13.3369 	EXP 	Set  sound=soundfiles/barsu_doakla_forp.wav
13.3369 	EXP 	Sound  started
13.3529 	EXP 	Set  sound=soundfiles/barsu_doakla_forp.wav
13.3530 	EXP 	Sound  started
13.3704 	EXP 	Set  sound=soundfiles/barsu_doakla_forp.wav
13.3704 	EXP 	Sound  started
13.3868 	EXP 	Set  sound=soundfiles/barsu_doakla_forp.wav
13.3868 	EXP 	Sound  started
13.4030 	EXP 	Set  sound=soundfiles/barsu_doakla_forp.wav
13.4030 	EXP 	Sound  started
13.4204 	EXP 	Set  sound=soundfiles/barsu_doakla_forp.wav
13.4204 	EXP 	Sound  started
13.4367 	EXP 	Set  sound=soundfiles/barsu_doakla_forp.wav
13.4368 	EXP 	Sound  started
13.4536 	EXP 	Set  sound=soundfiles/barsu_doakla_forp.wav
13.4536 	EXP 	Sound  started
13.4705 	EXP 	Set  sound=soundfiles/barsu_doakla_forp.wav
13.4705 	EXP 	Sound  started
13.4866 	EXP 	Set  sound=soundfiles/barsu_doakla_forp.wav
13.4866 	EXP 	Sound  started
13.5030 	EXP 	Set  sound=soundfiles/barsu_doakla_forp.wav
13.5030 	EXP 	Sound  started
13.5204 	EXP 	Set  sound=soundfiles/barsu_doakla_forp.wav
13.5204 	EXP 	Sound  started
13.5367 	EXP 	Set  sound=soundfiles/barsu_doakla_forp.wav
13.5367 	EXP 	Sound  started
13.5530 	EXP 	Set  sound=soundfiles/barsu_doakla_forp.wav
13.5531 	EXP 	Sound  started
13.5705 	EXP 	Set  sound=soundfiles/barsu_doakla_forp.wav
13.5705 	EXP 	Sound  started
13.5868 	EXP 	Set  sound=soundfiles/barsu_doakla_forp.wav
13.5868 	EXP 	Sound  started
13.6032 	EXP 	Set  sound=soundfiles/barsu_doakla_forp.wav
13.6032 	EXP 	Sound  started
13.6202 	EXP 	Set  sound=soundfiles/barsu_doakla_forp.wav
13.6202 	EXP 	Sound  started
13.6364 	EXP 	Set  sound=soundfiles/barsu_doakla_forp.wav
13.6365 	EXP 	Sound  started
13.6534 	EXP 	Set  sound=soundfiles/barsu_doakla_forp.wav
13.6534 	EXP 	Sound  started
13.6699 	EXP 	Set  sound=soundfiles/barsu_doakla_forp.wav
13.6699 	EXP 	Sound  started
13.6872 	EXP 	Set  sound=soundfiles/barsu_doakla_forp.wav
13.6872 	EXP 	Sound  started
13.7036 	EXP 	Set  sound=soundfiles/barsu_doakla_forp.wav
13.7036 	EXP 	Sound  started
13.7200 	EXP 	Set  sound=soundfiles/barsu_doakla_forp.wav
13.7200 	EXP 	Sound  started
13.7364 	EXP 	Set  sound=soundfiles/barsu_doakla_forp.wav
13.7364 	EXP 	Sound  started
13.7539 	EXP 	Set  sound=soundfiles/barsu_doakla_forp.wav
13.7539 	EXP 	Sound  started
13.7704 	EXP 	Set  sound=soundfiles/barsu_doakla_forp.wav
13.7704 	EXP 	Sound  started
13.7867 	EXP 	Set  sound=soundfiles/barsu_doakla_forp.wav
13.7867 	EXP 	Sound  started
13.8033 	EXP 	Set  sound=soundfiles/barsu_doakla_forp.wav
13.8033 	EXP 	Sound  started
13.8207 	EXP 	Set  sound=soundfiles/barsu_doakla_forp.wav
13.8207 	EXP 	Sound  started
13.8369 	EXP 	Set  sound=soundfiles/barsu_doakla_forp.wav
13.8369 	EXP 	Sound  started
13.8534 	EXP 	Set  sound=soundfiles/barsu_doakla_forp.wav
13.8534 	EXP 	Sound  started
13.8708 	EXP 	Set  sound=soundfiles/barsu_doakla_forp.wav
13.8708 	EXP 	Sound  started
13.8870 	EXP 	Set  sound=soundfiles/barsu_doakla_forp.wav
13.8870 	EXP 	Sound  started
13.9034 	EXP 	Set  sound=soundfiles/barsu_doakla_forp.wav
13.9034 	EXP 	Sound  started
13.9208 	EXP 	Set  sound=soundfiles/barsu_doakla_forp.wav
13.9208 	EXP 	Sound  started
13.9371 	EXP 	Set  sound=soundfiles/barsu_doakla_forp.wav
13.9371 	EXP 	Sound  started
13.9534 	EXP 	Set  sound=soundfiles/barsu_doakla_forp.wav
13.9534 	EXP 	Sound  started
13.9708 	EXP 	Set  sound=soundfiles/barsu_doakla_forp.wav
13.9708 	EXP 	Sound  started
13.9871 	EXP 	Set  sound=soundfiles/barsu_doakla_forp.wav
13.9872 	EXP 	Sound  started
14.0044 	EXP 	Set  sound=soundfiles/barsu_doakla_forp.wav
14.0044 	EXP 	Sound  started
14.0204 	EXP 	Set  sound=soundfiles/barsu_doakla_forp.wav
14.0204 	EXP 	Sound  started
14.0379 	EXP 	Set  sound=soundfiles/barsu_doakla_forp.wav
14.0379 	EXP 	Sound  started
14.0546 	EXP 	Set  sound=soundfiles/barsu_doakla_forp.wav
14.0546 	EXP 	Sound  started
14.0705 	EXP 	Set  sound=soundfiles/barsu_doakla_forp.wav
14.0705 	EXP 	Sound  started
14.0877 	EXP 	Set  sound=soundfiles/barsu_doakla_forp.wav
14.0878 	EXP 	Sound  started
14.1043 	EXP 	Set  sound=soundfiles/barsu_doakla_forp.wav
14.1043 	EXP 	Sound  started
14.1206 	EXP 	Set  sound=soundfiles/barsu_doakla_forp.wav
14.1206 	EXP 	Sound  started
14.1373 	EXP 	Set  sound=soundfiles/barsu_doakla_forp.wav
14.1373 	EXP 	Sound  started
14.1539 	EXP 	Set  sound=soundfiles/barsu_doakla_forp.wav
14.1539 	EXP 	Sound  started
14.1708 	EXP 	Set  sound=soundfiles/barsu_doakla_forp.wav
14.1708 	EXP 	Sound  started
14.1875 	EXP 	Set  sound=soundfiles/barsu_doakla_forp.wav
14.1875 	EXP 	Sound  started
14.2045 	EXP 	Set  sound=soundfiles/barsu_doakla_forp.wav
14.2045 	EXP 	Sound  started
14.2205 	EXP 	Set  sound=soundfiles/barsu_doakla_forp.wav
14.2206 	EXP 	Sound  started
14.2377 	EXP 	Set  sound=soundfiles/barsu_doakla_forp.wav
14.2377 	EXP 	Sound  started
14.2541 	EXP 	Set  sound=soundfiles/barsu_doakla_forp.wav
14.2541 	EXP 	Sound  started
14.2704 	EXP 	Set  sound=soundfiles/barsu_doakla_forp.wav
14.2704 	EXP 	Sound  started
14.2879 	EXP 	Set  sound=soundfiles/barsu_doakla_forp.wav
14.2879 	EXP 	Sound  started
14.3040 	EXP 	Set  sound=soundfiles/barsu_doakla_forp.wav
14.3040 	EXP 	Sound  started
14.3212 	EXP 	Set  sound=soundfiles/barsu_doakla_forp.wav
14.3212 	EXP 	Sound  started
14.3373 	EXP 	Set  sound=soundfiles/barsu_doakla_forp.wav
14.3374 	EXP 	Sound  started
14.3540 	EXP 	Set  sound=soundfiles/barsu_doakla_forp.wav
14.3540 	EXP 	Sound  started
14.3707 	EXP 	Set  sound=soundfiles/barsu_doakla_forp.wav
14.3707 	EXP 	Sound  started
14.3876 	EXP 	Set  sound=soundfiles/barsu_doakla_forp.wav
14.3876 	EXP 	Sound  started
14.4048 	EXP 	Set  sound=soundfiles/barsu_doakla_forp.wav
14.4048 	EXP 	Sound  started
14.4209 	EXP 	Set  sound=soundfiles/barsu_doakla_forp.wav
14.4209 	EXP 	Sound  started
14.4381 	EXP 	Set  sound=soundfiles/barsu_doakla_forp.wav
14.4381 	EXP 	Sound  started
14.4547 	EXP 	Set  sound=soundfiles/barsu_doakla_forp.wav
14.4547 	EXP 	Sound  started
14.4711 	EXP 	Set  sound=soundfiles/barsu_doakla_forp.wav
14.4711 	EXP 	Sound  started
14.4881 	EXP 	Set  sound=soundfiles/barsu_doakla_forp.wav
14.4881 	EXP 	Sound  started
14.5041 	EXP 	Set  sound=soundfiles/barsu_doakla_forp.wav
14.5041 	EXP 	Sound  started
14.5212 	EXP 	Set  sound=soundfiles/barsu_doakla_forp.wav
14.5212 	EXP 	Sound  started
14.5374 	EXP 	Set  sound=soundfiles/barsu_doakla_forp.wav
14.5375 	EXP 	Sound  started
14.5549 	EXP 	Set  sound=soundfiles/barsu_doakla_forp.wav
14.5549 	EXP 	Sound  started
14.5706 	EXP 	Set  sound=soundfiles/barsu_doakla_forp.wav
14.5706 	EXP 	Sound  started
14.5879 	EXP 	Set  sound=soundfiles/barsu_doakla_forp.wav
14.5880 	EXP 	Sound  started
14.6042 	EXP 	Set  sound=soundfiles/barsu_doakla_forp.wav
14.6042 	EXP 	Sound  started
14.6206 	EXP 	Set  sound=soundfiles/barsu_doakla_forp.wav
14.6206 	EXP 	Sound  started
14.6378 	EXP 	Set  sound=soundfiles/barsu_doakla_forp.wav
14.6378 	EXP 	Sound  started
14.6542 	EXP 	Set  sound=soundfiles/barsu_doakla_forp.wav
14.6542 	EXP 	Sound  started
14.6707 	DATA 	Mouse: Left button down, pos=(982,911)
15.1437 	DATA 	Mouse: Left button up, pos=(982,911)
16.4069 	EXP 	Set  sound=C
16.5492 	EXP 	Set  sound=button.wav
16.5695 	EXP 	Set  sound=bad.wav
16.5696 	EXP 	Set  sound=soundfiles/barsu_doakla_forp.wav
16.5696 	EXP 	Sound  started
16.5716 	EXP 	New trial (rep=0, index=1): {'receivertwo': u'chef', 'soundverb': u'moship', 'verbtwo': u'knockover', 'actor': u'bandit', 'verb': u'knockover', 'receiver': u'hunter', 'soundreceiver': u'doakla', 'correct': 2, 'soundactor': u'barsu', 'actortwo': u'bandit'}
16.6012 	EXP 	Set  sound=soundfiles/barsu_doakla_moship.wav
16.6013 	EXP 	Sound  started
17.1226 	EXP 	MovieStim: autoDraw = None
17.1226 	EXP 	MovieStim: autoDraw = None
17.1226 	EXP 	MovieStim: autoLog = None
17.1226 	EXP 	MovieStim: units = None
17.1226 	EXP 	Set movie movie=videos/bandit_hunter_knockover.avi
17.1226 	EXP 	MovieStim: pos = None
17.1226 	EXP 	MovieStim: depth = None
17.1226 	EXP 	MovieStim: colorSpace = None
17.1226 	EXP 	MovieStim: opacity = None
17.1226 	EXP 	MovieStim: size = None
17.1226 	EXP 	MovieStim: ori = None
17.1226 	EXP 	MovieStim: autoLog = None
17.1226 	EXP 	MovieStim: units = None
17.1226 	EXP 	Set movie movie=videos/bandit_chef_knockover.avi
17.1226 	EXP 	MovieStim: pos = None
17.1226 	EXP 	MovieStim: depth = None
17.1226 	EXP 	MovieStim: colorSpace = None
17.1226 	EXP 	MovieStim: opacity = None
17.1226 	EXP 	MovieStim: size = None
17.1226 	EXP 	MovieStim: ori = None
17.1226 	EXP 	MovieStim: autoDraw = None
17.1226 	EXP 	MovieStim: autoDraw = None
17.1229 	EXP 	Set  sound=soundfiles/barsu_doakla_moship.wav
17.1229 	EXP 	Sound  started
17.1397 	EXP 	Set  sound=soundfiles/barsu_doakla_moship.wav
17.1397 	EXP 	Sound  started
17.1560 	EXP 	Set  sound=soundfiles/barsu_doakla_moship.wav
17.1560 	EXP 	Sound  started
17.1732 	EXP 	Set  sound=soundfiles/barsu_doakla_moship.wav
17.1732 	EXP 	Sound  started
17.1897 	EXP 	Set  sound=soundfiles/barsu_doakla_moship.wav
17.1897 	EXP 	Sound  started
17.2064 	EXP 	Set  sound=soundfiles/barsu_doakla_moship.wav
17.2064 	EXP 	Sound  started
17.2228 	EXP 	Set  sound=soundfiles/barsu_doakla_moship.wav
17.2228 	EXP 	Sound  started
17.2399 	EXP 	Set  sound=soundfiles/barsu_doakla_moship.wav
17.2399 	EXP 	Sound  started
17.2563 	EXP 	Set  sound=soundfiles/barsu_doakla_moship.wav
17.2564 	EXP 	Sound  started
17.2729 	EXP 	Set  sound=soundfiles/barsu_doakla_moship.wav
17.2730 	EXP 	Sound  started
17.2894 	EXP 	Set  sound=soundfiles/barsu_doakla_moship.wav
17.2894 	EXP 	Sound  started
17.3065 	EXP 	Set  sound=soundfiles/barsu_doakla_moship.wav
17.3065 	EXP 	Sound  started
17.3229 	EXP 	Set  sound=soundfiles/barsu_doakla_moship.wav
17.3229 	EXP 	Sound  started
17.3395 	EXP 	Set  sound=soundfiles/barsu_doakla_moship.wav
17.3395 	EXP 	Sound  started
17.3567 	EXP 	Set  sound=soundfiles/barsu_doakla_moship.wav
17.3567 	EXP 	Sound  started
17.3732 	EXP 	Set  sound=soundfiles/barsu_doakla_moship.wav
17.3733 	EXP 	Sound  started
17.3898 	EXP 	Set  sound=soundfiles/barsu_doakla_moship.wav
17.3898 	EXP 	Sound  started
17.4062 	EXP 	Set  sound=soundfiles/barsu_doakla_moship.wav
17.4062 	EXP 	Sound  started
17.4213 	EXP 	Set  sound=soundfiles/barsu_doakla_moship.wav
17.4213 	EXP 	Sound  started
17.4401 	EXP 	Set  sound=soundfiles/barsu_doakla_moship.wav
17.4401 	EXP 	Sound  started
17.4567 	EXP 	Set  sound=soundfiles/barsu_doakla_moship.wav
17.4567 	EXP 	Sound  started
17.4734 	EXP 	Set  sound=soundfiles/barsu_doakla_moship.wav
17.4734 	EXP 	Sound  started
17.4896 	EXP 	Set  sound=soundfiles/barsu_doakla_moship.wav
17.4896 	EXP 	Sound  started
17.5069 	EXP 	Set  sound=soundfiles/barsu_doakla_moship.wav
17.5069 	EXP 	Sound  started
17.5396 	EXP 	Set  sound=soundfiles/barsu_doakla_moship.wav
17.5397 	EXP 	Sound  started
17.5564 	EXP 	Set  sound=soundfiles/barsu_doakla_moship.wav
17.5564 	EXP 	Sound  started
17.5729 	EXP 	Set  sound=soundfiles/barsu_doakla_moship.wav
17.5729 	EXP 	Sound  started
17.5904 	EXP 	Set  sound=soundfiles/barsu_doakla_moship.wav
17.5904 	EXP 	Sound  started
17.6066 	EXP 	Set  sound=soundfiles/barsu_doakla_moship.wav
17.6066 	EXP 	Sound  started
17.6219 	EXP 	Set  sound=soundfiles/barsu_doakla_moship.wav
17.6219 	EXP 	Sound  started
17.6400 	EXP 	Set  sound=soundfiles/barsu_doakla_moship.wav
17.6400 	EXP 	Sound  started
17.6570 	EXP 	Set  sound=soundfiles/barsu_doakla_moship.wav
17.6570 	EXP 	Sound  started
17.6732 	EXP 	Set  sound=soundfiles/barsu_doakla_moship.wav
17.6732 	EXP 	Sound  started
17.6899 	EXP 	Set  sound=soundfiles/barsu_doakla_moship.wav
17.6899 	EXP 	Sound  started
17.7072 	EXP 	Set  sound=soundfiles/barsu_doakla_moship.wav
17.7072 	EXP 	Sound  started
17.7398 	EXP 	Set  sound=soundfiles/barsu_doakla_moship.wav
17.7398 	EXP 	Sound  started
17.7566 	EXP 	Set  sound=soundfiles/barsu_doakla_moship.wav
17.7566 	EXP 	Sound  started
17.7731 	EXP 	Set  sound=soundfiles/barsu_doakla_moship.wav
17.7731 	EXP 	Sound  started
17.7904 	EXP 	Set  sound=soundfiles/barsu_doakla_moship.wav
17.7904 	EXP 	Sound  started
17.8074 	EXP 	Set  sound=soundfiles/barsu_doakla_moship.wav
17.8074 	EXP 	Sound  started
17.8399 	EXP 	Set  sound=soundfiles/barsu_doakla_moship.wav
17.8399 	EXP 	Sound  started
17.8571 	EXP 	Set  sound=soundfiles/barsu_doakla_moship.wav
17.8571 	EXP 	Sound  started
17.8738 	EXP 	Set  sound=soundfiles/barsu_doakla_moship.wav
17.8738 	EXP 	Sound  started
17.8899 	EXP 	Set  sound=soundfiles/barsu_doakla_moship.wav
17.8899 	EXP 	Sound  started
17.9070 	EXP 	Set  sound=soundfiles/barsu_doakla_moship.wav
17.9071 	EXP 	Sound  started
17.9402 	EXP 	Set  sound=soundfiles/barsu_doakla_moship.wav
17.9402 	EXP 	Sound  started
17.9564 	EXP 	Set  sound=soundfiles/barsu_doakla_moship.wav
17.9564 	EXP 	Sound  started
17.9735 	EXP 	Set  sound=soundfiles/barsu_doakla_moship.wav
17.9735 	EXP 	Sound  started
17.9898 	EXP 	Set  sound=soundfiles/barsu_doakla_moship.wav
17.9898 	EXP 	Sound  started
18.0069 	EXP 	Set  sound=soundfiles/barsu_doakla_moship.wav
18.0069 	EXP 	Sound  started
18.0403 	EXP 	Set  sound=soundfiles/barsu_doakla_moship.wav
18.0403 	EXP 	Sound  started
18.0567 	EXP 	Set  sound=soundfiles/barsu_doakla_moship.wav
18.0567 	EXP 	Sound  started
18.0737 	EXP 	Set  sound=soundfiles/barsu_doakla_moship.wav
18.0737 	EXP 	Sound  started
18.0900 	EXP 	Set  sound=soundfiles/barsu_doakla_moship.wav
18.0900 	EXP 	Sound  started
18.1071 	EXP 	Set  sound=soundfiles/barsu_doakla_moship.wav
18.1072 	EXP 	Sound  started
18.1404 	EXP 	Set  sound=soundfiles/barsu_doakla_moship.wav
18.1405 	EXP 	Sound  started
18.1570 	EXP 	Set  sound=soundfiles/barsu_doakla_moship.wav
18.1571 	EXP 	Sound  started
18.1736 	EXP 	Set  sound=soundfiles/barsu_doakla_moship.wav
18.1736 	EXP 	Sound  started
18.1900 	EXP 	Set  sound=soundfiles/barsu_doakla_moship.wav
18.1900 	EXP 	Sound  started
18.2069 	EXP 	Set  sound=soundfiles/barsu_doakla_moship.wav
18.2069 	EXP 	Sound  started
18.2223 	EXP 	Set  sound=soundfiles/barsu_doakla_moship.wav
18.2223 	EXP 	Sound  started
18.2403 	EXP 	Set  sound=soundfiles/barsu_doakla_moship.wav
18.2404 	EXP 	Sound  started
18.2567 	EXP 	Set  sound=soundfiles/barsu_doakla_moship.wav
18.2568 	EXP 	Sound  started
18.2739 	EXP 	Set  sound=soundfiles/barsu_doakla_moship.wav
18.2739 	EXP 	Sound  started
18.2903 	EXP 	Set  sound=soundfiles/barsu_doakla_moship.wav
18.2903 	EXP 	Sound  started
18.3069 	EXP 	Set  sound=soundfiles/barsu_doakla_moship.wav
18.3069 	EXP 	Sound  started
18.3221 	EXP 	Set  sound=soundfiles/barsu_doakla_moship.wav
18.3221 	EXP 	Sound  started
18.3402 	EXP 	Set  sound=soundfiles/barsu_doakla_moship.wav
18.3402 	EXP 	Sound  started
18.3574 	EXP 	Set  sound=soundfiles/barsu_doakla_moship.wav
18.3574 	EXP 	Sound  started
18.3737 	EXP 	Set  sound=soundfiles/barsu_doakla_moship.wav
18.3738 	EXP 	Sound  started
18.3910 	EXP 	Set  sound=soundfiles/barsu_doakla_moship.wav
18.3910 	EXP 	Sound  started
18.4071 	EXP 	Set  sound=soundfiles/barsu_doakla_moship.wav
18.4071 	EXP 	Sound  started
18.4222 	EXP 	Set  sound=soundfiles/barsu_doakla_moship.wav
18.4222 	EXP 	Sound  started
18.4405 	EXP 	Set  sound=soundfiles/barsu_doakla_moship.wav
18.4405 	EXP 	Sound  started
18.4569 	EXP 	Set  sound=soundfiles/barsu_doakla_moship.wav
18.4570 	EXP 	Sound  started
18.4738 	EXP 	Set  sound=soundfiles/barsu_doakla_moship.wav
18.4738 	EXP 	Sound  started
18.4908 	EXP 	Set  sound=soundfiles/barsu_doakla_moship.wav
18.4908 	EXP 	Sound  started
18.5071 	EXP 	Set  sound=soundfiles/barsu_doakla_moship.wav
18.5071 	EXP 	Sound  started
18.5236 	EXP 	Set  sound=soundfiles/barsu_doakla_moship.wav
18.5237 	EXP 	Sound  started
18.5404 	EXP 	Set  sound=soundfiles/barsu_doakla_moship.wav
18.5404 	EXP 	Sound  started
18.5575 	EXP 	Set  sound=soundfiles/barsu_doakla_moship.wav
18.5575 	EXP 	Sound  started
18.5740 	EXP 	Set  sound=soundfiles/barsu_doakla_moship.wav
18.5740 	EXP 	Sound  started
18.5908 	EXP 	Set  sound=soundfiles/barsu_doakla_moship.wav
18.5908 	EXP 	Sound  started
18.6072 	EXP 	Set  sound=soundfiles/barsu_doakla_moship.wav
18.6073 	EXP 	Sound  started
18.6237 	EXP 	Set  sound=soundfiles/barsu_doakla_moship.wav
18.6237 	EXP 	Sound  started
18.6410 	EXP 	Set  sound=soundfiles/barsu_doakla_moship.wav
18.6410 	EXP 	Sound  started
18.6573 	EXP 	Set  sound=soundfiles/barsu_doakla_moship.wav
18.6573 	EXP 	Sound  started
18.6740 	EXP 	Set  sound=soundfiles/barsu_doakla_moship.wav
18.6740 	EXP 	Sound  started
18.6907 	EXP 	Set  sound=soundfiles/barsu_doakla_moship.wav
18.6907 	EXP 	Sound  started
18.7075 	EXP 	Set  sound=soundfiles/barsu_doakla_moship.wav
18.7075 	EXP 	Sound  started
18.7243 	EXP 	Set  sound=soundfiles/barsu_doakla_moship.wav
18.7243 	EXP 	Sound  started
18.7406 	EXP 	Set  sound=soundfiles/barsu_doakla_moship.wav
18.7406 	EXP 	Sound  started
18.7578 	EXP 	Set  sound=soundfiles/barsu_doakla_moship.wav
18.7578 	EXP 	Sound  started
18.7743 	EXP 	Set  sound=soundfiles/barsu_doakla_moship.wav
18.7743 	EXP 	Sound  started
18.7910 	EXP 	Set  sound=soundfiles/barsu_doakla_moship.wav
18.7910 	EXP 	Sound  started
18.8073 	EXP 	Set  sound=soundfiles/barsu_doakla_moship.wav
18.8073 	EXP 	Sound  started
18.8243 	EXP 	Set  sound=soundfiles/barsu_doakla_moship.wav
18.8243 	EXP 	Sound  started
18.8412 	EXP 	Set  sound=soundfiles/barsu_doakla_moship.wav
18.8412 	EXP 	Sound  started
18.8575 	EXP 	Set  sound=soundfiles/barsu_doakla_moship.wav
18.8575 	EXP 	Sound  started
18.8742 	EXP 	Set  sound=soundfiles/barsu_doakla_moship.wav
18.8742 	EXP 	Sound  started
18.8913 	EXP 	Set  sound=soundfiles/barsu_doakla_moship.wav
18.8914 	EXP 	Sound  started
18.9079 	EXP 	Set  sound=soundfiles/barsu_doakla_moship.wav
18.9079 	EXP 	Sound  started
18.9409 	EXP 	Set  sound=soundfiles/barsu_doakla_moship.wav
18.9410 	EXP 	Sound  started
18.9582 	EXP 	Set  sound=soundfiles/barsu_doakla_moship.wav
18.9582 	EXP 	Sound  started
18.9746 	EXP 	Set  sound=soundfiles/barsu_doakla_moship.wav
18.9747 	EXP 	Sound  started
18.9910 	EXP 	Set  sound=soundfiles/barsu_doakla_moship.wav
18.9910 	EXP 	Sound  started
19.0082 	EXP 	Set  sound=soundfiles/barsu_doakla_moship.wav
19.0082 	EXP 	Sound  started
19.0231 	EXP 	Set  sound=soundfiles/barsu_doakla_moship.wav
19.0231 	EXP 	Sound  started
19.0416 	EXP 	Set  sound=soundfiles/barsu_doakla_moship.wav
19.0416 	EXP 	Sound  started
19.0576 	EXP 	Set  sound=soundfiles/barsu_doakla_moship.wav
19.0576 	EXP 	Sound  started
19.0743 	EXP 	Set  sound=soundfiles/barsu_doakla_moship.wav
19.0743 	EXP 	Sound  started
19.0916 	EXP 	Set  sound=soundfiles/barsu_doakla_moship.wav
19.0916 	EXP 	Sound  started
19.1082 	EXP 	Set  sound=soundfiles/barsu_doakla_moship.wav
19.1082 	EXP 	Sound  started
19.1245 	EXP 	Set  sound=soundfiles/barsu_doakla_moship.wav
19.1245 	EXP 	Sound  started
19.1409 	EXP 	Set  sound=soundfiles/barsu_doakla_moship.wav
19.1409 	EXP 	Sound  started
19.1581 	EXP 	Set  sound=soundfiles/barsu_doakla_moship.wav
19.1581 	EXP 	Sound  started
19.1735 	EXP 	Set  sound=soundfiles/barsu_doakla_moship.wav
19.1735 	EXP 	Sound  started
19.1902 	EXP 	Set  sound=soundfiles/barsu_doakla_moship.wav
19.1903 	EXP 	Sound  started
19.2061 	EXP 	Set  sound=soundfiles/barsu_doakla_moship.wav
19.2062 	EXP 	Sound  started
19.2229 	EXP 	Set  sound=soundfiles/barsu_doakla_moship.wav
19.2229 	EXP 	Sound  started
19.2395 	EXP 	Set  sound=soundfiles/barsu_doakla_moship.wav
19.2395 	EXP 	Sound  started
19.2570 	EXP 	Set  sound=soundfiles/barsu_doakla_moship.wav
19.2570 	EXP 	Sound  started
19.2728 	EXP 	Set  sound=soundfiles/barsu_doakla_moship.wav
19.2728 	EXP 	Sound  started
19.2897 	EXP 	Set  sound=soundfiles/barsu_doakla_moship.wav
19.2897 	EXP 	Sound  started
19.3070 	EXP 	Set  sound=soundfiles/barsu_doakla_moship.wav
19.3070 	EXP 	Sound  started
19.3238 	EXP 	Set  sound=soundfiles/barsu_doakla_moship.wav
19.3238 	EXP 	Sound  started
19.3399 	EXP 	Set  sound=soundfiles/barsu_doakla_moship.wav
19.3399 	EXP 	Sound  started
19.3566 	EXP 	Set  sound=soundfiles/barsu_doakla_moship.wav
19.3567 	EXP 	Sound  started
19.3738 	EXP 	Set  sound=soundfiles/barsu_doakla_moship.wav
19.3738 	EXP 	Sound  started
19.3905 	EXP 	Set  sound=soundfiles/barsu_doakla_moship.wav
19.3905 	EXP 	Sound  started
19.4064 	EXP 	Set  sound=soundfiles/barsu_doakla_moship.wav
19.4064 	EXP 	Sound  started
19.4232 	EXP 	Set  sound=soundfiles/barsu_doakla_moship.wav
19.4232 	EXP 	Sound  started
19.4405 	EXP 	Set  sound=soundfiles/barsu_doakla_moship.wav
19.4405 	EXP 	Sound  started
19.4560 	EXP 	Set  sound=soundfiles/barsu_doakla_moship.wav
19.4561 	EXP 	Sound  started
19.4734 	EXP 	Set  sound=soundfiles/barsu_doakla_moship.wav
19.4734 	EXP 	Sound  started
19.4902 	EXP 	Set  sound=soundfiles/barsu_doakla_moship.wav
19.4902 	EXP 	Sound  started
19.5072 	EXP 	Set  sound=soundfiles/barsu_doakla_moship.wav
19.5073 	EXP 	Sound  started
19.5227 	EXP 	Set  sound=soundfiles/barsu_doakla_moship.wav
19.5228 	EXP 	Sound  started
19.5402 	EXP 	Set  sound=soundfiles/barsu_doakla_moship.wav
19.5402 	EXP 	Sound  started
19.5570 	EXP 	Set  sound=soundfiles/barsu_doakla_moship.wav
19.5570 	EXP 	Sound  started
19.5740 	EXP 	Set  sound=soundfiles/barsu_doakla_moship.wav
19.5741 	EXP 	Sound  started
19.5895 	EXP 	Set  sound=soundfiles/barsu_doakla_moship.wav
19.5895 	EXP 	Sound  started
19.6063 	EXP 	Set  sound=soundfiles/barsu_doakla_moship.wav
19.6063 	EXP 	Sound  started
19.6234 	EXP 	Set  sound=soundfiles/barsu_doakla_moship.wav
19.6234 	EXP 	Sound  started
19.6395 	EXP 	Set  sound=soundfiles/barsu_doakla_moship.wav
19.6396 	EXP 	Sound  started
19.6563 	EXP 	Set  sound=soundfiles/barsu_doakla_moship.wav
19.6563 	EXP 	Sound  started
19.6739 	EXP 	Set  sound=soundfiles/barsu_doakla_moship.wav
19.6739 	EXP 	Sound  started
19.6903 	EXP 	Set  sound=soundfiles/barsu_doakla_moship.wav
19.6904 	EXP 	Sound  started
19.7063 	EXP 	Set  sound=soundfiles/barsu_doakla_moship.wav
19.7063 	EXP 	Sound  started
19.7230 	EXP 	Set  sound=soundfiles/barsu_doakla_moship.wav
19.7230 	EXP 	Sound  started
19.7396 	EXP 	Set  sound=soundfiles/barsu_doakla_moship.wav
19.7397 	EXP 	Sound  started
19.7568 	EXP 	Set  sound=soundfiles/barsu_doakla_moship.wav
19.7568 	EXP 	Sound  started
19.7731 	EXP 	Set  sound=soundfiles/barsu_doakla_moship.wav
19.7731 	EXP 	Sound  started
19.7898 	EXP 	Set  sound=soundfiles/barsu_doakla_moship.wav
19.7898 	EXP 	Sound  started
19.8065 	EXP 	Set  sound=soundfiles/barsu_doakla_moship.wav
19.8066 	EXP 	Sound  started
19.8238 	EXP 	Set  sound=soundfiles/barsu_doakla_moship.wav
19.8238 	EXP 	Sound  started
19.8399 	EXP 	Set  sound=soundfiles/barsu_doakla_moship.wav
19.8399 	EXP 	Sound  started
19.8566 	EXP 	Set  sound=soundfiles/barsu_doakla_moship.wav
19.8566 	EXP 	Sound  started
19.8733 	EXP 	Set  sound=soundfiles/barsu_doakla_moship.wav
19.8733 	EXP 	Sound  started
19.8903 	EXP 	Set  sound=soundfiles/barsu_doakla_moship.wav
19.8903 	EXP 	Sound  started
19.9066 	EXP 	Set  sound=soundfiles/barsu_doakla_moship.wav
19.9067 	EXP 	Sound  started
19.9233 	EXP 	Set  sound=soundfiles/barsu_doakla_moship.wav
19.9233 	EXP 	Sound  started
19.9401 	EXP 	Set  sound=soundfiles/barsu_doakla_moship.wav
19.9401 	EXP 	Sound  started
19.9571 	EXP 	Set  sound=soundfiles/barsu_doakla_moship.wav
19.9571 	EXP 	Sound  started
19.9734 	EXP 	Set  sound=soundfiles/barsu_doakla_moship.wav
19.9734 	EXP 	Sound  started
19.9901 	EXP 	Set  sound=soundfiles/barsu_doakla_moship.wav
19.9901 	EXP 	Sound  started
20.0070 	EXP 	Set  sound=soundfiles/barsu_doakla_moship.wav
20.0070 	EXP 	Sound  started
20.0241 	EXP 	Set  sound=soundfiles/barsu_doakla_moship.wav
20.0241 	EXP 	Sound  started
20.0401 	EXP 	Set  sound=soundfiles/barsu_doakla_moship.wav
20.0402 	EXP 	Sound  started
20.0569 	EXP 	Set  sound=soundfiles/barsu_doakla_moship.wav
20.0569 	EXP 	Sound  started
20.0736 	EXP 	Set  sound=soundfiles/barsu_doakla_moship.wav
20.0737 	EXP 	Sound  started
20.0906 	EXP 	Set  sound=soundfiles/barsu_doakla_moship.wav
20.0906 	EXP 	Sound  started
20.1068 	EXP 	Set  sound=soundfiles/barsu_doakla_moship.wav
20.1068 	EXP 	Sound  started
20.1403 	EXP 	Set  sound=soundfiles/barsu_doakla_moship.wav
20.1403 	EXP 	Sound  started
20.1574 	EXP 	Set  sound=soundfiles/barsu_doakla_moship.wav
20.1574 	EXP 	Sound  started
20.1736 	EXP 	Set  sound=soundfiles/barsu_doakla_moship.wav
20.1736 	EXP 	Sound  started
20.1903 	EXP 	Set  sound=soundfiles/barsu_doakla_moship.wav
20.1903 	EXP 	Sound  started
20.2072 	EXP 	Set  sound=soundfiles/barsu_doakla_moship.wav
20.2073 	EXP 	Sound  started
20.2235 	EXP 	Set  sound=soundfiles/barsu_doakla_moship.wav
20.2235 	EXP 	Sound  started
20.2409 	EXP 	Set  sound=soundfiles/barsu_doakla_moship.wav
20.2409 	EXP 	Sound  started
20.2573 	EXP 	Set  sound=soundfiles/barsu_doakla_moship.wav
20.2573 	EXP 	Sound  started
20.2741 	EXP 	Set  sound=soundfiles/barsu_doakla_moship.wav
20.2742 	EXP 	Sound  started
20.2911 	EXP 	Set  sound=soundfiles/barsu_doakla_moship.wav
20.2911 	EXP 	Sound  started
20.3077 	EXP 	Set  sound=soundfiles/barsu_doakla_moship.wav
20.3077 	EXP 	Sound  started
20.3239 	EXP 	Set  sound=soundfiles/barsu_doakla_moship.wav
20.3239 	EXP 	Sound  started
20.3408 	EXP 	Set  sound=soundfiles/barsu_doakla_moship.wav
20.3408 	EXP 	Sound  started
20.3578 	EXP 	Set  sound=soundfiles/barsu_doakla_moship.wav
20.3578 	EXP 	Sound  started
20.3742 	EXP 	Set  sound=soundfiles/barsu_doakla_moship.wav
20.3743 	EXP 	Sound  started
20.3911 	EXP 	Set  sound=soundfiles/barsu_doakla_moship.wav
20.3911 	EXP 	Sound  started
20.4072 	EXP 	Set  sound=soundfiles/barsu_doakla_moship.wav
20.4072 	EXP 	Sound  started
20.4246 	EXP 	Set  sound=soundfiles/barsu_doakla_moship.wav
20.4246 	EXP 	Sound  started
20.4412 	EXP 	Set  sound=soundfiles/barsu_doakla_moship.wav
20.4413 	EXP 	Sound  started
20.4570 	EXP 	Set  sound=soundfiles/barsu_doakla_moship.wav
20.4570 	EXP 	Sound  started
20.4740 	EXP 	Set  sound=soundfiles/barsu_doakla_moship.wav
20.4740 	EXP 	Sound  started
20.4912 	EXP 	Set  sound=soundfiles/barsu_doakla_moship.wav
20.4912 	EXP 	Sound  started
20.5074 	EXP 	Set  sound=soundfiles/barsu_doakla_moship.wav
20.5074 	EXP 	Sound  started
20.5241 	EXP 	Set  sound=soundfiles/barsu_doakla_moship.wav
20.5241 	EXP 	Sound  started
20.5409 	EXP 	Set  sound=soundfiles/barsu_doakla_moship.wav
20.5409 	EXP 	Sound  started
20.5579 	EXP 	Set  sound=soundfiles/barsu_doakla_moship.wav
20.5579 	EXP 	Sound  started
20.5747 	EXP 	Set  sound=soundfiles/barsu_doakla_moship.wav
20.5747 	EXP 	Sound  started
20.5920 	EXP 	Set  sound=soundfiles/barsu_doakla_moship.wav
20.5920 	EXP 	Sound  started
20.6093 	EXP 	Set  sound=soundfiles/barsu_doakla_moship.wav
20.6093 	EXP 	Sound  started
20.6253 	EXP 	Set  sound=soundfiles/barsu_doakla_moship.wav
20.6253 	EXP 	Sound  started
20.6422 	EXP 	Set  sound=soundfiles/barsu_doakla_moship.wav
20.6422 	EXP 	Sound  started
20.6589 	EXP 	Set  sound=soundfiles/barsu_doakla_moship.wav
20.6590 	EXP 	Sound  started
20.6761 	EXP 	Set  sound=soundfiles/barsu_doakla_moship.wav
20.6761 	EXP 	Sound  started
20.6928 	EXP 	Set  sound=soundfiles/barsu_doakla_moship.wav
20.6928 	EXP 	Sound  started
20.7090 	EXP 	Set  sound=soundfiles/barsu_doakla_moship.wav
20.7090 	EXP 	Sound  started
20.7259 	EXP 	Set  sound=soundfiles/barsu_doakla_moship.wav
20.7259 	EXP 	Sound  started
20.7426 	EXP 	Set  sound=soundfiles/barsu_doakla_moship.wav
20.7426 	EXP 	Sound  started
20.7596 	EXP 	Set  sound=soundfiles/barsu_doakla_moship.wav
20.7596 	EXP 	Sound  started
20.7757 	EXP 	Set  sound=soundfiles/barsu_doakla_moship.wav
20.7757 	EXP 	Sound  started
20.7925 	EXP 	Set  sound=soundfiles/barsu_doakla_moship.wav
20.7925 	EXP 	Sound  started
20.8090 	EXP 	Set  sound=soundfiles/barsu_doakla_moship.wav
20.8090 	EXP 	Sound  started
20.8258 	EXP 	Set  sound=soundfiles/barsu_doakla_moship.wav
20.8258 	EXP 	Sound  started
20.8426 	EXP 	Set  sound=soundfiles/barsu_doakla_moship.wav
20.8426 	EXP 	Sound  started
20.8591 	EXP 	Set  sound=soundfiles/barsu_doakla_moship.wav
20.8591 	EXP 	Sound  started
20.8759 	EXP 	Set  sound=soundfiles/barsu_doakla_moship.wav
20.8759 	EXP 	Sound  started
20.8923 	EXP 	Set  sound=soundfiles/barsu_doakla_moship.wav
20.8923 	EXP 	Sound  started
20.9092 	EXP 	Set  sound=soundfiles/barsu_doakla_moship.wav
20.9093 	EXP 	Sound  started
20.9262 	EXP 	Set  sound=soundfiles/barsu_doakla_moship.wav
20.9262 	EXP 	Sound  started
20.9426 	EXP 	Set  sound=soundfiles/barsu_doakla_moship.wav
20.9426 	EXP 	Sound  started
20.9590 	EXP 	Set  sound=soundfiles/barsu_doakla_moship.wav
20.9590 	EXP 	Sound  started
20.9760 	EXP 	Set  sound=soundfiles/barsu_doakla_moship.wav
20.9760 	EXP 	Sound  started
20.9923 	EXP 	Set  sound=soundfiles/barsu_doakla_moship.wav
20.9924 	EXP 	Sound  started
21.0095 	EXP 	Set  sound=soundfiles/barsu_doakla_moship.wav
21.0096 	EXP 	Sound  started
21.0257 	EXP 	Set  sound=soundfiles/barsu_doakla_moship.wav
21.0258 	EXP 	Sound  started
21.0428 	EXP 	Set  sound=soundfiles/barsu_doakla_moship.wav
21.0428 	EXP 	Sound  started
21.0590 	EXP 	Set  sound=soundfiles/barsu_doakla_moship.wav
21.0591 	EXP 	Sound  started
21.0761 	EXP 	Set  sound=soundfiles/barsu_doakla_moship.wav
21.0762 	EXP 	Sound  started
21.0924 	EXP 	Set  sound=soundfiles/barsu_doakla_moship.wav
21.0924 	EXP 	Sound  started
21.1095 	EXP 	Set  sound=soundfiles/barsu_doakla_moship.wav
21.1095 	EXP 	Sound  started
21.1256 	EXP 	Set movie finished
21.1259 	EXP 	Set  sound=soundfiles/barsu_doakla_moship.wav
21.1259 	EXP 	Sound  started
21.1428 	EXP 	Set movie paused
21.1428 	EXP 	Set movie finished
21.1431 	EXP 	Set  sound=soundfiles/barsu_doakla_moship.wav
21.1431 	EXP 	Sound  started
21.1590 	EXP 	Set movie paused
21.1593 	EXP 	Set  sound=soundfiles/barsu_doakla_moship.wav
21.1593 	EXP 	Sound  started
21.1763 	EXP 	Set  sound=soundfiles/barsu_doakla_moship.wav
21.1763 	EXP 	Sound  started
21.1927 	EXP 	Set  sound=soundfiles/barsu_doakla_moship.wav
21.1927 	EXP 	Sound  started
21.2098 	EXP 	Set  sound=soundfiles/barsu_doakla_moship.wav
21.2098 	EXP 	Sound  started
21.2259 	EXP 	Set  sound=soundfiles/barsu_doakla_moship.wav
21.2260 	EXP 	Sound  started
21.2430 	EXP 	Set  sound=soundfiles/barsu_doakla_moship.wav
21.2430 	EXP 	Sound  started
21.2593 	EXP 	Set  sound=soundfiles/barsu_doakla_moship.wav
21.2594 	EXP 	Sound  started
21.2761 	EXP 	Set  sound=soundfiles/barsu_doakla_moship.wav
21.2761 	EXP 	Sound  started
21.2926 	EXP 	Set  sound=soundfiles/barsu_doakla_moship.wav
21.2926 	EXP 	Sound  started
21.3094 	EXP 	Set  sound=soundfiles/barsu_doakla_moship.wav
21.3094 	EXP 	Sound  started
21.3267 	EXP 	Set  sound=soundfiles/barsu_doakla_moship.wav
21.3267 	EXP 	Sound  started
21.3432 	EXP 	Set  sound=soundfiles/barsu_doakla_moship.wav
21.3432 	EXP 	Sound  started
21.3593 	EXP 	Set  sound=soundfiles/barsu_doakla_moship.wav
21.3594 	EXP 	Sound  started
21.3761 	EXP 	Set  sound=soundfiles/barsu_doakla_moship.wav
21.3761 	EXP 	Sound  started
21.3932 	EXP 	Set  sound=soundfiles/barsu_doakla_moship.wav
21.3932 	EXP 	Sound  started
21.4098 	EXP 	Set  sound=soundfiles/barsu_doakla_moship.wav
21.4098 	EXP 	Sound  started
21.4262 	EXP 	Set  sound=soundfiles/barsu_doakla_moship.wav
21.4262 	EXP 	Sound  started
21.4433 	EXP 	Set  sound=soundfiles/barsu_doakla_moship.wav
21.4433 	EXP 	Sound  started
21.4596 	EXP 	Set  sound=soundfiles/barsu_doakla_moship.wav
21.4596 	EXP 	Sound  started
21.4766 	EXP 	Set  sound=soundfiles/barsu_doakla_moship.wav
21.4767 	EXP 	Sound  started
21.4929 	EXP 	Set  sound=soundfiles/barsu_doakla_moship.wav
21.4929 	EXP 	Sound  started
21.5096 	EXP 	Set  sound=soundfiles/barsu_doakla_moship.wav
21.5096 	EXP 	Sound  started
21.5267 	EXP 	Set  sound=soundfiles/barsu_doakla_moship.wav
21.5267 	EXP 	Sound  started
21.5430 	EXP 	Set  sound=soundfiles/barsu_doakla_moship.wav
21.5430 	EXP 	Sound  started
21.5603 	EXP 	Set  sound=soundfiles/barsu_doakla_moship.wav
21.5603 	EXP 	Sound  started
21.5763 	EXP 	Set  sound=soundfiles/barsu_doakla_moship.wav
21.5763 	EXP 	Sound  started
21.5934 	EXP 	Set  sound=soundfiles/barsu_doakla_moship.wav
21.5935 	EXP 	Sound  started
21.6098 	EXP 	Set  sound=soundfiles/barsu_doakla_moship.wav
21.6098 	EXP 	Sound  started
21.6266 	EXP 	Set  sound=soundfiles/barsu_doakla_moship.wav
21.6267 	EXP 	Sound  started
21.6429 	EXP 	Set  sound=soundfiles/barsu_doakla_moship.wav
21.6429 	EXP 	Sound  started
21.6598 	EXP 	Set  sound=soundfiles/barsu_doakla_moship.wav
21.6598 	EXP 	Sound  started
21.6767 	EXP 	Set  sound=soundfiles/barsu_doakla_moship.wav
21.6767 	EXP 	Sound  started
21.6934 	EXP 	Set  sound=soundfiles/barsu_doakla_moship.wav
21.6934 	EXP 	Sound  started
21.7097 	EXP 	Set  sound=soundfiles/barsu_doakla_moship.wav
21.7097 	EXP 	Sound  started
21.7270 	EXP 	Set  sound=soundfiles/barsu_doakla_moship.wav
21.7270 	EXP 	Sound  started
21.7430 	EXP 	Set  sound=soundfiles/barsu_doakla_moship.wav
21.7430 	EXP 	Sound  started
21.7600 	EXP 	Set  sound=soundfiles/barsu_doakla_moship.wav
21.7601 	EXP 	Sound  started
21.7766 	EXP 	Set  sound=soundfiles/barsu_doakla_moship.wav
21.7766 	EXP 	Sound  started
21.7933 	EXP 	Set  sound=soundfiles/barsu_doakla_moship.wav
21.7934 	EXP 	Sound  started
21.8106 	EXP 	Set  sound=soundfiles/barsu_doakla_moship.wav
21.8106 	EXP 	Sound  started
21.8272 	EXP 	Set  sound=soundfiles/barsu_doakla_moship.wav
21.8272 	EXP 	Sound  started
21.8434 	EXP 	Set  sound=soundfiles/barsu_doakla_moship.wav
21.8434 	EXP 	Sound  started
21.8601 	EXP 	Set  sound=soundfiles/barsu_doakla_moship.wav
21.8601 	EXP 	Sound  started
21.8766 	EXP 	Set  sound=soundfiles/barsu_doakla_moship.wav
21.8767 	EXP 	Sound  started
21.8941 	EXP 	Set  sound=soundfiles/barsu_doakla_moship.wav
21.8941 	EXP 	Sound  started
21.9100 	EXP 	Set  sound=soundfiles/barsu_doakla_moship.wav
21.9100 	EXP 	Sound  started
21.9269 	EXP 	Set  sound=soundfiles/barsu_doakla_moship.wav
21.9269 	EXP 	Sound  started
21.9440 	EXP 	Set  sound=soundfiles/barsu_doakla_moship.wav
21.9440 	EXP 	Sound  started
21.9600 	EXP 	Set  sound=soundfiles/barsu_doakla_moship.wav
21.9600 	EXP 	Sound  started
21.9769 	EXP 	Set  sound=soundfiles/barsu_doakla_moship.wav
21.9769 	EXP 	Sound  started
21.9937 	EXP 	Set  sound=soundfiles/barsu_doakla_moship.wav
21.9937 	EXP 	Sound  started
22.0105 	EXP 	Set  sound=soundfiles/barsu_doakla_moship.wav
22.0105 	EXP 	Sound  started
22.0275 	EXP 	Set  sound=soundfiles/barsu_doakla_moship.wav
22.0275 	EXP 	Sound  started
22.0437 	EXP 	Set  sound=soundfiles/barsu_doakla_moship.wav
22.0437 	EXP 	Sound  started
22.0602 	EXP 	Set  sound=soundfiles/barsu_doakla_moship.wav
22.0603 	EXP 	Sound  started
22.0774 	EXP 	Set  sound=soundfiles/barsu_doakla_moship.wav
22.0775 	EXP 	Sound  started
22.0936 	EXP 	Set  sound=soundfiles/barsu_doakla_moship.wav
22.0937 	EXP 	Sound  started
22.1102 	EXP 	Set  sound=soundfiles/barsu_doakla_moship.wav
22.1102 	EXP 	Sound  started
22.1271 	EXP 	Set  sound=soundfiles/barsu_doakla_moship.wav
22.1271 	EXP 	Sound  started
22.1441 	EXP 	Set  sound=soundfiles/barsu_doakla_moship.wav
22.1441 	EXP 	Sound  started
22.1605 	EXP 	Set  sound=soundfiles/barsu_doakla_moship.wav
22.1605 	EXP 	Sound  started
22.1769 	EXP 	Set  sound=soundfiles/barsu_doakla_moship.wav
22.1769 	EXP 	Sound  started
22.1935 	EXP 	Set  sound=soundfiles/barsu_doakla_moship.wav
22.1935 	EXP 	Sound  started
22.2101 	EXP 	Set  sound=soundfiles/barsu_doakla_moship.wav
22.2101 	EXP 	Sound  started
22.2268 	DATA 	Mouse: Left button down, pos=(1557,768)
22.2276 	EXP 	Set  sound=bad.wav
22.2277 	EXP 	Set  sound=soundfiles/barsu_doakla_moship.wav
22.2277 	EXP 	Sound  started
22.2286 	EXP 	New trial (rep=0, index=2): {'receivertwo': u'ref', 'soundverb': u'doakla', 'verbtwo': u'headbutt', 'actor': u'bandit', 'verb': u'rock', 'receiver': u'ref', 'soundreceiver': u'barsu', 'correct': 2, 'soundactor': u'kyse', 'actortwo': u'bandit'}
22.2351 	EXP 	Set  sound=soundfiles/kyse_barsu_doakla.wav
22.2351 	EXP 	Sound  started
22.6297 	DATA 	Mouse: Left button up, pos=(1557,768)
22.7603 	EXP 	MovieStim: autoDraw = None
22.7603 	EXP 	MovieStim: autoDraw = None
22.7603 	EXP 	MovieStim: autoLog = None
22.7603 	EXP 	MovieStim: units = None
22.7603 	EXP 	Set movie movie=videos/bandit_ref_rock.avi
22.7603 	EXP 	MovieStim: pos = None
22.7603 	EXP 	MovieStim: depth = None
22.7603 	EXP 	MovieStim: colorSpace = None
22.7603 	EXP 	MovieStim: opacity = None
22.7603 	EXP 	MovieStim: size = None
22.7603 	EXP 	MovieStim: ori = None
22.7603 	EXP 	MovieStim: autoLog = None
22.7603 	EXP 	MovieStim: units = None
22.7603 	EXP 	Set movie movie=videos/bandit_ref_headbutt.avi
22.7603 	EXP 	MovieStim: pos = None
22.7603 	EXP 	MovieStim: depth = None
22.7603 	EXP 	MovieStim: colorSpace = None
22.7603 	EXP 	MovieStim: opacity = None
22.7603 	EXP 	MovieStim: size = None
22.7603 	EXP 	MovieStim: ori = None
22.7603 	EXP 	MovieStim: autoDraw = None
22.7603 	EXP 	MovieStim: autoDraw = None
22.7607 	EXP 	Set  sound=soundfiles/kyse_barsu_doakla.wav
22.7607 	EXP 	Sound  started
22.7771 	EXP 	Set  sound=soundfiles/kyse_barsu_doakla.wav
22.7771 	EXP 	Sound  started
22.7942 	EXP 	Set  sound=soundfiles/kyse_barsu_doakla.wav
22.7942 	EXP 	Sound  started
22.8105 	EXP 	Set  sound=soundfiles/kyse_barsu_doakla.wav
22.8105 	EXP 	Sound  started
22.8277 	EXP 	Set  sound=soundfiles/kyse_barsu_doakla.wav
22.8277 	EXP 	Sound  started
22.8439 	EXP 	Set  sound=soundfiles/kyse_barsu_doakla.wav
22.8439 	EXP 	Sound  started
22.8608 	EXP 	Set  sound=soundfiles/kyse_barsu_doakla.wav
22.8608 	EXP 	Sound  started
22.8776 	EXP 	Set  sound=soundfiles/kyse_barsu_doakla.wav
22.8776 	EXP 	Sound  started
22.8938 	EXP 	Set  sound=soundfiles/kyse_barsu_doakla.wav
22.8938 	EXP 	Sound  started
22.9097 	EXP 	Set  sound=soundfiles/kyse_barsu_doakla.wav
22.9097 	EXP 	Sound  started
22.9263 	EXP 	Set  sound=soundfiles/kyse_barsu_doakla.wav
22.9264 	EXP 	Sound  started
22.9425 	EXP 	Set  sound=soundfiles/kyse_barsu_doakla.wav
22.9425 	EXP 	Sound  started
22.9592 	EXP 	Set  sound=soundfiles/kyse_barsu_doakla.wav
22.9593 	EXP 	Sound  started
22.9759 	EXP 	Set  sound=soundfiles/kyse_barsu_doakla.wav
22.9760 	EXP 	Sound  started
22.9933 	EXP 	Set  sound=soundfiles/kyse_barsu_doakla.wav
22.9933 	EXP 	Sound  started
23.0098 	EXP 	Set  sound=soundfiles/kyse_barsu_doakla.wav
23.0098 	EXP 	Sound  started
23.0433 	EXP 	Set  sound=soundfiles/kyse_barsu_doakla.wav
23.0433 	EXP 	Sound  started
23.0598 	EXP 	Set  sound=soundfiles/kyse_barsu_doakla.wav
23.0598 	EXP 	Sound  started
23.0760 	EXP 	Set  sound=soundfiles/kyse_barsu_doakla.wav
23.0760 	EXP 	Sound  started
23.0924 	EXP 	Set  sound=soundfiles/kyse_barsu_doakla.wav
23.0924 	EXP 	Sound  started
23.1092 	EXP 	Set  sound=soundfiles/kyse_barsu_doakla.wav
23.1092 	EXP 	Sound  started
23.1265 	EXP 	Set  sound=soundfiles/kyse_barsu_doakla.wav
23.1266 	EXP 	Sound  started
23.1433 	EXP 	Set  sound=soundfiles/kyse_barsu_doakla.wav
23.1433 	EXP 	Sound  started
23.1595 	EXP 	Set  sound=soundfiles/kyse_barsu_doakla.wav
23.1595 	EXP 	Sound  started
23.1764 	EXP 	Set  sound=soundfiles/kyse_barsu_doakla.wav
23.1764 	EXP 	Sound  started
23.1932 	EXP 	Set  sound=soundfiles/kyse_barsu_doakla.wav
23.1933 	EXP 	Sound  started
23.2096 	EXP 	Set  sound=soundfiles/kyse_barsu_doakla.wav
23.2096 	EXP 	Sound  started
23.2265 	EXP 	Set  sound=soundfiles/kyse_barsu_doakla.wav
23.2266 	EXP 	Sound  started
23.2432 	EXP 	Set  sound=soundfiles/kyse_barsu_doakla.wav
23.2432 	EXP 	Sound  started
23.2593 	EXP 	Set  sound=soundfiles/kyse_barsu_doakla.wav
23.2593 	EXP 	Sound  started
23.2768 	EXP 	Set  sound=soundfiles/kyse_barsu_doakla.wav
23.2769 	EXP 	Sound  started
23.2929 	EXP 	Set  sound=soundfiles/kyse_barsu_doakla.wav
23.2929 	EXP 	Sound  started
23.3096 	EXP 	Set  sound=soundfiles/kyse_barsu_doakla.wav
23.3097 	EXP 	Sound  started
23.3268 	EXP 	Set  sound=soundfiles/kyse_barsu_doakla.wav
23.3268 	EXP 	Sound  started
23.3436 	EXP 	Set  sound=soundfiles/kyse_barsu_doakla.wav
23.3436 	EXP 	Sound  started
23.3595 	EXP 	Set  sound=soundfiles/kyse_barsu_doakla.wav
23.3595 	EXP 	Sound  started
23.3762 	EXP 	Set  sound=soundfiles/kyse_barsu_doakla.wav
23.3762 	EXP 	Sound  started
23.3931 	EXP 	Set  sound=soundfiles/kyse_barsu_doakla.wav
23.3931 	EXP 	Sound  started
23.4098 	EXP 	Set  sound=soundfiles/kyse_barsu_doakla.wav
23.4099 	EXP 	Sound  started
23.4429 	EXP 	Set  sound=soundfiles/kyse_barsu_doakla.wav
23.4429 	EXP 	Sound  started
23.4602 	EXP 	Set  sound=soundfiles/kyse_barsu_doakla.wav
23.4603 	EXP 	Sound  started
23.4771 	EXP 	Set  sound=soundfiles/kyse_barsu_doakla.wav
23.4771 	EXP 	Sound  started
23.4934 	EXP 	Set  sound=soundfiles/kyse_barsu_doakla.wav
23.4934 	EXP 	Sound  started
23.5102 	EXP 	Set  sound=soundfiles/kyse_barsu_doakla.wav
23.5102 	EXP 	Sound  started
23.5266 	EXP 	Set  sound=soundfiles/kyse_barsu_doakla.wav
23.5266 	EXP 	Sound  started
23.5433 	EXP 	Set  sound=soundfiles/kyse_barsu_doakla.wav
23.5433 	EXP 	Sound  started
23.5598 	EXP 	Set  sound=soundfiles/kyse_barsu_doakla.wav
23.5598 	EXP 	Sound  started
23.5766 	EXP 	Set  sound=soundfiles/kyse_barsu_doakla.wav
23.5766 	EXP 	Sound  started
23.5938 	EXP 	Set  sound=soundfiles/kyse_barsu_doakla.wav
23.5938 	EXP 	Sound  started
23.6095 	EXP 	Set  sound=soundfiles/kyse_barsu_doakla.wav
23.6096 	EXP 	Sound  started
23.6272 	EXP 	Set  sound=soundfiles/kyse_barsu_doakla.wav
23.6272 	EXP 	Sound  started
23.6432 	EXP 	Set  sound=soundfiles/kyse_barsu_doakla.wav
23.6432 	EXP 	Sound  started
23.6599 	EXP 	Set  sound=soundfiles/kyse_barsu_doakla.wav
23.6599 	EXP 	Sound  started
23.6761 	EXP 	Set  sound=soundfiles/kyse_barsu_doakla.wav
23.6761 	EXP 	Sound  started
23.6935 	EXP 	Set  sound=soundfiles/kyse_barsu_doakla.wav
23.6936 	EXP 	Sound  started
23.7104 	EXP 	Set  sound=soundfiles/kyse_barsu_doakla.wav
23.7104 	EXP 	Sound  started
23.7261 	EXP 	Set  sound=soundfiles/kyse_barsu_doakla.wav
23.7262 	EXP 	Sound  started
23.7435 	EXP 	Set  sound=soundfiles/kyse_barsu_doakla.wav
23.7436 	EXP 	Sound  started
23.7603 	EXP 	Set  sound=soundfiles/kyse_barsu_doakla.wav
23.7603 	EXP 	Sound  started
23.7770 	EXP 	Set  sound=soundfiles/kyse_barsu_doakla.wav
23.7770 	EXP 	Sound  started
23.7934 	EXP 	Set  sound=soundfiles/kyse_barsu_doakla.wav
23.7934 	EXP 	Sound  started
23.8095 	EXP 	Set  sound=soundfiles/kyse_barsu_doakla.wav
23.8096 	EXP 	Sound  started
23.8435 	EXP 	Set  sound=soundfiles/kyse_barsu_doakla.wav
23.8435 	EXP 	Sound  started
23.8606 	EXP 	Set  sound=soundfiles/kyse_barsu_doakla.wav
23.8607 	EXP 	Sound  started
23.8764 	EXP 	Set  sound=soundfiles/kyse_barsu_doakla.wav
23.8764 	EXP 	Sound  started
23.8932 	EXP 	Set  sound=soundfiles/kyse_barsu_doakla.wav
23.8932 	EXP 	Sound  started
23.9100 	EXP 	Set  sound=soundfiles/kyse_barsu_doakla.wav
23.9100 	EXP 	Sound  started
23.9262 	EXP 	Set movie finished
23.9264 	EXP 	Set  sound=soundfiles/kyse_barsu_doakla.wav
23.9264 	EXP 	Sound  started
23.9429 	EXP 	Set movie paused
23.9431 	EXP 	Set  sound=soundfiles/kyse_barsu_doakla.wav
23.9432 	EXP 	Sound  started
23.9598 	EXP 	Set  sound=soundfiles/kyse_barsu_doakla.wav
23.9598 	EXP 	Sound  started
23.9769 	EXP 	Set  sound=soundfiles/kyse_barsu_doakla.wav
23.9769 	EXP 	Sound  started
23.9931 	EXP 	Set  sound=soundfiles/kyse_barsu_doakla.wav
23.9931 	EXP 	Sound  started
24.0099 	EXP 	Set  sound=soundfiles/kyse_barsu_doakla.wav
24.0099 	EXP 	Sound  started
24.0272 	EXP 	Set  sound=soundfiles/kyse_barsu_doakla.wav
24.0272 	EXP 	Sound  started
24.0441 	EXP 	Set  sound=soundfiles/kyse_barsu_doakla.wav
24.0441 	EXP 	Sound  started
24.0599 	EXP 	Set  sound=soundfiles/kyse_barsu_doakla.wav
24.0599 	EXP 	Sound  started
24.0767 	EXP 	Set  sound=soundfiles/kyse_barsu_doakla.wav
24.0767 	EXP 	Sound  started
24.0931 	EXP 	Set  sound=soundfiles/kyse_barsu_doakla.wav
24.0931 	EXP 	Sound  started
24.1104 	EXP 	Set  sound=soundfiles/kyse_barsu_doakla.wav
24.1105 	EXP 	Sound  started
24.1266 	EXP 	Set  sound=soundfiles/kyse_barsu_doakla.wav
24.1266 	EXP 	Sound  started
24.1434 	EXP 	Set  sound=soundfiles/kyse_barsu_doakla.wav
24.1434 	EXP 	Sound  started
24.1598 	EXP 	Set  sound=soundfiles/kyse_barsu_doakla.wav
24.1598 	EXP 	Sound  started
24.1772 	EXP 	Set  sound=soundfiles/kyse_barsu_doakla.wav
24.1772 	EXP 	Sound  started
24.1937 	EXP 	Set  sound=soundfiles/kyse_barsu_doakla.wav
24.1937 	EXP 	Sound  started
24.2102 	EXP 	Set  sound=soundfiles/kyse_barsu_doakla.wav
24.2102 	EXP 	Sound  started
24.2269 	EXP 	Set  sound=soundfiles/kyse_barsu_doakla.wav
24.2269 	EXP 	Sound  started
24.2438 	EXP 	Set  sound=soundfiles/kyse_barsu_doakla.wav
24.2438 	EXP 	Sound  started
24.2600 	EXP 	Set movie finished
24.2602 	EXP 	Set  sound=soundfiles/kyse_barsu_doakla.wav
24.2602 	EXP 	Sound  started
24.2766 	EXP 	Set movie paused
24.2769 	EXP 	Set  sound=soundfiles/kyse_barsu_doakla.wav
24.2769 	EXP 	Sound  started
24.2937 	EXP 	Set  sound=soundfiles/kyse_barsu_doakla.wav
24.2938 	EXP 	Sound  started
24.3108 	EXP 	Set  sound=soundfiles/kyse_barsu_doakla.wav
24.3108 	EXP 	Sound  started
24.3269 	EXP 	Set  sound=soundfiles/kyse_barsu_doakla.wav
24.3269 	EXP 	Sound  started
24.3436 	EXP 	Set  sound=soundfiles/kyse_barsu_doakla.wav
24.3437 	EXP 	Sound  started
24.3605 	EXP 	Set  sound=soundfiles/kyse_barsu_doakla.wav
24.3605 	EXP 	Sound  started
24.3773 	EXP 	Set  sound=soundfiles/kyse_barsu_doakla.wav
24.3774 	EXP 	Sound  started
24.3945 	EXP 	Set  sound=soundfiles/kyse_barsu_doakla.wav
24.3945 	EXP 	Sound  started
24.4104 	EXP 	Set  sound=soundfiles/kyse_barsu_doakla.wav
24.4104 	EXP 	Sound  started
24.4281 	EXP 	Set  sound=soundfiles/kyse_barsu_doakla.wav
24.4281 	EXP 	Sound  started
24.4444 	EXP 	Set  sound=soundfiles/kyse_barsu_doakla.wav
24.4445 	EXP 	Sound  started
24.4608 	EXP 	Set  sound=soundfiles/kyse_barsu_doakla.wav
24.4608 	EXP 	Sound  started
24.4773 	EXP 	Set  sound=soundfiles/kyse_barsu_doakla.wav
24.4773 	EXP 	Sound  started
24.4940 	EXP 	Set  sound=soundfiles/kyse_barsu_doakla.wav
24.4941 	EXP 	Sound  started
24.5108 	EXP 	Set  sound=soundfiles/kyse_barsu_doakla.wav
24.5108 	EXP 	Sound  started
24.5280 	EXP 	Set  sound=soundfiles/kyse_barsu_doakla.wav
24.5280 	EXP 	Sound  started
24.5439 	EXP 	Set  sound=soundfiles/kyse_barsu_doakla.wav
24.5439 	EXP 	Sound  started
24.5612 	EXP 	Set  sound=soundfiles/kyse_barsu_doakla.wav
24.5612 	EXP 	Sound  started
24.5773 	EXP 	Set  sound=soundfiles/kyse_barsu_doakla.wav
24.5773 	EXP 	Sound  started
24.5949 	EXP 	Set  sound=soundfiles/kyse_barsu_doakla.wav
24.5949 	EXP 	Sound  started
24.6108 	EXP 	Set  sound=soundfiles/kyse_barsu_doakla.wav
24.6108 	EXP 	Sound  started
24.6280 	EXP 	Set  sound=soundfiles/kyse_barsu_doakla.wav
24.6280 	EXP 	Sound  started
24.6448 	EXP 	Set  sound=soundfiles/kyse_barsu_doakla.wav
24.6448 	EXP 	Sound  started
24.6615 	EXP 	Set  sound=soundfiles/kyse_barsu_doakla.wav
24.6616 	EXP 	Sound  started
24.6777 	EXP 	Set  sound=soundfiles/kyse_barsu_doakla.wav
24.6777 	EXP 	Sound  started
24.6949 	EXP 	Set  sound=soundfiles/kyse_barsu_doakla.wav
24.6949 	EXP 	Sound  started
24.7115 	EXP 	Set  sound=soundfiles/kyse_barsu_doakla.wav
24.7115 	EXP 	Sound  started
24.7280 	EXP 	Set  sound=soundfiles/kyse_barsu_doakla.wav
24.7280 	EXP 	Sound  started
24.7444 	EXP 	Set  sound=soundfiles/kyse_barsu_doakla.wav
24.7444 	EXP 	Sound  started
24.7612 	EXP 	Set  sound=soundfiles/kyse_barsu_doakla.wav
24.7612 	EXP 	Sound  started
24.7782 	EXP 	Set  sound=soundfiles/kyse_barsu_doakla.wav
24.7783 	EXP 	Sound  started
24.7950 	EXP 	Set  sound=soundfiles/kyse_barsu_doakla.wav
24.7950 	EXP 	Sound  started
24.8105 	EXP 	Set  sound=soundfiles/kyse_barsu_doakla.wav
24.8105 	EXP 	Sound  started
24.8274 	EXP 	Set  sound=soundfiles/kyse_barsu_doakla.wav
24.8275 	EXP 	Sound  started
24.8447 	EXP 	Set  sound=soundfiles/kyse_barsu_doakla.wav
24.8447 	EXP 	Sound  started
24.8615 	EXP 	Set  sound=soundfiles/kyse_barsu_doakla.wav
24.8615 	EXP 	Sound  started
24.8775 	EXP 	Set  sound=soundfiles/kyse_barsu_doakla.wav
24.8775 	EXP 	Sound  started
24.8942 	EXP 	Set  sound=soundfiles/kyse_barsu_doakla.wav
24.8942 	EXP 	Sound  started
24.9116 	EXP 	Set  sound=soundfiles/kyse_barsu_doakla.wav
24.9116 	EXP 	Sound  started
24.9270 	EXP 	Set  sound=soundfiles/kyse_barsu_doakla.wav
24.9270 	EXP 	Sound  started
24.9439 	EXP 	Set  sound=soundfiles/kyse_barsu_doakla.wav
24.9439 	EXP 	Sound  started
24.9608 	EXP 	Set  sound=soundfiles/kyse_barsu_doakla.wav
24.9608 	EXP 	Sound  started
24.9783 	EXP 	Set  sound=soundfiles/kyse_barsu_doakla.wav
24.9783 	EXP 	Sound  started
24.9938 	EXP 	Set  sound=soundfiles/kyse_barsu_doakla.wav
24.9938 	EXP 	Sound  started
25.0106 	EXP 	Set  sound=soundfiles/kyse_barsu_doakla.wav
25.0107 	EXP 	Sound  started
25.0277 	EXP 	Set  sound=soundfiles/kyse_barsu_doakla.wav
25.0277 	EXP 	Sound  started
25.0438 	EXP 	Set  sound=soundfiles/kyse_barsu_doakla.wav
25.0439 	EXP 	Sound  started
25.0605 	EXP 	Set  sound=soundfiles/kyse_barsu_doakla.wav
25.0605 	EXP 	Sound  started
25.0773 	EXP 	Set  sound=soundfiles/kyse_barsu_doakla.wav
25.0773 	EXP 	Sound  started
25.0943 	EXP 	Set  sound=soundfiles/kyse_barsu_doakla.wav
25.0943 	EXP 	Sound  started
25.1106 	EXP 	Set  sound=soundfiles/kyse_barsu_doakla.wav
25.1106 	EXP 	Sound  started
25.1289 	EXP 	Set  sound=soundfiles/kyse_barsu_doakla.wav
25.1290 	EXP 	Sound  started
25.1461 	EXP 	Set  sound=soundfiles/kyse_barsu_doakla.wav
25.1461 	EXP 	Sound  started
25.1625 	EXP 	Set  sound=soundfiles/kyse_barsu_doakla.wav
25.1625 	EXP 	Sound  started
25.1790 	EXP 	Set  sound=soundfiles/kyse_barsu_doakla.wav
25.1791 	EXP 	Sound  started
25.1960 	EXP 	Set  sound=soundfiles/kyse_barsu_doakla.wav
25.1960 	EXP 	Sound  started
25.2130 	EXP 	Set  sound=soundfiles/kyse_barsu_doakla.wav
25.2130 	EXP 	Sound  started
25.2293 	EXP 	Set  sound=soundfiles/kyse_barsu_doakla.wav
25.2293 	EXP 	Sound  started
25.2458 	EXP 	Set  sound=soundfiles/kyse_barsu_doakla.wav
25.2458 	EXP 	Sound  started
25.2628 	EXP 	Set  sound=soundfiles/kyse_barsu_doakla.wav
25.2628 	EXP 	Sound  started
25.2791 	EXP 	Set  sound=soundfiles/kyse_barsu_doakla.wav
25.2792 	EXP 	Sound  started
25.2963 	EXP 	Set  sound=soundfiles/kyse_barsu_doakla.wav
25.2963 	EXP 	Sound  started
25.3125 	EXP 	Set  sound=soundfiles/kyse_barsu_doakla.wav
25.3125 	EXP 	Sound  started
25.3295 	EXP 	Set  sound=soundfiles/kyse_barsu_doakla.wav
25.3296 	EXP 	Sound  started
25.3458 	EXP 	Set  sound=soundfiles/kyse_barsu_doakla.wav
25.3458 	EXP 	Sound  started
25.3630 	EXP 	Set  sound=soundfiles/kyse_barsu_doakla.wav
25.3630 	EXP 	Sound  started
25.3792 	EXP 	Set  sound=soundfiles/kyse_barsu_doakla.wav
25.3792 	EXP 	Sound  started
25.3958 	EXP 	Set  sound=soundfiles/kyse_barsu_doakla.wav
25.3958 	EXP 	Sound  started
25.4130 	DATA 	Mouse: Left button down, pos=(706,890)
25.4139 	EXP 	Set  sound=bad.wav
25.4140 	EXP 	Set  sound=soundfiles/kyse_barsu_doakla.wav
25.4140 	EXP 	Sound  started
25.4327 	EXP 	Imported images.csv as conditions, 5 conditions, 4 params
25.4331 	EXP 	Created sequence: sequential, trialTypes=5, nReps=1, seed=None
25.4343 	EXP 	New trial (rep=0, index=0): {'color': u'Red', 'verb': u'On', 'names': u'mountie', 'object': u'Stool'}
25.4790 	EXP 	MovieStim: autoDraw = None
25.4790 	EXP 	MovieStim: autoDraw = None
25.4790 	EXP 	Set image_2 image=images/mountieOnRedStool.png
25.4790 	EXP 	ImageStim: autoDraw = None
25.5964 	DATA 	Mouse: Left button up, pos=(706,890)
26.2805 	DATA 	Mouse: Left button down, pos=(864,856)
26.2980 	EXP 	New trial (rep=0, index=1): {'color': u'Red', 'verb': u'With', 'names': u'hunter', 'object': u'Stool'}
26.3281 	EXP 	ImageStim: autoDraw = None
26.3281 	EXP 	Set image_2 image=images/hunterWithRedStool.png
26.3281 	EXP 	ImageStim: autoDraw = None
26.4302 	DATA 	Mouse: Left button up, pos=(875,854)
26.8805 	DATA 	Mouse: Left button down, pos=(875,854)
26.8815 	EXP 	New trial (rep=0, index=2): {'color': u'Red', 'verb': u'On', 'names': u'hunter', 'object': u'Stool'}
26.9136 	EXP 	ImageStim: autoDraw = None
26.9136 	EXP 	Set image_2 image=images/hunterOnRedStool.png
26.9136 	EXP 	ImageStim: autoDraw = None
26.9973 	DATA 	Mouse: Left button up, pos=(875,854)
27.4647 	DATA 	Mouse: Left button down, pos=(875,854)
27.4817 	EXP 	New trial (rep=0, index=3): {'color': u'Blue', 'verb': u'Nextto', 'names': u'hunter', 'object': u'Stool'}
27.5995 	DATA 	Mouse: Left button up, pos=(875,854)
27.6142 	EXP 	ImageStim: autoDraw = None
27.6142 	EXP 	Set image_2 image=images/hunterNexttoBlueStool.png
27.6142 	EXP 	ImageStim: autoDraw = None
27.9481 	DATA 	Mouse: Left button down, pos=(875,854)
27.9492 	EXP 	New trial (rep=0, index=4): {'color': u'Red', 'verb': u'On', 'names': u'mountie', 'object': u'Skateboard'}
27.9813 	EXP 	ImageStim: autoDraw = None
27.9813 	EXP 	Set image_2 image=images/mountieOnRedSkateboard.png
27.9813 	EXP 	ImageStim: autoDraw = None
28.0816 	DATA 	Mouse: Left button up, pos=(875,854)
28.5318 	DATA 	Mouse: Left button down, pos=(875,854)
