1.3906 	WARNING 	User requested fullscreen with size [2560 1700], but screen is actually [2560, 1440]. Using actual size
2.3253 	EXP 	Imported test.csv as conditions, 3 conditions, 11 params
2.3256 	EXP 	Created sequence: sequential, trialTypes=3, nReps=1, seed=None
2.3859 	EXP 	New trial (rep=0, index=0): {'receivertwo': u'hunter', 'soundverb': u'forp', 'verbtwo': u'rock', 'welcometext': u'My name is alien the alien and I will be showing you some experiments today. Press anywhere to continue', 'actor': u'bandit', 'verb': u'headbutt', 'receiver': u'chef', 'soundreceiver': u'doakla', 'correct': 1, 'soundactor': u'barsu', 'actortwo': u'bandit'}
2.4217 	EXP 	TextStim: autoLog = None
2.4217 	EXP 	TextStim: units = None
2.4217 	EXP 	TextStim: useShaders = None
2.4217 	EXP 	TextStim: depth = None
2.4217 	EXP 	TextStim: ori = None
2.4217 	EXP 	TextStim: pos = None
2.4217 	EXP 	TextStim: colorSpace = None
2.4217 	EXP 	TextStim: opacity = None
2.4217 	EXP 	TextStim: contrast = None
2.4217 	EXP 	ImageStim: autoLog = None
2.4217 	EXP 	ImageStim: units = None
2.4217 	EXP 	ImageStim: useShaders = None
2.4217 	EXP 	ImageStim: size = None
2.4217 	EXP 	ImageStim: pos = None
2.4217 	EXP 	ImageStim: ori = None
2.4217 	EXP 	ImageStim: depth = None
2.4217 	EXP 	ImageStim: contrast = None
2.4217 	EXP 	ImageStim: opacity = None
2.4217 	EXP 	ImageStim: autoLog = None
2.4217 	EXP 	ImageStim: units = None
2.4217 	EXP 	ImageStim: useShaders = None
2.4217 	EXP 	ImageStim: size = None
2.4217 	EXP 	ImageStim: pos = None
2.4217 	EXP 	ImageStim: ori = None
2.4217 	EXP 	ImageStim: depth = None
2.4217 	EXP 	ImageStim: contrast = None
2.4217 	EXP 	ImageStim: opacity = None
2.4217 	EXP 	Set text text=My name is alien the alien and I will be showing you some experiments today. Press anywhere to continue
2.4217 	EXP 	TextStim: autoDraw = None
2.4217 	EXP 	ImageStim: autoDraw = None
4.0394 	DATA 	Mouse: Left button down, pos=(991,486)
4.1730 	DATA 	Mouse: Left button up, pos=(991,486)
8.9765 	DATA 	Mouse: Left button down, pos=(448,673)
9.1436 	DATA 	Mouse: Left button up, pos=(448,673)
9.4601 	DATA 	Mouse: Left button down, pos=(1115,728)
9.5770 	DATA 	Mouse: Left button up, pos=(1117,728)
11.3283 	DATA 	Mouse: Right button down, pos=(1137,726)
11.4622 	DATA 	Mouse: Right button up, pos=(1137,726)
11.5958 	DATA 	Mouse: Left button down, pos=(1137,726)
11.7460 	DATA 	Mouse: Right button down, pos=(1137,726)
11.7463 	DATA 	Mouse: Left button up, pos=(1137,726)
11.9125 	DATA 	Mouse: Left button down, pos=(1137,726)
12.0124 	DATA 	Mouse: Right button up, pos=(1137,726)
12.0626 	DATA 	Mouse: Left button up, pos=(1137,726)
12.2295 	DATA 	Mouse: Middle button down, pos=(1137,735)
12.5462 	DATA 	Mouse: Middle button up, pos=(1136,732)
12.7128 	DATA 	Mouse: Middle button down, pos=(1136,732)
12.9129 	DATA 	Mouse: Middle button up, pos=(1135,731)
12.9795 	DATA 	Mouse: Middle button down, pos=(1135,731)
13.1633 	DATA 	Mouse: Middle button up, pos=(1135,730)
13.2968 	DATA 	Mouse: Left button down, pos=(1135,730)
13.3468 	DATA 	Mouse: Right button down, pos=(1135,729)
13.4473 	DATA 	Mouse: Left button up, pos=(1130,725)
13.5302 	DATA 	Mouse: Right button up, pos=(1130,725)
13.5471 	DATA 	Mouse: Left button down, pos=(1130,725)
13.6638 	DATA 	Mouse: Right button down, pos=(1130,725)
13.6804 	DATA 	Mouse: Left button up, pos=(1130,725)
13.7804 	DATA 	Mouse: Left button down, pos=(1130,725)
13.7807 	DATA 	Mouse: Right button up, pos=(1130,725)
13.8806 	DATA 	Mouse: Left button up, pos=(1130,725)
13.8808 	DATA 	Mouse: Right button down, pos=(1130,725)
13.9474 	DATA 	Mouse: Left button down, pos=(1130,725)
14.0807 	DATA 	Mouse: Right button up, pos=(1130,725)
14.0812 	DATA 	Mouse: Left button up, pos=(1130,727)
14.6478 	DATA 	Keypress: escape
