2.5721 	EXP 	Imported images.csv as conditions, 5 conditions, 4 params
2.5724 	EXP 	Created sequence: sequential, trialTypes=5, nReps=1, seed=None
2.5728 	EXP 	New trial (rep=0, index=0): {'color': u'Red', 'verb': u'On', 'names': u'mountie', 'object': u'Stool'}
2.5904 	EXP 	ImageStim: autoLog = None
2.5904 	EXP 	ImageStim: units = None
2.5904 	EXP 	ImageStim: useShaders = None
2.5904 	EXP 	ImageStim: size = None
2.5904 	EXP 	ImageStim: pos = None
2.5904 	EXP 	ImageStim: ori = None
2.5904 	EXP 	ImageStim: depth = None
2.5904 	EXP 	ImageStim: contrast = None
2.5904 	EXP 	ImageStim: opacity = None
2.5904 	EXP 	TextStim: autoLog = None
2.5904 	EXP 	TextStim: units = None
2.5904 	EXP 	TextStim: useShaders = None
2.5904 	EXP 	TextStim: depth = None
2.5904 	EXP 	TextStim: ori = None
2.5904 	EXP 	TextStim: pos = None
2.5904 	EXP 	TextStim: colorSpace = None
2.5904 	EXP 	TextStim: opacity = None
2.5904 	EXP 	TextStim: contrast = None
2.5904 	EXP 	Set image image=images/mountieOnRedStool.png
2.5904 	EXP 	ImageStim: autoDraw = None
3.0515 	DATA 	Mouse: Left button down, pos=(1360,860)
3.0896 	EXP 	New trial (rep=0, index=1): {'color': u'Red', 'verb': u'With', 'names': u'hunter', 'object': u'Stool'}
3.1027 	EXP 	ImageStim: autoDraw = None
3.1027 	EXP 	Set image image=images/hunterWithRedStool.png
3.1027 	EXP 	ImageStim: autoDraw = None
3.4011 	DATA 	Mouse: Left button up, pos=(1360,859)
3.6207 	DATA 	Mouse: Left button down, pos=(1358,856)
3.6215 	EXP 	New trial (rep=0, index=2): {'color': u'Red', 'verb': u'On', 'names': u'hunter', 'object': u'Stool'}
3.6341 	EXP 	ImageStim: autoDraw = None
3.6341 	EXP 	Set image image=images/hunterOnRedStool.png
3.6341 	EXP 	ImageStim: autoDraw = None
3.9327 	DATA 	Mouse: Left button up, pos=(1351,856)
3.9328 	DATA 	Mouse: Left button down, pos=(1352,852)
4.0190 	DATA 	Mouse: Left button up, pos=(1352,852)
4.2148 	DATA 	Mouse: Left button down, pos=(1352,852)
4.2156 	EXP 	New trial (rep=0, index=3): {'color': u'Blue', 'verb': u'Nextto', 'names': u'hunter', 'object': u'Stool'}
4.2317 	EXP 	ImageStim: autoDraw = None
4.2317 	EXP 	Set image image=images/hunterNexttoBlueStool.png
4.2317 	EXP 	ImageStim: autoDraw = None
4.5273 	DATA 	Mouse: Left button up, pos=(1352,852)
4.7813 	DATA 	Mouse: Left button down, pos=(1352,852)
4.7821 	EXP 	New trial (rep=0, index=4): {'color': u'Red', 'verb': u'On', 'names': u'mountie', 'object': u'Skateboard'}
4.8050 	EXP 	ImageStim: autoDraw = None
4.8050 	EXP 	Set image image=images/mountieOnRedSkateboard.png
4.8050 	EXP 	ImageStim: autoDraw = None
5.1029 	DATA 	Mouse: Left button up, pos=(1352,852)
5.3314 	DATA 	Mouse: Left button down, pos=(1352,852)
5.3478 	EXP 	ImageStim: autoDraw = None
5.3478 	EXP 	TextStim: autoDraw = None
5.4146 	DATA 	Mouse: Left button up, pos=(1352,852)
5.7148 	DATA 	Mouse: Left button down, pos=(1352,852)
