2.1755 	EXP 	Imported test.csv as conditions, 3 conditions, 3 params
2.1757 	EXP 	Created sequence: sequential, trialTypes=3, nReps=1, seed=None
2.2020 	EXP 	New trial (rep=0, index=0): {'verb': u'headbutt', 'actor': u'bandit', 'reciever': u'chef'}
2.2511 	EXP 	ImageStim: autoLog = None
2.2511 	EXP 	ImageStim: units = None
2.2511 	EXP 	ImageStim: useShaders = None
2.2511 	EXP 	ImageStim: size = None
2.2511 	EXP 	ImageStim: pos = None
2.2511 	EXP 	ImageStim: ori = None
2.2511 	EXP 	ImageStim: depth = None
2.2511 	EXP 	ImageStim: contrast = None
2.2511 	EXP 	ImageStim: opacity = None
2.2511 	EXP 	MovieStim: autoLog = None
2.2511 	EXP 	MovieStim: units = None
2.2511 	EXP 	Set movie movie=videos/bandit_chef_headbutt.avi
2.2511 	EXP 	MovieStim: pos = None
2.2511 	EXP 	MovieStim: depth = None
2.2511 	EXP 	MovieStim: colorSpace = None
2.2511 	EXP 	MovieStim: opacity = None
2.2511 	EXP 	MovieStim: size = None
2.2511 	EXP 	MovieStim: ori = None
2.2511 	EXP 	MovieStim: autoLog = None
2.2511 	EXP 	MovieStim: units = None
2.2511 	EXP 	Set movie_2 movie=videos/bandit_chef_headbutt.avi
2.2511 	EXP 	MovieStim: pos = None
2.2511 	EXP 	MovieStim: depth = None
2.2511 	EXP 	MovieStim: colorSpace = None
2.2511 	EXP 	MovieStim: opacity = None
2.2511 	EXP 	MovieStim: size = None
2.2511 	EXP 	MovieStim: ori = None
2.2511 	EXP 	MovieStim: autoDraw = None
4.2205 	EXP 	Set movie finished
8.3539 	DATA 	Keypress: escape
