1.8834 	WARNING 	User requested fullscreen with size [2560 1700], but screen is actually [2560, 1440]. Using actual size
2.8238 	EXP 	Imported test.csv as conditions, 3 conditions, 11 params
2.8241 	EXP 	Created sequence: sequential, trialTypes=3, nReps=1, seed=None
2.8844 	EXP 	New trial (rep=0, index=0): {'receivertwo': u'hunter', 'soundverb': u'forp', 'verbtwo': u'rock', 'welcometext': u'My name is alien the alien and I will be showing you some experiments today. Press anywhere to continue', 'actor': u'bandit', 'verb': u'headbutt', 'receiver': u'chef', 'soundreceiver': u'doakla', 'correct': 1, 'soundactor': u'barsu', 'actortwo': u'bandit'}
2.9209 	EXP 	TextStim: autoLog = None
2.9209 	EXP 	TextStim: units = None
2.9209 	EXP 	TextStim: useShaders = None
2.9209 	EXP 	TextStim: depth = None
2.9209 	EXP 	TextStim: ori = None
2.9209 	EXP 	TextStim: pos = None
2.9209 	EXP 	TextStim: colorSpace = None
2.9209 	EXP 	TextStim: opacity = None
2.9209 	EXP 	TextStim: contrast = None
2.9209 	EXP 	ImageStim: autoLog = None
2.9209 	EXP 	ImageStim: units = None
2.9209 	EXP 	ImageStim: useShaders = None
2.9209 	EXP 	ImageStim: size = None
2.9209 	EXP 	ImageStim: pos = None
2.9209 	EXP 	ImageStim: ori = None
2.9209 	EXP 	ImageStim: depth = None
2.9209 	EXP 	ImageStim: contrast = None
2.9209 	EXP 	ImageStim: opacity = None
2.9209 	EXP 	ImageStim: autoLog = None
2.9209 	EXP 	ImageStim: units = None
2.9209 	EXP 	ImageStim: useShaders = None
2.9209 	EXP 	ImageStim: size = None
2.9209 	EXP 	ImageStim: pos = None
2.9209 	EXP 	ImageStim: ori = None
2.9209 	EXP 	ImageStim: depth = None
2.9209 	EXP 	ImageStim: contrast = None
2.9209 	EXP 	ImageStim: opacity = None
2.9209 	EXP 	Set text text=My name is alien the alien and I will be showing you some experiments today. Press anywhere to continue
2.9209 	EXP 	TextStim: autoDraw = None
2.9209 	EXP 	ImageStim: autoDraw = None
3.6881 	DATA 	Mouse: Left button down, pos=(1158,608)
3.8382 	DATA 	Mouse: Left button up, pos=(1158,608)
5.2060 	DATA 	Mouse: Left button down, pos=(350,654)
5.3396 	DATA 	Mouse: Left button up, pos=(350,654)
5.5727 	DATA 	Mouse: Left button down, pos=(625,669)
5.7065 	DATA 	Mouse: Left button up, pos=(631,669)
5.8232 	DATA 	Mouse: Right button down, pos=(631,669)
5.9235 	DATA 	Mouse: Right button up, pos=(631,669)
6.0070 	DATA 	Mouse: Left button down, pos=(631,669)
6.0903 	DATA 	Mouse: Left button up, pos=(631,669)
6.1399 	DATA 	Mouse: Right button down, pos=(631,669)
6.2235 	DATA 	Mouse: Left button down, pos=(631,669)
6.2237 	DATA 	Mouse: Right button up, pos=(631,669)
6.3235 	DATA 	Mouse: Left button up, pos=(631,669)
6.3404 	DATA 	Mouse: Right button down, pos=(631,669)
6.4404 	DATA 	Mouse: Left button down, pos=(631,669)
6.4406 	DATA 	Mouse: Right button up, pos=(631,669)
6.5236 	DATA 	Mouse: Right button down, pos=(631,669)
6.5240 	DATA 	Mouse: Left button up, pos=(631,669)
6.6070 	DATA 	Mouse: Left button down, pos=(631,669)
6.6241 	DATA 	Mouse: Right button up, pos=(631,669)
6.6737 	DATA 	Mouse: Right button down, pos=(631,668)
6.7740 	DATA 	Mouse: Right button up, pos=(631,668)
6.7907 	DATA 	Mouse: Left button up, pos=(631,668)
6.9072 	DATA 	Mouse: Right button down, pos=(632,668)
6.9910 	DATA 	Mouse: Left button down, pos=(632,668)
6.9912 	DATA 	Mouse: Right button up, pos=(632,668)
7.0741 	DATA 	Mouse: Left button up, pos=(632,668)
7.0908 	DATA 	Mouse: Right button down, pos=(632,668)
7.1912 	DATA 	Mouse: Right button up, pos=(632,668)
7.2076 	DATA 	Mouse: Left button down, pos=(632,668)
7.3076 	DATA 	Mouse: Left button up, pos=(634,668)
7.3246 	DATA 	Mouse: Right button down, pos=(634,668)
7.4078 	DATA 	Mouse: Left button down, pos=(635,668)
7.4245 	DATA 	Mouse: Right button up, pos=(635,668)
7.5077 	DATA 	Mouse: Left button up, pos=(635,668)
7.5579 	DATA 	Mouse: Right button down, pos=(635,668)
7.6253 	DATA 	Mouse: Right button up, pos=(635,668)
7.6413 	DATA 	Mouse: Left button down, pos=(635,668)
7.7250 	DATA 	Mouse: Right button down, pos=(637,667)
7.8419 	DATA 	Mouse: Right button up, pos=(621,592)
7.8754 	DATA 	Mouse: Left button up, pos=(634,600)
8.4085 	DATA 	Keypress: escape
