2.3309 	WARNING 	User requested fullscreen with size [2560 1700], but screen is actually [2560, 1440]. Using actual size
3.2654 	EXP 	Imported test.csv as conditions, 3 conditions, 11 params
3.2656 	EXP 	Created sequence: sequential, trialTypes=3, nReps=1, seed=None
3.3260 	EXP 	New trial (rep=0, index=0): {'receivertwo': u'hunter', 'soundverb': u'forp', 'verbtwo': u'rock', 'welcometext': u'My name is alien the alien and I will be showing you some experiments today. Press anywhere to continue', 'actor': u'bandit', 'verb': u'headbutt', 'receiver': u'chef', 'soundreceiver': u'doakla', 'correct': 1, 'soundactor': u'barsu', 'actortwo': u'bandit'}
3.3611 	EXP 	TextStim: autoLog = None
3.3611 	EXP 	TextStim: units = None
3.3611 	EXP 	TextStim: useShaders = None
3.3611 	EXP 	TextStim: depth = None
3.3611 	EXP 	TextStim: ori = None
3.3611 	EXP 	TextStim: pos = None
3.3611 	EXP 	TextStim: colorSpace = None
3.3611 	EXP 	TextStim: opacity = None
3.3611 	EXP 	TextStim: contrast = None
3.3611 	EXP 	ImageStim: autoLog = None
3.3611 	EXP 	ImageStim: units = None
3.3611 	EXP 	ImageStim: useShaders = None
3.3611 	EXP 	ImageStim: size = None
3.3611 	EXP 	ImageStim: pos = None
3.3611 	EXP 	ImageStim: ori = None
3.3611 	EXP 	ImageStim: depth = None
3.3611 	EXP 	ImageStim: contrast = None
3.3611 	EXP 	ImageStim: opacity = None
3.3611 	EXP 	ImageStim: autoLog = None
3.3611 	EXP 	ImageStim: units = None
3.3611 	EXP 	ImageStim: useShaders = None
3.3611 	EXP 	ImageStim: size = None
3.3611 	EXP 	ImageStim: pos = None
3.3611 	EXP 	ImageStim: ori = None
3.3611 	EXP 	ImageStim: depth = None
3.3611 	EXP 	ImageStim: contrast = None
3.3611 	EXP 	ImageStim: opacity = None
3.3611 	EXP 	Set text text=My name is alien the alien and I will be showing you some experiments today. Press anywhere to continue
3.3611 	EXP 	TextStim: autoDraw = None
3.3611 	EXP 	ImageStim: autoDraw = None
3.8946 	DATA 	Mouse: Left button down, pos=(1206,846)
4.0115 	DATA 	Mouse: Left button up, pos=(1206,846)
4.2453 	DATA 	Mouse: Left button down, pos=(1332,842)
4.3618 	DATA 	Mouse: Left button up, pos=(1332,842)
4.5451 	DATA 	Mouse: Left button down, pos=(1112,1042)
4.6623 	DATA 	Mouse: Left button up, pos=(1104,1043)
4.8120 	DATA 	Mouse: Left button down, pos=(1168,803)
4.9124 	DATA 	Mouse: Left button up, pos=(1220,768)
5.0456 	DATA 	Mouse: Left button down, pos=(1257,799)
5.1460 	DATA 	Mouse: Left button up, pos=(1280,835)
5.2631 	DATA 	Mouse: Left button down, pos=(1221,937)
5.3624 	DATA 	Mouse: Left button up, pos=(1207,937)
6.0637 	DATA 	Keypress: escape
