2.1766 	WARNING 	User requested fullscreen with size [2560 1700], but screen is actually [2560, 1440]. Using actual size
3.0593 	EXP 	Imported test.csv as conditions, 3 conditions, 10 params
3.0596 	EXP 	Created sequence: sequential, trialTypes=3, nReps=1, seed=None
3.1193 	EXP 	New trial (rep=0, index=0): {'receivertwo': u'hunter', 'soundverb': u'forp', 'verbtwo': u'rock', 'actor': u'bandit', 'verb': u'headbutt', 'receiver': u'chef', 'soundreceiver': u'doakla', 'correct': 1, 'soundactor': u'barsu', 'actortwo': u'bandit'}
3.1370 	EXP 	Set  sound=soundfiles/barsu_doakla_forp.wav
3.1370 	EXP 	Sound  started
3.6566 	EXP 	ImageStim: autoLog = None
3.6566 	EXP 	ImageStim: units = None
3.6566 	EXP 	ImageStim: useShaders = None
3.6566 	EXP 	ImageStim: size = None
3.6566 	EXP 	ImageStim: pos = None
3.6566 	EXP 	ImageStim: ori = None
3.6566 	EXP 	ImageStim: depth = None
3.6566 	EXP 	ImageStim: contrast = None
3.6566 	EXP 	ImageStim: opacity = None
3.6566 	EXP 	MovieStim: autoLog = None
3.6566 	EXP 	MovieStim: units = None
3.6566 	EXP 	Set movie movie=videos/bandit_chef_headbutt.avi
3.6566 	EXP 	MovieStim: pos = None
3.6566 	EXP 	MovieStim: depth = None
3.6566 	EXP 	MovieStim: colorSpace = None
3.6566 	EXP 	MovieStim: opacity = None
3.6566 	EXP 	MovieStim: size = None
3.6566 	EXP 	MovieStim: ori = None
3.6566 	EXP 	MovieStim: autoLog = None
3.6566 	EXP 	MovieStim: units = None
3.6566 	EXP 	Set movie movie=videos/bandit_hunter_rock.avi
3.6566 	EXP 	MovieStim: pos = None
3.6566 	EXP 	MovieStim: depth = None
3.6566 	EXP 	MovieStim: colorSpace = None
3.6566 	EXP 	MovieStim: opacity = None
3.6566 	EXP 	MovieStim: size = None
3.6566 	EXP 	MovieStim: ori = None
3.6566 	EXP 	MovieStim: autoDraw = None
3.6566 	EXP 	MovieStim: autoDraw = None
3.6570 	EXP 	Set  sound=soundfiles/barsu_doakla_forp.wav
3.6571 	EXP 	Sound  started
3.6739 	EXP 	Set  sound=soundfiles/barsu_doakla_forp.wav
3.6740 	EXP 	Sound  started
3.6916 	EXP 	Set  sound=soundfiles/barsu_doakla_forp.wav
3.6916 	EXP 	Sound  started
3.7074 	EXP 	Set  sound=soundfiles/barsu_doakla_forp.wav
3.7075 	EXP 	Sound  started
3.7241 	EXP 	Set  sound=soundfiles/barsu_doakla_forp.wav
3.7241 	EXP 	Sound  started
3.7400 	EXP 	Set  sound=soundfiles/barsu_doakla_forp.wav
3.7400 	EXP 	Sound  started
3.7572 	EXP 	Set  sound=soundfiles/barsu_doakla_forp.wav
3.7572 	EXP 	Sound  started
3.7735 	EXP 	Set  sound=soundfiles/barsu_doakla_forp.wav
3.7735 	EXP 	Sound  started
3.7900 	EXP 	Set  sound=soundfiles/barsu_doakla_forp.wav
3.7901 	EXP 	Sound  started
3.8072 	EXP 	Set  sound=soundfiles/barsu_doakla_forp.wav
3.8072 	EXP 	Sound  started
3.8235 	EXP 	Set  sound=soundfiles/barsu_doakla_forp.wav
3.8235 	EXP 	Sound  started
3.8402 	EXP 	Set  sound=soundfiles/barsu_doakla_forp.wav
3.8403 	EXP 	Sound  started
3.8570 	EXP 	Set  sound=soundfiles/barsu_doakla_forp.wav
3.8570 	EXP 	Sound  started
3.8733 	EXP 	Set  sound=soundfiles/barsu_doakla_forp.wav
3.8733 	EXP 	Sound  started
3.8901 	EXP 	Set  sound=soundfiles/barsu_doakla_forp.wav
3.8901 	EXP 	Sound  started
3.9072 	EXP 	Set  sound=soundfiles/barsu_doakla_forp.wav
3.9072 	EXP 	Sound  started
3.9241 	EXP 	Set  sound=soundfiles/barsu_doakla_forp.wav
3.9242 	EXP 	Sound  started
3.9406 	EXP 	Set  sound=soundfiles/barsu_doakla_forp.wav
3.9406 	EXP 	Sound  started
3.9568 	EXP 	Set  sound=soundfiles/barsu_doakla_forp.wav
3.9568 	EXP 	Sound  started
3.9737 	EXP 	Set  sound=soundfiles/barsu_doakla_forp.wav
3.9737 	EXP 	Sound  started
3.9906 	EXP 	Set  sound=soundfiles/barsu_doakla_forp.wav
3.9907 	EXP 	Sound  started
4.0070 	EXP 	Set  sound=soundfiles/barsu_doakla_forp.wav
4.0070 	EXP 	Sound  started
4.0238 	EXP 	Set  sound=soundfiles/barsu_doakla_forp.wav
4.0238 	EXP 	Sound  started
4.0407 	EXP 	Set  sound=soundfiles/barsu_doakla_forp.wav
4.0407 	EXP 	Sound  started
4.0576 	EXP 	Set  sound=soundfiles/barsu_doakla_forp.wav
4.0576 	EXP 	Sound  started
4.0742 	EXP 	Set  sound=soundfiles/barsu_doakla_forp.wav
4.0743 	EXP 	Sound  started
4.0910 	EXP 	Set  sound=soundfiles/barsu_doakla_forp.wav
4.0910 	EXP 	Sound  started
4.1078 	EXP 	Set  sound=soundfiles/barsu_doakla_forp.wav
4.1078 	EXP 	Sound  started
4.1237 	EXP 	Set  sound=soundfiles/barsu_doakla_forp.wav
4.1237 	EXP 	Sound  started
4.1407 	EXP 	Set  sound=soundfiles/barsu_doakla_forp.wav
4.1407 	EXP 	Sound  started
4.1578 	EXP 	Set  sound=soundfiles/barsu_doakla_forp.wav
4.1579 	EXP 	Sound  started
4.1737 	EXP 	Set  sound=soundfiles/barsu_doakla_forp.wav
4.1738 	EXP 	Sound  started
4.1905 	EXP 	Set  sound=soundfiles/barsu_doakla_forp.wav
4.1905 	EXP 	Sound  started
4.2076 	EXP 	Set  sound=soundfiles/barsu_doakla_forp.wav
4.2076 	EXP 	Sound  started
4.2246 	EXP 	Set  sound=soundfiles/barsu_doakla_forp.wav
4.2246 	EXP 	Sound  started
4.2402 	EXP 	Set  sound=soundfiles/barsu_doakla_forp.wav
4.2402 	EXP 	Sound  started
4.2571 	EXP 	Set  sound=soundfiles/barsu_doakla_forp.wav
4.2571 	EXP 	Sound  started
4.2742 	EXP 	Set  sound=soundfiles/barsu_doakla_forp.wav
4.2743 	EXP 	Sound  started
4.2913 	EXP 	Set  sound=soundfiles/barsu_doakla_forp.wav
4.2913 	EXP 	Sound  started
4.3071 	EXP 	Set  sound=soundfiles/barsu_doakla_forp.wav
4.3071 	EXP 	Sound  started
4.3239 	EXP 	Set  sound=soundfiles/barsu_doakla_forp.wav
4.3239 	EXP 	Sound  started
4.3412 	EXP 	Set  sound=soundfiles/barsu_doakla_forp.wav
4.3412 	EXP 	Sound  started
4.3573 	EXP 	Set  sound=soundfiles/barsu_doakla_forp.wav
4.3574 	EXP 	Sound  started
4.3749 	EXP 	Set  sound=soundfiles/barsu_doakla_forp.wav
4.3750 	EXP 	Sound  started
4.3909 	EXP 	Set  sound=soundfiles/barsu_doakla_forp.wav
4.3909 	EXP 	Sound  started
4.4078 	EXP 	Set  sound=soundfiles/barsu_doakla_forp.wav
4.4078 	EXP 	Sound  started
4.4247 	EXP 	Set  sound=soundfiles/barsu_doakla_forp.wav
4.4247 	EXP 	Sound  started
4.4406 	EXP 	Set  sound=soundfiles/barsu_doakla_forp.wav
4.4406 	EXP 	Sound  started
4.4574 	EXP 	Set  sound=soundfiles/barsu_doakla_forp.wav
4.4574 	EXP 	Sound  started
4.4740 	EXP 	Set  sound=soundfiles/barsu_doakla_forp.wav
4.4740 	EXP 	Sound  started
4.4912 	EXP 	Set  sound=soundfiles/barsu_doakla_forp.wav
4.4912 	EXP 	Sound  started
4.5081 	EXP 	Set  sound=soundfiles/barsu_doakla_forp.wav
4.5081 	EXP 	Sound  started
4.5240 	EXP 	Set  sound=soundfiles/barsu_doakla_forp.wav
4.5240 	EXP 	Sound  started
4.5410 	EXP 	Set  sound=soundfiles/barsu_doakla_forp.wav
4.5411 	EXP 	Sound  started
4.5579 	EXP 	Set  sound=soundfiles/barsu_doakla_forp.wav
4.5579 	EXP 	Sound  started
4.5748 	EXP 	Set  sound=soundfiles/barsu_doakla_forp.wav
4.5749 	EXP 	Sound  started
4.5907 	EXP 	Set  sound=soundfiles/barsu_doakla_forp.wav
4.5907 	EXP 	Sound  started
4.6082 	EXP 	Set  sound=soundfiles/barsu_doakla_forp.wav
4.6082 	EXP 	Sound  started
4.6241 	EXP 	Set  sound=soundfiles/barsu_doakla_forp.wav
4.6242 	EXP 	Sound  started
4.6410 	EXP 	Set  sound=soundfiles/barsu_doakla_forp.wav
4.6411 	EXP 	Sound  started
4.6579 	EXP 	Set  sound=soundfiles/barsu_doakla_forp.wav
4.6579 	EXP 	Sound  started
4.6741 	EXP 	Set  sound=soundfiles/barsu_doakla_forp.wav
4.6741 	EXP 	Sound  started
4.6917 	EXP 	Set  sound=soundfiles/barsu_doakla_forp.wav
4.6917 	EXP 	Sound  started
4.7075 	EXP 	Set  sound=soundfiles/barsu_doakla_forp.wav
4.7075 	EXP 	Sound  started
4.7243 	EXP 	Set  sound=soundfiles/barsu_doakla_forp.wav
4.7243 	EXP 	Sound  started
4.7412 	EXP 	Set  sound=soundfiles/barsu_doakla_forp.wav
4.7412 	EXP 	Sound  started
4.7580 	EXP 	Set  sound=soundfiles/barsu_doakla_forp.wav
4.7580 	EXP 	Sound  started
4.7750 	EXP 	Set  sound=soundfiles/barsu_doakla_forp.wav
4.7750 	EXP 	Sound  started
4.7908 	EXP 	Set  sound=soundfiles/barsu_doakla_forp.wav
4.7908 	EXP 	Sound  started
4.8081 	EXP 	Set  sound=soundfiles/barsu_doakla_forp.wav
4.8081 	EXP 	Sound  started
4.8244 	EXP 	Set movie finished
4.8247 	EXP 	Set  sound=soundfiles/barsu_doakla_forp.wav
4.8247 	EXP 	Sound  started
4.8412 	EXP 	Set movie paused
4.8414 	EXP 	Set  sound=soundfiles/barsu_doakla_forp.wav
4.8415 	EXP 	Sound  started
4.8583 	EXP 	Set  sound=soundfiles/barsu_doakla_forp.wav
4.8583 	EXP 	Sound  started
4.8742 	EXP 	Set  sound=soundfiles/barsu_doakla_forp.wav
4.8742 	EXP 	Sound  started
4.8911 	EXP 	Set  sound=soundfiles/barsu_doakla_forp.wav
4.8911 	EXP 	Sound  started
4.9080 	EXP 	Set  sound=soundfiles/barsu_doakla_forp.wav
4.9080 	EXP 	Sound  started
4.9249 	EXP 	Set  sound=soundfiles/barsu_doakla_forp.wav
4.9249 	EXP 	Sound  started
4.9418 	EXP 	Set  sound=soundfiles/barsu_doakla_forp.wav
4.9418 	EXP 	Sound  started
4.9575 	EXP 	Set  sound=soundfiles/barsu_doakla_forp.wav
4.9575 	EXP 	Sound  started
4.9744 	EXP 	Set  sound=soundfiles/barsu_doakla_forp.wav
4.9745 	EXP 	Sound  started
4.9913 	EXP 	Set  sound=soundfiles/barsu_doakla_forp.wav
4.9913 	EXP 	Sound  started
5.0082 	EXP 	Set  sound=soundfiles/barsu_doakla_forp.wav
5.0083 	EXP 	Sound  started
5.0245 	EXP 	Set  sound=soundfiles/barsu_doakla_forp.wav
5.0246 	EXP 	Sound  started
5.0414 	EXP 	Set  sound=soundfiles/barsu_doakla_forp.wav
5.0414 	EXP 	Sound  started
5.0581 	EXP 	Set  sound=soundfiles/barsu_doakla_forp.wav
5.0581 	EXP 	Sound  started
5.0753 	EXP 	Set  sound=soundfiles/barsu_doakla_forp.wav
5.0754 	EXP 	Sound  started
5.0912 	EXP 	Set  sound=soundfiles/barsu_doakla_forp.wav
5.0912 	EXP 	Sound  started
5.1079 	EXP 	Set  sound=soundfiles/barsu_doakla_forp.wav
5.1079 	EXP 	Sound  started
5.1245 	EXP 	Set movie finished
5.1248 	EXP 	Set  sound=soundfiles/barsu_doakla_forp.wav
5.1248 	EXP 	Sound  started
5.1414 	EXP 	Set movie paused
5.1417 	EXP 	Set  sound=soundfiles/barsu_doakla_forp.wav
5.1417 	EXP 	Sound  started
5.1585 	EXP 	Set  sound=soundfiles/barsu_doakla_forp.wav
5.1585 	EXP 	Sound  started
5.1754 	EXP 	Set  sound=soundfiles/barsu_doakla_forp.wav
5.1754 	EXP 	Sound  started
5.1913 	EXP 	Set  sound=soundfiles/barsu_doakla_forp.wav
5.1913 	EXP 	Sound  started
5.2082 	EXP 	Set  sound=soundfiles/barsu_doakla_forp.wav
5.2082 	EXP 	Sound  started
5.2248 	EXP 	Set  sound=soundfiles/barsu_doakla_forp.wav
5.2248 	EXP 	Sound  started
5.2417 	EXP 	Set  sound=soundfiles/barsu_doakla_forp.wav
5.2417 	EXP 	Sound  started
5.2586 	EXP 	Set  sound=soundfiles/barsu_doakla_forp.wav
5.2586 	EXP 	Sound  started
5.2745 	EXP 	Set  sound=soundfiles/barsu_doakla_forp.wav
5.2745 	EXP 	Sound  started
5.2914 	EXP 	Set  sound=soundfiles/barsu_doakla_forp.wav
5.2914 	EXP 	Sound  started
5.3083 	EXP 	Set  sound=soundfiles/barsu_doakla_forp.wav
5.3083 	EXP 	Sound  started
5.3251 	EXP 	Set  sound=soundfiles/barsu_doakla_forp.wav
5.3252 	EXP 	Sound  started
5.3412 	EXP 	Set  sound=soundfiles/barsu_doakla_forp.wav
5.3412 	EXP 	Sound  started
5.3581 	EXP 	Set  sound=soundfiles/barsu_doakla_forp.wav
5.3581 	EXP 	Sound  started
5.3755 	EXP 	Set  sound=soundfiles/barsu_doakla_forp.wav
5.3755 	EXP 	Sound  started
5.3913 	EXP 	Set  sound=soundfiles/barsu_doakla_forp.wav
5.3913 	EXP 	Sound  started
5.4100 	EXP 	Set  sound=soundfiles/barsu_doakla_forp.wav
5.4100 	EXP 	Sound  started
5.4268 	EXP 	Set  sound=soundfiles/barsu_doakla_forp.wav
5.4268 	EXP 	Sound  started
5.4430 	EXP 	Set  sound=soundfiles/barsu_doakla_forp.wav
5.4430 	EXP 	Sound  started
5.4600 	EXP 	Set  sound=soundfiles/barsu_doakla_forp.wav
5.4600 	EXP 	Sound  started
5.4762 	EXP 	Set  sound=soundfiles/barsu_doakla_forp.wav
5.4763 	EXP 	Sound  started
5.4930 	EXP 	Set  sound=soundfiles/barsu_doakla_forp.wav
5.4931 	EXP 	Sound  started
5.5103 	EXP 	Set  sound=soundfiles/barsu_doakla_forp.wav
5.5103 	EXP 	Sound  started
5.5266 	EXP 	Set  sound=soundfiles/barsu_doakla_forp.wav
5.5266 	EXP 	Sound  started
5.5429 	EXP 	Set  sound=soundfiles/barsu_doakla_forp.wav
5.5429 	EXP 	Sound  started
5.5600 	EXP 	Set  sound=soundfiles/barsu_doakla_forp.wav
5.5601 	EXP 	Sound  started
5.5765 	EXP 	Set  sound=soundfiles/barsu_doakla_forp.wav
5.5765 	EXP 	Sound  started
5.5937 	EXP 	Set  sound=soundfiles/barsu_doakla_forp.wav
5.5937 	EXP 	Sound  started
5.6104 	EXP 	Set  sound=soundfiles/barsu_doakla_forp.wav
5.6105 	EXP 	Sound  started
5.6266 	EXP 	Set  sound=soundfiles/barsu_doakla_forp.wav
5.6266 	EXP 	Sound  started
5.6431 	EXP 	Set  sound=soundfiles/barsu_doakla_forp.wav
5.6431 	EXP 	Sound  started
5.6604 	EXP 	Set  sound=soundfiles/barsu_doakla_forp.wav
5.6604 	EXP 	Sound  started
5.6771 	EXP 	Set  sound=soundfiles/barsu_doakla_forp.wav
5.6771 	EXP 	Sound  started
5.6931 	EXP 	Set  sound=soundfiles/barsu_doakla_forp.wav
5.6931 	EXP 	Sound  started
5.7102 	EXP 	Set  sound=soundfiles/barsu_doakla_forp.wav
5.7102 	EXP 	Sound  started
5.7269 	EXP 	Set  sound=soundfiles/barsu_doakla_forp.wav
5.7269 	EXP 	Sound  started
5.7432 	EXP 	Set  sound=soundfiles/barsu_doakla_forp.wav
5.7433 	EXP 	Sound  started
5.7602 	EXP 	Set  sound=soundfiles/barsu_doakla_forp.wav
5.7602 	EXP 	Sound  started
5.7765 	EXP 	Set  sound=soundfiles/barsu_doakla_forp.wav
5.7766 	EXP 	Sound  started
5.7938 	EXP 	Set  sound=soundfiles/barsu_doakla_forp.wav
5.7938 	EXP 	Sound  started
5.8098 	EXP 	Set  sound=soundfiles/barsu_doakla_forp.wav
5.8098 	EXP 	Sound  started
5.8269 	EXP 	Set  sound=soundfiles/barsu_doakla_forp.wav
5.8269 	EXP 	Sound  started
5.8433 	EXP 	Set  sound=soundfiles/barsu_doakla_forp.wav
5.8433 	EXP 	Sound  started
5.8604 	EXP 	Set  sound=soundfiles/barsu_doakla_forp.wav
5.8605 	EXP 	Sound  started
5.8772 	EXP 	Set  sound=soundfiles/barsu_doakla_forp.wav
5.8772 	EXP 	Sound  started
5.8935 	EXP 	Set  sound=soundfiles/barsu_doakla_forp.wav
5.8935 	EXP 	Sound  started
5.9099 	EXP 	Set  sound=soundfiles/barsu_doakla_forp.wav
5.9099 	EXP 	Sound  started
5.9270 	EXP 	Set  sound=soundfiles/barsu_doakla_forp.wav
5.9270 	EXP 	Sound  started
5.9433 	EXP 	Set  sound=soundfiles/barsu_doakla_forp.wav
5.9433 	EXP 	Sound  started
5.9605 	EXP 	Set  sound=soundfiles/barsu_doakla_forp.wav
5.9605 	EXP 	Sound  started
5.9768 	EXP 	Set  sound=soundfiles/barsu_doakla_forp.wav
5.9768 	EXP 	Sound  started
5.9940 	EXP 	Set  sound=soundfiles/barsu_doakla_forp.wav
5.9941 	EXP 	Sound  started
6.0102 	EXP 	Set  sound=soundfiles/barsu_doakla_forp.wav
6.0102 	EXP 	Sound  started
6.0269 	EXP 	Set  sound=soundfiles/barsu_doakla_forp.wav
6.0269 	EXP 	Sound  started
6.0434 	EXP 	Set  sound=soundfiles/barsu_doakla_forp.wav
6.0434 	EXP 	Sound  started
6.0606 	EXP 	Set  sound=soundfiles/barsu_doakla_forp.wav
6.0606 	EXP 	Sound  started
6.0767 	EXP 	Set  sound=soundfiles/barsu_doakla_forp.wav
6.0767 	EXP 	Sound  started
6.0939 	EXP 	Set  sound=soundfiles/barsu_doakla_forp.wav
6.0939 	EXP 	Sound  started
6.1101 	EXP 	Set  sound=soundfiles/barsu_doakla_forp.wav
6.1101 	EXP 	Sound  started
6.1272 	EXP 	Set  sound=soundfiles/barsu_doakla_forp.wav
6.1272 	EXP 	Sound  started
6.1435 	EXP 	Set  sound=soundfiles/barsu_doakla_forp.wav
6.1436 	EXP 	Sound  started
6.1607 	EXP 	Set  sound=soundfiles/barsu_doakla_forp.wav
6.1608 	EXP 	Sound  started
6.1769 	EXP 	Set  sound=soundfiles/barsu_doakla_forp.wav
6.1769 	EXP 	Sound  started
6.1941 	EXP 	Set  sound=soundfiles/barsu_doakla_forp.wav
6.1942 	EXP 	Sound  started
6.2104 	EXP 	Set  sound=soundfiles/barsu_doakla_forp.wav
6.2104 	EXP 	Sound  started
6.2268 	EXP 	Set  sound=soundfiles/barsu_doakla_forp.wav
6.2268 	EXP 	Sound  started
6.2439 	EXP 	Set  sound=soundfiles/barsu_doakla_forp.wav
6.2439 	EXP 	Sound  started
6.2604 	EXP 	Set  sound=soundfiles/barsu_doakla_forp.wav
6.2604 	EXP 	Sound  started
6.2776 	EXP 	Set  sound=soundfiles/barsu_doakla_forp.wav
6.2776 	EXP 	Sound  started
6.2935 	EXP 	Set  sound=soundfiles/barsu_doakla_forp.wav
6.2935 	EXP 	Sound  started
6.3107 	EXP 	Set  sound=soundfiles/barsu_doakla_forp.wav
6.3107 	EXP 	Sound  started
6.3270 	EXP 	Set  sound=soundfiles/barsu_doakla_forp.wav
6.3270 	EXP 	Sound  started
6.3440 	EXP 	Set  sound=soundfiles/barsu_doakla_forp.wav
6.3441 	EXP 	Sound  started
6.3603 	EXP 	Set  sound=soundfiles/barsu_doakla_forp.wav
6.3604 	EXP 	Sound  started
6.3778 	EXP 	Set  sound=soundfiles/barsu_doakla_forp.wav
6.3778 	EXP 	Sound  started
6.3938 	EXP 	Set  sound=soundfiles/barsu_doakla_forp.wav
6.3938 	EXP 	Sound  started
6.4103 	EXP 	Set  sound=soundfiles/barsu_doakla_forp.wav
6.4103 	EXP 	Sound  started
6.4275 	EXP 	Set  sound=soundfiles/barsu_doakla_forp.wav
6.4275 	EXP 	Sound  started
6.4438 	EXP 	Set  sound=soundfiles/barsu_doakla_forp.wav
6.4438 	EXP 	Sound  started
6.4610 	EXP 	Set  sound=soundfiles/barsu_doakla_forp.wav
6.4610 	EXP 	Sound  started
6.4772 	EXP 	Set  sound=soundfiles/barsu_doakla_forp.wav
6.4773 	EXP 	Sound  started
6.4937 	EXP 	Set  sound=soundfiles/barsu_doakla_forp.wav
6.4937 	EXP 	Sound  started
6.5108 	EXP 	Set  sound=soundfiles/barsu_doakla_forp.wav
6.5108 	EXP 	Sound  started
6.5275 	EXP 	Set  sound=soundfiles/barsu_doakla_forp.wav
6.5276 	EXP 	Sound  started
6.5439 	EXP 	Set  sound=soundfiles/barsu_doakla_forp.wav
6.5439 	EXP 	Sound  started
6.5611 	EXP 	Set  sound=soundfiles/barsu_doakla_forp.wav
6.5611 	EXP 	Sound  started
6.5773 	EXP 	Set  sound=soundfiles/barsu_doakla_forp.wav
6.5773 	EXP 	Sound  started
6.5938 	EXP 	Set  sound=soundfiles/barsu_doakla_forp.wav
6.5938 	EXP 	Sound  started
6.6108 	EXP 	Set  sound=soundfiles/barsu_doakla_forp.wav
6.6108 	EXP 	Sound  started
6.6272 	EXP 	Set  sound=soundfiles/barsu_doakla_forp.wav
6.6272 	EXP 	Sound  started
6.6443 	EXP 	Set  sound=soundfiles/barsu_doakla_forp.wav
6.6443 	EXP 	Sound  started
6.6606 	EXP 	Set  sound=soundfiles/barsu_doakla_forp.wav
6.6606 	EXP 	Sound  started
6.6773 	EXP 	Set  sound=soundfiles/barsu_doakla_forp.wav
6.6774 	EXP 	Sound  started
6.6945 	EXP 	Set  sound=soundfiles/barsu_doakla_forp.wav
6.6946 	EXP 	Sound  started
6.7108 	EXP 	Set  sound=soundfiles/barsu_doakla_forp.wav
6.7108 	EXP 	Sound  started
6.7272 	EXP 	Set  sound=soundfiles/barsu_doakla_forp.wav
6.7272 	EXP 	Sound  started
6.7445 	EXP 	Set  sound=soundfiles/barsu_doakla_forp.wav
6.7445 	EXP 	Sound  started
6.7607 	EXP 	Set  sound=soundfiles/barsu_doakla_forp.wav
6.7607 	EXP 	Sound  started
6.7780 	EXP 	Set  sound=soundfiles/barsu_doakla_forp.wav
6.7781 	EXP 	Sound  started
6.7947 	EXP 	Set  sound=soundfiles/barsu_doakla_forp.wav
6.7947 	EXP 	Sound  started
6.8109 	EXP 	Set  sound=soundfiles/barsu_doakla_forp.wav
6.8109 	EXP 	Sound  started
6.8273 	EXP 	Set  sound=soundfiles/barsu_doakla_forp.wav
6.8274 	EXP 	Sound  started
6.8447 	EXP 	Set  sound=soundfiles/barsu_doakla_forp.wav
6.8447 	EXP 	Sound  started
6.8607 	EXP 	Set  sound=soundfiles/barsu_doakla_forp.wav
6.8608 	EXP 	Sound  started
6.8773 	EXP 	Set  sound=soundfiles/barsu_doakla_forp.wav
6.8774 	EXP 	Sound  started
6.8946 	EXP 	Set  sound=soundfiles/barsu_doakla_forp.wav
6.8946 	EXP 	Sound  started
6.9110 	EXP 	Set  sound=soundfiles/barsu_doakla_forp.wav
6.9110 	EXP 	Sound  started
6.9273 	EXP 	Set  sound=soundfiles/barsu_doakla_forp.wav
6.9273 	EXP 	Sound  started
6.9443 	EXP 	Set  sound=soundfiles/barsu_doakla_forp.wav
6.9443 	EXP 	Sound  started
6.9608 	EXP 	Set  sound=soundfiles/barsu_doakla_forp.wav
6.9608 	EXP 	Sound  started
6.9776 	EXP 	Set  sound=soundfiles/barsu_doakla_forp.wav
6.9776 	EXP 	Sound  started
6.9947 	EXP 	Set  sound=soundfiles/barsu_doakla_forp.wav
6.9948 	EXP 	Sound  started
7.0109 	EXP 	Set  sound=soundfiles/barsu_doakla_forp.wav
7.0109 	EXP 	Sound  started
7.0282 	EXP 	Set  sound=soundfiles/barsu_doakla_forp.wav
7.0282 	EXP 	Sound  started
7.0447 	EXP 	Set  sound=soundfiles/barsu_doakla_forp.wav
7.0447 	EXP 	Sound  started
7.0616 	EXP 	Set  sound=soundfiles/barsu_doakla_forp.wav
7.0616 	EXP 	Sound  started
7.0777 	EXP 	Set  sound=soundfiles/barsu_doakla_forp.wav
7.0777 	EXP 	Sound  started
7.0949 	EXP 	Set  sound=soundfiles/barsu_doakla_forp.wav
7.0949 	EXP 	Sound  started
7.1111 	EXP 	Set  sound=soundfiles/barsu_doakla_forp.wav
7.1111 	EXP 	Sound  started
7.1274 	EXP 	Set  sound=soundfiles/barsu_doakla_forp.wav
7.1274 	EXP 	Sound  started
7.1447 	EXP 	Set  sound=soundfiles/barsu_doakla_forp.wav
7.1447 	EXP 	Sound  started
7.1610 	EXP 	Set  sound=soundfiles/barsu_doakla_forp.wav
7.1610 	EXP 	Sound  started
7.1782 	EXP 	Set  sound=soundfiles/barsu_doakla_forp.wav
7.1783 	EXP 	Sound  started
7.1944 	EXP 	Set  sound=soundfiles/barsu_doakla_forp.wav
7.1944 	EXP 	Sound  started
7.2114 	EXP 	Set  sound=soundfiles/barsu_doakla_forp.wav
7.2114 	EXP 	Sound  started
7.2276 	EXP 	Set  sound=soundfiles/barsu_doakla_forp.wav
7.2277 	EXP 	Sound  started
7.2448 	EXP 	Set  sound=soundfiles/barsu_doakla_forp.wav
7.2448 	EXP 	Sound  started
7.2611 	EXP 	Set  sound=soundfiles/barsu_doakla_forp.wav
7.2611 	EXP 	Sound  started
7.2785 	EXP 	Set  sound=soundfiles/barsu_doakla_forp.wav
7.2785 	EXP 	Sound  started
7.2946 	EXP 	Set  sound=soundfiles/barsu_doakla_forp.wav
7.2947 	EXP 	Sound  started
7.3110 	EXP 	Set  sound=soundfiles/barsu_doakla_forp.wav
7.3110 	EXP 	Sound  started
7.3277 	EXP 	Set  sound=soundfiles/barsu_doakla_forp.wav
7.3277 	EXP 	Sound  started
7.3448 	EXP 	Set  sound=soundfiles/barsu_doakla_forp.wav
7.3448 	EXP 	Sound  started
7.3613 	EXP 	Set  sound=soundfiles/barsu_doakla_forp.wav
7.3613 	EXP 	Sound  started
7.3778 	EXP 	Set  sound=soundfiles/barsu_doakla_forp.wav
7.3778 	EXP 	Sound  started
7.3949 	EXP 	Set  sound=soundfiles/barsu_doakla_forp.wav
7.3949 	EXP 	Sound  started
7.4112 	EXP 	Set  sound=soundfiles/barsu_doakla_forp.wav
7.4112 	EXP 	Sound  started
7.4285 	EXP 	Set  sound=soundfiles/barsu_doakla_forp.wav
7.4285 	EXP 	Sound  started
7.4450 	EXP 	Set  sound=soundfiles/barsu_doakla_forp.wav
7.4450 	EXP 	Sound  started
7.4612 	EXP 	Set  sound=soundfiles/barsu_doakla_forp.wav
7.4613 	EXP 	Sound  started
7.4784 	EXP 	Set  sound=soundfiles/barsu_doakla_forp.wav
7.4785 	EXP 	Sound  started
7.4946 	EXP 	Set  sound=soundfiles/barsu_doakla_forp.wav
7.4946 	EXP 	Sound  started
7.5119 	EXP 	Set  sound=soundfiles/barsu_doakla_forp.wav
7.5119 	EXP 	Sound  started
7.5280 	EXP 	Set  sound=soundfiles/barsu_doakla_forp.wav
7.5280 	EXP 	Sound  started
7.5450 	EXP 	Set  sound=soundfiles/barsu_doakla_forp.wav
7.5451 	EXP 	Sound  started
7.5614 	EXP 	Set  sound=soundfiles/barsu_doakla_forp.wav
7.5614 	EXP 	Sound  started
7.5786 	EXP 	Set  sound=soundfiles/barsu_doakla_forp.wav
7.5787 	EXP 	Sound  started
7.5948 	EXP 	Set  sound=soundfiles/barsu_doakla_forp.wav
7.5948 	EXP 	Sound  started
7.6112 	EXP 	Set  sound=soundfiles/barsu_doakla_forp.wav
7.6113 	EXP 	Sound  started
7.6284 	EXP 	Set  sound=soundfiles/barsu_doakla_forp.wav
7.6285 	EXP 	Sound  started
7.6447 	EXP 	Set  sound=soundfiles/barsu_doakla_forp.wav
7.6447 	EXP 	Sound  started
7.6620 	EXP 	Set  sound=soundfiles/barsu_doakla_forp.wav
7.6620 	EXP 	Sound  started
7.6782 	EXP 	Set  sound=soundfiles/barsu_doakla_forp.wav
7.6782 	EXP 	Sound  started
7.6955 	EXP 	Set  sound=soundfiles/barsu_doakla_forp.wav
7.6956 	EXP 	Sound  started
7.7120 	EXP 	Set  sound=soundfiles/barsu_doakla_forp.wav
7.7120 	EXP 	Sound  started
7.7282 	EXP 	Set  sound=soundfiles/barsu_doakla_forp.wav
7.7282 	EXP 	Sound  started
7.7454 	EXP 	Set  sound=soundfiles/barsu_doakla_forp.wav
7.7455 	EXP 	Sound  started
7.7616 	EXP 	Set  sound=soundfiles/barsu_doakla_forp.wav
7.7617 	EXP 	Sound  started
7.7785 	EXP 	Set  sound=soundfiles/barsu_doakla_forp.wav
7.7785 	EXP 	Sound  started
7.7948 	EXP 	Set  sound=soundfiles/barsu_doakla_forp.wav
7.7948 	EXP 	Sound  started
7.8120 	EXP 	Set  sound=soundfiles/barsu_doakla_forp.wav
7.8120 	EXP 	Sound  started
7.8282 	EXP 	Set  sound=soundfiles/barsu_doakla_forp.wav
7.8282 	EXP 	Sound  started
7.8455 	EXP 	Set  sound=soundfiles/barsu_doakla_forp.wav
7.8455 	EXP 	Sound  started
7.8616 	EXP 	Set  sound=soundfiles/barsu_doakla_forp.wav
7.8616 	EXP 	Sound  started
7.8787 	EXP 	Set  sound=soundfiles/barsu_doakla_forp.wav
7.8787 	EXP 	Sound  started
7.8949 	EXP 	Set  sound=soundfiles/barsu_doakla_forp.wav
7.8949 	EXP 	Sound  started
7.9119 	EXP 	Set  sound=soundfiles/barsu_doakla_forp.wav
7.9120 	EXP 	Sound  started
7.9282 	EXP 	Set  sound=soundfiles/barsu_doakla_forp.wav
7.9282 	EXP 	Sound  started
7.9454 	EXP 	Set  sound=soundfiles/barsu_doakla_forp.wav
7.9455 	EXP 	Sound  started
7.9616 	EXP 	Set  sound=soundfiles/barsu_doakla_forp.wav
7.9617 	EXP 	Sound  started
7.9789 	EXP 	Set  sound=soundfiles/barsu_doakla_forp.wav
7.9789 	EXP 	Sound  started
7.9951 	EXP 	Set  sound=soundfiles/barsu_doakla_forp.wav
7.9951 	EXP 	Sound  started
8.0123 	EXP 	Set  sound=soundfiles/barsu_doakla_forp.wav
8.0123 	EXP 	Sound  started
8.0284 	EXP 	Set  sound=soundfiles/barsu_doakla_forp.wav
8.0284 	EXP 	Sound  started
8.0457 	EXP 	Set  sound=soundfiles/barsu_doakla_forp.wav
8.0457 	EXP 	Sound  started
8.0615 	EXP 	Set  sound=soundfiles/barsu_doakla_forp.wav
8.0615 	EXP 	Sound  started
8.0788 	EXP 	Set  sound=soundfiles/barsu_doakla_forp.wav
8.0788 	EXP 	Sound  started
8.0950 	EXP 	Set  sound=soundfiles/barsu_doakla_forp.wav
8.0950 	EXP 	Sound  started
8.1122 	EXP 	Set  sound=soundfiles/barsu_doakla_forp.wav
8.1122 	EXP 	Sound  started
8.1284 	EXP 	Set  sound=soundfiles/barsu_doakla_forp.wav
8.1284 	EXP 	Sound  started
8.1457 	EXP 	Set  sound=soundfiles/barsu_doakla_forp.wav
8.1457 	EXP 	Sound  started
8.1616 	EXP 	Set  sound=soundfiles/barsu_doakla_forp.wav
8.1616 	EXP 	Sound  started
8.1789 	EXP 	Set  sound=soundfiles/barsu_doakla_forp.wav
8.1790 	EXP 	Sound  started
8.1951 	EXP 	Set  sound=soundfiles/barsu_doakla_forp.wav
8.1951 	EXP 	Sound  started
8.2122 	EXP 	Set  sound=soundfiles/barsu_doakla_forp.wav
8.2123 	EXP 	Sound  started
8.2284 	EXP 	Set  sound=soundfiles/barsu_doakla_forp.wav
8.2284 	EXP 	Sound  started
8.2450 	EXP 	Set  sound=soundfiles/barsu_doakla_forp.wav
8.2450 	EXP 	Sound  started
8.2622 	EXP 	Set  sound=soundfiles/barsu_doakla_forp.wav
8.2622 	EXP 	Sound  started
8.2785 	EXP 	Set  sound=soundfiles/barsu_doakla_forp.wav
8.2785 	EXP 	Sound  started
8.2957 	EXP 	Set  sound=soundfiles/barsu_doakla_forp.wav
8.2957 	EXP 	Sound  started
8.3121 	EXP 	Set  sound=soundfiles/barsu_doakla_forp.wav
8.3121 	EXP 	Sound  started
8.3285 	EXP 	Set  sound=soundfiles/barsu_doakla_forp.wav
8.3285 	EXP 	Sound  started
8.3457 	EXP 	Set  sound=soundfiles/barsu_doakla_forp.wav
8.3457 	EXP 	Sound  started
8.3621 	EXP 	Set  sound=soundfiles/barsu_doakla_forp.wav
8.3621 	EXP 	Sound  started
8.3786 	EXP 	Set  sound=soundfiles/barsu_doakla_forp.wav
8.3786 	EXP 	Sound  started
8.3954 	EXP 	Set  sound=soundfiles/barsu_doakla_forp.wav
8.3955 	EXP 	Sound  started
8.4120 	EXP 	Set  sound=soundfiles/barsu_doakla_forp.wav
8.4120 	EXP 	Sound  started
8.4291 	EXP 	Set  sound=soundfiles/barsu_doakla_forp.wav
8.4291 	EXP 	Sound  started
8.4453 	EXP 	Set  sound=soundfiles/barsu_doakla_forp.wav
8.4453 	EXP 	Sound  started
8.4625 	EXP 	Set  sound=soundfiles/barsu_doakla_forp.wav
8.4625 	EXP 	Sound  started
8.4787 	EXP 	Set  sound=soundfiles/barsu_doakla_forp.wav
8.4787 	EXP 	Sound  started
8.4959 	EXP 	Set  sound=soundfiles/barsu_doakla_forp.wav
8.4959 	EXP 	Sound  started
8.5120 	EXP 	Set  sound=soundfiles/barsu_doakla_forp.wav
8.5120 	EXP 	Sound  started
8.5291 	EXP 	Set  sound=soundfiles/barsu_doakla_forp.wav
8.5291 	EXP 	Sound  started
8.5455 	EXP 	Set  sound=soundfiles/barsu_doakla_forp.wav
8.5455 	EXP 	Sound  started
8.5627 	EXP 	Set  sound=soundfiles/barsu_doakla_forp.wav
8.5628 	EXP 	Sound  started
8.5790 	EXP 	Set  sound=soundfiles/barsu_doakla_forp.wav
8.5790 	EXP 	Sound  started
8.5953 	EXP 	Set  sound=soundfiles/barsu_doakla_forp.wav
8.5954 	EXP 	Sound  started
8.6125 	EXP 	Set  sound=soundfiles/barsu_doakla_forp.wav
8.6125 	EXP 	Sound  started
8.6290 	EXP 	Set  sound=soundfiles/barsu_doakla_forp.wav
8.6290 	EXP 	Sound  started
8.6455 	EXP 	Set  sound=soundfiles/barsu_doakla_forp.wav
8.6455 	EXP 	Sound  started
8.6625 	EXP 	Set  sound=soundfiles/barsu_doakla_forp.wav
8.6625 	EXP 	Sound  started
8.6788 	EXP 	Set  sound=soundfiles/barsu_doakla_forp.wav
8.6789 	EXP 	Sound  started
8.6961 	EXP 	Set  sound=soundfiles/barsu_doakla_forp.wav
8.6961 	EXP 	Sound  started
8.7123 	EXP 	Set  sound=soundfiles/barsu_doakla_forp.wav
8.7124 	EXP 	Sound  started
8.7293 	EXP 	Set  sound=soundfiles/barsu_doakla_forp.wav
8.7293 	EXP 	Sound  started
8.7455 	EXP 	Set  sound=soundfiles/barsu_doakla_forp.wav
8.7456 	EXP 	Sound  started
8.7627 	EXP 	Set  sound=soundfiles/barsu_doakla_forp.wav
8.7627 	EXP 	Sound  started
8.7796 	EXP 	Set  sound=soundfiles/barsu_doakla_forp.wav
8.7796 	EXP 	Sound  started
8.7958 	EXP 	Set  sound=soundfiles/barsu_doakla_forp.wav
8.7958 	EXP 	Sound  started
8.8130 	EXP 	Set  sound=soundfiles/barsu_doakla_forp.wav
8.8130 	EXP 	Sound  started
8.8295 	EXP 	Set  sound=soundfiles/barsu_doakla_forp.wav
8.8295 	EXP 	Sound  started
8.8458 	EXP 	Set  sound=soundfiles/barsu_doakla_forp.wav
8.8458 	EXP 	Sound  started
8.8629 	EXP 	Set  sound=soundfiles/barsu_doakla_forp.wav
8.8629 	EXP 	Sound  started
8.8791 	EXP 	Set  sound=soundfiles/barsu_doakla_forp.wav
8.8791 	EXP 	Sound  started
8.8964 	EXP 	Set  sound=soundfiles/barsu_doakla_forp.wav
8.8964 	EXP 	Sound  started
8.9126 	EXP 	Set  sound=soundfiles/barsu_doakla_forp.wav
8.9126 	EXP 	Sound  started
8.9295 	EXP 	Set  sound=soundfiles/barsu_doakla_forp.wav
8.9295 	EXP 	Sound  started
8.9456 	EXP 	Set  sound=soundfiles/barsu_doakla_forp.wav
8.9457 	EXP 	Sound  started
8.9628 	EXP 	Set  sound=soundfiles/barsu_doakla_forp.wav
8.9628 	EXP 	Sound  started
8.9791 	EXP 	Set  sound=soundfiles/barsu_doakla_forp.wav
8.9791 	EXP 	Sound  started
8.9963 	EXP 	Set  sound=soundfiles/barsu_doakla_forp.wav
8.9963 	EXP 	Sound  started
9.0128 	DATA 	Mouse: Left button down, pos=(877,992)
9.3585 	DATA 	Mouse: Left button up, pos=(877,992)
10.4343 	EXP 	Set  sound=C
10.4438 	EXP 	Set  sound=button.wav
10.4442 	EXP 	Set  sound=bad.wav
10.4443 	EXP 	Set  sound=soundfiles/barsu_doakla_forp.wav
10.4443 	EXP 	Sound  started
10.4457 	EXP 	New trial (rep=0, index=1): {'receivertwo': u'chef', 'soundverb': u'moship', 'verbtwo': u'knockover', 'actor': u'bandit', 'verb': u'knockover', 'receiver': u'hunter', 'soundreceiver': u'doakla', 'correct': 2, 'soundactor': u'barsu', 'actortwo': u'bandit'}
10.4518 	EXP 	Set  sound=soundfiles/barsu_doakla_moship.wav
10.4518 	EXP 	Sound  started
10.9812 	EXP 	MovieStim: autoDraw = None
10.9812 	EXP 	MovieStim: autoDraw = None
10.9812 	EXP 	MovieStim: autoLog = None
10.9812 	EXP 	MovieStim: units = None
10.9812 	EXP 	Set movie movie=videos/bandit_hunter_knockover.avi
10.9812 	EXP 	MovieStim: pos = None
10.9812 	EXP 	MovieStim: depth = None
10.9812 	EXP 	MovieStim: colorSpace = None
10.9812 	EXP 	MovieStim: opacity = None
10.9812 	EXP 	MovieStim: size = None
10.9812 	EXP 	MovieStim: ori = None
10.9812 	EXP 	MovieStim: autoLog = None
10.9812 	EXP 	MovieStim: units = None
10.9812 	EXP 	Set movie movie=videos/bandit_chef_knockover.avi
10.9812 	EXP 	MovieStim: pos = None
10.9812 	EXP 	MovieStim: depth = None
10.9812 	EXP 	MovieStim: colorSpace = None
10.9812 	EXP 	MovieStim: opacity = None
10.9812 	EXP 	MovieStim: size = None
10.9812 	EXP 	MovieStim: ori = None
10.9812 	EXP 	MovieStim: autoDraw = None
10.9812 	EXP 	MovieStim: autoDraw = None
10.9815 	EXP 	Set  sound=soundfiles/barsu_doakla_moship.wav
10.9815 	EXP 	Sound  started
10.9975 	EXP 	Set  sound=soundfiles/barsu_doakla_moship.wav
10.9975 	EXP 	Sound  started
11.0147 	EXP 	Set  sound=soundfiles/barsu_doakla_moship.wav
11.0147 	EXP 	Sound  started
11.0308 	EXP 	Set  sound=soundfiles/barsu_doakla_moship.wav
11.0308 	EXP 	Sound  started
11.0473 	EXP 	Set  sound=soundfiles/barsu_doakla_moship.wav
11.0473 	EXP 	Sound  started
11.0641 	EXP 	Set  sound=soundfiles/barsu_doakla_moship.wav
11.0641 	EXP 	Sound  started
11.0809 	EXP 	Set  sound=soundfiles/barsu_doakla_moship.wav
11.0810 	EXP 	Sound  started
11.0975 	EXP 	Set  sound=soundfiles/barsu_doakla_moship.wav
11.0975 	EXP 	Sound  started
11.1140 	EXP 	Set  sound=soundfiles/barsu_doakla_moship.wav
11.1140 	EXP 	Sound  started
11.1310 	EXP 	Set  sound=soundfiles/barsu_doakla_moship.wav
11.1311 	EXP 	Sound  started
11.1482 	EXP 	Set  sound=soundfiles/barsu_doakla_moship.wav
11.1482 	EXP 	Sound  started
11.1645 	EXP 	Set  sound=soundfiles/barsu_doakla_moship.wav
11.1645 	EXP 	Sound  started
11.1814 	EXP 	Set  sound=soundfiles/barsu_doakla_moship.wav
11.1814 	EXP 	Sound  started
11.1976 	EXP 	Set  sound=soundfiles/barsu_doakla_moship.wav
11.1976 	EXP 	Sound  started
11.2140 	EXP 	Set  sound=soundfiles/barsu_doakla_moship.wav
11.2141 	EXP 	Sound  started
11.2311 	EXP 	Set  sound=soundfiles/barsu_doakla_moship.wav
11.2312 	EXP 	Sound  started
11.2474 	EXP 	Set  sound=soundfiles/barsu_doakla_moship.wav
11.2474 	EXP 	Sound  started
11.2645 	EXP 	Set  sound=soundfiles/barsu_doakla_moship.wav
11.2645 	EXP 	Sound  started
11.2798 	EXP 	Set  sound=soundfiles/barsu_doakla_moship.wav
11.2798 	EXP 	Sound  started
11.2979 	EXP 	Set  sound=soundfiles/barsu_doakla_moship.wav
11.2979 	EXP 	Sound  started
11.3142 	EXP 	Set  sound=soundfiles/barsu_doakla_moship.wav
11.3142 	EXP 	Sound  started
11.3313 	EXP 	Set  sound=soundfiles/barsu_doakla_moship.wav
11.3313 	EXP 	Sound  started
11.3485 	EXP 	Set  sound=soundfiles/barsu_doakla_moship.wav
11.3485 	EXP 	Sound  started
11.3646 	EXP 	Set  sound=soundfiles/barsu_doakla_moship.wav
11.3646 	EXP 	Sound  started
11.3981 	EXP 	Set  sound=soundfiles/barsu_doakla_moship.wav
11.3981 	EXP 	Sound  started
11.4144 	EXP 	Set  sound=soundfiles/barsu_doakla_moship.wav
11.4144 	EXP 	Sound  started
11.4313 	EXP 	Set  sound=soundfiles/barsu_doakla_moship.wav
11.4313 	EXP 	Sound  started
11.4477 	EXP 	Set  sound=soundfiles/barsu_doakla_moship.wav
11.4477 	EXP 	Sound  started
11.4649 	EXP 	Set  sound=soundfiles/barsu_doakla_moship.wav
11.4649 	EXP 	Sound  started
11.4980 	EXP 	Set  sound=soundfiles/barsu_doakla_moship.wav
11.4980 	EXP 	Sound  started
11.5144 	EXP 	Set  sound=soundfiles/barsu_doakla_moship.wav
11.5144 	EXP 	Sound  started
11.5315 	EXP 	Set  sound=soundfiles/barsu_doakla_moship.wav
11.5316 	EXP 	Sound  started
11.5477 	EXP 	Set  sound=soundfiles/barsu_doakla_moship.wav
11.5478 	EXP 	Sound  started
11.5648 	EXP 	Set  sound=soundfiles/barsu_doakla_moship.wav
11.5648 	EXP 	Sound  started
11.5981 	EXP 	Set  sound=soundfiles/barsu_doakla_moship.wav
11.5981 	EXP 	Sound  started
11.6144 	EXP 	Set  sound=soundfiles/barsu_doakla_moship.wav
11.6144 	EXP 	Sound  started
11.6316 	EXP 	Set  sound=soundfiles/barsu_doakla_moship.wav
11.6317 	EXP 	Sound  started
11.6479 	EXP 	Set  sound=soundfiles/barsu_doakla_moship.wav
11.6479 	EXP 	Sound  started
11.6652 	EXP 	Set  sound=soundfiles/barsu_doakla_moship.wav
11.6652 	EXP 	Sound  started
11.6983 	EXP 	Set  sound=soundfiles/barsu_doakla_moship.wav
11.6983 	EXP 	Sound  started
11.7145 	EXP 	Set  sound=soundfiles/barsu_doakla_moship.wav
11.7146 	EXP 	Sound  started
11.7318 	EXP 	Set  sound=soundfiles/barsu_doakla_moship.wav
11.7318 	EXP 	Sound  started
11.7479 	EXP 	Set  sound=soundfiles/barsu_doakla_moship.wav
11.7479 	EXP 	Sound  started
11.7651 	EXP 	Set  sound=soundfiles/barsu_doakla_moship.wav
11.7652 	EXP 	Sound  started
11.7984 	EXP 	Set  sound=soundfiles/barsu_doakla_moship.wav
11.7984 	EXP 	Sound  started
11.8147 	EXP 	Set  sound=soundfiles/barsu_doakla_moship.wav
11.8147 	EXP 	Sound  started
11.8318 	EXP 	Set  sound=soundfiles/barsu_doakla_moship.wav
11.8318 	EXP 	Sound  started
11.8480 	EXP 	Set  sound=soundfiles/barsu_doakla_moship.wav
11.8480 	EXP 	Sound  started
11.8647 	EXP 	Set  sound=soundfiles/barsu_doakla_moship.wav
11.8647 	EXP 	Sound  started
11.8987 	EXP 	Set  sound=soundfiles/barsu_doakla_moship.wav
11.8987 	EXP 	Sound  started
11.9148 	EXP 	Set  sound=soundfiles/barsu_doakla_moship.wav
11.9148 	EXP 	Sound  started
11.9320 	EXP 	Set  sound=soundfiles/barsu_doakla_moship.wav
11.9320 	EXP 	Sound  started
11.9481 	EXP 	Set  sound=soundfiles/barsu_doakla_moship.wav
11.9481 	EXP 	Sound  started
11.9651 	EXP 	Set  sound=soundfiles/barsu_doakla_moship.wav
11.9651 	EXP 	Sound  started
11.9985 	EXP 	Set  sound=soundfiles/barsu_doakla_moship.wav
11.9985 	EXP 	Sound  started
12.0148 	EXP 	Set  sound=soundfiles/barsu_doakla_moship.wav
12.0148 	EXP 	Sound  started
12.0321 	EXP 	Set  sound=soundfiles/barsu_doakla_moship.wav
12.0321 	EXP 	Sound  started
12.0483 	EXP 	Set  sound=soundfiles/barsu_doakla_moship.wav
12.0483 	EXP 	Sound  started
12.0652 	EXP 	Set  sound=soundfiles/barsu_doakla_moship.wav
12.0652 	EXP 	Sound  started
12.0989 	EXP 	Set  sound=soundfiles/barsu_doakla_moship.wav
12.0989 	EXP 	Sound  started
12.1149 	EXP 	Set  sound=soundfiles/barsu_doakla_moship.wav
12.1149 	EXP 	Sound  started
12.1323 	EXP 	Set  sound=soundfiles/barsu_doakla_moship.wav
12.1323 	EXP 	Sound  started
12.1483 	EXP 	Set  sound=soundfiles/barsu_doakla_moship.wav
12.1483 	EXP 	Sound  started
12.1657 	EXP 	Set  sound=soundfiles/barsu_doakla_moship.wav
12.1657 	EXP 	Sound  started
12.1991 	EXP 	Set  sound=soundfiles/barsu_doakla_moship.wav
12.1991 	EXP 	Sound  started
12.2151 	EXP 	Set  sound=soundfiles/barsu_doakla_moship.wav
12.2151 	EXP 	Sound  started
12.2325 	EXP 	Set  sound=soundfiles/barsu_doakla_moship.wav
12.2325 	EXP 	Sound  started
12.2484 	EXP 	Set  sound=soundfiles/barsu_doakla_moship.wav
12.2484 	EXP 	Sound  started
12.2657 	EXP 	Set  sound=soundfiles/barsu_doakla_moship.wav
12.2658 	EXP 	Sound  started
12.2991 	EXP 	Set  sound=soundfiles/barsu_doakla_moship.wav
12.2991 	EXP 	Sound  started
12.3151 	EXP 	Set  sound=soundfiles/barsu_doakla_moship.wav
12.3151 	EXP 	Sound  started
12.3324 	EXP 	Set  sound=soundfiles/barsu_doakla_moship.wav
12.3324 	EXP 	Sound  started
12.3485 	EXP 	Set  sound=soundfiles/barsu_doakla_moship.wav
12.3486 	EXP 	Sound  started
12.3658 	EXP 	Set  sound=soundfiles/barsu_doakla_moship.wav
12.3658 	EXP 	Sound  started
12.3798 	EXP 	Set  sound=soundfiles/barsu_doakla_moship.wav
12.3798 	EXP 	Sound  started
12.3984 	EXP 	Set  sound=soundfiles/barsu_doakla_moship.wav
12.3985 	EXP 	Sound  started
12.4153 	EXP 	Set  sound=soundfiles/barsu_doakla_moship.wav
12.4153 	EXP 	Sound  started
12.4317 	EXP 	Set  sound=soundfiles/barsu_doakla_moship.wav
12.4318 	EXP 	Sound  started
12.4486 	EXP 	Set  sound=soundfiles/barsu_doakla_moship.wav
12.4486 	EXP 	Sound  started
12.4651 	EXP 	Set  sound=soundfiles/barsu_doakla_moship.wav
12.4651 	EXP 	Sound  started
12.4819 	EXP 	Set  sound=soundfiles/barsu_doakla_moship.wav
12.4819 	EXP 	Sound  started
12.4993 	EXP 	Set  sound=soundfiles/barsu_doakla_moship.wav
12.4993 	EXP 	Sound  started
12.5154 	EXP 	Set  sound=soundfiles/barsu_doakla_moship.wav
12.5155 	EXP 	Sound  started
12.5319 	EXP 	Set  sound=soundfiles/barsu_doakla_moship.wav
12.5319 	EXP 	Sound  started
12.5487 	EXP 	Set  sound=soundfiles/barsu_doakla_moship.wav
12.5487 	EXP 	Sound  started
12.5652 	EXP 	Set  sound=soundfiles/barsu_doakla_moship.wav
12.5652 	EXP 	Sound  started
12.5818 	EXP 	Set  sound=soundfiles/barsu_doakla_moship.wav
12.5818 	EXP 	Sound  started
12.5990 	EXP 	Set  sound=soundfiles/barsu_doakla_moship.wav
12.5991 	EXP 	Sound  started
12.6155 	EXP 	Set  sound=soundfiles/barsu_doakla_moship.wav
12.6155 	EXP 	Sound  started
12.6320 	EXP 	Set  sound=soundfiles/barsu_doakla_moship.wav
12.6320 	EXP 	Sound  started
12.6489 	EXP 	Set  sound=soundfiles/barsu_doakla_moship.wav
12.6489 	EXP 	Sound  started
12.6662 	EXP 	Set  sound=soundfiles/barsu_doakla_moship.wav
12.6662 	EXP 	Sound  started
12.6821 	EXP 	Set  sound=soundfiles/barsu_doakla_moship.wav
12.6821 	EXP 	Sound  started
12.6993 	EXP 	Set  sound=soundfiles/barsu_doakla_moship.wav
12.6993 	EXP 	Sound  started
12.7155 	EXP 	Set  sound=soundfiles/barsu_doakla_moship.wav
12.7155 	EXP 	Sound  started
12.7321 	EXP 	Set  sound=soundfiles/barsu_doakla_moship.wav
12.7321 	EXP 	Sound  started
12.7490 	EXP 	Set  sound=soundfiles/barsu_doakla_moship.wav
12.7490 	EXP 	Sound  started
12.7637 	EXP 	Set  sound=soundfiles/barsu_doakla_moship.wav
12.7637 	EXP 	Sound  started
12.7972 	EXP 	Set  sound=soundfiles/barsu_doakla_moship.wav
12.7972 	EXP 	Sound  started
12.8143 	EXP 	Set  sound=soundfiles/barsu_doakla_moship.wav
12.8143 	EXP 	Sound  started
12.8305 	EXP 	Set  sound=soundfiles/barsu_doakla_moship.wav
12.8305 	EXP 	Sound  started
12.8475 	EXP 	Set  sound=soundfiles/barsu_doakla_moship.wav
12.8476 	EXP 	Sound  started
12.8644 	EXP 	Set  sound=soundfiles/barsu_doakla_moship.wav
12.8644 	EXP 	Sound  started
12.8811 	EXP 	Set  sound=soundfiles/barsu_doakla_moship.wav
12.8811 	EXP 	Sound  started
12.8972 	EXP 	Set  sound=soundfiles/barsu_doakla_moship.wav
12.8972 	EXP 	Sound  started
12.9141 	EXP 	Set  sound=soundfiles/barsu_doakla_moship.wav
12.9141 	EXP 	Sound  started
12.9305 	EXP 	Set  sound=soundfiles/barsu_doakla_moship.wav
12.9305 	EXP 	Sound  started
12.9478 	EXP 	Set  sound=soundfiles/barsu_doakla_moship.wav
12.9478 	EXP 	Sound  started
12.9640 	EXP 	Set  sound=soundfiles/barsu_doakla_moship.wav
12.9640 	EXP 	Sound  started
12.9813 	EXP 	Set  sound=soundfiles/barsu_doakla_moship.wav
12.9813 	EXP 	Sound  started
12.9973 	EXP 	Set  sound=soundfiles/barsu_doakla_moship.wav
12.9973 	EXP 	Sound  started
13.0141 	EXP 	Set  sound=soundfiles/barsu_doakla_moship.wav
13.0141 	EXP 	Sound  started
13.0307 	EXP 	Set  sound=soundfiles/barsu_doakla_moship.wav
13.0308 	EXP 	Sound  started
13.0478 	EXP 	Set  sound=soundfiles/barsu_doakla_moship.wav
13.0479 	EXP 	Sound  started
13.0640 	EXP 	Set  sound=soundfiles/barsu_doakla_moship.wav
13.0640 	EXP 	Sound  started
13.0813 	EXP 	Set  sound=soundfiles/barsu_doakla_moship.wav
13.0813 	EXP 	Sound  started
13.0975 	EXP 	Set  sound=soundfiles/barsu_doakla_moship.wav
13.0975 	EXP 	Sound  started
13.1146 	EXP 	Set  sound=soundfiles/barsu_doakla_moship.wav
13.1146 	EXP 	Sound  started
13.1308 	EXP 	Set  sound=soundfiles/barsu_doakla_moship.wav
13.1308 	EXP 	Sound  started
13.1481 	EXP 	Set  sound=soundfiles/barsu_doakla_moship.wav
13.1481 	EXP 	Sound  started
13.1649 	EXP 	Set  sound=soundfiles/barsu_doakla_moship.wav
13.1649 	EXP 	Sound  started
13.1811 	EXP 	Set  sound=soundfiles/barsu_doakla_moship.wav
13.1812 	EXP 	Sound  started
13.1975 	EXP 	Set  sound=soundfiles/barsu_doakla_moship.wav
13.1976 	EXP 	Sound  started
13.2143 	EXP 	Set  sound=soundfiles/barsu_doakla_moship.wav
13.2144 	EXP 	Sound  started
13.2309 	EXP 	Set  sound=soundfiles/barsu_doakla_moship.wav
13.2310 	EXP 	Sound  started
13.2481 	EXP 	Set  sound=soundfiles/barsu_doakla_moship.wav
13.2482 	EXP 	Sound  started
13.2643 	EXP 	Set  sound=soundfiles/barsu_doakla_moship.wav
13.2643 	EXP 	Sound  started
13.2814 	EXP 	Set  sound=soundfiles/barsu_doakla_moship.wav
13.2814 	EXP 	Sound  started
13.2978 	EXP 	Set  sound=soundfiles/barsu_doakla_moship.wav
13.2978 	EXP 	Sound  started
13.3149 	EXP 	Set  sound=soundfiles/barsu_doakla_moship.wav
13.3149 	EXP 	Sound  started
13.3311 	EXP 	Set  sound=soundfiles/barsu_doakla_moship.wav
13.3311 	EXP 	Sound  started
13.3483 	EXP 	Set  sound=soundfiles/barsu_doakla_moship.wav
13.3483 	EXP 	Sound  started
13.3652 	EXP 	Set  sound=soundfiles/barsu_doakla_moship.wav
13.3652 	EXP 	Sound  started
13.3813 	EXP 	Set  sound=soundfiles/barsu_doakla_moship.wav
13.3813 	EXP 	Sound  started
13.3978 	EXP 	Set  sound=soundfiles/barsu_doakla_moship.wav
13.3978 	EXP 	Sound  started
13.4151 	EXP 	Set  sound=soundfiles/barsu_doakla_moship.wav
13.4151 	EXP 	Sound  started
13.4312 	EXP 	Set  sound=soundfiles/barsu_doakla_moship.wav
13.4312 	EXP 	Sound  started
13.4480 	EXP 	Set  sound=soundfiles/barsu_doakla_moship.wav
13.4480 	EXP 	Sound  started
13.4646 	EXP 	Set  sound=soundfiles/barsu_doakla_moship.wav
13.4646 	EXP 	Sound  started
13.4817 	EXP 	Set  sound=soundfiles/barsu_doakla_moship.wav
13.4817 	EXP 	Sound  started
13.4980 	EXP 	Set  sound=soundfiles/barsu_doakla_moship.wav
13.4980 	EXP 	Sound  started
13.5148 	EXP 	Set  sound=soundfiles/barsu_doakla_moship.wav
13.5148 	EXP 	Sound  started
13.5313 	EXP 	Set  sound=soundfiles/barsu_doakla_moship.wav
13.5313 	EXP 	Sound  started
13.5486 	EXP 	Set  sound=soundfiles/barsu_doakla_moship.wav
13.5486 	EXP 	Sound  started
13.5648 	EXP 	Set  sound=soundfiles/barsu_doakla_moship.wav
13.5648 	EXP 	Sound  started
13.5818 	EXP 	Set  sound=soundfiles/barsu_doakla_moship.wav
13.5818 	EXP 	Sound  started
13.5980 	EXP 	Set  sound=soundfiles/barsu_doakla_moship.wav
13.5980 	EXP 	Sound  started
13.6149 	EXP 	Set  sound=soundfiles/barsu_doakla_moship.wav
13.6149 	EXP 	Sound  started
13.6315 	EXP 	Set  sound=soundfiles/barsu_doakla_moship.wav
13.6315 	EXP 	Sound  started
13.6485 	EXP 	Set  sound=soundfiles/barsu_doakla_moship.wav
13.6485 	EXP 	Sound  started
13.6648 	EXP 	Set  sound=soundfiles/barsu_doakla_moship.wav
13.6649 	EXP 	Sound  started
13.6821 	EXP 	Set  sound=soundfiles/barsu_doakla_moship.wav
13.6822 	EXP 	Sound  started
13.6982 	EXP 	Set  sound=soundfiles/barsu_doakla_moship.wav
13.6982 	EXP 	Sound  started
13.7154 	EXP 	Set  sound=soundfiles/barsu_doakla_moship.wav
13.7154 	EXP 	Sound  started
13.7316 	EXP 	Set  sound=soundfiles/barsu_doakla_moship.wav
13.7316 	EXP 	Sound  started
13.7485 	EXP 	Set  sound=soundfiles/barsu_doakla_moship.wav
13.7485 	EXP 	Sound  started
13.7651 	EXP 	Set  sound=soundfiles/barsu_doakla_moship.wav
13.7651 	EXP 	Sound  started
13.7821 	EXP 	Set  sound=soundfiles/barsu_doakla_moship.wav
13.7821 	EXP 	Sound  started
13.7990 	EXP 	Set  sound=soundfiles/barsu_doakla_moship.wav
13.7990 	EXP 	Sound  started
13.8156 	EXP 	Set  sound=soundfiles/barsu_doakla_moship.wav
13.8156 	EXP 	Sound  started
13.8318 	DATA 	Mouse: Left button down, pos=(877,992)
13.8327 	EXP 	Set  sound=bad.wav
13.8328 	EXP 	Set  sound=soundfiles/barsu_doakla_moship.wav
13.8328 	EXP 	Sound  started
13.8338 	EXP 	New trial (rep=0, index=2): {'receivertwo': u'ref', 'soundverb': u'doakla', 'verbtwo': u'headbutt', 'actor': u'bandit', 'verb': u'rock', 'receiver': u'ref', 'soundreceiver': u'barsu', 'correct': 2, 'soundactor': u'kyse', 'actortwo': u'bandit'}
13.8403 	EXP 	Set  sound=soundfiles/kyse_barsu_doakla.wav
13.8403 	EXP 	Sound  started
14.2365 	DATA 	Mouse: Left button up, pos=(877,992)
14.3666 	EXP 	MovieStim: autoDraw = None
14.3666 	EXP 	MovieStim: autoDraw = None
14.3666 	EXP 	MovieStim: autoLog = None
14.3666 	EXP 	MovieStim: units = None
14.3666 	EXP 	Set movie movie=videos/bandit_ref_rock.avi
14.3666 	EXP 	MovieStim: pos = None
14.3666 	EXP 	MovieStim: depth = None
14.3666 	EXP 	MovieStim: colorSpace = None
14.3666 	EXP 	MovieStim: opacity = None
14.3666 	EXP 	MovieStim: size = None
14.3666 	EXP 	MovieStim: ori = None
14.3666 	EXP 	MovieStim: autoLog = None
14.3666 	EXP 	MovieStim: units = None
14.3666 	EXP 	Set movie movie=videos/bandit_ref_headbutt.avi
14.3666 	EXP 	MovieStim: pos = None
14.3666 	EXP 	MovieStim: depth = None
14.3666 	EXP 	MovieStim: colorSpace = None
14.3666 	EXP 	MovieStim: opacity = None
14.3666 	EXP 	MovieStim: size = None
14.3666 	EXP 	MovieStim: ori = None
14.3666 	EXP 	MovieStim: autoDraw = None
14.3666 	EXP 	MovieStim: autoDraw = None
14.3670 	EXP 	Set  sound=soundfiles/kyse_barsu_doakla.wav
14.3670 	EXP 	Sound  started
14.3834 	EXP 	Set  sound=soundfiles/kyse_barsu_doakla.wav
14.3834 	EXP 	Sound  started
14.4006 	EXP 	Set  sound=soundfiles/kyse_barsu_doakla.wav
14.4006 	EXP 	Sound  started
14.4167 	EXP 	Set  sound=soundfiles/kyse_barsu_doakla.wav
14.4167 	EXP 	Sound  started
14.4333 	EXP 	Set  sound=soundfiles/kyse_barsu_doakla.wav
14.4333 	EXP 	Sound  started
14.4500 	EXP 	Set  sound=soundfiles/kyse_barsu_doakla.wav
14.4500 	EXP 	Sound  started
14.4659 	EXP 	Set  sound=soundfiles/kyse_barsu_doakla.wav
14.4659 	EXP 	Sound  started
14.4818 	EXP 	Set  sound=soundfiles/kyse_barsu_doakla.wav
14.4818 	EXP 	Sound  started
14.4990 	EXP 	Set  sound=soundfiles/kyse_barsu_doakla.wav
14.4990 	EXP 	Sound  started
14.5152 	EXP 	Set  sound=soundfiles/kyse_barsu_doakla.wav
14.5152 	EXP 	Sound  started
14.5325 	EXP 	Set  sound=soundfiles/kyse_barsu_doakla.wav
14.5325 	EXP 	Sound  started
14.5487 	EXP 	Set  sound=soundfiles/kyse_barsu_doakla.wav
14.5487 	EXP 	Sound  started
14.5658 	EXP 	Set  sound=soundfiles/kyse_barsu_doakla.wav
14.5658 	EXP 	Sound  started
14.5826 	EXP 	Set  sound=soundfiles/kyse_barsu_doakla.wav
14.5827 	EXP 	Sound  started
14.5990 	EXP 	Set  sound=soundfiles/kyse_barsu_doakla.wav
14.5990 	EXP 	Sound  started
14.6154 	EXP 	Set  sound=soundfiles/kyse_barsu_doakla.wav
14.6154 	EXP 	Sound  started
14.6488 	EXP 	Set  sound=soundfiles/kyse_barsu_doakla.wav
14.6489 	EXP 	Sound  started
14.6658 	EXP 	Set  sound=soundfiles/kyse_barsu_doakla.wav
14.6658 	EXP 	Sound  started
14.6823 	EXP 	Set  sound=soundfiles/kyse_barsu_doakla.wav
14.6823 	EXP 	Sound  started
14.6988 	EXP 	Set  sound=soundfiles/kyse_barsu_doakla.wav
14.6989 	EXP 	Sound  started
14.7155 	EXP 	Set  sound=soundfiles/kyse_barsu_doakla.wav
14.7155 	EXP 	Sound  started
14.7327 	EXP 	Set  sound=soundfiles/kyse_barsu_doakla.wav
14.7327 	EXP 	Sound  started
14.7490 	EXP 	Set  sound=soundfiles/kyse_barsu_doakla.wav
14.7490 	EXP 	Sound  started
14.7660 	EXP 	Set  sound=soundfiles/kyse_barsu_doakla.wav
14.7660 	EXP 	Sound  started
14.7822 	EXP 	Set  sound=soundfiles/kyse_barsu_doakla.wav
14.7822 	EXP 	Sound  started
14.7996 	EXP 	Set  sound=soundfiles/kyse_barsu_doakla.wav
14.7996 	EXP 	Sound  started
14.8157 	EXP 	Set  sound=soundfiles/kyse_barsu_doakla.wav
14.8157 	EXP 	Sound  started
14.8328 	EXP 	Set  sound=soundfiles/kyse_barsu_doakla.wav
14.8328 	EXP 	Sound  started
14.8491 	EXP 	Set  sound=soundfiles/kyse_barsu_doakla.wav
14.8491 	EXP 	Sound  started
14.8662 	EXP 	Set  sound=soundfiles/kyse_barsu_doakla.wav
14.8662 	EXP 	Sound  started
14.8824 	EXP 	Set  sound=soundfiles/kyse_barsu_doakla.wav
14.8824 	EXP 	Sound  started
14.8996 	EXP 	Set  sound=soundfiles/kyse_barsu_doakla.wav
14.8996 	EXP 	Sound  started
14.9157 	EXP 	Set  sound=soundfiles/kyse_barsu_doakla.wav
14.9158 	EXP 	Sound  started
14.9330 	EXP 	Set  sound=soundfiles/kyse_barsu_doakla.wav
14.9330 	EXP 	Sound  started
14.9490 	EXP 	Set  sound=soundfiles/kyse_barsu_doakla.wav
14.9490 	EXP 	Sound  started
14.9663 	EXP 	Set  sound=soundfiles/kyse_barsu_doakla.wav
14.9663 	EXP 	Sound  started
14.9832 	EXP 	Set  sound=soundfiles/kyse_barsu_doakla.wav
14.9832 	EXP 	Sound  started
14.9996 	EXP 	Set  sound=soundfiles/kyse_barsu_doakla.wav
14.9996 	EXP 	Sound  started
15.0160 	EXP 	Set  sound=soundfiles/kyse_barsu_doakla.wav
15.0160 	EXP 	Sound  started
15.0492 	EXP 	Set  sound=soundfiles/kyse_barsu_doakla.wav
15.0493 	EXP 	Sound  started
15.0660 	EXP 	Set  sound=soundfiles/kyse_barsu_doakla.wav
15.0661 	EXP 	Sound  started
15.0827 	EXP 	Set  sound=soundfiles/kyse_barsu_doakla.wav
15.0827 	EXP 	Sound  started
15.0998 	EXP 	Set  sound=soundfiles/kyse_barsu_doakla.wav
15.0998 	EXP 	Sound  started
15.1160 	EXP 	Set  sound=soundfiles/kyse_barsu_doakla.wav
15.1160 	EXP 	Sound  started
15.1333 	EXP 	Set  sound=soundfiles/kyse_barsu_doakla.wav
15.1333 	EXP 	Sound  started
15.1493 	EXP 	Set  sound=soundfiles/kyse_barsu_doakla.wav
15.1493 	EXP 	Sound  started
15.1666 	EXP 	Set  sound=soundfiles/kyse_barsu_doakla.wav
15.1666 	EXP 	Sound  started
15.1827 	EXP 	Set  sound=soundfiles/kyse_barsu_doakla.wav
15.1828 	EXP 	Sound  started
15.2000 	EXP 	Set  sound=soundfiles/kyse_barsu_doakla.wav
15.2000 	EXP 	Sound  started
15.2161 	EXP 	Set  sound=soundfiles/kyse_barsu_doakla.wav
15.2161 	EXP 	Sound  started
15.2333 	EXP 	Set  sound=soundfiles/kyse_barsu_doakla.wav
15.2334 	EXP 	Sound  started
15.2495 	EXP 	Set  sound=soundfiles/kyse_barsu_doakla.wav
15.2495 	EXP 	Sound  started
15.2668 	EXP 	Set  sound=soundfiles/kyse_barsu_doakla.wav
15.2668 	EXP 	Sound  started
15.2828 	EXP 	Set  sound=soundfiles/kyse_barsu_doakla.wav
15.2829 	EXP 	Sound  started
15.3001 	EXP 	Set  sound=soundfiles/kyse_barsu_doakla.wav
15.3001 	EXP 	Sound  started
15.3161 	EXP 	Set  sound=soundfiles/kyse_barsu_doakla.wav
15.3162 	EXP 	Sound  started
15.3333 	EXP 	Set  sound=soundfiles/kyse_barsu_doakla.wav
15.3334 	EXP 	Sound  started
15.3497 	EXP 	Set  sound=soundfiles/kyse_barsu_doakla.wav
15.3497 	EXP 	Sound  started
15.3668 	EXP 	Set  sound=soundfiles/kyse_barsu_doakla.wav
15.3668 	EXP 	Sound  started
15.3830 	EXP 	Set  sound=soundfiles/kyse_barsu_doakla.wav
15.3831 	EXP 	Sound  started
15.4001 	EXP 	Set  sound=soundfiles/kyse_barsu_doakla.wav
15.4001 	EXP 	Sound  started
15.4164 	EXP 	Set  sound=soundfiles/kyse_barsu_doakla.wav
15.4165 	EXP 	Sound  started
15.4498 	EXP 	Set  sound=soundfiles/kyse_barsu_doakla.wav
15.4498 	EXP 	Sound  started
15.4660 	EXP 	Set  sound=soundfiles/kyse_barsu_doakla.wav
15.4660 	EXP 	Sound  started
15.4830 	EXP 	Set  sound=soundfiles/kyse_barsu_doakla.wav
15.4830 	EXP 	Sound  started
15.5004 	EXP 	Set  sound=soundfiles/kyse_barsu_doakla.wav
15.5004 	EXP 	Sound  started
15.5164 	EXP 	Set  sound=soundfiles/kyse_barsu_doakla.wav
15.5164 	EXP 	Sound  started
15.5324 	EXP 	Set movie finished
15.5326 	EXP 	Set  sound=soundfiles/kyse_barsu_doakla.wav
15.5326 	EXP 	Sound  started
15.5495 	EXP 	Set movie paused
15.5498 	EXP 	Set  sound=soundfiles/kyse_barsu_doakla.wav
15.5498 	EXP 	Sound  started
15.5672 	EXP 	Set  sound=soundfiles/kyse_barsu_doakla.wav
15.5672 	EXP 	Sound  started
15.5832 	EXP 	Set  sound=soundfiles/kyse_barsu_doakla.wav
15.5832 	EXP 	Sound  started
15.5994 	EXP 	Set  sound=soundfiles/kyse_barsu_doakla.wav
15.5994 	EXP 	Sound  started
15.6165 	EXP 	Set  sound=soundfiles/kyse_barsu_doakla.wav
15.6165 	EXP 	Sound  started
15.6339 	EXP 	Set  sound=soundfiles/kyse_barsu_doakla.wav
15.6339 	EXP 	Sound  started
15.6499 	EXP 	Set  sound=soundfiles/kyse_barsu_doakla.wav
15.6500 	EXP 	Sound  started
15.6661 	EXP 	Set  sound=soundfiles/kyse_barsu_doakla.wav
15.6661 	EXP 	Sound  started
15.6830 	EXP 	Set  sound=soundfiles/kyse_barsu_doakla.wav
15.6831 	EXP 	Sound  started
15.6994 	EXP 	Set  sound=soundfiles/kyse_barsu_doakla.wav
15.6994 	EXP 	Sound  started
15.7163 	EXP 	Set  sound=soundfiles/kyse_barsu_doakla.wav
15.7163 	EXP 	Sound  started
15.7351 	EXP 	Set  sound=soundfiles/kyse_barsu_doakla.wav
15.7351 	EXP 	Sound  started
15.7500 	EXP 	Set  sound=soundfiles/kyse_barsu_doakla.wav
15.7500 	EXP 	Sound  started
15.7661 	EXP 	Set  sound=soundfiles/kyse_barsu_doakla.wav
15.7661 	EXP 	Sound  started
15.7830 	EXP 	Set  sound=soundfiles/kyse_barsu_doakla.wav
15.7830 	EXP 	Sound  started
15.7995 	EXP 	Set  sound=soundfiles/kyse_barsu_doakla.wav
15.7995 	EXP 	Sound  started
15.8164 	EXP 	Set  sound=soundfiles/kyse_barsu_doakla.wav
15.8164 	EXP 	Sound  started
15.8329 	EXP 	Set  sound=soundfiles/kyse_barsu_doakla.wav
15.8329 	EXP 	Sound  started
15.8502 	EXP 	Set  sound=soundfiles/kyse_barsu_doakla.wav
15.8502 	EXP 	Sound  started
15.8660 	EXP 	Set movie finished
15.8663 	EXP 	Set  sound=soundfiles/kyse_barsu_doakla.wav
15.8663 	EXP 	Sound  started
15.8832 	EXP 	Set movie paused
15.8834 	EXP 	Set  sound=soundfiles/kyse_barsu_doakla.wav
15.8835 	EXP 	Sound  started
15.8996 	EXP 	Set  sound=soundfiles/kyse_barsu_doakla.wav
15.8996 	EXP 	Sound  started
15.9169 	EXP 	Set  sound=soundfiles/kyse_barsu_doakla.wav
15.9170 	EXP 	Sound  started
15.9339 	EXP 	Set  sound=soundfiles/kyse_barsu_doakla.wav
15.9340 	EXP 	Sound  started
15.9342 	DATA 	Mouse: Left button down, pos=(877,992)
15.9510 	EXP 	Set  sound=bad.wav
15.9511 	EXP 	Set  sound=soundfiles/kyse_barsu_doakla.wav
15.9511 	EXP 	Sound  started
15.9524 	EXP 	Imported images.csv as conditions, 5 conditions, 4 params
15.9527 	EXP 	Created sequence: sequential, trialTypes=5, nReps=1, seed=None
15.9538 	EXP 	New trial (rep=0, index=0): {'color': u'Red', 'verb': u'On', 'names': u'mountie', 'object': u'Stool'}
15.9830 	EXP 	MovieStim: autoDraw = None
15.9830 	EXP 	MovieStim: autoDraw = None
15.9830 	EXP 	Set image_2 image=images/mountieOnRedStool.png
15.9830 	EXP 	ImageStim: autoDraw = None
16.0839 	DATA 	Mouse: Left button up, pos=(877,992)
16.6352 	DATA 	Mouse: Left button down, pos=(877,992)
16.6367 	EXP 	New trial (rep=0, index=1): {'color': u'Red', 'verb': u'With', 'names': u'hunter', 'object': u'Stool'}
16.6520 	EXP 	ImageStim: autoDraw = None
16.6520 	EXP 	Set image_2 image=images/hunterWithRedStool.png
16.6520 	EXP 	ImageStim: autoDraw = None
16.7528 	DATA 	Mouse: Left button up, pos=(877,992)
17.0691 	DATA 	Mouse: Left button down, pos=(877,992)
17.0700 	EXP 	New trial (rep=0, index=2): {'color': u'Red', 'verb': u'On', 'names': u'hunter', 'object': u'Stool'}
17.1024 	EXP 	ImageStim: autoDraw = None
17.1024 	EXP 	Set image_2 image=images/hunterOnRedStool.png
17.1024 	EXP 	ImageStim: autoDraw = None
17.1695 	DATA 	Mouse: Left button up, pos=(877,992)
17.3526 	DATA 	Mouse: Left button down, pos=(877,992)
17.3536 	EXP 	New trial (rep=0, index=3): {'color': u'Blue', 'verb': u'Nextto', 'names': u'hunter', 'object': u'Stool'}
17.3666 	EXP 	ImageStim: autoDraw = None
17.3666 	EXP 	Set image_2 image=images/hunterNexttoBlueStool.png
17.3666 	EXP 	ImageStim: autoDraw = None
17.4694 	DATA 	Mouse: Left button up, pos=(877,992)
18.2034 	DATA 	Mouse: Left button down, pos=(877,992)
18.2045 	EXP 	New trial (rep=0, index=4): {'color': u'Red', 'verb': u'On', 'names': u'mountie', 'object': u'Skateboard'}
18.2368 	EXP 	ImageStim: autoDraw = None
18.2368 	EXP 	Set image_2 image=images/mountieOnRedSkateboard.png
18.2368 	EXP 	ImageStim: autoDraw = None
18.3535 	DATA 	Mouse: Left button up, pos=(877,992)
18.8539 	DATA 	Mouse: Left button down, pos=(877,992)
