2.1737 	WARNING 	User requested fullscreen with size [2560 1700], but screen is actually [2560, 1440]. Using actual size
3.1235 	EXP 	Imported test.csv as conditions, 3 conditions, 11 params
3.1238 	EXP 	Created sequence: sequential, trialTypes=3, nReps=1, seed=None
3.1852 	EXP 	New trial (rep=0, index=0): {'receivertwo': u'hunter', 'soundverb': u'forp', 'verbtwo': u'rock', 'welcometext': u'hello welcome to the lab. You will be watching videos that will teach us something"', 'actor': u'bandit', 'verb': u'headbutt', 'receiver': u'chef', 'soundreceiver': u'doakla', 'correct': 1, 'soundactor': u'barsu', 'actortwo': u'bandit'}
3.2019 	EXP 	TextStim: autoLog = None
3.2019 	EXP 	TextStim: units = None
3.2019 	EXP 	TextStim: useShaders = None
3.2019 	EXP 	TextStim: depth = None
3.2019 	EXP 	TextStim: ori = None
3.2019 	EXP 	TextStim: pos = None
3.2019 	EXP 	TextStim: colorSpace = None
3.2019 	EXP 	TextStim: opacity = None
3.2019 	EXP 	TextStim: contrast = None
3.2019 	EXP 	ImageStim: autoLog = None
3.2019 	EXP 	ImageStim: units = None
3.2019 	EXP 	ImageStim: useShaders = None
3.2019 	EXP 	ImageStim: size = None
3.2019 	EXP 	ImageStim: pos = None
3.2019 	EXP 	ImageStim: ori = None
3.2019 	EXP 	ImageStim: depth = None
3.2019 	EXP 	ImageStim: contrast = None
3.2019 	EXP 	ImageStim: opacity = None
3.2019 	EXP 	ImageStim: autoLog = None
3.2019 	EXP 	ImageStim: units = None
3.2019 	EXP 	ImageStim: useShaders = None
3.2019 	EXP 	ImageStim: size = None
3.2019 	EXP 	ImageStim: pos = None
3.2019 	EXP 	ImageStim: ori = None
3.2019 	EXP 	ImageStim: depth = None
3.2019 	EXP 	ImageStim: contrast = None
3.2019 	EXP 	ImageStim: opacity = None
3.2019 	EXP 	TextStim: autoDraw = None
3.2019 	EXP 	ImageStim: autoDraw = None
4.2865 	EXP 	Set  sound=soundfiles/barsu_doakla_forp.wav
4.2865 	EXP 	Sound  started
4.8198 	EXP 	TextStim: autoDraw = None
4.8198 	EXP 	ImageStim: autoDraw = None
4.8198 	EXP 	MovieStim: autoLog = None
4.8198 	EXP 	MovieStim: units = None
4.8198 	EXP 	Set movie movie=videos/bandit_chef_headbutt.avi
4.8198 	EXP 	MovieStim: pos = None
4.8198 	EXP 	MovieStim: depth = None
4.8198 	EXP 	MovieStim: colorSpace = None
4.8198 	EXP 	MovieStim: opacity = None
4.8198 	EXP 	MovieStim: size = None
4.8198 	EXP 	MovieStim: ori = None
4.8198 	EXP 	MovieStim: autoLog = None
4.8198 	EXP 	MovieStim: units = None
4.8198 	EXP 	Set movie movie=videos/bandit_hunter_rock.avi
4.8198 	EXP 	MovieStim: pos = None
4.8198 	EXP 	MovieStim: depth = None
4.8198 	EXP 	MovieStim: colorSpace = None
4.8198 	EXP 	MovieStim: opacity = None
4.8198 	EXP 	MovieStim: size = None
4.8198 	EXP 	MovieStim: ori = None
4.8198 	EXP 	MovieStim: autoDraw = None
4.8198 	EXP 	MovieStim: autoDraw = None
4.8201 	EXP 	Set  sound=soundfiles/barsu_doakla_forp.wav
4.8201 	EXP 	Sound  started
4.8363 	EXP 	Set  sound=soundfiles/barsu_doakla_forp.wav
4.8364 	EXP 	Sound  started
4.8533 	EXP 	Set  sound=soundfiles/barsu_doakla_forp.wav
4.8533 	EXP 	Sound  started
4.8696 	EXP 	Set  sound=soundfiles/barsu_doakla_forp.wav
4.8696 	EXP 	Sound  started
4.8869 	EXP 	Set  sound=soundfiles/barsu_doakla_forp.wav
4.8869 	EXP 	Sound  started
4.9028 	EXP 	Set  sound=soundfiles/barsu_doakla_forp.wav
4.9028 	EXP 	Sound  started
4.9199 	EXP 	Set  sound=soundfiles/barsu_doakla_forp.wav
4.9200 	EXP 	Sound  started
4.9371 	EXP 	Set  sound=soundfiles/barsu_doakla_forp.wav
4.9371 	EXP 	Sound  started
4.9533 	EXP 	Set  sound=soundfiles/barsu_doakla_forp.wav
4.9534 	EXP 	Sound  started
4.9695 	EXP 	Set  sound=soundfiles/barsu_doakla_forp.wav
4.9695 	EXP 	Sound  started
4.9853 	EXP 	Set  sound=soundfiles/barsu_doakla_forp.wav
4.9853 	EXP 	Sound  started
5.0023 	EXP 	Set  sound=soundfiles/barsu_doakla_forp.wav
5.0023 	EXP 	Sound  started
5.0182 	EXP 	Set  sound=soundfiles/barsu_doakla_forp.wav
5.0182 	EXP 	Sound  started
5.0349 	EXP 	Set  sound=soundfiles/barsu_doakla_forp.wav
5.0349 	EXP 	Sound  started
5.0519 	EXP 	Set  sound=soundfiles/barsu_doakla_forp.wav
5.0519 	EXP 	Sound  started
5.0687 	EXP 	Set  sound=soundfiles/barsu_doakla_forp.wav
5.0687 	EXP 	Sound  started
5.0846 	EXP 	Set  sound=soundfiles/barsu_doakla_forp.wav
5.0846 	EXP 	Sound  started
5.1012 	EXP 	Set  sound=soundfiles/barsu_doakla_forp.wav
5.1012 	EXP 	Sound  started
5.1181 	EXP 	Set  sound=soundfiles/barsu_doakla_forp.wav
5.1181 	EXP 	Sound  started
5.1347 	EXP 	Set  sound=soundfiles/barsu_doakla_forp.wav
5.1347 	EXP 	Sound  started
5.1515 	EXP 	Set  sound=soundfiles/barsu_doakla_forp.wav
5.1515 	EXP 	Sound  started
5.1680 	EXP 	Set  sound=soundfiles/barsu_doakla_forp.wav
5.1680 	EXP 	Sound  started
5.1851 	EXP 	Set  sound=soundfiles/barsu_doakla_forp.wav
5.1851 	EXP 	Sound  started
5.2011 	EXP 	Set  sound=soundfiles/barsu_doakla_forp.wav
5.2012 	EXP 	Sound  started
5.2184 	EXP 	Set  sound=soundfiles/barsu_doakla_forp.wav
5.2184 	EXP 	Sound  started
5.2348 	EXP 	Set  sound=soundfiles/barsu_doakla_forp.wav
5.2348 	EXP 	Sound  started
5.2512 	EXP 	Set  sound=soundfiles/barsu_doakla_forp.wav
5.2512 	EXP 	Sound  started
5.2687 	EXP 	Set  sound=soundfiles/barsu_doakla_forp.wav
5.2687 	EXP 	Sound  started
5.2854 	EXP 	Set  sound=soundfiles/barsu_doakla_forp.wav
5.2854 	EXP 	Sound  started
5.3019 	EXP 	Set  sound=soundfiles/barsu_doakla_forp.wav
5.3019 	EXP 	Sound  started
5.3186 	EXP 	Set  sound=soundfiles/barsu_doakla_forp.wav
5.3186 	EXP 	Sound  started
5.3352 	EXP 	Set  sound=soundfiles/barsu_doakla_forp.wav
5.3352 	EXP 	Sound  started
5.3521 	EXP 	Set  sound=soundfiles/barsu_doakla_forp.wav
5.3521 	EXP 	Sound  started
5.3686 	EXP 	Set  sound=soundfiles/barsu_doakla_forp.wav
5.3687 	EXP 	Sound  started
5.3855 	EXP 	Set  sound=soundfiles/barsu_doakla_forp.wav
5.3855 	EXP 	Sound  started
5.4020 	EXP 	Set  sound=soundfiles/barsu_doakla_forp.wav
5.4020 	EXP 	Sound  started
5.4186 	EXP 	Set  sound=soundfiles/barsu_doakla_forp.wav
5.4186 	EXP 	Sound  started
5.4351 	EXP 	Set  sound=soundfiles/barsu_doakla_forp.wav
5.4351 	EXP 	Sound  started
5.4516 	EXP 	Set  sound=soundfiles/barsu_doakla_forp.wav
5.4516 	EXP 	Sound  started
5.4691 	EXP 	Set  sound=soundfiles/barsu_doakla_forp.wav
5.4692 	EXP 	Sound  started
5.4858 	EXP 	Set  sound=soundfiles/barsu_doakla_forp.wav
5.4858 	EXP 	Sound  started
5.5022 	EXP 	Set  sound=soundfiles/barsu_doakla_forp.wav
5.5023 	EXP 	Sound  started
5.5181 	EXP 	Set  sound=soundfiles/barsu_doakla_forp.wav
5.5181 	EXP 	Sound  started
5.5356 	EXP 	Set  sound=soundfiles/barsu_doakla_forp.wav
5.5357 	EXP 	Sound  started
5.5523 	EXP 	Set  sound=soundfiles/barsu_doakla_forp.wav
5.5523 	EXP 	Sound  started
5.5689 	EXP 	Set  sound=soundfiles/barsu_doakla_forp.wav
5.5689 	EXP 	Sound  started
5.5859 	EXP 	Set  sound=soundfiles/barsu_doakla_forp.wav
5.5859 	EXP 	Sound  started
5.6025 	EXP 	Set  sound=soundfiles/barsu_doakla_forp.wav
5.6026 	EXP 	Sound  started
5.6190 	EXP 	Set  sound=soundfiles/barsu_doakla_forp.wav
5.6190 	EXP 	Sound  started
5.6358 	EXP 	Set  sound=soundfiles/barsu_doakla_forp.wav
5.6358 	EXP 	Sound  started
5.6515 	EXP 	Set  sound=soundfiles/barsu_doakla_forp.wav
5.6516 	EXP 	Sound  started
5.6691 	EXP 	Set  sound=soundfiles/barsu_doakla_forp.wav
5.6691 	EXP 	Sound  started
5.6850 	EXP 	Set  sound=soundfiles/barsu_doakla_forp.wav
5.6851 	EXP 	Sound  started
5.7030 	EXP 	Set  sound=soundfiles/barsu_doakla_forp.wav
5.7030 	EXP 	Sound  started
5.7185 	EXP 	Set  sound=soundfiles/barsu_doakla_forp.wav
5.7186 	EXP 	Sound  started
5.7351 	EXP 	Set  sound=soundfiles/barsu_doakla_forp.wav
5.7352 	EXP 	Sound  started
5.7522 	EXP 	Set  sound=soundfiles/barsu_doakla_forp.wav
5.7522 	EXP 	Sound  started
5.7687 	EXP 	Set  sound=soundfiles/barsu_doakla_forp.wav
5.7688 	EXP 	Sound  started
5.7850 	EXP 	Set  sound=soundfiles/barsu_doakla_forp.wav
5.7850 	EXP 	Sound  started
5.8025 	EXP 	Set  sound=soundfiles/barsu_doakla_forp.wav
5.8025 	EXP 	Sound  started
5.8185 	EXP 	Set  sound=soundfiles/barsu_doakla_forp.wav
5.8186 	EXP 	Sound  started
5.8361 	EXP 	Set  sound=soundfiles/barsu_doakla_forp.wav
5.8361 	EXP 	Sound  started
5.8523 	EXP 	Set  sound=soundfiles/barsu_doakla_forp.wav
5.8523 	EXP 	Sound  started
5.8688 	EXP 	Set  sound=soundfiles/barsu_doakla_forp.wav
5.8688 	EXP 	Sound  started
5.8855 	EXP 	Set  sound=soundfiles/barsu_doakla_forp.wav
5.8855 	EXP 	Sound  started
5.9020 	EXP 	Set  sound=soundfiles/barsu_doakla_forp.wav
5.9020 	EXP 	Sound  started
5.9185 	EXP 	Set  sound=soundfiles/barsu_doakla_forp.wav
5.9185 	EXP 	Sound  started
5.9361 	EXP 	Set  sound=soundfiles/barsu_doakla_forp.wav
5.9361 	EXP 	Sound  started
5.9526 	EXP 	Set  sound=soundfiles/barsu_doakla_forp.wav
5.9526 	EXP 	Sound  started
5.9687 	EXP 	Set  sound=soundfiles/barsu_doakla_forp.wav
5.9687 	EXP 	Sound  started
5.9850 	EXP 	Set movie finished
5.9853 	EXP 	Set  sound=soundfiles/barsu_doakla_forp.wav
5.9853 	EXP 	Sound  started
6.0022 	EXP 	Set movie paused
6.0024 	EXP 	Set  sound=soundfiles/barsu_doakla_forp.wav
6.0025 	EXP 	Sound  started
6.0189 	EXP 	Set  sound=soundfiles/barsu_doakla_forp.wav
6.0189 	EXP 	Sound  started
6.0354 	EXP 	Set  sound=soundfiles/barsu_doakla_forp.wav
6.0355 	EXP 	Sound  started
6.0526 	EXP 	Set  sound=soundfiles/barsu_doakla_forp.wav
6.0526 	EXP 	Sound  started
6.0691 	EXP 	Set  sound=soundfiles/barsu_doakla_forp.wav
6.0691 	EXP 	Sound  started
6.0858 	EXP 	Set  sound=soundfiles/barsu_doakla_forp.wav
6.0858 	EXP 	Sound  started
6.1027 	EXP 	Set  sound=soundfiles/barsu_doakla_forp.wav
6.1027 	EXP 	Sound  started
6.1199 	EXP 	Set  sound=soundfiles/barsu_doakla_forp.wav
6.1199 	EXP 	Sound  started
6.1358 	EXP 	Set  sound=soundfiles/barsu_doakla_forp.wav
6.1358 	EXP 	Sound  started
6.1526 	EXP 	Set  sound=soundfiles/barsu_doakla_forp.wav
6.1526 	EXP 	Sound  started
6.1695 	EXP 	Set  sound=soundfiles/barsu_doakla_forp.wav
6.1695 	EXP 	Sound  started
6.1858 	EXP 	Set  sound=soundfiles/barsu_doakla_forp.wav
6.1859 	EXP 	Sound  started
6.2027 	EXP 	Set  sound=soundfiles/barsu_doakla_forp.wav
6.2027 	EXP 	Sound  started
6.2199 	EXP 	Set  sound=soundfiles/barsu_doakla_forp.wav
6.2199 	EXP 	Sound  started
6.2360 	EXP 	Set  sound=soundfiles/barsu_doakla_forp.wav
6.2360 	EXP 	Sound  started
6.2528 	EXP 	Set  sound=soundfiles/barsu_doakla_forp.wav
6.2528 	EXP 	Sound  started
6.2694 	EXP 	Set movie finished
6.2697 	EXP 	Set  sound=soundfiles/barsu_doakla_forp.wav
6.2697 	EXP 	Sound  started
6.2863 	EXP 	Set movie paused
6.2865 	EXP 	Set  sound=soundfiles/barsu_doakla_forp.wav
6.2866 	EXP 	Sound  started
6.3024 	EXP 	Set  sound=soundfiles/barsu_doakla_forp.wav
6.3024 	EXP 	Sound  started
6.3192 	EXP 	Set  sound=soundfiles/barsu_doakla_forp.wav
6.3192 	EXP 	Sound  started
6.3362 	EXP 	Set  sound=soundfiles/barsu_doakla_forp.wav
6.3362 	EXP 	Sound  started
6.3530 	EXP 	Set  sound=soundfiles/barsu_doakla_forp.wav
6.3530 	EXP 	Sound  started
6.3696 	EXP 	Set  sound=soundfiles/barsu_doakla_forp.wav
6.3696 	EXP 	Sound  started
6.3867 	EXP 	Set  sound=soundfiles/barsu_doakla_forp.wav
6.3867 	EXP 	Sound  started
6.4027 	EXP 	Set  sound=soundfiles/barsu_doakla_forp.wav
6.4027 	EXP 	Sound  started
6.4194 	EXP 	Set  sound=soundfiles/barsu_doakla_forp.wav
6.4195 	EXP 	Sound  started
6.4363 	EXP 	Set  sound=soundfiles/barsu_doakla_forp.wav
6.4363 	EXP 	Sound  started
6.4531 	EXP 	Set  sound=soundfiles/barsu_doakla_forp.wav
6.4531 	EXP 	Sound  started
6.4700 	EXP 	Set  sound=soundfiles/barsu_doakla_forp.wav
6.4700 	EXP 	Sound  started
6.4867 	EXP 	Set  sound=soundfiles/barsu_doakla_forp.wav
6.4868 	EXP 	Sound  started
6.5030 	EXP 	Set  sound=soundfiles/barsu_doakla_forp.wav
6.5030 	EXP 	Sound  started
6.5198 	EXP 	Set  sound=soundfiles/barsu_doakla_forp.wav
6.5198 	EXP 	Sound  started
6.5367 	EXP 	Set  sound=soundfiles/barsu_doakla_forp.wav
6.5367 	EXP 	Sound  started
6.5536 	EXP 	Set  sound=soundfiles/barsu_doakla_forp.wav
6.5536 	EXP 	Sound  started
6.5695 	EXP 	Set  sound=soundfiles/barsu_doakla_forp.wav
6.5695 	EXP 	Sound  started
6.5864 	EXP 	Set  sound=soundfiles/barsu_doakla_forp.wav
6.5864 	EXP 	Sound  started
6.6033 	EXP 	Set  sound=soundfiles/barsu_doakla_forp.wav
6.6033 	EXP 	Sound  started
6.6201 	EXP 	Set  sound=soundfiles/barsu_doakla_forp.wav
6.6201 	EXP 	Sound  started
6.6369 	EXP 	Set  sound=soundfiles/barsu_doakla_forp.wav
6.6369 	EXP 	Sound  started
6.6528 	EXP 	Set  sound=soundfiles/barsu_doakla_forp.wav
6.6528 	EXP 	Sound  started
6.6697 	EXP 	Set  sound=soundfiles/barsu_doakla_forp.wav
6.6697 	EXP 	Sound  started
6.6860 	EXP 	Set  sound=soundfiles/barsu_doakla_forp.wav
6.6860 	EXP 	Sound  started
6.7028 	EXP 	Set  sound=soundfiles/barsu_doakla_forp.wav
6.7028 	EXP 	Sound  started
6.7198 	EXP 	Set  sound=soundfiles/barsu_doakla_forp.wav
6.7198 	EXP 	Sound  started
6.7367 	EXP 	Set  sound=soundfiles/barsu_doakla_forp.wav
6.7367 	EXP 	Sound  started
6.7535 	EXP 	Set  sound=soundfiles/barsu_doakla_forp.wav
6.7535 	EXP 	Sound  started
6.7703 	EXP 	Set  sound=soundfiles/barsu_doakla_forp.wav
6.7703 	EXP 	Sound  started
6.7868 	EXP 	Set  sound=soundfiles/barsu_doakla_forp.wav
6.7868 	EXP 	Sound  started
6.8033 	EXP 	Set  sound=soundfiles/barsu_doakla_forp.wav
6.8033 	EXP 	Sound  started
6.8202 	EXP 	Set  sound=soundfiles/barsu_doakla_forp.wav
6.8202 	EXP 	Sound  started
6.8370 	EXP 	Set  sound=soundfiles/barsu_doakla_forp.wav
6.8370 	EXP 	Sound  started
6.8538 	EXP 	Set  sound=soundfiles/barsu_doakla_forp.wav
6.8538 	EXP 	Sound  started
6.8698 	EXP 	Set  sound=soundfiles/barsu_doakla_forp.wav
6.8698 	EXP 	Sound  started
6.8869 	EXP 	Set  sound=soundfiles/barsu_doakla_forp.wav
6.8869 	EXP 	Sound  started
6.9036 	EXP 	Set  sound=soundfiles/barsu_doakla_forp.wav
6.9036 	EXP 	Sound  started
6.9197 	EXP 	Set  sound=soundfiles/barsu_doakla_forp.wav
6.9197 	EXP 	Sound  started
6.9366 	EXP 	Set  sound=soundfiles/barsu_doakla_forp.wav
6.9366 	EXP 	Sound  started
6.9534 	EXP 	Set  sound=soundfiles/barsu_doakla_forp.wav
6.9534 	EXP 	Sound  started
6.9701 	EXP 	Set  sound=soundfiles/barsu_doakla_forp.wav
6.9701 	EXP 	Sound  started
6.9869 	EXP 	Set  sound=soundfiles/barsu_doakla_forp.wav
6.9869 	EXP 	Sound  started
7.0038 	EXP 	Set  sound=soundfiles/barsu_doakla_forp.wav
7.0038 	EXP 	Sound  started
7.0203 	EXP 	Set  sound=soundfiles/barsu_doakla_forp.wav
7.0203 	EXP 	Sound  started
7.0371 	EXP 	Set  sound=soundfiles/barsu_doakla_forp.wav
7.0371 	EXP 	Sound  started
7.0539 	EXP 	Set  sound=soundfiles/barsu_doakla_forp.wav
7.0539 	EXP 	Sound  started
7.0699 	EXP 	Set  sound=soundfiles/barsu_doakla_forp.wav
7.0699 	EXP 	Sound  started
7.0868 	EXP 	Set  sound=soundfiles/barsu_doakla_forp.wav
7.0868 	EXP 	Sound  started
7.1050 	EXP 	Set  sound=soundfiles/barsu_doakla_forp.wav
7.1050 	EXP 	Sound  started
7.1213 	EXP 	Set  sound=soundfiles/barsu_doakla_forp.wav
7.1214 	EXP 	Sound  started
7.1386 	EXP 	Set  sound=soundfiles/barsu_doakla_forp.wav
7.1386 	EXP 	Sound  started
7.1549 	EXP 	Set  sound=soundfiles/barsu_doakla_forp.wav
7.1549 	EXP 	Sound  started
7.1721 	EXP 	Set  sound=soundfiles/barsu_doakla_forp.wav
7.1721 	EXP 	Sound  started
7.1881 	EXP 	Set  sound=soundfiles/barsu_doakla_forp.wav
7.1881 	EXP 	Sound  started
7.2053 	EXP 	Set  sound=soundfiles/barsu_doakla_forp.wav
7.2053 	EXP 	Sound  started
7.2221 	EXP 	Set  sound=soundfiles/barsu_doakla_forp.wav
7.2221 	EXP 	Sound  started
7.2382 	EXP 	Set  sound=soundfiles/barsu_doakla_forp.wav
7.2382 	EXP 	Sound  started
7.2555 	EXP 	Set  sound=soundfiles/barsu_doakla_forp.wav
7.2555 	EXP 	Sound  started
7.2717 	EXP 	Set  sound=soundfiles/barsu_doakla_forp.wav
7.2717 	EXP 	Sound  started
7.2889 	EXP 	Set  sound=soundfiles/barsu_doakla_forp.wav
7.2889 	EXP 	Sound  started
7.3055 	EXP 	Set  sound=soundfiles/barsu_doakla_forp.wav
7.3056 	EXP 	Sound  started
7.3216 	EXP 	Set  sound=soundfiles/barsu_doakla_forp.wav
7.3216 	EXP 	Sound  started
7.3389 	EXP 	Set  sound=soundfiles/barsu_doakla_forp.wav
7.3389 	EXP 	Sound  started
7.3552 	EXP 	Set  sound=soundfiles/barsu_doakla_forp.wav
7.3552 	EXP 	Sound  started
7.3716 	EXP 	Set  sound=soundfiles/barsu_doakla_forp.wav
7.3716 	EXP 	Sound  started
7.3886 	EXP 	Set  sound=soundfiles/barsu_doakla_forp.wav
7.3886 	EXP 	Sound  started
7.4050 	EXP 	Set  sound=soundfiles/barsu_doakla_forp.wav
7.4050 	EXP 	Sound  started
7.4222 	EXP 	Set  sound=soundfiles/barsu_doakla_forp.wav
7.4222 	EXP 	Sound  started
7.4385 	EXP 	Set  sound=soundfiles/barsu_doakla_forp.wav
7.4385 	EXP 	Sound  started
7.4551 	EXP 	Set  sound=soundfiles/barsu_doakla_forp.wav
7.4551 	EXP 	Sound  started
7.4724 	EXP 	Set  sound=soundfiles/barsu_doakla_forp.wav
7.4724 	EXP 	Sound  started
7.4886 	EXP 	Set  sound=soundfiles/barsu_doakla_forp.wav
7.4886 	EXP 	Sound  started
7.5050 	EXP 	Set  sound=soundfiles/barsu_doakla_forp.wav
7.5050 	EXP 	Sound  started
7.5217 	EXP 	Set  sound=soundfiles/barsu_doakla_forp.wav
7.5217 	EXP 	Sound  started
7.5389 	EXP 	Set  sound=soundfiles/barsu_doakla_forp.wav
7.5389 	EXP 	Sound  started
7.5551 	EXP 	Set  sound=soundfiles/barsu_doakla_forp.wav
7.5551 	EXP 	Sound  started
7.5717 	EXP 	Set  sound=soundfiles/barsu_doakla_forp.wav
7.5717 	EXP 	Sound  started
7.5889 	EXP 	Set  sound=soundfiles/barsu_doakla_forp.wav
7.5889 	EXP 	Sound  started
7.6051 	EXP 	Set  sound=soundfiles/barsu_doakla_forp.wav
7.6052 	EXP 	Sound  started
7.6218 	EXP 	Set  sound=soundfiles/barsu_doakla_forp.wav
7.6218 	EXP 	Sound  started
7.6390 	EXP 	Set  sound=soundfiles/barsu_doakla_forp.wav
7.6390 	EXP 	Sound  started
7.6551 	EXP 	Set  sound=soundfiles/barsu_doakla_forp.wav
7.6552 	EXP 	Sound  started
7.6724 	EXP 	Set  sound=soundfiles/barsu_doakla_forp.wav
7.6725 	EXP 	Sound  started
7.6887 	EXP 	Set  sound=soundfiles/barsu_doakla_forp.wav
7.6887 	EXP 	Sound  started
7.7055 	EXP 	Set  sound=soundfiles/barsu_doakla_forp.wav
7.7055 	EXP 	Sound  started
7.7218 	EXP 	Set  sound=soundfiles/barsu_doakla_forp.wav
7.7218 	EXP 	Sound  started
7.7391 	EXP 	Set  sound=soundfiles/barsu_doakla_forp.wav
7.7391 	EXP 	Sound  started
7.7553 	EXP 	Set  sound=soundfiles/barsu_doakla_forp.wav
7.7553 	EXP 	Sound  started
7.7725 	EXP 	Set  sound=soundfiles/barsu_doakla_forp.wav
7.7725 	EXP 	Sound  started
7.7887 	EXP 	Set  sound=soundfiles/barsu_doakla_forp.wav
7.7887 	EXP 	Sound  started
7.8058 	EXP 	Set  sound=soundfiles/barsu_doakla_forp.wav
7.8058 	EXP 	Sound  started
7.8218 	EXP 	Set  sound=soundfiles/barsu_doakla_forp.wav
7.8218 	EXP 	Sound  started
7.8385 	EXP 	Set  sound=soundfiles/barsu_doakla_forp.wav
7.8385 	EXP 	Sound  started
7.8557 	EXP 	Set  sound=soundfiles/barsu_doakla_forp.wav
7.8557 	EXP 	Sound  started
7.8722 	EXP 	Set  sound=soundfiles/barsu_doakla_forp.wav
7.8723 	EXP 	Sound  started
7.8887 	EXP 	Set  sound=soundfiles/barsu_doakla_forp.wav
7.8887 	EXP 	Sound  started
7.9058 	EXP 	Set  sound=soundfiles/barsu_doakla_forp.wav
7.9058 	EXP 	Sound  started
7.9229 	EXP 	Set  sound=soundfiles/barsu_doakla_forp.wav
7.9229 	EXP 	Sound  started
7.9391 	EXP 	Set  sound=soundfiles/barsu_doakla_forp.wav
7.9391 	EXP 	Sound  started
7.9555 	EXP 	Set  sound=soundfiles/barsu_doakla_forp.wav
7.9555 	EXP 	Sound  started
7.9727 	EXP 	Set  sound=soundfiles/barsu_doakla_forp.wav
7.9727 	EXP 	Sound  started
7.9889 	EXP 	Set  sound=soundfiles/barsu_doakla_forp.wav
7.9889 	EXP 	Sound  started
8.0059 	EXP 	Set  sound=soundfiles/barsu_doakla_forp.wav
8.0060 	EXP 	Sound  started
8.0229 	EXP 	Set  sound=soundfiles/barsu_doakla_forp.wav
8.0229 	EXP 	Sound  started
8.0388 	EXP 	Set  sound=soundfiles/barsu_doakla_forp.wav
8.0389 	EXP 	Sound  started
8.0561 	EXP 	Set  sound=soundfiles/barsu_doakla_forp.wav
8.0561 	EXP 	Sound  started
8.0722 	EXP 	Set  sound=soundfiles/barsu_doakla_forp.wav
8.0722 	EXP 	Sound  started
8.0894 	EXP 	Set  sound=soundfiles/barsu_doakla_forp.wav
8.0894 	EXP 	Sound  started
8.1054 	EXP 	Set  sound=soundfiles/barsu_doakla_forp.wav
8.1055 	EXP 	Sound  started
8.1229 	EXP 	Set  sound=soundfiles/barsu_doakla_forp.wav
8.1229 	EXP 	Sound  started
8.1391 	EXP 	Set  sound=soundfiles/barsu_doakla_forp.wav
8.1391 	EXP 	Sound  started
8.1555 	EXP 	Set  sound=soundfiles/barsu_doakla_forp.wav
8.1556 	EXP 	Sound  started
8.1728 	EXP 	Set  sound=soundfiles/barsu_doakla_forp.wav
8.1728 	EXP 	Sound  started
8.1889 	EXP 	Set  sound=soundfiles/barsu_doakla_forp.wav
8.1890 	EXP 	Sound  started
8.2061 	EXP 	Set  sound=soundfiles/barsu_doakla_forp.wav
8.2061 	EXP 	Sound  started
8.2226 	DATA 	Mouse: Left button down, pos=(1191,915)
8.9282 	DATA 	Mouse: Left button up, pos=(1193,916)
10.3664 	EXP 	Set  sound=C
10.3932 	EXP 	Set  sound=button.wav
10.4041 	EXP 	Set  sound=bad.wav
10.4043 	EXP 	Set  sound=soundfiles/barsu_doakla_forp.wav
10.4043 	EXP 	Sound  started
10.4056 	EXP 	New trial (rep=0, index=1): {'receivertwo': u'chef', 'soundverb': u'moship', 'verbtwo': u'knockover', 'welcometext': u'hello welcome to the lab. You will be watching videos that will teach us something"', 'actor': u'bandit', 'verb': u'knockover', 'receiver': u'hunter', 'soundreceiver': u'doakla', 'correct': 2, 'soundactor': u'barsu', 'actortwo': u'bandit'}
10.4064 	DATA 	Mouse: Left button down, pos=(968,878)
10.4066 	DATA 	Mouse: Left button up, pos=(968,878)
10.4236 	EXP 	MovieStim: autoDraw = None
10.4236 	EXP 	MovieStim: autoDraw = None
10.4236 	EXP 	TextStim: autoDraw = None
10.4236 	EXP 	ImageStim: autoDraw = None
11.0748 	DATA 	Mouse: Left button down, pos=(968,878)
11.1758 	DATA 	Mouse: Left button up, pos=(968,878)
11.4463 	EXP 	Set  sound=soundfiles/barsu_doakla_moship.wav
11.4463 	EXP 	Sound  started
11.9751 	EXP 	TextStim: autoDraw = None
11.9751 	EXP 	ImageStim: autoDraw = None
11.9751 	EXP 	MovieStim: autoLog = None
11.9751 	EXP 	MovieStim: units = None
11.9751 	EXP 	Set movie movie=videos/bandit_hunter_knockover.avi
11.9751 	EXP 	MovieStim: pos = None
11.9751 	EXP 	MovieStim: depth = None
11.9751 	EXP 	MovieStim: colorSpace = None
11.9751 	EXP 	MovieStim: opacity = None
11.9751 	EXP 	MovieStim: size = None
11.9751 	EXP 	MovieStim: ori = None
11.9751 	EXP 	MovieStim: autoLog = None
11.9751 	EXP 	MovieStim: units = None
11.9751 	EXP 	Set movie movie=videos/bandit_chef_knockover.avi
11.9751 	EXP 	MovieStim: pos = None
11.9751 	EXP 	MovieStim: depth = None
11.9751 	EXP 	MovieStim: colorSpace = None
11.9751 	EXP 	MovieStim: opacity = None
11.9751 	EXP 	MovieStim: size = None
11.9751 	EXP 	MovieStim: ori = None
11.9751 	EXP 	MovieStim: autoDraw = None
11.9751 	EXP 	MovieStim: autoDraw = None
11.9754 	EXP 	Set  sound=soundfiles/barsu_doakla_moship.wav
11.9754 	EXP 	Sound  started
11.9924 	EXP 	Set  sound=soundfiles/barsu_doakla_moship.wav
11.9924 	EXP 	Sound  started
12.0086 	EXP 	Set  sound=soundfiles/barsu_doakla_moship.wav
12.0086 	EXP 	Sound  started
12.0256 	EXP 	Set  sound=soundfiles/barsu_doakla_moship.wav
12.0256 	EXP 	Sound  started
12.0420 	EXP 	Set  sound=soundfiles/barsu_doakla_moship.wav
12.0420 	EXP 	Sound  started
12.0592 	EXP 	Set  sound=soundfiles/barsu_doakla_moship.wav
12.0592 	EXP 	Sound  started
12.0760 	EXP 	Set  sound=soundfiles/barsu_doakla_moship.wav
12.0761 	EXP 	Sound  started
12.0924 	EXP 	Set  sound=soundfiles/barsu_doakla_moship.wav
12.0924 	EXP 	Sound  started
12.1087 	EXP 	Set  sound=soundfiles/barsu_doakla_moship.wav
12.1088 	EXP 	Sound  started
12.1259 	EXP 	Set  sound=soundfiles/barsu_doakla_moship.wav
12.1259 	EXP 	Sound  started
12.1420 	EXP 	Set  sound=soundfiles/barsu_doakla_moship.wav
12.1420 	EXP 	Sound  started
12.1591 	EXP 	Set  sound=soundfiles/barsu_doakla_moship.wav
12.1591 	EXP 	Sound  started
12.1759 	EXP 	Set  sound=soundfiles/barsu_doakla_moship.wav
12.1760 	EXP 	Sound  started
12.1921 	EXP 	Set  sound=soundfiles/barsu_doakla_moship.wav
12.1921 	EXP 	Sound  started
12.2088 	EXP 	Set  sound=soundfiles/barsu_doakla_moship.wav
12.2088 	EXP 	Sound  started
12.2260 	EXP 	Set  sound=soundfiles/barsu_doakla_moship.wav
12.2260 	EXP 	Sound  started
12.2422 	EXP 	Set  sound=soundfiles/barsu_doakla_moship.wav
12.2423 	EXP 	Sound  started
12.2588 	EXP 	Set  sound=soundfiles/barsu_doakla_moship.wav
12.2588 	EXP 	Sound  started
12.2742 	EXP 	Set  sound=soundfiles/barsu_doakla_moship.wav
12.2742 	EXP 	Sound  started
12.2926 	EXP 	Set  sound=soundfiles/barsu_doakla_moship.wav
12.2926 	EXP 	Sound  started
12.3089 	EXP 	Set  sound=soundfiles/barsu_doakla_moship.wav
12.3089 	EXP 	Sound  started
12.3260 	EXP 	Set  sound=soundfiles/barsu_doakla_moship.wav
12.3260 	EXP 	Sound  started
12.3422 	EXP 	Set  sound=soundfiles/barsu_doakla_moship.wav
12.3422 	EXP 	Sound  started
12.3593 	EXP 	Set  sound=soundfiles/barsu_doakla_moship.wav
12.3594 	EXP 	Sound  started
12.5093 	EXP 	Set  sound=soundfiles/barsu_doakla_moship.wav
12.5093 	EXP 	Sound  started
12.5246 	EXP 	Set  sound=soundfiles/barsu_doakla_moship.wav
12.5247 	EXP 	Sound  started
12.5424 	EXP 	Set  sound=soundfiles/barsu_doakla_moship.wav
12.5424 	EXP 	Sound  started
12.5597 	EXP 	Set  sound=soundfiles/barsu_doakla_moship.wav
12.5597 	EXP 	Sound  started
12.5932 	EXP 	Set  sound=soundfiles/barsu_doakla_moship.wav
12.5932 	EXP 	Sound  started
12.6091 	EXP 	Set  sound=soundfiles/barsu_doakla_moship.wav
12.6091 	EXP 	Sound  started
12.6263 	EXP 	Set  sound=soundfiles/barsu_doakla_moship.wav
12.6264 	EXP 	Sound  started
12.6426 	EXP 	Set  sound=soundfiles/barsu_doakla_moship.wav
12.6426 	EXP 	Sound  started
12.6598 	EXP 	Set  sound=soundfiles/barsu_doakla_moship.wav
12.6598 	EXP 	Sound  started
12.6932 	EXP 	Set  sound=soundfiles/barsu_doakla_moship.wav
12.6932 	EXP 	Sound  started
12.7093 	EXP 	Set  sound=soundfiles/barsu_doakla_moship.wav
12.7093 	EXP 	Sound  started
12.7265 	EXP 	Set  sound=soundfiles/barsu_doakla_moship.wav
12.7266 	EXP 	Sound  started
12.7426 	EXP 	Set  sound=soundfiles/barsu_doakla_moship.wav
12.7426 	EXP 	Sound  started
12.7591 	EXP 	Set  sound=soundfiles/barsu_doakla_moship.wav
12.7591 	EXP 	Sound  started
12.7933 	EXP 	Set  sound=soundfiles/barsu_doakla_moship.wav
12.7933 	EXP 	Sound  started
12.8093 	EXP 	Set  sound=soundfiles/barsu_doakla_moship.wav
12.8093 	EXP 	Sound  started
12.8267 	EXP 	Set  sound=soundfiles/barsu_doakla_moship.wav
12.8267 	EXP 	Sound  started
12.8428 	EXP 	Set  sound=soundfiles/barsu_doakla_moship.wav
12.8428 	EXP 	Sound  started
12.8600 	EXP 	Set  sound=soundfiles/barsu_doakla_moship.wav
12.8601 	EXP 	Sound  started
12.8934 	EXP 	Set  sound=soundfiles/barsu_doakla_moship.wav
12.8934 	EXP 	Sound  started
12.9097 	EXP 	Set  sound=soundfiles/barsu_doakla_moship.wav
12.9097 	EXP 	Sound  started
12.9268 	EXP 	Set  sound=soundfiles/barsu_doakla_moship.wav
12.9268 	EXP 	Sound  started
12.9427 	EXP 	Set  sound=soundfiles/barsu_doakla_moship.wav
12.9427 	EXP 	Sound  started
12.9601 	EXP 	Set  sound=soundfiles/barsu_doakla_moship.wav
12.9602 	EXP 	Sound  started
12.9935 	EXP 	Set  sound=soundfiles/barsu_doakla_moship.wav
12.9936 	EXP 	Sound  started
13.0096 	EXP 	Set  sound=soundfiles/barsu_doakla_moship.wav
13.0096 	EXP 	Sound  started
13.0268 	EXP 	Set  sound=soundfiles/barsu_doakla_moship.wav
13.0268 	EXP 	Sound  started
13.0428 	EXP 	Set  sound=soundfiles/barsu_doakla_moship.wav
13.0428 	EXP 	Sound  started
13.0601 	EXP 	Set  sound=soundfiles/barsu_doakla_moship.wav
13.0601 	EXP 	Sound  started
13.0927 	EXP 	Set  sound=soundfiles/barsu_doakla_moship.wav
13.0927 	EXP 	Sound  started
13.1098 	EXP 	Set  sound=soundfiles/barsu_doakla_moship.wav
13.1098 	EXP 	Sound  started
13.1270 	EXP 	Set  sound=soundfiles/barsu_doakla_moship.wav
13.1270 	EXP 	Sound  started
13.1430 	EXP 	Set  sound=soundfiles/barsu_doakla_moship.wav
13.1430 	EXP 	Sound  started
13.1596 	EXP 	Set  sound=soundfiles/barsu_doakla_moship.wav
13.1596 	EXP 	Sound  started
13.1938 	EXP 	Set  sound=soundfiles/barsu_doakla_moship.wav
13.1938 	EXP 	Sound  started
13.2099 	EXP 	Set  sound=soundfiles/barsu_doakla_moship.wav
13.2099 	EXP 	Sound  started
13.2264 	EXP 	Set  sound=soundfiles/barsu_doakla_moship.wav
13.2264 	EXP 	Sound  started
13.2434 	EXP 	Set  sound=soundfiles/barsu_doakla_moship.wav
13.2434 	EXP 	Sound  started
13.2597 	EXP 	Set  sound=soundfiles/barsu_doakla_moship.wav
13.2597 	EXP 	Sound  started
13.2750 	EXP 	Set  sound=soundfiles/barsu_doakla_moship.wav
13.2751 	EXP 	Sound  started
13.2930 	EXP 	Set  sound=soundfiles/barsu_doakla_moship.wav
13.2930 	EXP 	Sound  started
13.3101 	EXP 	Set  sound=soundfiles/barsu_doakla_moship.wav
13.3102 	EXP 	Sound  started
13.3263 	EXP 	Set  sound=soundfiles/barsu_doakla_moship.wav
13.3264 	EXP 	Sound  started
13.3434 	EXP 	Set  sound=soundfiles/barsu_doakla_moship.wav
13.3434 	EXP 	Sound  started
13.3598 	EXP 	Set  sound=soundfiles/barsu_doakla_moship.wav
13.3598 	EXP 	Sound  started
13.3766 	EXP 	Set  sound=soundfiles/barsu_doakla_moship.wav
13.3766 	EXP 	Sound  started
13.3930 	EXP 	Set  sound=soundfiles/barsu_doakla_moship.wav
13.3930 	EXP 	Sound  started
13.4102 	EXP 	Set  sound=soundfiles/barsu_doakla_moship.wav
13.4102 	EXP 	Sound  started
13.4265 	EXP 	Set  sound=soundfiles/barsu_doakla_moship.wav
13.4265 	EXP 	Sound  started
13.4421 	EXP 	Set  sound=soundfiles/barsu_doakla_moship.wav
13.4421 	EXP 	Sound  started
13.4581 	EXP 	Set  sound=soundfiles/barsu_doakla_moship.wav
13.4581 	EXP 	Sound  started
13.4754 	EXP 	Set  sound=soundfiles/barsu_doakla_moship.wav
13.4754 	EXP 	Sound  started
13.4916 	EXP 	Set  sound=soundfiles/barsu_doakla_moship.wav
13.4916 	EXP 	Sound  started
13.5087 	EXP 	Set  sound=soundfiles/barsu_doakla_moship.wav
13.5087 	EXP 	Sound  started
13.5248 	EXP 	Set  sound=soundfiles/barsu_doakla_moship.wav
13.5248 	EXP 	Sound  started
13.5421 	EXP 	Set  sound=soundfiles/barsu_doakla_moship.wav
13.5422 	EXP 	Sound  started
13.5583 	EXP 	Set  sound=soundfiles/barsu_doakla_moship.wav
13.5583 	EXP 	Sound  started
13.5754 	EXP 	Set  sound=soundfiles/barsu_doakla_moship.wav
13.5754 	EXP 	Sound  started
13.5924 	EXP 	Set  sound=soundfiles/barsu_doakla_moship.wav
13.5924 	EXP 	Sound  started
13.6089 	EXP 	Set  sound=soundfiles/barsu_doakla_moship.wav
13.6089 	EXP 	Sound  started
13.6252 	EXP 	Set  sound=soundfiles/barsu_doakla_moship.wav
13.6252 	EXP 	Sound  started
13.6422 	EXP 	Set  sound=soundfiles/barsu_doakla_moship.wav
13.6422 	EXP 	Sound  started
13.6583 	EXP 	Set  sound=soundfiles/barsu_doakla_moship.wav
13.6584 	EXP 	Sound  started
13.6752 	EXP 	Set  sound=soundfiles/barsu_doakla_moship.wav
13.6752 	EXP 	Sound  started
13.6918 	EXP 	Set  sound=soundfiles/barsu_doakla_moship.wav
13.6918 	EXP 	Sound  started
13.7090 	EXP 	Set  sound=soundfiles/barsu_doakla_moship.wav
13.7090 	EXP 	Sound  started
13.7251 	EXP 	Set  sound=soundfiles/barsu_doakla_moship.wav
13.7251 	EXP 	Sound  started
13.7424 	EXP 	Set  sound=soundfiles/barsu_doakla_moship.wav
13.7425 	EXP 	Sound  started
13.7586 	EXP 	Set  sound=soundfiles/barsu_doakla_moship.wav
13.7586 	EXP 	Sound  started
13.7918 	EXP 	Set  sound=soundfiles/barsu_doakla_moship.wav
13.7918 	EXP 	Sound  started
13.8091 	EXP 	Set  sound=soundfiles/barsu_doakla_moship.wav
13.8091 	EXP 	Sound  started
13.8254 	EXP 	Set  sound=soundfiles/barsu_doakla_moship.wav
13.8254 	EXP 	Sound  started
13.8423 	EXP 	Set  sound=soundfiles/barsu_doakla_moship.wav
13.8423 	EXP 	Sound  started
13.8592 	EXP 	Set  sound=soundfiles/barsu_doakla_moship.wav
13.8592 	EXP 	Sound  started
13.8759 	EXP 	Set  sound=soundfiles/barsu_doakla_moship.wav
13.8759 	EXP 	Sound  started
13.8921 	EXP 	Set  sound=soundfiles/barsu_doakla_moship.wav
13.8922 	EXP 	Sound  started
13.9092 	EXP 	Set  sound=soundfiles/barsu_doakla_moship.wav
13.9092 	EXP 	Sound  started
13.9254 	EXP 	Set  sound=soundfiles/barsu_doakla_moship.wav
13.9254 	EXP 	Sound  started
13.9427 	EXP 	Set  sound=soundfiles/barsu_doakla_moship.wav
13.9427 	EXP 	Sound  started
13.9589 	EXP 	Set  sound=soundfiles/barsu_doakla_moship.wav
13.9589 	EXP 	Sound  started
13.9761 	EXP 	Set  sound=soundfiles/barsu_doakla_moship.wav
13.9761 	EXP 	Sound  started
13.9921 	EXP 	Set  sound=soundfiles/barsu_doakla_moship.wav
13.9922 	EXP 	Sound  started
14.0095 	EXP 	Set  sound=soundfiles/barsu_doakla_moship.wav
14.0095 	EXP 	Sound  started
14.0255 	EXP 	Set  sound=soundfiles/barsu_doakla_moship.wav
14.0255 	EXP 	Sound  started
14.0427 	EXP 	Set  sound=soundfiles/barsu_doakla_moship.wav
14.0427 	EXP 	Sound  started
14.0589 	EXP 	Set  sound=soundfiles/barsu_doakla_moship.wav
14.0589 	EXP 	Sound  started
14.0762 	EXP 	Set  sound=soundfiles/barsu_doakla_moship.wav
14.0762 	EXP 	Sound  started
14.0923 	EXP 	Set  sound=soundfiles/barsu_doakla_moship.wav
14.0923 	EXP 	Sound  started
14.1095 	EXP 	Set  sound=soundfiles/barsu_doakla_moship.wav
14.1095 	EXP 	Sound  started
14.1257 	EXP 	Set  sound=soundfiles/barsu_doakla_moship.wav
14.1257 	EXP 	Sound  started
14.1429 	EXP 	Set  sound=soundfiles/barsu_doakla_moship.wav
14.1429 	EXP 	Sound  started
14.1590 	EXP 	Set  sound=soundfiles/barsu_doakla_moship.wav
14.1590 	EXP 	Sound  started
14.1763 	EXP 	Set  sound=soundfiles/barsu_doakla_moship.wav
14.1763 	EXP 	Sound  started
14.1923 	EXP 	Set  sound=soundfiles/barsu_doakla_moship.wav
14.1923 	EXP 	Sound  started
14.2090 	EXP 	Set  sound=soundfiles/barsu_doakla_moship.wav
14.2091 	EXP 	Sound  started
14.2264 	EXP 	Set  sound=soundfiles/barsu_doakla_moship.wav
14.2264 	EXP 	Sound  started
14.2430 	EXP 	Set  sound=soundfiles/barsu_doakla_moship.wav
14.2430 	EXP 	Sound  started
14.2591 	EXP 	Set  sound=soundfiles/barsu_doakla_moship.wav
14.2591 	EXP 	Sound  started
14.2755 	EXP 	Set  sound=soundfiles/barsu_doakla_moship.wav
14.2755 	EXP 	Sound  started
14.2926 	EXP 	Set  sound=soundfiles/barsu_doakla_moship.wav
14.2926 	EXP 	Sound  started
14.3098 	EXP 	Set  sound=soundfiles/barsu_doakla_moship.wav
14.3098 	EXP 	Sound  started
14.3258 	EXP 	Set  sound=soundfiles/barsu_doakla_moship.wav
14.3259 	EXP 	Sound  started
14.3431 	EXP 	Set  sound=soundfiles/barsu_doakla_moship.wav
14.3431 	EXP 	Sound  started
14.3593 	EXP 	Set  sound=soundfiles/barsu_doakla_moship.wav
14.3593 	EXP 	Sound  started
14.3755 	EXP 	Set  sound=soundfiles/barsu_doakla_moship.wav
14.3755 	EXP 	Sound  started
14.3926 	EXP 	Set  sound=soundfiles/barsu_doakla_moship.wav
14.3926 	EXP 	Sound  started
14.4089 	EXP 	Set  sound=soundfiles/barsu_doakla_moship.wav
14.4089 	EXP 	Sound  started
14.4258 	EXP 	Set  sound=soundfiles/barsu_doakla_moship.wav
14.4258 	EXP 	Sound  started
14.4432 	EXP 	Set  sound=soundfiles/barsu_doakla_moship.wav
14.4432 	EXP 	Sound  started
14.4594 	EXP 	Set  sound=soundfiles/barsu_doakla_moship.wav
14.4594 	EXP 	Sound  started
14.4763 	EXP 	Set  sound=soundfiles/barsu_doakla_moship.wav
14.4763 	EXP 	Sound  started
14.4930 	EXP 	Set  sound=soundfiles/barsu_doakla_moship.wav
14.4931 	EXP 	Sound  started
14.5089 	EXP 	Set  sound=soundfiles/barsu_doakla_moship.wav
14.5089 	EXP 	Sound  started
14.5261 	EXP 	Set  sound=soundfiles/barsu_doakla_moship.wav
14.5261 	EXP 	Sound  started
14.5429 	EXP 	Set  sound=soundfiles/barsu_doakla_moship.wav
14.5429 	EXP 	Sound  started
14.5598 	EXP 	Set  sound=soundfiles/barsu_doakla_moship.wav
14.5598 	EXP 	Sound  started
14.5768 	EXP 	Set  sound=soundfiles/barsu_doakla_moship.wav
14.5768 	EXP 	Sound  started
14.5928 	EXP 	Set  sound=soundfiles/barsu_doakla_moship.wav
14.5929 	EXP 	Sound  started
14.6090 	EXP 	Set  sound=soundfiles/barsu_doakla_moship.wav
14.6090 	EXP 	Sound  started
14.6261 	EXP 	Set  sound=soundfiles/barsu_doakla_moship.wav
14.6261 	EXP 	Sound  started
14.6440 	EXP 	Set  sound=soundfiles/barsu_doakla_moship.wav
14.6440 	EXP 	Sound  started
14.6611 	EXP 	Set  sound=soundfiles/barsu_doakla_moship.wav
14.6611 	EXP 	Sound  started
14.6773 	EXP 	Set  sound=soundfiles/barsu_doakla_moship.wav
14.6773 	EXP 	Sound  started
14.6945 	EXP 	Set  sound=soundfiles/barsu_doakla_moship.wav
14.6945 	EXP 	Sound  started
14.7109 	DATA 	Mouse: Left button down, pos=(968,878)
14.7120 	EXP 	Set  sound=bad.wav
14.7121 	EXP 	Set  sound=soundfiles/barsu_doakla_moship.wav
14.7121 	EXP 	Sound  started
14.7131 	EXP 	New trial (rep=0, index=2): {'receivertwo': u'ref', 'soundverb': u'doakla', 'verbtwo': u'headbutt', 'welcometext': u'hello welcome to the lab. You will be watching videos that will teach us something"', 'actor': u'bandit', 'verb': u'rock', 'receiver': u'ref', 'soundreceiver': u'barsu', 'correct': 2, 'soundactor': u'kyse', 'actortwo': u'bandit'}
14.7273 	EXP 	MovieStim: autoDraw = None
14.7273 	EXP 	MovieStim: autoDraw = None
14.7273 	EXP 	TextStim: autoDraw = None
14.7273 	EXP 	ImageStim: autoDraw = None
15.0181 	DATA 	Mouse: Left button up, pos=(968,878)
15.2957 	DATA 	Mouse: Left button down, pos=(968,878)
15.4285 	DATA 	Mouse: Left button up, pos=(968,878)
15.7632 	EXP 	Set  sound=soundfiles/kyse_barsu_doakla.wav
15.7632 	EXP 	Sound  started
16.2952 	EXP 	TextStim: autoDraw = None
16.2952 	EXP 	ImageStim: autoDraw = None
16.2952 	EXP 	MovieStim: autoLog = None
16.2952 	EXP 	MovieStim: units = None
16.2952 	EXP 	Set movie movie=videos/bandit_ref_rock.avi
16.2952 	EXP 	MovieStim: pos = None
16.2952 	EXP 	MovieStim: depth = None
16.2952 	EXP 	MovieStim: colorSpace = None
16.2952 	EXP 	MovieStim: opacity = None
16.2952 	EXP 	MovieStim: size = None
16.2952 	EXP 	MovieStim: ori = None
16.2952 	EXP 	MovieStim: autoLog = None
16.2952 	EXP 	MovieStim: units = None
16.2952 	EXP 	Set movie movie=videos/bandit_ref_headbutt.avi
16.2952 	EXP 	MovieStim: pos = None
16.2952 	EXP 	MovieStim: depth = None
16.2952 	EXP 	MovieStim: colorSpace = None
16.2952 	EXP 	MovieStim: opacity = None
16.2952 	EXP 	MovieStim: size = None
16.2952 	EXP 	MovieStim: ori = None
16.2952 	EXP 	MovieStim: autoDraw = None
16.2952 	EXP 	MovieStim: autoDraw = None
16.2956 	EXP 	Set  sound=soundfiles/kyse_barsu_doakla.wav
16.2956 	EXP 	Sound  started
16.3124 	EXP 	Set  sound=soundfiles/kyse_barsu_doakla.wav
16.3124 	EXP 	Sound  started
16.3288 	EXP 	Set  sound=soundfiles/kyse_barsu_doakla.wav
16.3288 	EXP 	Sound  started
16.3458 	EXP 	Set  sound=soundfiles/kyse_barsu_doakla.wav
16.3458 	EXP 	Sound  started
16.3623 	EXP 	Set  sound=soundfiles/kyse_barsu_doakla.wav
16.3623 	EXP 	Sound  started
16.3790 	EXP 	Set  sound=soundfiles/kyse_barsu_doakla.wav
16.3791 	EXP 	Sound  started
16.3955 	EXP 	Set  sound=soundfiles/kyse_barsu_doakla.wav
16.3956 	EXP 	Sound  started
16.4129 	EXP 	Set  sound=soundfiles/kyse_barsu_doakla.wav
16.4129 	EXP 	Sound  started
16.4292 	EXP 	Set  sound=soundfiles/kyse_barsu_doakla.wav
16.4292 	EXP 	Sound  started
16.4440 	EXP 	Set  sound=soundfiles/kyse_barsu_doakla.wav
16.4440 	EXP 	Sound  started
16.4612 	EXP 	Set  sound=soundfiles/kyse_barsu_doakla.wav
16.4612 	EXP 	Sound  started
16.4780 	EXP 	Set  sound=soundfiles/kyse_barsu_doakla.wav
16.4780 	EXP 	Sound  started
16.4941 	EXP 	Set  sound=soundfiles/kyse_barsu_doakla.wav
16.4941 	EXP 	Sound  started
16.5113 	EXP 	Set  sound=soundfiles/kyse_barsu_doakla.wav
16.5113 	EXP 	Sound  started
16.5275 	EXP 	Set  sound=soundfiles/kyse_barsu_doakla.wav
16.5275 	EXP 	Sound  started
16.5443 	EXP 	Set  sound=soundfiles/kyse_barsu_doakla.wav
16.5443 	EXP 	Sound  started
16.5779 	EXP 	Set  sound=soundfiles/kyse_barsu_doakla.wav
16.5779 	EXP 	Sound  started
16.5944 	EXP 	Set  sound=soundfiles/kyse_barsu_doakla.wav
16.5944 	EXP 	Sound  started
16.6113 	EXP 	Set  sound=soundfiles/kyse_barsu_doakla.wav
16.6113 	EXP 	Sound  started
16.6273 	EXP 	Set  sound=soundfiles/kyse_barsu_doakla.wav
16.6273 	EXP 	Sound  started
16.6446 	EXP 	Set  sound=soundfiles/kyse_barsu_doakla.wav
16.6446 	EXP 	Sound  started
16.6607 	EXP 	Set  sound=soundfiles/kyse_barsu_doakla.wav
16.6607 	EXP 	Sound  started
16.6775 	EXP 	Set  sound=soundfiles/kyse_barsu_doakla.wav
16.6775 	EXP 	Sound  started
16.6945 	EXP 	Set  sound=soundfiles/kyse_barsu_doakla.wav
16.6945 	EXP 	Sound  started
16.7113 	EXP 	Set  sound=soundfiles/kyse_barsu_doakla.wav
16.7113 	EXP 	Sound  started
16.7273 	EXP 	Set  sound=soundfiles/kyse_barsu_doakla.wav
16.7273 	EXP 	Sound  started
16.7446 	EXP 	Set  sound=soundfiles/kyse_barsu_doakla.wav
16.7446 	EXP 	Sound  started
16.7606 	EXP 	Set  sound=soundfiles/kyse_barsu_doakla.wav
16.7606 	EXP 	Sound  started
16.7781 	EXP 	Set  sound=soundfiles/kyse_barsu_doakla.wav
16.7781 	EXP 	Sound  started
16.7941 	EXP 	Set  sound=soundfiles/kyse_barsu_doakla.wav
16.7941 	EXP 	Sound  started
16.8113 	EXP 	Set  sound=soundfiles/kyse_barsu_doakla.wav
16.8114 	EXP 	Sound  started
16.8274 	EXP 	Set  sound=soundfiles/kyse_barsu_doakla.wav
16.8274 	EXP 	Sound  started
16.8446 	EXP 	Set  sound=soundfiles/kyse_barsu_doakla.wav
16.8446 	EXP 	Sound  started
16.8606 	EXP 	Set  sound=soundfiles/kyse_barsu_doakla.wav
16.8606 	EXP 	Sound  started
16.8776 	EXP 	Set  sound=soundfiles/kyse_barsu_doakla.wav
16.8777 	EXP 	Sound  started
16.8942 	EXP 	Set  sound=soundfiles/kyse_barsu_doakla.wav
16.8942 	EXP 	Sound  started
16.9116 	EXP 	Set  sound=soundfiles/kyse_barsu_doakla.wav
16.9116 	EXP 	Sound  started
16.9275 	EXP 	Set  sound=soundfiles/kyse_barsu_doakla.wav
16.9275 	EXP 	Sound  started
16.9448 	EXP 	Set  sound=soundfiles/kyse_barsu_doakla.wav
16.9449 	EXP 	Sound  started
16.9782 	EXP 	Set  sound=soundfiles/kyse_barsu_doakla.wav
16.9782 	EXP 	Sound  started
16.9945 	EXP 	Set  sound=soundfiles/kyse_barsu_doakla.wav
16.9945 	EXP 	Sound  started
17.0116 	EXP 	Set  sound=soundfiles/kyse_barsu_doakla.wav
17.0116 	EXP 	Sound  started
17.0275 	EXP 	Set  sound=soundfiles/kyse_barsu_doakla.wav
17.0275 	EXP 	Sound  started
17.0451 	EXP 	Set  sound=soundfiles/kyse_barsu_doakla.wav
17.0452 	EXP 	Sound  started
17.0610 	EXP 	Set  sound=soundfiles/kyse_barsu_doakla.wav
17.0610 	EXP 	Sound  started
17.0784 	EXP 	Set  sound=soundfiles/kyse_barsu_doakla.wav
17.0784 	EXP 	Sound  started
17.0944 	EXP 	Set  sound=soundfiles/kyse_barsu_doakla.wav
17.0945 	EXP 	Sound  started
17.1119 	EXP 	Set  sound=soundfiles/kyse_barsu_doakla.wav
17.1119 	EXP 	Sound  started
17.1279 	EXP 	Set  sound=soundfiles/kyse_barsu_doakla.wav
17.1279 	EXP 	Sound  started
17.1444 	EXP 	Set  sound=soundfiles/kyse_barsu_doakla.wav
17.1444 	EXP 	Sound  started
17.1612 	EXP 	Set  sound=soundfiles/kyse_barsu_doakla.wav
17.1612 	EXP 	Sound  started
17.1786 	EXP 	Set  sound=soundfiles/kyse_barsu_doakla.wav
17.1787 	EXP 	Sound  started
17.1944 	EXP 	Set  sound=soundfiles/kyse_barsu_doakla.wav
17.1944 	EXP 	Sound  started
17.2118 	EXP 	Set  sound=soundfiles/kyse_barsu_doakla.wav
17.2119 	EXP 	Sound  started
17.2280 	EXP 	Set  sound=soundfiles/kyse_barsu_doakla.wav
17.2280 	EXP 	Sound  started
17.2440 	EXP 	Set  sound=soundfiles/kyse_barsu_doakla.wav
17.2441 	EXP 	Sound  started
17.2608 	EXP 	Set  sound=soundfiles/kyse_barsu_doakla.wav
17.2608 	EXP 	Sound  started
17.2786 	EXP 	Set  sound=soundfiles/kyse_barsu_doakla.wav
17.2787 	EXP 	Sound  started
17.2947 	EXP 	Set  sound=soundfiles/kyse_barsu_doakla.wav
17.2948 	EXP 	Sound  started
17.3108 	EXP 	Set  sound=soundfiles/kyse_barsu_doakla.wav
17.3108 	EXP 	Sound  started
17.3281 	EXP 	Set  sound=soundfiles/kyse_barsu_doakla.wav
17.3281 	EXP 	Sound  started
17.3451 	EXP 	Set  sound=soundfiles/kyse_barsu_doakla.wav
17.3451 	EXP 	Sound  started
17.3779 	EXP 	Set  sound=soundfiles/kyse_barsu_doakla.wav
17.3779 	EXP 	Sound  started
17.3947 	EXP 	Set  sound=soundfiles/kyse_barsu_doakla.wav
17.3947 	EXP 	Sound  started
17.4108 	EXP 	Set  sound=soundfiles/kyse_barsu_doakla.wav
17.4108 	EXP 	Sound  started
17.4283 	EXP 	Set  sound=soundfiles/kyse_barsu_doakla.wav
17.4283 	EXP 	Sound  started
17.4443 	EXP 	Set  sound=soundfiles/kyse_barsu_doakla.wav
17.4444 	EXP 	Sound  started
17.4615 	EXP 	Set movie finished
17.4617 	EXP 	Set  sound=soundfiles/kyse_barsu_doakla.wav
17.4617 	EXP 	Sound  started
17.4774 	EXP 	Set movie paused
17.4777 	EXP 	Set  sound=soundfiles/kyse_barsu_doakla.wav
17.4777 	EXP 	Sound  started
17.4943 	EXP 	Set  sound=soundfiles/kyse_barsu_doakla.wav
17.4944 	EXP 	Sound  started
17.5111 	EXP 	Set  sound=soundfiles/kyse_barsu_doakla.wav
17.5111 	EXP 	Sound  started
17.5284 	EXP 	Set  sound=soundfiles/kyse_barsu_doakla.wav
17.5284 	EXP 	Sound  started
17.5444 	EXP 	Set  sound=soundfiles/kyse_barsu_doakla.wav
17.5445 	EXP 	Sound  started
17.5619 	EXP 	Set  sound=soundfiles/kyse_barsu_doakla.wav
17.5619 	EXP 	Sound  started
17.5779 	EXP 	Set  sound=soundfiles/kyse_barsu_doakla.wav
17.5779 	EXP 	Sound  started
17.5952 	EXP 	Set  sound=soundfiles/kyse_barsu_doakla.wav
17.5952 	EXP 	Sound  started
17.6111 	EXP 	Set  sound=soundfiles/kyse_barsu_doakla.wav
17.6111 	EXP 	Sound  started
17.6286 	EXP 	Set  sound=soundfiles/kyse_barsu_doakla.wav
17.6286 	EXP 	Sound  started
17.6451 	DATA 	Mouse: Left button down, pos=(968,878)
17.6461 	EXP 	Set  sound=bad.wav
17.6462 	EXP 	Set  sound=soundfiles/kyse_barsu_doakla.wav
17.6462 	EXP 	Sound  started
17.7001 	EXP 	Imported images.csv as conditions, 5 conditions, 4 params
17.7004 	EXP 	Created sequence: sequential, trialTypes=5, nReps=1, seed=None
17.7016 	EXP 	New trial (rep=0, index=0): {'color': u'Red', 'verb': u'On', 'names': u'mountie', 'object': u'Stool'}
17.7283 	EXP 	MovieStim: autoDraw = None
17.7283 	EXP 	MovieStim: autoDraw = None
17.7283 	EXP 	Set image_2 image=images/mountieOnRedStool.png
17.7283 	EXP 	ImageStim: autoDraw = None
17.7624 	DATA 	Mouse: Left button up, pos=(968,878)
18.3462 	DATA 	Mouse: Left button down, pos=(968,878)
18.3475 	EXP 	New trial (rep=0, index=1): {'color': u'Red', 'verb': u'With', 'names': u'hunter', 'object': u'Stool'}
18.4288 	EXP 	ImageStim: autoDraw = None
18.4288 	EXP 	Set image_2 image=images/hunterWithRedStool.png
18.4288 	EXP 	ImageStim: autoDraw = None
18.4789 	DATA 	Mouse: Left button up, pos=(968,878)
18.7141 	DATA 	Mouse: Left button down, pos=(968,878)
18.7151 	EXP 	New trial (rep=0, index=2): {'color': u'Red', 'verb': u'On', 'names': u'hunter', 'object': u'Stool'}
18.7471 	EXP 	ImageStim: autoDraw = None
18.7471 	EXP 	Set image_2 image=images/hunterOnRedStool.png
18.7471 	EXP 	ImageStim: autoDraw = None
18.8310 	DATA 	Mouse: Left button up, pos=(968,878)
19.0142 	DATA 	Mouse: Left button down, pos=(968,878)
19.0152 	EXP 	New trial (rep=0, index=3): {'color': u'Blue', 'verb': u'Nextto', 'names': u'hunter', 'object': u'Stool'}
19.0476 	EXP 	ImageStim: autoDraw = None
19.0476 	EXP 	Set image_2 image=images/hunterNexttoBlueStool.png
19.0476 	EXP 	ImageStim: autoDraw = None
19.1313 	DATA 	Mouse: Left button up, pos=(968,878)
19.3145 	DATA 	Mouse: Left button down, pos=(968,878)
19.3154 	EXP 	New trial (rep=0, index=4): {'color': u'Red', 'verb': u'On', 'names': u'mountie', 'object': u'Skateboard'}
19.3285 	EXP 	ImageStim: autoDraw = None
19.3285 	EXP 	Set image_2 image=images/mountieOnRedSkateboard.png
19.3285 	EXP 	ImageStim: autoDraw = None
19.4312 	DATA 	Mouse: Left button up, pos=(968,878)
19.6154 	DATA 	Mouse: Left button down, pos=(968,878)
