2.2728 	EXP 	Imported test.csv as conditions, 3 conditions, 3 params
2.2731 	EXP 	Created sequence: sequential, trialTypes=3, nReps=5, seed=None
2.2994 	EXP 	New trial (rep=0, index=0): {'verb': u'headbutt', 'actor': u'bandit', 'reciever': u'chef'}
2.3459 	EXP 	MovieStim: autoLog = None
2.3459 	EXP 	MovieStim: units = None
2.3459 	EXP 	Set movie movie=videos/bandit_chef_headbutt.avi
2.3459 	EXP 	MovieStim: pos = None
2.3459 	EXP 	MovieStim: depth = None
2.3459 	EXP 	MovieStim: colorSpace = None
2.3459 	EXP 	MovieStim: opacity = None
2.3459 	EXP 	MovieStim: size = None
2.3459 	EXP 	MovieStim: ori = None
2.3459 	EXP 	MovieStim: autoLog = None
2.3459 	EXP 	MovieStim: units = None
2.3459 	EXP 	Set movie_2 movie=videos/bandit_chef_headbutt.avi
2.3459 	EXP 	MovieStim: pos = None
2.3459 	EXP 	MovieStim: depth = None
2.3459 	EXP 	MovieStim: colorSpace = None
2.3459 	EXP 	MovieStim: opacity = None
2.3459 	EXP 	MovieStim: size = None
2.3459 	EXP 	MovieStim: ori = None
2.3459 	EXP 	MovieStim: autoDraw = None
2.3459 	EXP 	MovieStim: autoDraw = None
7.1336 	DATA 	Keypress: right
7.3348 	EXP 	Set movie finished
7.3348 	EXP 	Set movie_2 finished
