1.9946 	WARNING 	User requested fullscreen with size [2560 1700], but screen is actually [2560, 1440]. Using actual size
2.8712 	EXP 	Imported test.csv as conditions, 3 conditions, 10 params
2.8715 	EXP 	Created sequence: sequential, trialTypes=3, nReps=1, seed=None
2.9311 	EXP 	New trial (rep=0, index=0): {'receivertwo': u'hunter', 'soundverb': u'forp', 'verbtwo': u'rock', 'actor': u'bandit', 'verb': u'headbutt', 'receiver': u'chef', 'soundreceiver': u'doakla', 'correct': 1, 'soundactor': u'barsu', 'actortwo': u'bandit'}
2.9983 	EXP 	Set  sound=soundfiles/barsu_doakla_forp.wav
2.9983 	EXP 	Sound  started
3.5357 	EXP 	ImageStim: autoLog = None
3.5357 	EXP 	ImageStim: units = None
3.5357 	EXP 	ImageStim: useShaders = None
3.5357 	EXP 	ImageStim: size = None
3.5357 	EXP 	ImageStim: pos = None
3.5357 	EXP 	ImageStim: ori = None
3.5357 	EXP 	ImageStim: depth = None
3.5357 	EXP 	ImageStim: contrast = None
3.5357 	EXP 	ImageStim: opacity = None
3.5357 	EXP 	MovieStim: autoLog = None
3.5357 	EXP 	MovieStim: units = None
3.5357 	EXP 	Set movie movie=videos/bandit_chef_headbutt.avi
3.5357 	EXP 	MovieStim: pos = None
3.5357 	EXP 	MovieStim: depth = None
3.5357 	EXP 	MovieStim: colorSpace = None
3.5357 	EXP 	MovieStim: opacity = None
3.5357 	EXP 	MovieStim: size = None
3.5357 	EXP 	MovieStim: ori = None
3.5357 	EXP 	MovieStim: autoLog = None
3.5357 	EXP 	MovieStim: units = None
3.5357 	EXP 	Set movie movie=videos/bandit_hunter_rock.avi
3.5357 	EXP 	MovieStim: pos = None
3.5357 	EXP 	MovieStim: depth = None
3.5357 	EXP 	MovieStim: colorSpace = None
3.5357 	EXP 	MovieStim: opacity = None
3.5357 	EXP 	MovieStim: size = None
3.5357 	EXP 	MovieStim: ori = None
3.5357 	EXP 	MovieStim: autoDraw = None
3.5357 	EXP 	MovieStim: autoDraw = None
3.5360 	EXP 	Set  sound=soundfiles/barsu_doakla_forp.wav
3.5360 	EXP 	Sound  started
3.5677 	EXP 	Set  sound=soundfiles/barsu_doakla_forp.wav
3.5677 	EXP 	Sound  started
3.5839 	EXP 	Set  sound=soundfiles/barsu_doakla_forp.wav
3.5839 	EXP 	Sound  started
3.6005 	EXP 	Set  sound=soundfiles/barsu_doakla_forp.wav
3.6005 	EXP 	Sound  started
3.6172 	EXP 	Set  sound=soundfiles/barsu_doakla_forp.wav
3.6173 	EXP 	Sound  started
3.6344 	EXP 	Set  sound=soundfiles/barsu_doakla_forp.wav
3.6344 	EXP 	Sound  started
3.6506 	EXP 	Set  sound=soundfiles/barsu_doakla_forp.wav
3.6506 	EXP 	Sound  started
3.6677 	EXP 	Set  sound=soundfiles/barsu_doakla_forp.wav
3.6677 	EXP 	Sound  started
3.6838 	EXP 	Set  sound=soundfiles/barsu_doakla_forp.wav
3.6838 	EXP 	Sound  started
3.7009 	EXP 	Set  sound=soundfiles/barsu_doakla_forp.wav
3.7009 	EXP 	Sound  started
3.7172 	EXP 	Set  sound=soundfiles/barsu_doakla_forp.wav
3.7172 	EXP 	Sound  started
3.7344 	EXP 	Set  sound=soundfiles/barsu_doakla_forp.wav
3.7344 	EXP 	Sound  started
3.7674 	EXP 	Set  sound=soundfiles/barsu_doakla_forp.wav
3.7674 	EXP 	Sound  started
3.7846 	EXP 	Set  sound=soundfiles/barsu_doakla_forp.wav
3.7846 	EXP 	Sound  started
3.8008 	EXP 	Set  sound=soundfiles/barsu_doakla_forp.wav
3.8008 	EXP 	Sound  started
3.8161 	EXP 	Set  sound=soundfiles/barsu_doakla_forp.wav
3.8161 	EXP 	Sound  started
3.8331 	EXP 	Set  sound=soundfiles/barsu_doakla_forp.wav
3.8331 	EXP 	Sound  started
3.8498 	EXP 	Set  sound=soundfiles/barsu_doakla_forp.wav
3.8499 	EXP 	Sound  started
3.8659 	EXP 	Set  sound=soundfiles/barsu_doakla_forp.wav
3.8660 	EXP 	Sound  started
3.8832 	EXP 	Set  sound=soundfiles/barsu_doakla_forp.wav
3.8832 	EXP 	Sound  started
3.8993 	EXP 	Set  sound=soundfiles/barsu_doakla_forp.wav
3.8994 	EXP 	Sound  started
3.9162 	EXP 	Set  sound=soundfiles/barsu_doakla_forp.wav
3.9162 	EXP 	Sound  started
3.9333 	EXP 	Set  sound=soundfiles/barsu_doakla_forp.wav
3.9333 	EXP 	Sound  started
3.9495 	EXP 	Set  sound=soundfiles/barsu_doakla_forp.wav
3.9495 	EXP 	Sound  started
3.9665 	EXP 	Set  sound=soundfiles/barsu_doakla_forp.wav
3.9665 	EXP 	Sound  started
3.9833 	EXP 	Set  sound=soundfiles/barsu_doakla_forp.wav
3.9833 	EXP 	Sound  started
3.9994 	EXP 	Set  sound=soundfiles/barsu_doakla_forp.wav
3.9994 	EXP 	Sound  started
4.0165 	EXP 	Set  sound=soundfiles/barsu_doakla_forp.wav
4.0166 	EXP 	Sound  started
4.0327 	EXP 	Set  sound=soundfiles/barsu_doakla_forp.wav
4.0327 	EXP 	Sound  started
4.0496 	EXP 	Set  sound=soundfiles/barsu_doakla_forp.wav
4.0496 	EXP 	Sound  started
4.0667 	EXP 	Set  sound=soundfiles/barsu_doakla_forp.wav
4.0667 	EXP 	Sound  started
4.0830 	EXP 	Set  sound=soundfiles/barsu_doakla_forp.wav
4.0830 	EXP 	Sound  started
4.1000 	EXP 	Set  sound=soundfiles/barsu_doakla_forp.wav
4.1000 	EXP 	Sound  started
4.1167 	EXP 	Set  sound=soundfiles/barsu_doakla_forp.wav
4.1167 	EXP 	Sound  started
4.1326 	EXP 	Set  sound=soundfiles/barsu_doakla_forp.wav
4.1326 	EXP 	Sound  started
4.1492 	EXP 	Set  sound=soundfiles/barsu_doakla_forp.wav
4.1492 	EXP 	Sound  started
4.1661 	EXP 	Set  sound=soundfiles/barsu_doakla_forp.wav
4.1661 	EXP 	Sound  started
4.1827 	EXP 	Set  sound=soundfiles/barsu_doakla_forp.wav
4.1827 	EXP 	Sound  started
4.1993 	EXP 	Set  sound=soundfiles/barsu_doakla_forp.wav
4.1993 	EXP 	Sound  started
4.2162 	EXP 	Set  sound=soundfiles/barsu_doakla_forp.wav
4.2162 	EXP 	Sound  started
4.2326 	EXP 	Set  sound=soundfiles/barsu_doakla_forp.wav
4.2326 	EXP 	Sound  started
4.2493 	EXP 	Set  sound=soundfiles/barsu_doakla_forp.wav
4.2493 	EXP 	Sound  started
4.2660 	EXP 	Set  sound=soundfiles/barsu_doakla_forp.wav
4.2660 	EXP 	Sound  started
4.2828 	EXP 	Set  sound=soundfiles/barsu_doakla_forp.wav
4.2829 	EXP 	Sound  started
4.2995 	EXP 	Set  sound=soundfiles/barsu_doakla_forp.wav
4.2995 	EXP 	Sound  started
4.3163 	EXP 	Set  sound=soundfiles/barsu_doakla_forp.wav
4.3163 	EXP 	Sound  started
4.3327 	EXP 	Set  sound=soundfiles/barsu_doakla_forp.wav
4.3327 	EXP 	Sound  started
4.3496 	EXP 	Set  sound=soundfiles/barsu_doakla_forp.wav
4.3496 	EXP 	Sound  started
4.3670 	EXP 	Set  sound=soundfiles/barsu_doakla_forp.wav
4.3670 	EXP 	Sound  started
4.3827 	EXP 	Set  sound=soundfiles/barsu_doakla_forp.wav
4.3827 	EXP 	Sound  started
4.4001 	EXP 	Set  sound=soundfiles/barsu_doakla_forp.wav
4.4001 	EXP 	Sound  started
4.4170 	EXP 	Set  sound=soundfiles/barsu_doakla_forp.wav
4.4170 	EXP 	Sound  started
4.4333 	EXP 	Set  sound=soundfiles/barsu_doakla_forp.wav
4.4334 	EXP 	Sound  started
4.4502 	EXP 	Set  sound=soundfiles/barsu_doakla_forp.wav
4.4502 	EXP 	Sound  started
4.4666 	EXP 	Set  sound=soundfiles/barsu_doakla_forp.wav
4.4666 	EXP 	Sound  started
4.4831 	EXP 	Set  sound=soundfiles/barsu_doakla_forp.wav
4.4831 	EXP 	Sound  started
4.4995 	EXP 	Set  sound=soundfiles/barsu_doakla_forp.wav
4.4995 	EXP 	Sound  started
4.5163 	EXP 	Set  sound=soundfiles/barsu_doakla_forp.wav
4.5163 	EXP 	Sound  started
4.5339 	EXP 	Set  sound=soundfiles/barsu_doakla_forp.wav
4.5339 	EXP 	Sound  started
4.5502 	EXP 	Set  sound=soundfiles/barsu_doakla_forp.wav
4.5502 	EXP 	Sound  started
4.5669 	EXP 	Set  sound=soundfiles/barsu_doakla_forp.wav
4.5669 	EXP 	Sound  started
4.5838 	EXP 	Set  sound=soundfiles/barsu_doakla_forp.wav
4.5838 	EXP 	Sound  started
4.5997 	EXP 	Set  sound=soundfiles/barsu_doakla_forp.wav
4.5997 	EXP 	Sound  started
4.6164 	EXP 	Set  sound=soundfiles/barsu_doakla_forp.wav
4.6164 	EXP 	Sound  started
4.6338 	EXP 	Set  sound=soundfiles/barsu_doakla_forp.wav
4.6338 	EXP 	Sound  started
4.6497 	EXP 	Set  sound=soundfiles/barsu_doakla_forp.wav
4.6497 	EXP 	Sound  started
4.6665 	EXP 	Set  sound=soundfiles/barsu_doakla_forp.wav
4.6665 	EXP 	Sound  started
4.6839 	EXP 	Set  sound=soundfiles/barsu_doakla_forp.wav
4.6839 	EXP 	Sound  started
4.6995 	EXP 	Set movie finished
4.6998 	EXP 	Set  sound=soundfiles/barsu_doakla_forp.wav
4.6998 	EXP 	Sound  started
4.7163 	EXP 	Set movie paused
4.7166 	EXP 	Set  sound=soundfiles/barsu_doakla_forp.wav
4.7166 	EXP 	Sound  started
4.7335 	EXP 	Set  sound=soundfiles/barsu_doakla_forp.wav
4.7335 	EXP 	Sound  started
4.7499 	EXP 	Set  sound=soundfiles/barsu_doakla_forp.wav
4.7499 	EXP 	Sound  started
4.7668 	EXP 	Set  sound=soundfiles/barsu_doakla_forp.wav
4.7668 	EXP 	Sound  started
4.7837 	EXP 	Set  sound=soundfiles/barsu_doakla_forp.wav
4.7837 	EXP 	Sound  started
4.8006 	EXP 	Set  sound=soundfiles/barsu_doakla_forp.wav
4.8006 	EXP 	Sound  started
4.8169 	EXP 	Set  sound=soundfiles/barsu_doakla_forp.wav
4.8169 	EXP 	Sound  started
4.8336 	EXP 	Set  sound=soundfiles/barsu_doakla_forp.wav
4.8337 	EXP 	Sound  started
4.8505 	EXP 	Set  sound=soundfiles/barsu_doakla_forp.wav
4.8505 	EXP 	Sound  started
4.8674 	EXP 	Set  sound=soundfiles/barsu_doakla_forp.wav
4.8674 	EXP 	Sound  started
4.8837 	EXP 	Set  sound=soundfiles/barsu_doakla_forp.wav
4.8837 	EXP 	Sound  started
4.9003 	EXP 	Set  sound=soundfiles/barsu_doakla_forp.wav
4.9004 	EXP 	Sound  started
4.9171 	EXP 	Set  sound=soundfiles/barsu_doakla_forp.wav
4.9171 	EXP 	Sound  started
4.9340 	EXP 	Set  sound=soundfiles/barsu_doakla_forp.wav
4.9340 	EXP 	Sound  started
4.9498 	EXP 	Set  sound=soundfiles/barsu_doakla_forp.wav
4.9498 	EXP 	Sound  started
4.9667 	EXP 	Set  sound=soundfiles/barsu_doakla_forp.wav
4.9667 	EXP 	Sound  started
4.9834 	EXP 	Set movie finished
4.9837 	EXP 	Set  sound=soundfiles/barsu_doakla_forp.wav
4.9837 	EXP 	Sound  started
5.0003 	EXP 	Set movie paused
5.0006 	EXP 	Set  sound=soundfiles/barsu_doakla_forp.wav
5.0006 	EXP 	Sound  started
5.0167 	EXP 	Set  sound=soundfiles/barsu_doakla_forp.wav
5.0167 	EXP 	Sound  started
5.0334 	EXP 	Set  sound=soundfiles/barsu_doakla_forp.wav
5.0334 	EXP 	Sound  started
5.0502 	EXP 	Set  sound=soundfiles/barsu_doakla_forp.wav
5.0502 	EXP 	Sound  started
5.0674 	EXP 	Set  sound=soundfiles/barsu_doakla_forp.wav
5.0674 	EXP 	Sound  started
5.0843 	EXP 	Set  sound=soundfiles/barsu_doakla_forp.wav
5.0843 	EXP 	Sound  started
5.1001 	EXP 	Set  sound=soundfiles/barsu_doakla_forp.wav
5.1001 	EXP 	Sound  started
5.1168 	EXP 	Set  sound=soundfiles/barsu_doakla_forp.wav
5.1168 	EXP 	Sound  started
5.1337 	EXP 	Set  sound=soundfiles/barsu_doakla_forp.wav
5.1337 	EXP 	Sound  started
5.1505 	EXP 	Set  sound=soundfiles/barsu_doakla_forp.wav
5.1505 	EXP 	Sound  started
5.1674 	EXP 	Set  sound=soundfiles/barsu_doakla_forp.wav
5.1674 	EXP 	Sound  started
5.1842 	EXP 	Set  sound=soundfiles/barsu_doakla_forp.wav
5.1842 	EXP 	Sound  started
5.2001 	EXP 	Set  sound=soundfiles/barsu_doakla_forp.wav
5.2001 	EXP 	Sound  started
5.2168 	EXP 	Set  sound=soundfiles/barsu_doakla_forp.wav
5.2169 	EXP 	Sound  started
5.2337 	EXP 	Set  sound=soundfiles/barsu_doakla_forp.wav
5.2337 	EXP 	Sound  started
5.2505 	EXP 	Set  sound=soundfiles/barsu_doakla_forp.wav
5.2505 	EXP 	Sound  started
5.2673 	EXP 	Set  sound=soundfiles/barsu_doakla_forp.wav
5.2673 	EXP 	Sound  started
5.2834 	EXP 	Set  sound=soundfiles/barsu_doakla_forp.wav
5.2835 	EXP 	Sound  started
5.3004 	EXP 	Set  sound=soundfiles/barsu_doakla_forp.wav
5.3004 	EXP 	Sound  started
5.3173 	EXP 	Set  sound=soundfiles/barsu_doakla_forp.wav
5.3173 	EXP 	Sound  started
5.3345 	EXP 	Set  sound=soundfiles/barsu_doakla_forp.wav
5.3345 	EXP 	Sound  started
5.3504 	EXP 	Set  sound=soundfiles/barsu_doakla_forp.wav
5.3504 	EXP 	Sound  started
5.3673 	EXP 	Set  sound=soundfiles/barsu_doakla_forp.wav
5.3673 	EXP 	Sound  started
5.3841 	EXP 	Set  sound=soundfiles/barsu_doakla_forp.wav
5.3841 	EXP 	Sound  started
5.4009 	EXP 	Set  sound=soundfiles/barsu_doakla_forp.wav
5.4010 	EXP 	Sound  started
5.4177 	EXP 	Set  sound=soundfiles/barsu_doakla_forp.wav
5.4178 	EXP 	Sound  started
5.4336 	EXP 	Set  sound=soundfiles/barsu_doakla_forp.wav
5.4336 	EXP 	Sound  started
5.4503 	EXP 	Set  sound=soundfiles/barsu_doakla_forp.wav
5.4503 	EXP 	Sound  started
5.4672 	EXP 	Set  sound=soundfiles/barsu_doakla_forp.wav
5.4672 	EXP 	Sound  started
5.4837 	EXP 	Set  sound=soundfiles/barsu_doakla_forp.wav
5.4837 	EXP 	Sound  started
5.5005 	EXP 	Set  sound=soundfiles/barsu_doakla_forp.wav
5.5006 	EXP 	Sound  started
5.5175 	EXP 	Set  sound=soundfiles/barsu_doakla_forp.wav
5.5175 	EXP 	Sound  started
5.5337 	EXP 	Set  sound=soundfiles/barsu_doakla_forp.wav
5.5337 	EXP 	Sound  started
5.5505 	EXP 	Set  sound=soundfiles/barsu_doakla_forp.wav
5.5505 	EXP 	Sound  started
5.5673 	EXP 	Set  sound=soundfiles/barsu_doakla_forp.wav
5.5673 	EXP 	Sound  started
5.5840 	EXP 	Set  sound=soundfiles/barsu_doakla_forp.wav
5.5840 	EXP 	Sound  started
5.6012 	EXP 	Set  sound=soundfiles/barsu_doakla_forp.wav
5.6012 	EXP 	Sound  started
5.6180 	EXP 	Set  sound=soundfiles/barsu_doakla_forp.wav
5.6181 	EXP 	Sound  started
5.6355 	EXP 	Set  sound=soundfiles/barsu_doakla_forp.wav
5.6355 	EXP 	Sound  started
5.6529 	EXP 	Set  sound=soundfiles/barsu_doakla_forp.wav
5.6529 	EXP 	Sound  started
5.6695 	EXP 	Set  sound=soundfiles/barsu_doakla_forp.wav
5.6695 	EXP 	Sound  started
5.6856 	EXP 	Set  sound=soundfiles/barsu_doakla_forp.wav
5.6856 	EXP 	Sound  started
5.7028 	EXP 	Set  sound=soundfiles/barsu_doakla_forp.wav
5.7028 	EXP 	Sound  started
5.7189 	EXP 	Set  sound=soundfiles/barsu_doakla_forp.wav
5.7189 	EXP 	Sound  started
5.7361 	EXP 	Set  sound=soundfiles/barsu_doakla_forp.wav
5.7362 	EXP 	Sound  started
5.7523 	EXP 	Set  sound=soundfiles/barsu_doakla_forp.wav
5.7523 	EXP 	Sound  started
5.7695 	EXP 	Set  sound=soundfiles/barsu_doakla_forp.wav
5.7695 	EXP 	Sound  started
5.7857 	EXP 	Set  sound=soundfiles/barsu_doakla_forp.wav
5.7857 	EXP 	Sound  started
5.8028 	EXP 	Set  sound=soundfiles/barsu_doakla_forp.wav
5.8028 	EXP 	Sound  started
5.8190 	EXP 	Set  sound=soundfiles/barsu_doakla_forp.wav
5.8190 	EXP 	Sound  started
5.8357 	EXP 	Set  sound=soundfiles/barsu_doakla_forp.wav
5.8357 	EXP 	Sound  started
5.8524 	EXP 	Set  sound=soundfiles/barsu_doakla_forp.wav
5.8524 	EXP 	Sound  started
5.8698 	EXP 	Set  sound=soundfiles/barsu_doakla_forp.wav
5.8698 	EXP 	Sound  started
5.8860 	EXP 	Set  sound=soundfiles/barsu_doakla_forp.wav
5.8860 	EXP 	Sound  started
5.9023 	EXP 	Set  sound=soundfiles/barsu_doakla_forp.wav
5.9024 	EXP 	Sound  started
5.9194 	EXP 	Set  sound=soundfiles/barsu_doakla_forp.wav
5.9194 	EXP 	Sound  started
5.9358 	EXP 	Set  sound=soundfiles/barsu_doakla_forp.wav
5.9358 	EXP 	Sound  started
5.9528 	EXP 	Set  sound=soundfiles/barsu_doakla_forp.wav
5.9528 	EXP 	Sound  started
5.9692 	EXP 	Set  sound=soundfiles/barsu_doakla_forp.wav
5.9692 	EXP 	Sound  started
5.9863 	EXP 	Set  sound=soundfiles/barsu_doakla_forp.wav
5.9863 	EXP 	Sound  started
6.0027 	EXP 	Set  sound=soundfiles/barsu_doakla_forp.wav
6.0027 	EXP 	Sound  started
6.0191 	EXP 	Set  sound=soundfiles/barsu_doakla_forp.wav
6.0191 	EXP 	Sound  started
6.0363 	EXP 	Set  sound=soundfiles/barsu_doakla_forp.wav
6.0363 	EXP 	Sound  started
6.0532 	EXP 	Set  sound=soundfiles/barsu_doakla_forp.wav
6.0532 	EXP 	Sound  started
6.0694 	EXP 	Set  sound=soundfiles/barsu_doakla_forp.wav
6.0694 	EXP 	Sound  started
6.0866 	EXP 	Set  sound=soundfiles/barsu_doakla_forp.wav
6.0866 	EXP 	Sound  started
6.1028 	EXP 	Set  sound=soundfiles/barsu_doakla_forp.wav
6.1028 	EXP 	Sound  started
6.1193 	EXP 	Set  sound=soundfiles/barsu_doakla_forp.wav
6.1193 	EXP 	Sound  started
6.1358 	EXP 	Set  sound=soundfiles/barsu_doakla_forp.wav
6.1358 	EXP 	Sound  started
6.1529 	EXP 	Set  sound=soundfiles/barsu_doakla_forp.wav
6.1529 	EXP 	Sound  started
6.1693 	EXP 	Set  sound=soundfiles/barsu_doakla_forp.wav
6.1693 	EXP 	Sound  started
6.1864 	EXP 	Set  sound=soundfiles/barsu_doakla_forp.wav
6.1865 	EXP 	Sound  started
6.2028 	EXP 	Set  sound=soundfiles/barsu_doakla_forp.wav
6.2028 	EXP 	Sound  started
6.2194 	EXP 	Set  sound=soundfiles/barsu_doakla_forp.wav
6.2194 	EXP 	Sound  started
6.2365 	EXP 	Set  sound=soundfiles/barsu_doakla_forp.wav
6.2365 	EXP 	Sound  started
6.2528 	EXP 	Set  sound=soundfiles/barsu_doakla_forp.wav
6.2528 	EXP 	Sound  started
6.2702 	EXP 	Set  sound=soundfiles/barsu_doakla_forp.wav
6.2702 	EXP 	Sound  started
6.2865 	EXP 	Set  sound=soundfiles/barsu_doakla_forp.wav
6.2865 	EXP 	Sound  started
6.3031 	EXP 	Set  sound=soundfiles/barsu_doakla_forp.wav
6.3031 	EXP 	Sound  started
6.3199 	EXP 	Set  sound=soundfiles/barsu_doakla_forp.wav
6.3199 	EXP 	Sound  started
6.3363 	EXP 	Set  sound=soundfiles/barsu_doakla_forp.wav
6.3363 	EXP 	Sound  started
6.3527 	EXP 	Set  sound=soundfiles/barsu_doakla_forp.wav
6.3527 	EXP 	Sound  started
6.3705 	EXP 	Set  sound=soundfiles/barsu_doakla_forp.wav
6.3705 	EXP 	Sound  started
6.3867 	EXP 	Set  sound=soundfiles/barsu_doakla_forp.wav
6.3867 	EXP 	Sound  started
6.4035 	EXP 	Set  sound=soundfiles/barsu_doakla_forp.wav
6.4035 	EXP 	Sound  started
6.4198 	EXP 	Set  sound=soundfiles/barsu_doakla_forp.wav
6.4198 	EXP 	Sound  started
6.4368 	EXP 	Set  sound=soundfiles/barsu_doakla_forp.wav
6.4368 	EXP 	Sound  started
6.4533 	EXP 	Set  sound=soundfiles/barsu_doakla_forp.wav
6.4533 	EXP 	Sound  started
6.4700 	EXP 	Set  sound=soundfiles/barsu_doakla_forp.wav
6.4700 	EXP 	Sound  started
6.4867 	EXP 	Set  sound=soundfiles/barsu_doakla_forp.wav
6.4867 	EXP 	Sound  started
6.5028 	EXP 	Set  sound=soundfiles/barsu_doakla_forp.wav
6.5029 	EXP 	Sound  started
6.5201 	EXP 	Set  sound=soundfiles/barsu_doakla_forp.wav
6.5201 	EXP 	Sound  started
6.5363 	EXP 	Set  sound=soundfiles/barsu_doakla_forp.wav
6.5363 	EXP 	Sound  started
6.5530 	EXP 	Set  sound=soundfiles/barsu_doakla_forp.wav
6.5530 	EXP 	Sound  started
6.5701 	EXP 	Set  sound=soundfiles/barsu_doakla_forp.wav
6.5701 	EXP 	Sound  started
6.5862 	EXP 	Set  sound=soundfiles/barsu_doakla_forp.wav
6.5862 	EXP 	Sound  started
6.6038 	EXP 	Set  sound=soundfiles/barsu_doakla_forp.wav
6.6038 	EXP 	Sound  started
6.6200 	EXP 	Set  sound=soundfiles/barsu_doakla_forp.wav
6.6200 	EXP 	Sound  started
6.6364 	EXP 	Set  sound=soundfiles/barsu_doakla_forp.wav
6.6364 	EXP 	Sound  started
6.6535 	EXP 	Set  sound=soundfiles/barsu_doakla_forp.wav
6.6536 	EXP 	Sound  started
6.6697 	EXP 	Set  sound=soundfiles/barsu_doakla_forp.wav
6.6697 	EXP 	Sound  started
6.6869 	EXP 	Set  sound=soundfiles/barsu_doakla_forp.wav
6.6870 	EXP 	Sound  started
6.7031 	EXP 	Set  sound=soundfiles/barsu_doakla_forp.wav
6.7031 	EXP 	Sound  started
6.7200 	EXP 	Set  sound=soundfiles/barsu_doakla_forp.wav
6.7200 	EXP 	Sound  started
6.7364 	EXP 	Set  sound=soundfiles/barsu_doakla_forp.wav
6.7364 	EXP 	Sound  started
6.7535 	EXP 	Set  sound=soundfiles/barsu_doakla_forp.wav
6.7535 	EXP 	Sound  started
6.7698 	EXP 	Set  sound=soundfiles/barsu_doakla_forp.wav
6.7699 	EXP 	Sound  started
6.7870 	EXP 	Set  sound=soundfiles/barsu_doakla_forp.wav
6.7870 	EXP 	Sound  started
6.8032 	EXP 	Set  sound=soundfiles/barsu_doakla_forp.wav
6.8032 	EXP 	Sound  started
6.8203 	EXP 	Set  sound=soundfiles/barsu_doakla_forp.wav
6.8203 	EXP 	Sound  started
6.8366 	EXP 	Set  sound=soundfiles/barsu_doakla_forp.wav
6.8366 	EXP 	Sound  started
6.8538 	EXP 	Set  sound=soundfiles/barsu_doakla_forp.wav
6.8538 	EXP 	Sound  started
6.8699 	EXP 	Set  sound=soundfiles/barsu_doakla_forp.wav
6.8700 	EXP 	Sound  started
6.8867 	EXP 	Set  sound=soundfiles/barsu_doakla_forp.wav
6.8868 	EXP 	Sound  started
6.9031 	EXP 	Set  sound=soundfiles/barsu_doakla_forp.wav
6.9031 	EXP 	Sound  started
6.9205 	EXP 	Set  sound=soundfiles/barsu_doakla_forp.wav
6.9206 	EXP 	Sound  started
6.9365 	EXP 	Set  sound=soundfiles/barsu_doakla_forp.wav
6.9365 	EXP 	Sound  started
6.9540 	EXP 	Set  sound=soundfiles/barsu_doakla_forp.wav
6.9540 	EXP 	Sound  started
6.9705 	EXP 	Set  sound=soundfiles/barsu_doakla_forp.wav
6.9705 	EXP 	Sound  started
6.9868 	EXP 	Set  sound=soundfiles/barsu_doakla_forp.wav
6.9868 	EXP 	Sound  started
7.0038 	EXP 	Set  sound=soundfiles/barsu_doakla_forp.wav
7.0038 	EXP 	Sound  started
7.0202 	EXP 	Set  sound=soundfiles/barsu_doakla_forp.wav
7.0202 	EXP 	Sound  started
7.0369 	EXP 	Set  sound=soundfiles/barsu_doakla_forp.wav
7.0369 	EXP 	Sound  started
7.0541 	EXP 	Set  sound=soundfiles/barsu_doakla_forp.wav
7.0541 	EXP 	Sound  started
7.0706 	EXP 	Set  sound=soundfiles/barsu_doakla_forp.wav
7.0706 	EXP 	Sound  started
7.0869 	EXP 	Set  sound=soundfiles/barsu_doakla_forp.wav
7.0869 	EXP 	Sound  started
7.1038 	EXP 	Set  sound=soundfiles/barsu_doakla_forp.wav
7.1038 	EXP 	Sound  started
7.1202 	EXP 	Set  sound=soundfiles/barsu_doakla_forp.wav
7.1202 	EXP 	Sound  started
7.1377 	EXP 	Set  sound=soundfiles/barsu_doakla_forp.wav
7.1377 	EXP 	Sound  started
7.1539 	EXP 	Set  sound=soundfiles/barsu_doakla_forp.wav
7.1539 	EXP 	Sound  started
7.1705 	EXP 	Set  sound=soundfiles/barsu_doakla_forp.wav
7.1705 	EXP 	Sound  started
7.1874 	EXP 	Set  sound=soundfiles/barsu_doakla_forp.wav
7.1874 	EXP 	Sound  started
7.2041 	EXP 	Set  sound=soundfiles/barsu_doakla_forp.wav
7.2041 	EXP 	Sound  started
7.2211 	EXP 	Set  sound=soundfiles/barsu_doakla_forp.wav
7.2211 	EXP 	Sound  started
7.2379 	EXP 	Set  sound=soundfiles/barsu_doakla_forp.wav
7.2379 	EXP 	Sound  started
7.2542 	EXP 	Set  sound=soundfiles/barsu_doakla_forp.wav
7.2542 	EXP 	Sound  started
7.2707 	EXP 	Set  sound=soundfiles/barsu_doakla_forp.wav
7.2707 	EXP 	Sound  started
7.2877 	EXP 	Set  sound=soundfiles/barsu_doakla_forp.wav
7.2877 	EXP 	Sound  started
7.3038 	EXP 	Set  sound=soundfiles/barsu_doakla_forp.wav
7.3038 	EXP 	Sound  started
7.3209 	EXP 	Set  sound=soundfiles/barsu_doakla_forp.wav
7.3209 	EXP 	Sound  started
7.3372 	EXP 	Set  sound=soundfiles/barsu_doakla_forp.wav
7.3372 	EXP 	Sound  started
7.3539 	EXP 	Set  sound=soundfiles/barsu_doakla_forp.wav
7.3540 	EXP 	Sound  started
7.3707 	EXP 	Set  sound=soundfiles/barsu_doakla_forp.wav
7.3708 	EXP 	Sound  started
7.3869 	EXP 	Set  sound=soundfiles/barsu_doakla_forp.wav
7.3870 	EXP 	Sound  started
7.4036 	EXP 	Set  sound=soundfiles/barsu_doakla_forp.wav
7.4036 	EXP 	Sound  started
7.4206 	EXP 	Set  sound=soundfiles/barsu_doakla_forp.wav
7.4206 	EXP 	Sound  started
7.4370 	EXP 	Set  sound=soundfiles/barsu_doakla_forp.wav
7.4370 	EXP 	Sound  started
7.4541 	EXP 	Set  sound=soundfiles/barsu_doakla_forp.wav
7.4541 	EXP 	Sound  started
7.4704 	EXP 	Set  sound=soundfiles/barsu_doakla_forp.wav
7.4704 	EXP 	Sound  started
7.4873 	EXP 	Set  sound=soundfiles/barsu_doakla_forp.wav
7.4873 	EXP 	Sound  started
7.5037 	EXP 	Set  sound=soundfiles/barsu_doakla_forp.wav
7.5037 	EXP 	Sound  started
7.5204 	DATA 	Mouse: Left button down, pos=(1531,773)
8.3441 	DATA 	Mouse: Left button up, pos=(1531,773)
9.8478 	EXP 	Set  sound=C
9.8759 	EXP 	Set  sound=button.wav
9.8763 	EXP 	Set  sound=bad.wav
9.8764 	EXP 	Set  sound=soundfiles/barsu_doakla_forp.wav
9.8764 	EXP 	Sound  started
9.8777 	EXP 	New trial (rep=0, index=1): {'receivertwo': u'chef', 'soundverb': u'moship', 'verbtwo': u'knockover', 'actor': u'bandit', 'verb': u'knockover', 'receiver': u'hunter', 'soundreceiver': u'doakla', 'correct': 2, 'soundactor': u'barsu', 'actortwo': u'bandit'}
9.8843 	EXP 	Set  sound=soundfiles/barsu_doakla_moship.wav
9.8844 	EXP 	Sound  started
10.4058 	EXP 	MovieStim: autoDraw = None
10.4058 	EXP 	MovieStim: autoDraw = None
10.4058 	EXP 	MovieStim: autoLog = None
10.4058 	EXP 	MovieStim: units = None
10.4058 	EXP 	Set movie movie=videos/bandit_hunter_knockover.avi
10.4058 	EXP 	MovieStim: pos = None
10.4058 	EXP 	MovieStim: depth = None
10.4058 	EXP 	MovieStim: colorSpace = None
10.4058 	EXP 	MovieStim: opacity = None
10.4058 	EXP 	MovieStim: size = None
10.4058 	EXP 	MovieStim: ori = None
10.4058 	EXP 	MovieStim: autoLog = None
10.4058 	EXP 	MovieStim: units = None
10.4058 	EXP 	Set movie movie=videos/bandit_chef_knockover.avi
10.4058 	EXP 	MovieStim: pos = None
10.4058 	EXP 	MovieStim: depth = None
10.4058 	EXP 	MovieStim: colorSpace = None
10.4058 	EXP 	MovieStim: opacity = None
10.4058 	EXP 	MovieStim: size = None
10.4058 	EXP 	MovieStim: ori = None
10.4058 	EXP 	MovieStim: autoDraw = None
10.4058 	EXP 	MovieStim: autoDraw = None
10.4064 	EXP 	Set  sound=soundfiles/barsu_doakla_moship.wav
10.4064 	EXP 	Sound  started
10.4230 	EXP 	Set  sound=soundfiles/barsu_doakla_moship.wav
10.4230 	EXP 	Sound  started
10.4398 	EXP 	Set  sound=soundfiles/barsu_doakla_moship.wav
10.4399 	EXP 	Sound  started
10.4562 	EXP 	Set  sound=soundfiles/barsu_doakla_moship.wav
10.4562 	EXP 	Sound  started
10.4730 	EXP 	Set  sound=soundfiles/barsu_doakla_moship.wav
10.4731 	EXP 	Sound  started
10.4903 	EXP 	Set  sound=soundfiles/barsu_doakla_moship.wav
10.4904 	EXP 	Sound  started
10.5070 	EXP 	Set  sound=soundfiles/barsu_doakla_moship.wav
10.5070 	EXP 	Sound  started
10.5232 	EXP 	Set  sound=soundfiles/barsu_doakla_moship.wav
10.5233 	EXP 	Sound  started
10.5397 	EXP 	Set  sound=soundfiles/barsu_doakla_moship.wav
10.5397 	EXP 	Sound  started
10.5571 	EXP 	Set  sound=soundfiles/barsu_doakla_moship.wav
10.5572 	EXP 	Sound  started
10.5740 	EXP 	Set  sound=soundfiles/barsu_doakla_moship.wav
10.5740 	EXP 	Sound  started
10.5890 	EXP 	Set  sound=soundfiles/barsu_doakla_moship.wav
10.5890 	EXP 	Sound  started
10.6049 	EXP 	Set  sound=soundfiles/barsu_doakla_moship.wav
10.6049 	EXP 	Sound  started
10.6214 	EXP 	Set  sound=soundfiles/barsu_doakla_moship.wav
10.6214 	EXP 	Sound  started
10.6391 	EXP 	Set  sound=soundfiles/barsu_doakla_moship.wav
10.6391 	EXP 	Sound  started
10.6555 	EXP 	Set  sound=soundfiles/barsu_doakla_moship.wav
10.6555 	EXP 	Sound  started
10.6722 	EXP 	Set  sound=soundfiles/barsu_doakla_moship.wav
10.6722 	EXP 	Sound  started
10.6888 	EXP 	Set  sound=soundfiles/barsu_doakla_moship.wav
10.6888 	EXP 	Sound  started
10.7050 	EXP 	Set  sound=soundfiles/barsu_doakla_moship.wav
10.7050 	EXP 	Sound  started
10.7218 	EXP 	Set  sound=soundfiles/barsu_doakla_moship.wav
10.7218 	EXP 	Sound  started
10.7386 	EXP 	Set  sound=soundfiles/barsu_doakla_moship.wav
10.7386 	EXP 	Sound  started
10.7556 	EXP 	Set  sound=soundfiles/barsu_doakla_moship.wav
10.7556 	EXP 	Sound  started
10.7723 	EXP 	Set  sound=soundfiles/barsu_doakla_moship.wav
10.7723 	EXP 	Sound  started
10.7882 	EXP 	Set  sound=soundfiles/barsu_doakla_moship.wav
10.7882 	EXP 	Sound  started
10.8053 	EXP 	Set  sound=soundfiles/barsu_doakla_moship.wav
10.8053 	EXP 	Sound  started
10.8224 	EXP 	Set  sound=soundfiles/barsu_doakla_moship.wav
10.8224 	EXP 	Sound  started
10.8378 	EXP 	Set  sound=soundfiles/barsu_doakla_moship.wav
10.8379 	EXP 	Sound  started
10.8553 	EXP 	Set  sound=soundfiles/barsu_doakla_moship.wav
10.8553 	EXP 	Sound  started
10.8721 	EXP 	Set  sound=soundfiles/barsu_doakla_moship.wav
10.8721 	EXP 	Sound  started
10.8879 	EXP 	Set  sound=soundfiles/barsu_doakla_moship.wav
10.8880 	EXP 	Sound  started
10.9052 	EXP 	Set  sound=soundfiles/barsu_doakla_moship.wav
10.9052 	EXP 	Sound  started
10.9219 	EXP 	Set  sound=soundfiles/barsu_doakla_moship.wav
10.9219 	EXP 	Sound  started
10.9386 	EXP 	Set  sound=soundfiles/barsu_doakla_moship.wav
10.9386 	EXP 	Sound  started
10.9546 	EXP 	Set  sound=soundfiles/barsu_doakla_moship.wav
10.9546 	EXP 	Sound  started
10.9713 	EXP 	Set  sound=soundfiles/barsu_doakla_moship.wav
10.9713 	EXP 	Sound  started
10.9891 	EXP 	Set  sound=soundfiles/barsu_doakla_moship.wav
10.9891 	EXP 	Sound  started
11.0214 	EXP 	Set  sound=soundfiles/barsu_doakla_moship.wav
11.0215 	EXP 	Sound  started
11.0381 	EXP 	Set  sound=soundfiles/barsu_doakla_moship.wav
11.0381 	EXP 	Sound  started
11.0549 	EXP 	Set  sound=soundfiles/barsu_doakla_moship.wav
11.0549 	EXP 	Sound  started
11.0720 	EXP 	Set  sound=soundfiles/barsu_doakla_moship.wav
11.0720 	EXP 	Sound  started
11.0889 	EXP 	Set  sound=soundfiles/barsu_doakla_moship.wav
11.0889 	EXP 	Sound  started
11.1050 	EXP 	Set  sound=soundfiles/barsu_doakla_moship.wav
11.1050 	EXP 	Sound  started
11.1217 	EXP 	Set  sound=soundfiles/barsu_doakla_moship.wav
11.1217 	EXP 	Sound  started
11.1387 	EXP 	Set  sound=soundfiles/barsu_doakla_moship.wav
11.1387 	EXP 	Sound  started
11.1549 	EXP 	Set  sound=soundfiles/barsu_doakla_moship.wav
11.1549 	EXP 	Sound  started
11.1716 	EXP 	Set  sound=soundfiles/barsu_doakla_moship.wav
11.1717 	EXP 	Sound  started
11.1899 	EXP 	Set  sound=soundfiles/barsu_doakla_moship.wav
11.1899 	EXP 	Sound  started
11.2058 	EXP 	Set  sound=soundfiles/barsu_doakla_moship.wav
11.2058 	EXP 	Sound  started
11.2234 	EXP 	Set  sound=soundfiles/barsu_doakla_moship.wav
11.2234 	EXP 	Sound  started
11.2404 	EXP 	Set  sound=soundfiles/barsu_doakla_moship.wav
11.2404 	EXP 	Sound  started
11.2567 	EXP 	Set  sound=soundfiles/barsu_doakla_moship.wav
11.2567 	EXP 	Sound  started
11.2737 	EXP 	Set  sound=soundfiles/barsu_doakla_moship.wav
11.2737 	EXP 	Sound  started
11.2901 	EXP 	Set  sound=soundfiles/barsu_doakla_moship.wav
11.2901 	EXP 	Sound  started
11.3233 	EXP 	Set  sound=soundfiles/barsu_doakla_moship.wav
11.3233 	EXP 	Sound  started
11.3404 	EXP 	Set  sound=soundfiles/barsu_doakla_moship.wav
11.3404 	EXP 	Sound  started
11.3568 	EXP 	Set  sound=soundfiles/barsu_doakla_moship.wav
11.3568 	EXP 	Sound  started
11.3734 	EXP 	Set  sound=soundfiles/barsu_doakla_moship.wav
11.3734 	EXP 	Sound  started
11.3905 	EXP 	Set  sound=soundfiles/barsu_doakla_moship.wav
11.3905 	EXP 	Sound  started
11.4235 	EXP 	Set  sound=soundfiles/barsu_doakla_moship.wav
11.4235 	EXP 	Sound  started
11.4402 	EXP 	Set  sound=soundfiles/barsu_doakla_moship.wav
11.4402 	EXP 	Sound  started
11.4573 	EXP 	Set  sound=soundfiles/barsu_doakla_moship.wav
11.4573 	EXP 	Sound  started
11.4738 	EXP 	Set  sound=soundfiles/barsu_doakla_moship.wav
11.4738 	EXP 	Sound  started
11.4906 	EXP 	Set  sound=soundfiles/barsu_doakla_moship.wav
11.4906 	EXP 	Sound  started
11.5236 	EXP 	Set  sound=soundfiles/barsu_doakla_moship.wav
11.5236 	EXP 	Sound  started
11.5406 	EXP 	Set  sound=soundfiles/barsu_doakla_moship.wav
11.5406 	EXP 	Sound  started
11.5573 	EXP 	Set  sound=soundfiles/barsu_doakla_moship.wav
11.5574 	EXP 	Sound  started
11.5735 	EXP 	Set  sound=soundfiles/barsu_doakla_moship.wav
11.5736 	EXP 	Sound  started
11.5904 	EXP 	Set  sound=soundfiles/barsu_doakla_moship.wav
11.5904 	EXP 	Sound  started
11.6056 	EXP 	Set  sound=soundfiles/barsu_doakla_moship.wav
11.6056 	EXP 	Sound  started
11.6238 	EXP 	Set  sound=soundfiles/barsu_doakla_moship.wav
11.6238 	EXP 	Sound  started
11.6404 	EXP 	Set  sound=soundfiles/barsu_doakla_moship.wav
11.6404 	EXP 	Sound  started
11.6577 	EXP 	Set  sound=soundfiles/barsu_doakla_moship.wav
11.6577 	EXP 	Sound  started
11.6740 	EXP 	Set  sound=soundfiles/barsu_doakla_moship.wav
11.6741 	EXP 	Sound  started
11.6909 	EXP 	Set  sound=soundfiles/barsu_doakla_moship.wav
11.6909 	EXP 	Sound  started
11.7061 	EXP 	Set  sound=soundfiles/barsu_doakla_moship.wav
11.7061 	EXP 	Sound  started
11.7245 	EXP 	Set  sound=soundfiles/barsu_doakla_moship.wav
11.7246 	EXP 	Sound  started
11.7408 	EXP 	Set  sound=soundfiles/barsu_doakla_moship.wav
11.7408 	EXP 	Sound  started
11.7575 	EXP 	Set  sound=soundfiles/barsu_doakla_moship.wav
11.7576 	EXP 	Sound  started
11.7741 	EXP 	Set  sound=soundfiles/barsu_doakla_moship.wav
11.7741 	EXP 	Sound  started
11.7904 	EXP 	Set  sound=soundfiles/barsu_doakla_moship.wav
11.7904 	EXP 	Sound  started
11.8072 	EXP 	Set  sound=soundfiles/barsu_doakla_moship.wav
11.8072 	EXP 	Sound  started
11.8239 	EXP 	Set  sound=soundfiles/barsu_doakla_moship.wav
11.8239 	EXP 	Sound  started
11.8406 	EXP 	Set  sound=soundfiles/barsu_doakla_moship.wav
11.8406 	EXP 	Sound  started
11.8572 	EXP 	Set  sound=soundfiles/barsu_doakla_moship.wav
11.8572 	EXP 	Sound  started
11.8741 	EXP 	Set  sound=soundfiles/barsu_doakla_moship.wav
11.8741 	EXP 	Sound  started
11.8908 	EXP 	Set  sound=soundfiles/barsu_doakla_moship.wav
11.8908 	EXP 	Sound  started
11.9073 	EXP 	Set  sound=soundfiles/barsu_doakla_moship.wav
11.9073 	EXP 	Sound  started
11.9246 	EXP 	Set  sound=soundfiles/barsu_doakla_moship.wav
11.9246 	EXP 	Sound  started
11.9410 	EXP 	Set  sound=soundfiles/barsu_doakla_moship.wav
11.9411 	EXP 	Sound  started
11.9572 	EXP 	Set  sound=soundfiles/barsu_doakla_moship.wav
11.9572 	EXP 	Sound  started
11.9741 	EXP 	Set  sound=soundfiles/barsu_doakla_moship.wav
11.9741 	EXP 	Sound  started
11.9894 	EXP 	Set  sound=soundfiles/barsu_doakla_moship.wav
11.9894 	EXP 	Sound  started
12.0065 	EXP 	Set  sound=soundfiles/barsu_doakla_moship.wav
12.0065 	EXP 	Sound  started
12.0223 	EXP 	Set  sound=soundfiles/barsu_doakla_moship.wav
12.0223 	EXP 	Sound  started
12.0391 	EXP 	Set  sound=soundfiles/barsu_doakla_moship.wav
12.0391 	EXP 	Sound  started
12.0561 	EXP 	Set  sound=soundfiles/barsu_doakla_moship.wav
12.0561 	EXP 	Sound  started
12.0733 	EXP 	Set  sound=soundfiles/barsu_doakla_moship.wav
12.0733 	EXP 	Sound  started
12.0889 	EXP 	Set  sound=soundfiles/barsu_doakla_moship.wav
12.0889 	EXP 	Sound  started
12.1057 	EXP 	Set  sound=soundfiles/barsu_doakla_moship.wav
12.1057 	EXP 	Sound  started
12.1226 	EXP 	Set  sound=soundfiles/barsu_doakla_moship.wav
12.1226 	EXP 	Sound  started
12.1400 	EXP 	Set  sound=soundfiles/barsu_doakla_moship.wav
12.1400 	EXP 	Sound  started
12.1568 	EXP 	Set  sound=soundfiles/barsu_doakla_moship.wav
12.1568 	EXP 	Sound  started
12.1726 	EXP 	Set  sound=soundfiles/barsu_doakla_moship.wav
12.1726 	EXP 	Sound  started
12.1896 	EXP 	Set  sound=soundfiles/barsu_doakla_moship.wav
12.1896 	EXP 	Sound  started
12.2223 	EXP 	Set  sound=soundfiles/barsu_doakla_moship.wav
12.2224 	EXP 	Sound  started
12.2390 	EXP 	Set  sound=soundfiles/barsu_doakla_moship.wav
12.2390 	EXP 	Sound  started
12.2562 	EXP 	Set  sound=soundfiles/barsu_doakla_moship.wav
12.2562 	EXP 	Sound  started
12.2723 	EXP 	Set  sound=soundfiles/barsu_doakla_moship.wav
12.2724 	EXP 	Sound  started
12.2898 	EXP 	Set  sound=soundfiles/barsu_doakla_moship.wav
12.2898 	EXP 	Sound  started
12.3060 	EXP 	Set  sound=soundfiles/barsu_doakla_moship.wav
12.3060 	EXP 	Sound  started
12.3231 	EXP 	Set  sound=soundfiles/barsu_doakla_moship.wav
12.3231 	EXP 	Sound  started
12.3391 	EXP 	Set  sound=soundfiles/barsu_doakla_moship.wav
12.3391 	EXP 	Sound  started
12.3559 	EXP 	Set  sound=soundfiles/barsu_doakla_moship.wav
12.3559 	EXP 	Sound  started
12.3725 	EXP 	Set  sound=soundfiles/barsu_doakla_moship.wav
12.3726 	EXP 	Sound  started
12.3897 	EXP 	Set  sound=soundfiles/barsu_doakla_moship.wav
12.3897 	EXP 	Sound  started
12.4066 	EXP 	Set  sound=soundfiles/barsu_doakla_moship.wav
12.4066 	EXP 	Sound  started
12.4233 	EXP 	Set  sound=soundfiles/barsu_doakla_moship.wav
12.4233 	EXP 	Sound  started
12.4400 	EXP 	Set  sound=soundfiles/barsu_doakla_moship.wav
12.4400 	EXP 	Sound  started
12.4567 	EXP 	Set  sound=soundfiles/barsu_doakla_moship.wav
12.4567 	EXP 	Sound  started
12.4726 	EXP 	Set  sound=soundfiles/barsu_doakla_moship.wav
12.4727 	EXP 	Sound  started
12.4893 	EXP 	Set  sound=soundfiles/barsu_doakla_moship.wav
12.4894 	EXP 	Sound  started
12.5064 	EXP 	Set  sound=soundfiles/barsu_doakla_moship.wav
12.5064 	EXP 	Sound  started
12.5233 	EXP 	Set  sound=soundfiles/barsu_doakla_moship.wav
12.5233 	EXP 	Sound  started
12.5394 	EXP 	Set  sound=soundfiles/barsu_doakla_moship.wav
12.5394 	EXP 	Sound  started
12.5561 	EXP 	Set  sound=soundfiles/barsu_doakla_moship.wav
12.5561 	EXP 	Sound  started
12.5728 	EXP 	Set  sound=soundfiles/barsu_doakla_moship.wav
12.5728 	EXP 	Sound  started
12.5895 	EXP 	Set  sound=soundfiles/barsu_doakla_moship.wav
12.5895 	EXP 	Sound  started
12.6061 	EXP 	Set  sound=soundfiles/barsu_doakla_moship.wav
12.6061 	EXP 	Sound  started
12.6228 	EXP 	Set  sound=soundfiles/barsu_doakla_moship.wav
12.6228 	EXP 	Sound  started
12.6395 	EXP 	Set  sound=soundfiles/barsu_doakla_moship.wav
12.6396 	EXP 	Sound  started
12.6565 	EXP 	Set  sound=soundfiles/barsu_doakla_moship.wav
12.6565 	EXP 	Sound  started
12.6728 	EXP 	Set  sound=soundfiles/barsu_doakla_moship.wav
12.6729 	EXP 	Sound  started
12.6897 	EXP 	Set  sound=soundfiles/barsu_doakla_moship.wav
12.6897 	EXP 	Sound  started
12.7064 	EXP 	Set  sound=soundfiles/barsu_doakla_moship.wav
12.7065 	EXP 	Sound  started
12.7234 	EXP 	Set  sound=soundfiles/barsu_doakla_moship.wav
12.7235 	EXP 	Sound  started
12.7396 	EXP 	Set  sound=soundfiles/barsu_doakla_moship.wav
12.7396 	EXP 	Sound  started
12.7562 	EXP 	Set  sound=soundfiles/barsu_doakla_moship.wav
12.7562 	EXP 	Sound  started
12.7731 	EXP 	Set  sound=soundfiles/barsu_doakla_moship.wav
12.7731 	EXP 	Sound  started
12.7899 	EXP 	Set  sound=soundfiles/barsu_doakla_moship.wav
12.7899 	EXP 	Sound  started
12.8063 	EXP 	Set  sound=soundfiles/barsu_doakla_moship.wav
12.8063 	EXP 	Sound  started
12.8230 	EXP 	Set  sound=soundfiles/barsu_doakla_moship.wav
12.8230 	EXP 	Sound  started
12.8398 	EXP 	Set  sound=soundfiles/barsu_doakla_moship.wav
12.8398 	EXP 	Sound  started
12.8569 	EXP 	Set  sound=soundfiles/barsu_doakla_moship.wav
12.8569 	EXP 	Sound  started
12.8732 	EXP 	Set  sound=soundfiles/barsu_doakla_moship.wav
12.8732 	EXP 	Sound  started
12.8899 	EXP 	Set  sound=soundfiles/barsu_doakla_moship.wav
12.8899 	EXP 	Sound  started
12.9071 	EXP 	Set  sound=soundfiles/barsu_doakla_moship.wav
12.9071 	EXP 	Sound  started
12.9240 	EXP 	Set  sound=soundfiles/barsu_doakla_moship.wav
12.9240 	EXP 	Sound  started
12.9404 	EXP 	Set  sound=soundfiles/barsu_doakla_moship.wav
12.9404 	EXP 	Sound  started
12.9566 	EXP 	Set  sound=soundfiles/barsu_doakla_moship.wav
12.9566 	EXP 	Sound  started
12.9733 	EXP 	Set  sound=soundfiles/barsu_doakla_moship.wav
12.9733 	EXP 	Sound  started
12.9899 	EXP 	Set  sound=soundfiles/barsu_doakla_moship.wav
12.9899 	EXP 	Sound  started
13.0068 	EXP 	Set  sound=soundfiles/barsu_doakla_moship.wav
13.0068 	EXP 	Sound  started
13.0231 	EXP 	Set  sound=soundfiles/barsu_doakla_moship.wav
13.0231 	EXP 	Sound  started
13.0398 	EXP 	Set  sound=soundfiles/barsu_doakla_moship.wav
13.0399 	EXP 	Sound  started
13.0570 	EXP 	Set  sound=soundfiles/barsu_doakla_moship.wav
13.0571 	EXP 	Sound  started
13.0731 	EXP 	Set  sound=soundfiles/barsu_doakla_moship.wav
13.0732 	EXP 	Sound  started
13.0906 	EXP 	Set  sound=soundfiles/barsu_doakla_moship.wav
13.0907 	EXP 	Sound  started
13.1071 	EXP 	Set  sound=soundfiles/barsu_doakla_moship.wav
13.1072 	EXP 	Sound  started
13.1234 	EXP 	Set  sound=soundfiles/barsu_doakla_moship.wav
13.1234 	EXP 	Sound  started
13.1398 	EXP 	Set  sound=soundfiles/barsu_doakla_moship.wav
13.1398 	EXP 	Sound  started
13.1567 	EXP 	Set  sound=soundfiles/barsu_doakla_moship.wav
13.1567 	EXP 	Sound  started
13.1736 	EXP 	Set  sound=soundfiles/barsu_doakla_moship.wav
13.1736 	EXP 	Sound  started
13.1916 	EXP 	Set  sound=soundfiles/barsu_doakla_moship.wav
13.1916 	EXP 	Sound  started
13.2086 	EXP 	Set  sound=soundfiles/barsu_doakla_moship.wav
13.2086 	EXP 	Sound  started
13.2252 	EXP 	Set  sound=soundfiles/barsu_doakla_moship.wav
13.2252 	EXP 	Sound  started
13.2415 	EXP 	Set  sound=soundfiles/barsu_doakla_moship.wav
13.2416 	EXP 	Sound  started
13.2583 	EXP 	Set  sound=soundfiles/barsu_doakla_moship.wav
13.2583 	EXP 	Sound  started
13.2749 	EXP 	Set  sound=soundfiles/barsu_doakla_moship.wav
13.2749 	EXP 	Sound  started
13.2916 	EXP 	Set  sound=soundfiles/barsu_doakla_moship.wav
13.2917 	EXP 	Sound  started
13.3084 	EXP 	Set  sound=soundfiles/barsu_doakla_moship.wav
13.3084 	EXP 	Sound  started
13.3250 	EXP 	Set  sound=soundfiles/barsu_doakla_moship.wav
13.3250 	EXP 	Sound  started
13.3416 	EXP 	Set  sound=soundfiles/barsu_doakla_moship.wav
13.3417 	EXP 	Sound  started
13.3584 	EXP 	Set  sound=soundfiles/barsu_doakla_moship.wav
13.3584 	EXP 	Sound  started
13.3755 	EXP 	Set  sound=soundfiles/barsu_doakla_moship.wav
13.3755 	EXP 	Sound  started
13.3917 	EXP 	Set  sound=soundfiles/barsu_doakla_moship.wav
13.3917 	EXP 	Sound  started
13.4239 	EXP 	Set  sound=soundfiles/barsu_doakla_moship.wav
13.4239 	EXP 	Sound  started
13.4406 	EXP 	Set  sound=soundfiles/barsu_doakla_moship.wav
13.4406 	EXP 	Sound  started
13.4566 	EXP 	Set  sound=soundfiles/barsu_doakla_moship.wav
13.4567 	EXP 	Sound  started
13.4743 	DATA 	Mouse: Left button down, pos=(1047,888)
13.4752 	EXP 	Set  sound=bad.wav
13.4753 	EXP 	Set  sound=soundfiles/barsu_doakla_moship.wav
13.4753 	EXP 	Sound  started
13.4764 	EXP 	New trial (rep=0, index=2): {'receivertwo': u'ref', 'soundverb': u'doakla', 'verbtwo': u'headbutt', 'actor': u'bandit', 'verb': u'rock', 'receiver': u'ref', 'soundreceiver': u'barsu', 'correct': 2, 'soundactor': u'kyse', 'actortwo': u'bandit'}
13.4831 	EXP 	Set  sound=soundfiles/kyse_barsu_doakla.wav
13.4831 	EXP 	Sound  started
13.8779 	DATA 	Mouse: Left button up, pos=(1047,888)
14.0072 	EXP 	MovieStim: autoDraw = None
14.0072 	EXP 	MovieStim: autoDraw = None
14.0072 	EXP 	MovieStim: autoLog = None
14.0072 	EXP 	MovieStim: units = None
14.0072 	EXP 	Set movie movie=videos/bandit_ref_rock.avi
14.0072 	EXP 	MovieStim: pos = None
14.0072 	EXP 	MovieStim: depth = None
14.0072 	EXP 	MovieStim: colorSpace = None
14.0072 	EXP 	MovieStim: opacity = None
14.0072 	EXP 	MovieStim: size = None
14.0072 	EXP 	MovieStim: ori = None
14.0072 	EXP 	MovieStim: autoLog = None
14.0072 	EXP 	MovieStim: units = None
14.0072 	EXP 	Set movie movie=videos/bandit_ref_headbutt.avi
14.0072 	EXP 	MovieStim: pos = None
14.0072 	EXP 	MovieStim: depth = None
14.0072 	EXP 	MovieStim: colorSpace = None
14.0072 	EXP 	MovieStim: opacity = None
14.0072 	EXP 	MovieStim: size = None
14.0072 	EXP 	MovieStim: ori = None
14.0072 	EXP 	MovieStim: autoDraw = None
14.0072 	EXP 	MovieStim: autoDraw = None
14.0075 	EXP 	Set  sound=soundfiles/kyse_barsu_doakla.wav
14.0075 	EXP 	Sound  started
14.0243 	EXP 	Set  sound=soundfiles/kyse_barsu_doakla.wav
14.0243 	EXP 	Sound  started
14.0409 	EXP 	Set  sound=soundfiles/kyse_barsu_doakla.wav
14.0409 	EXP 	Sound  started
14.0577 	EXP 	Set  sound=soundfiles/kyse_barsu_doakla.wav
14.0577 	EXP 	Sound  started
14.0747 	EXP 	Set  sound=soundfiles/kyse_barsu_doakla.wav
14.0747 	EXP 	Sound  started
14.0912 	EXP 	Set  sound=soundfiles/kyse_barsu_doakla.wav
14.0913 	EXP 	Sound  started
14.1079 	EXP 	Set  sound=soundfiles/kyse_barsu_doakla.wav
14.1079 	EXP 	Sound  started
14.1240 	EXP 	Set  sound=soundfiles/kyse_barsu_doakla.wav
14.1240 	EXP 	Sound  started
14.1408 	EXP 	Set  sound=soundfiles/kyse_barsu_doakla.wav
14.1408 	EXP 	Sound  started
14.1575 	EXP 	Set  sound=soundfiles/kyse_barsu_doakla.wav
14.1575 	EXP 	Sound  started
14.1744 	EXP 	Set  sound=soundfiles/kyse_barsu_doakla.wav
14.1745 	EXP 	Sound  started
14.1908 	EXP 	Set  sound=soundfiles/kyse_barsu_doakla.wav
14.1908 	EXP 	Sound  started
14.2093 	EXP 	Set  sound=soundfiles/kyse_barsu_doakla.wav
14.2093 	EXP 	Sound  started
14.2256 	EXP 	Set  sound=soundfiles/kyse_barsu_doakla.wav
14.2257 	EXP 	Sound  started
14.2428 	EXP 	Set  sound=soundfiles/kyse_barsu_doakla.wav
14.2428 	EXP 	Sound  started
14.2590 	EXP 	Set  sound=soundfiles/kyse_barsu_doakla.wav
14.2590 	EXP 	Sound  started
14.2931 	EXP 	Set  sound=soundfiles/kyse_barsu_doakla.wav
14.2931 	EXP 	Sound  started
14.3072 	EXP 	Set  sound=soundfiles/kyse_barsu_doakla.wav
14.3072 	EXP 	Sound  started
14.3259 	EXP 	Set  sound=soundfiles/kyse_barsu_doakla.wav
14.3259 	EXP 	Sound  started
14.3424 	EXP 	Set  sound=soundfiles/kyse_barsu_doakla.wav
14.3424 	EXP 	Sound  started
14.3596 	EXP 	Set  sound=soundfiles/kyse_barsu_doakla.wav
14.3596 	EXP 	Sound  started
14.3758 	EXP 	Set  sound=soundfiles/kyse_barsu_doakla.wav
14.3758 	EXP 	Sound  started
14.3926 	EXP 	Set  sound=soundfiles/kyse_barsu_doakla.wav
14.3926 	EXP 	Sound  started
14.4074 	EXP 	Set  sound=soundfiles/kyse_barsu_doakla.wav
14.4074 	EXP 	Sound  started
14.4243 	EXP 	Set  sound=soundfiles/kyse_barsu_doakla.wav
14.4244 	EXP 	Sound  started
14.4414 	EXP 	Set  sound=soundfiles/kyse_barsu_doakla.wav
14.4414 	EXP 	Sound  started
14.4578 	EXP 	Set  sound=soundfiles/kyse_barsu_doakla.wav
14.4578 	EXP 	Sound  started
14.4747 	EXP 	Set  sound=soundfiles/kyse_barsu_doakla.wav
14.4747 	EXP 	Sound  started
14.4915 	EXP 	Set  sound=soundfiles/kyse_barsu_doakla.wav
14.4915 	EXP 	Sound  started
14.5084 	EXP 	Set  sound=soundfiles/kyse_barsu_doakla.wav
14.5084 	EXP 	Sound  started
14.5246 	EXP 	Set  sound=soundfiles/kyse_barsu_doakla.wav
14.5246 	EXP 	Sound  started
14.5417 	EXP 	Set  sound=soundfiles/kyse_barsu_doakla.wav
14.5417 	EXP 	Sound  started
14.5585 	EXP 	Set  sound=soundfiles/kyse_barsu_doakla.wav
14.5585 	EXP 	Sound  started
14.5746 	EXP 	Set  sound=soundfiles/kyse_barsu_doakla.wav
14.5746 	EXP 	Sound  started
14.5920 	EXP 	Set  sound=soundfiles/kyse_barsu_doakla.wav
14.5921 	EXP 	Sound  started
14.6079 	EXP 	Set  sound=soundfiles/kyse_barsu_doakla.wav
14.6079 	EXP 	Sound  started
14.6246 	EXP 	Set  sound=soundfiles/kyse_barsu_doakla.wav
14.6246 	EXP 	Sound  started
14.6414 	EXP 	Set  sound=soundfiles/kyse_barsu_doakla.wav
14.6414 	EXP 	Sound  started
14.6581 	EXP 	Set  sound=soundfiles/kyse_barsu_doakla.wav
14.6581 	EXP 	Sound  started
14.6918 	EXP 	Set  sound=soundfiles/kyse_barsu_doakla.wav
14.6919 	EXP 	Sound  started
14.7087 	EXP 	Set  sound=soundfiles/kyse_barsu_doakla.wav
14.7087 	EXP 	Sound  started
14.7254 	EXP 	Set  sound=soundfiles/kyse_barsu_doakla.wav
14.7254 	EXP 	Sound  started
14.7414 	EXP 	Set  sound=soundfiles/kyse_barsu_doakla.wav
14.7415 	EXP 	Sound  started
14.7581 	EXP 	Set  sound=soundfiles/kyse_barsu_doakla.wav
14.7582 	EXP 	Sound  started
14.7748 	EXP 	Set  sound=soundfiles/kyse_barsu_doakla.wav
14.7748 	EXP 	Sound  started
14.7916 	EXP 	Set  sound=soundfiles/kyse_barsu_doakla.wav
14.7916 	EXP 	Sound  started
14.8080 	EXP 	Set  sound=soundfiles/kyse_barsu_doakla.wav
14.8080 	EXP 	Sound  started
14.8249 	EXP 	Set  sound=soundfiles/kyse_barsu_doakla.wav
14.8249 	EXP 	Sound  started
14.8421 	EXP 	Set  sound=soundfiles/kyse_barsu_doakla.wav
14.8421 	EXP 	Sound  started
14.8590 	EXP 	Set  sound=soundfiles/kyse_barsu_doakla.wav
14.8590 	EXP 	Sound  started
14.8751 	EXP 	Set  sound=soundfiles/kyse_barsu_doakla.wav
14.8752 	EXP 	Sound  started
14.8920 	EXP 	Set  sound=soundfiles/kyse_barsu_doakla.wav
14.8920 	EXP 	Sound  started
14.9079 	EXP 	Set  sound=soundfiles/kyse_barsu_doakla.wav
14.9080 	EXP 	Sound  started
14.9246 	EXP 	Set  sound=soundfiles/kyse_barsu_doakla.wav
14.9246 	EXP 	Sound  started
14.9418 	EXP 	Set  sound=soundfiles/kyse_barsu_doakla.wav
14.9418 	EXP 	Sound  started
14.9586 	EXP 	Set  sound=soundfiles/kyse_barsu_doakla.wav
14.9586 	EXP 	Sound  started
14.9750 	DATA 	Mouse: Left button down, pos=(1047,888)
14.9759 	EXP 	Set  sound=bad.wav
14.9760 	EXP 	Set  sound=soundfiles/kyse_barsu_doakla.wav
14.9760 	EXP 	Sound  started
14.9773 	EXP 	Imported images.csv as conditions, 5 conditions, 4 params
14.9775 	EXP 	Created sequence: sequential, trialTypes=5, nReps=1, seed=None
14.9786 	EXP 	New trial (rep=0, index=0): {'color': u'Red', 'verb': u'On', 'names': u'mountie', 'object': u'Stool'}
15.0412 	EXP 	MovieStim: autoDraw = None
15.0412 	EXP 	MovieStim: autoDraw = None
15.0412 	EXP 	Set image_2 image=images/mountieOnRedStool.png
15.0412 	EXP 	ImageStim: autoDraw = None
15.1591 	DATA 	Mouse: Left button up, pos=(1047,888)
15.6617 	DATA 	Mouse: Left button down, pos=(1124,820)
15.6630 	EXP 	New trial (rep=0, index=1): {'color': u'Red', 'verb': u'With', 'names': u'hunter', 'object': u'Stool'}
15.6923 	EXP 	ImageStim: autoDraw = None
15.6923 	EXP 	Set image_2 image=images/hunterWithRedStool.png
15.6923 	EXP 	ImageStim: autoDraw = None
15.7776 	DATA 	Mouse: Left button up, pos=(1124,820)
15.9272 	DATA 	Mouse: Left button down, pos=(1124,820)
15.9282 	EXP 	New trial (rep=0, index=2): {'color': u'Red', 'verb': u'On', 'names': u'hunter', 'object': u'Stool'}
15.9605 	EXP 	ImageStim: autoDraw = None
15.9605 	EXP 	Set image_2 image=images/hunterOnRedStool.png
15.9605 	EXP 	ImageStim: autoDraw = None
16.0440 	DATA 	Mouse: Left button up, pos=(1124,820)
16.1778 	DATA 	Mouse: Left button down, pos=(1124,820)
16.1787 	EXP 	New trial (rep=0, index=3): {'color': u'Blue', 'verb': u'Nextto', 'names': u'hunter', 'object': u'Stool'}
16.1919 	EXP 	ImageStim: autoDraw = None
16.1919 	EXP 	Set image_2 image=images/hunterNexttoBlueStool.png
16.1919 	EXP 	ImageStim: autoDraw = None
16.2947 	DATA 	Mouse: Left button up, pos=(1124,820)
16.4111 	DATA 	Mouse: Left button down, pos=(1124,820)
16.4120 	EXP 	New trial (rep=0, index=4): {'color': u'Red', 'verb': u'On', 'names': u'mountie', 'object': u'Skateboard'}
16.4438 	EXP 	ImageStim: autoDraw = None
16.4438 	EXP 	Set image_2 image=images/mountieOnRedSkateboard.png
16.4438 	EXP 	ImageStim: autoDraw = None
16.5446 	DATA 	Mouse: Left button up, pos=(1124,820)
16.7116 	DATA 	Mouse: Left button down, pos=(1124,820)
