2.5820 	EXP 	Imported images.csv as conditions, 5 conditions, 4 params
2.5823 	EXP 	Created sequence: sequential, trialTypes=5, nReps=1, seed=None
2.5827 	EXP 	New trial (rep=0, index=0): {'color': u'Red', 'verb': u'On', 'names': u'mountie', 'object': u'Stool'}
2.6020 	EXP 	ImageStim: autoLog = None
2.6020 	EXP 	ImageStim: units = None
2.6020 	EXP 	ImageStim: useShaders = None
2.6020 	EXP 	ImageStim: size = None
2.6020 	EXP 	ImageStim: pos = None
2.6020 	EXP 	ImageStim: ori = None
2.6020 	EXP 	ImageStim: depth = None
2.6020 	EXP 	ImageStim: contrast = None
2.6020 	EXP 	ImageStim: opacity = None
2.6020 	EXP 	TextStim: autoLog = None
2.6020 	EXP 	TextStim: units = None
2.6020 	EXP 	TextStim: useShaders = None
2.6020 	EXP 	TextStim: depth = None
2.6020 	EXP 	TextStim: ori = None
2.6020 	EXP 	TextStim: pos = None
2.6020 	EXP 	TextStim: colorSpace = None
2.6020 	EXP 	TextStim: opacity = None
2.6020 	EXP 	TextStim: contrast = None
2.6020 	EXP 	Set image image=images/mountieOnRedStool.png
2.6020 	EXP 	ImageStim: autoDraw = None
2.9638 	DATA 	Mouse: Left button down, pos=(1224,790)
3.0761 	DATA 	Mouse: Left button up, pos=(1224,790)
3.3709 	DATA 	Mouse: Left button down, pos=(1224,790)
3.3721 	EXP 	New trial (rep=0, index=1): {'color': u'Red', 'verb': u'With', 'names': u'hunter', 'object': u'Stool'}
3.3877 	EXP 	ImageStim: autoDraw = None
3.3877 	EXP 	Set image image=images/hunterWithRedStool.png
3.3877 	EXP 	ImageStim: autoDraw = None
3.6832 	DATA 	Mouse: Left button up, pos=(1224,790)
3.6923 	DATA 	Mouse: Left button down, pos=(1224,790)
3.8082 	DATA 	Mouse: Left button up, pos=(1707,790)
4.3375 	DATA 	Mouse: Left button down, pos=(1311,827)
4.3386 	EXP 	New trial (rep=0, index=2): {'color': u'Red', 'verb': u'On', 'names': u'hunter', 'object': u'Stool'}
4.3543 	EXP 	ImageStim: autoDraw = None
4.3543 	EXP 	Set image image=images/hunterOnRedStool.png
4.3543 	EXP 	ImageStim: autoDraw = None
4.6526 	DATA 	Mouse: Left button up, pos=(1307,828)
4.6527 	DATA 	Mouse: Left button down, pos=(1307,828)
4.6951 	DATA 	Mouse: Left button up, pos=(1307,828)
4.7921 	DATA 	Mouse: Left button down, pos=(1307,828)
4.8553 	EXP 	New trial (rep=0, index=3): {'color': u'Blue', 'verb': u'Nextto', 'names': u'hunter', 'object': u'Stool'}
4.8706 	EXP 	ImageStim: autoDraw = None
4.8706 	EXP 	Set image image=images/hunterNexttoBlueStool.png
4.8706 	EXP 	ImageStim: autoDraw = None
5.1671 	DATA 	Mouse: Left button up, pos=(1307,828)
5.1671 	DATA 	Mouse: Left button down, pos=(1308,828)
5.1672 	DATA 	Mouse: Left button up, pos=(1310,828)
5.1918 	DATA 	Mouse: Left button down, pos=(1311,828)
5.2897 	DATA 	Mouse: Left button up, pos=(1311,828)
5.4038 	DATA 	Mouse: Left button down, pos=(1312,828)
5.4046 	EXP 	New trial (rep=0, index=4): {'color': u'Red', 'verb': u'On', 'names': u'mountie', 'object': u'Skateboard'}
5.4206 	EXP 	ImageStim: autoDraw = None
5.4206 	EXP 	Set image image=images/mountieOnRedSkateboard.png
5.4206 	EXP 	ImageStim: autoDraw = None
5.7159 	DATA 	Mouse: Left button up, pos=(1312,828)
5.7160 	DATA 	Mouse: Left button down, pos=(1312,828)
5.7160 	DATA 	Mouse: Left button up, pos=(1312,828)
5.8061 	DATA 	Mouse: Left button down, pos=(1312,828)
5.9027 	DATA 	Mouse: Left button up, pos=(1312,828)
7.4205 	DATA 	Mouse: Left button down, pos=(1310,830)
7.4369 	EXP 	ImageStim: autoDraw = None
7.4369 	EXP 	TextStim: autoDraw = None
7.5538 	DATA 	Mouse: Left button up, pos=(1310,830)
7.7707 	DATA 	Mouse: Left button down, pos=(1310,830)
