3.6393 	EXP 	TextStim: autoLog = None
3.6393 	EXP 	TextStim: units = None
3.6393 	EXP 	TextStim: useShaders = None
3.6393 	EXP 	TextStim: depth = None
3.6393 	EXP 	TextStim: ori = None
3.6393 	EXP 	TextStim: pos = None
3.6393 	EXP 	TextStim: colorSpace = None
3.6393 	EXP 	TextStim: opacity = None
3.6393 	EXP 	TextStim: contrast = None
3.6393 	EXP 	ImageStim: autoLog = None
3.6393 	EXP 	ImageStim: units = None
3.6393 	EXP 	ImageStim: useShaders = None
3.6393 	EXP 	ImageStim: size = None
3.6393 	EXP 	ImageStim: pos = None
3.6393 	EXP 	ImageStim: ori = None
3.6393 	EXP 	ImageStim: depth = None
3.6393 	EXP 	ImageStim: contrast = None
3.6393 	EXP 	ImageStim: opacity = None
3.6393 	EXP 	TextStim: autoDraw = None
3.6393 	EXP 	ImageStim: autoDraw = None
3.0972 	EXP 	TextStim: autoLog = None
3.0972 	EXP 	TextStim: units = None
3.0972 	EXP 	TextStim: useShaders = None
3.0972 	EXP 	TextStim: depth = None
3.0972 	EXP 	TextStim: ori = None
3.0972 	EXP 	TextStim: pos = None
3.0972 	EXP 	TextStim: colorSpace = None
3.0972 	EXP 	TextStim: opacity = None
3.0972 	EXP 	TextStim: contrast = None
3.0972 	EXP 	ImageStim: autoLog = None
3.0972 	EXP 	ImageStim: units = None
3.0972 	EXP 	ImageStim: useShaders = None
3.0972 	EXP 	ImageStim: size = None
3.0972 	EXP 	ImageStim: pos = None
3.0972 	EXP 	ImageStim: ori = None
3.0972 	EXP 	ImageStim: depth = None
3.0972 	EXP 	ImageStim: contrast = None
3.0972 	EXP 	ImageStim: opacity = None
3.0972 	EXP 	TextStim: autoDraw = None
3.0972 	EXP 	ImageStim: autoDraw = None
65.0966 	WARNING 	Data file, data/_2015_Oct_23_0048.csv, will be overwritten
