2.7188 	EXP 	Imported images.csv as conditions, 5 conditions, 4 params
2.7190 	EXP 	Created sequence: sequential, trialTypes=5, nReps=1, seed=None
2.7194 	EXP 	New trial (rep=0, index=0): {'color': u'Red', 'verb': u'On', 'names': u'mountie', 'object': u'Stool'}
2.7372 	EXP 	ImageStim: autoLog = None
2.7372 	EXP 	ImageStim: units = None
2.7372 	EXP 	ImageStim: useShaders = None
2.7372 	EXP 	ImageStim: size = None
2.7372 	EXP 	ImageStim: pos = None
2.7372 	EXP 	ImageStim: ori = None
2.7372 	EXP 	ImageStim: depth = None
2.7372 	EXP 	ImageStim: contrast = None
2.7372 	EXP 	ImageStim: opacity = None
2.7372 	EXP 	TextStim: autoLog = None
2.7372 	EXP 	TextStim: units = None
2.7372 	EXP 	TextStim: useShaders = None
2.7372 	EXP 	TextStim: depth = None
2.7372 	EXP 	TextStim: ori = None
2.7372 	EXP 	TextStim: pos = None
2.7372 	EXP 	TextStim: colorSpace = None
2.7372 	EXP 	TextStim: opacity = None
2.7372 	EXP 	TextStim: contrast = None
2.7372 	EXP 	Set image image=images/mountieOnRedStool.png
2.7372 	EXP 	ImageStim: autoDraw = None
3.0826 	DATA 	Mouse: Left button down, pos=(1276,880)
3.2090 	DATA 	Mouse: Left button up, pos=(1276,877)
4.7163 	DATA 	Mouse: Left button down, pos=(1276,885)
4.7175 	EXP 	New trial (rep=0, index=1): {'color': u'Red', 'verb': u'With', 'names': u'hunter', 'object': u'Stool'}
4.7426 	EXP 	ImageStim: autoDraw = None
4.7426 	EXP 	Set image image=images/hunterWithRedStool.png
4.7426 	EXP 	ImageStim: autoDraw = None
5.0407 	DATA 	Mouse: Left button up, pos=(1276,885)
5.5165 	DATA 	Mouse: Left button down, pos=(1276,885)
5.5173 	EXP 	New trial (rep=0, index=2): {'color': u'Red', 'verb': u'On', 'names': u'hunter', 'object': u'Stool'}
5.5332 	EXP 	ImageStim: autoDraw = None
5.5332 	EXP 	Set image image=images/hunterOnRedStool.png
5.5332 	EXP 	ImageStim: autoDraw = None
5.8287 	DATA 	Mouse: Left button up, pos=(1276,887)
6.2003 	DATA 	Mouse: Left button down, pos=(1276,887)
6.2189 	EXP 	New trial (rep=0, index=3): {'color': u'Blue', 'verb': u'Nextto', 'names': u'hunter', 'object': u'Stool'}
6.2443 	EXP 	ImageStim: autoDraw = None
6.2443 	EXP 	Set image image=images/hunterNexttoBlueStool.png
6.2443 	EXP 	ImageStim: autoDraw = None
6.5426 	DATA 	Mouse: Left button up, pos=(1276,887)
6.7830 	DATA 	Mouse: Left button down, pos=(1276,887)
6.7838 	EXP 	New trial (rep=0, index=4): {'color': u'Red', 'verb': u'On', 'names': u'mountie', 'object': u'Skateboard'}
6.7994 	EXP 	ImageStim: autoDraw = None
6.7994 	EXP 	Set image image=images/mountieOnRedSkateboard.png
6.7994 	EXP 	ImageStim: autoDraw = None
7.0947 	DATA 	Mouse: Left button up, pos=(1276,887)
7.3329 	DATA 	Mouse: Left button down, pos=(1276,887)
7.3342 	EXP 	Imported images.csv as conditions, 5 conditions, 4 params
7.3344 	EXP 	Created sequence: sequential, trialTypes=5, nReps=1, seed=None
7.3347 	EXP 	New trial (rep=0, index=0): {'color': u'Red', 'verb': u'On', 'names': u'mountie', 'object': u'Stool'}
7.3493 	EXP 	ImageStim: autoDraw = None
7.3493 	EXP 	Set text text=mountie
7.3493 	EXP 	TextStim: autoDraw = None
7.4497 	DATA 	Mouse: Left button up, pos=(1276,887)
8.1496 	DATA 	Mouse: Left button down, pos=(1276,887)
8.1519 	EXP 	New trial (rep=0, index=1): {'color': u'Red', 'verb': u'With', 'names': u'hunter', 'object': u'Stool'}
8.1661 	EXP 	TextStim: autoDraw = None
8.1661 	EXP 	Set text text=hunter
8.1661 	EXP 	TextStim: autoDraw = None
8.2664 	DATA 	Mouse: Left button up, pos=(1276,887)
8.7329 	DATA 	Mouse: Left button down, pos=(1275,887)
8.7340 	EXP 	New trial (rep=0, index=2): {'color': u'Red', 'verb': u'On', 'names': u'hunter', 'object': u'Stool'}
8.7495 	EXP 	TextStim: autoDraw = None
8.7495 	EXP 	Set text text=hunter
8.7495 	EXP 	TextStim: autoDraw = None
8.8327 	DATA 	Mouse: Left button up, pos=(1275,887)
