1.8815 	WARNING 	User requested fullscreen with size [2560 1700], but screen is actually [2560, 1440]. Using actual size
2.8457 	EXP 	Imported test.csv as conditions, 3 conditions, 11 params
2.8460 	EXP 	Created sequence: sequential, trialTypes=3, nReps=1, seed=None
2.9085 	EXP 	New trial (rep=0, index=0): {'receivertwo': u'hunter', 'soundverb': u'forp', 'verbtwo': u'rock', 'welcometext': u'My name is alien the alien and I will be showing you some experiments today. Press anywhere to continue', 'actor': u'bandit', 'verb': u'headbutt', 'receiver': u'chef', 'soundreceiver': u'doakla', 'correct': 1, 'soundactor': u'barsu', 'actortwo': u'bandit'}
2.9567 	EXP 	TextStim: autoLog = None
2.9567 	EXP 	TextStim: units = None
2.9567 	EXP 	TextStim: useShaders = None
2.9567 	EXP 	TextStim: depth = None
2.9567 	EXP 	TextStim: ori = None
2.9567 	EXP 	TextStim: pos = None
2.9567 	EXP 	TextStim: colorSpace = None
2.9567 	EXP 	TextStim: opacity = None
2.9567 	EXP 	TextStim: contrast = None
2.9567 	EXP 	ImageStim: autoLog = None
2.9567 	EXP 	ImageStim: units = None
2.9567 	EXP 	ImageStim: useShaders = None
2.9567 	EXP 	ImageStim: size = None
2.9567 	EXP 	ImageStim: pos = None
2.9567 	EXP 	ImageStim: ori = None
2.9567 	EXP 	ImageStim: depth = None
2.9567 	EXP 	ImageStim: contrast = None
2.9567 	EXP 	ImageStim: opacity = None
2.9567 	EXP 	ImageStim: autoLog = None
2.9567 	EXP 	ImageStim: units = None
2.9567 	EXP 	ImageStim: useShaders = None
2.9567 	EXP 	ImageStim: size = None
2.9567 	EXP 	ImageStim: pos = None
2.9567 	EXP 	ImageStim: ori = None
2.9567 	EXP 	ImageStim: depth = None
2.9567 	EXP 	ImageStim: contrast = None
2.9567 	EXP 	ImageStim: opacity = None
2.9567 	EXP 	Set text text=My name is alien the alien and I will be showing you some experiments today. Press anywhere to continue
2.9567 	EXP 	TextStim: autoDraw = None
2.9567 	EXP 	ImageStim: autoDraw = None
4.3410 	DATA 	Mouse: Left button down, pos=(1282,709)
4.4916 	DATA 	Mouse: Left button up, pos=(1282,709)
7.5437 	DATA 	Mouse: Left button down, pos=(1098,1063)
7.6940 	DATA 	Mouse: Left button up, pos=(1098,1063)
10.3288 	DATA 	Mouse: Left button down, pos=(1137,903)
10.4960 	DATA 	Mouse: Left button up, pos=(1137,903)
14.0871 	DATA 	Keypress: escape
