2.0797 	EXP 	Imported test.csv as conditions, 3 conditions, 7 params
2.0800 	EXP 	Created sequence: sequential, trialTypes=3, nReps=1, seed=None
2.1068 	EXP 	New trial (rep=0, index=0): {'receivertwo': u'hunter', 'verb': u'headbutt', 'verbtwo': u'rock', 'receiver': u'chef', 'correct': 1, 'actor': u'bandit', 'actortwo': u'bandit'}
2.6464 	EXP 	ImageStim: autoLog = None
2.6464 	EXP 	ImageStim: units = None
2.6464 	EXP 	ImageStim: useShaders = None
2.6464 	EXP 	ImageStim: size = None
2.6464 	EXP 	ImageStim: pos = None
2.6464 	EXP 	ImageStim: ori = None
2.6464 	EXP 	ImageStim: depth = None
2.6464 	EXP 	ImageStim: contrast = None
2.6464 	EXP 	ImageStim: opacity = None
2.6464 	EXP 	MovieStim: autoLog = None
2.6464 	EXP 	MovieStim: units = None
2.6464 	EXP 	Set movie movie=videos/bandit_chef_headbutt.avi
2.6464 	EXP 	MovieStim: pos = None
2.6464 	EXP 	MovieStim: depth = None
2.6464 	EXP 	MovieStim: colorSpace = None
2.6464 	EXP 	MovieStim: opacity = None
2.6464 	EXP 	MovieStim: size = None
2.6464 	EXP 	MovieStim: ori = None
2.6464 	EXP 	MovieStim: autoLog = None
2.6464 	EXP 	MovieStim: units = None
2.6464 	EXP 	Set movie movie=videos/bandit_hunter_rock.avi
2.6464 	EXP 	MovieStim: pos = None
2.6464 	EXP 	MovieStim: depth = None
2.6464 	EXP 	MovieStim: colorSpace = None
2.6464 	EXP 	MovieStim: opacity = None
2.6464 	EXP 	MovieStim: size = None
2.6464 	EXP 	MovieStim: ori = None
2.6464 	EXP 	MovieStim: autoDraw = None
2.6464 	EXP 	MovieStim: autoDraw = None
3.8184 	EXP 	Set movie finished
3.8354 	EXP 	Set movie paused
4.1182 	EXP 	Set movie finished
6.2358 	DATA 	Keypress: escape
