2.7500 	EXP 	Imported test.csv as conditions, 3 conditions, 11 params
2.7503 	EXP 	Created sequence: sequential, trialTypes=3, nReps=1, seed=None
2.8124 	EXP 	New trial (rep=0, index=0): {'receivertwo': u'hunter', 'soundverb': u'forp', 'verbtwo': u'rock', 'welcometext': u'My name is alien the alien and I will be showing you some experiments today. Press anywhere to continue', 'actor': u'bandit', 'verb': u'headbutt', 'receiver': u'chef', 'soundreceiver': u'doakla', 'type': u'vide', 'soundactor': u'barsu', 'actortwo': u'bandit'}
2.8464 	EXP 	TextStim: autoLog = None
2.8464 	EXP 	TextStim: units = None
2.8464 	EXP 	TextStim: useShaders = None
2.8464 	EXP 	TextStim: depth = None
2.8464 	EXP 	TextStim: ori = None
2.8464 	EXP 	TextStim: pos = None
2.8464 	EXP 	TextStim: colorSpace = None
2.8464 	EXP 	TextStim: opacity = None
2.8464 	EXP 	TextStim: contrast = None
2.8464 	EXP 	ImageStim: autoLog = None
2.8464 	EXP 	ImageStim: units = None
2.8464 	EXP 	ImageStim: useShaders = None
2.8464 	EXP 	ImageStim: size = None
2.8464 	EXP 	ImageStim: pos = None
2.8464 	EXP 	ImageStim: ori = None
2.8464 	EXP 	ImageStim: depth = None
2.8464 	EXP 	ImageStim: contrast = None
2.8464 	EXP 	ImageStim: opacity = None
2.8464 	EXP 	ImageStim: autoLog = None
2.8464 	EXP 	ImageStim: units = None
2.8464 	EXP 	ImageStim: useShaders = None
2.8464 	EXP 	ImageStim: size = None
2.8464 	EXP 	ImageStim: pos = None
2.8464 	EXP 	ImageStim: ori = None
2.8464 	EXP 	ImageStim: depth = None
2.8464 	EXP 	ImageStim: contrast = None
2.8464 	EXP 	ImageStim: opacity = None
2.8464 	EXP 	Set text text=My name is alien the alien and I will be showing you some experiments today. Press anywhere to continue
2.8464 	EXP 	TextStim: autoDraw = None
2.8464 	EXP 	ImageStim: autoDraw = None
3.3805 	DATA 	Mouse: Left button down, pos=(207,410)
