1.9991 	EXP 	Imported test.csv as conditions, 3 conditions, 3 params
1.9994 	EXP 	Created sequence: sequential, trialTypes=3, nReps=5, seed=None
2.0257 	EXP 	New trial (rep=0, index=0): {'verb': u'headbutt', 'actor': u'bandit', 'reciever': u'chef'}
2.0755 	EXP 	ImageStim: autoLog = None
2.0755 	EXP 	ImageStim: units = None
2.0755 	EXP 	ImageStim: useShaders = None
2.0755 	EXP 	ImageStim: size = None
2.0755 	EXP 	ImageStim: pos = None
2.0755 	EXP 	ImageStim: ori = None
2.0755 	EXP 	ImageStim: depth = None
2.0755 	EXP 	ImageStim: contrast = None
2.0755 	EXP 	ImageStim: opacity = None
2.0755 	EXP 	MovieStim: autoLog = None
2.0755 	EXP 	MovieStim: units = None
2.0755 	EXP 	Set movie movie=videos/bandit_chef_headbutt.avi
2.0755 	EXP 	MovieStim: pos = None
2.0755 	EXP 	MovieStim: depth = None
2.0755 	EXP 	MovieStim: colorSpace = None
2.0755 	EXP 	MovieStim: opacity = None
2.0755 	EXP 	MovieStim: size = None
2.0755 	EXP 	MovieStim: ori = None
2.0755 	EXP 	MovieStim: autoLog = None
2.0755 	EXP 	MovieStim: units = None
2.0755 	EXP 	Set movie_2 movie=videos/bandit_chef_headbutt.avi
2.0755 	EXP 	MovieStim: pos = None
2.0755 	EXP 	MovieStim: depth = None
2.0755 	EXP 	MovieStim: colorSpace = None
2.0755 	EXP 	MovieStim: opacity = None
2.0755 	EXP 	MovieStim: size = None
2.0755 	EXP 	MovieStim: ori = None
2.0755 	EXP 	MovieStim: autoDraw = None
2.0755 	EXP 	MovieStim: autoDraw = None
6.8647 	DATA 	Mouse: Left button down, pos=(1222,1141)
6.8647 	DATA 	Mouse: Left button up, pos=(1222,1144)
6.8650 	DATA 	Keypress: escape
2.2660 	EXP 	Imported test.csv as conditions, 3 conditions, 3 params
2.2664 	EXP 	Created sequence: sequential, trialTypes=3, nReps=5, seed=None
2.3047 	EXP 	New trial (rep=0, index=0): {'verb': u'headbutt', 'actor': u'bandit', 'reciever': u'chef'}
2.3564 	EXP 	ImageStim: autoLog = None
2.3564 	EXP 	ImageStim: units = None
2.3564 	EXP 	ImageStim: useShaders = None
2.3564 	EXP 	ImageStim: size = None
2.3564 	EXP 	ImageStim: pos = None
2.3564 	EXP 	ImageStim: ori = None
2.3564 	EXP 	ImageStim: depth = None
2.3564 	EXP 	ImageStim: contrast = None
2.3564 	EXP 	ImageStim: opacity = None
2.3564 	EXP 	MovieStim: autoLog = None
2.3564 	EXP 	MovieStim: units = None
2.3564 	EXP 	Set movie movie=videos/bandit_chef_headbutt.avi
2.3564 	EXP 	MovieStim: pos = None
2.3564 	EXP 	MovieStim: depth = None
2.3564 	EXP 	MovieStim: colorSpace = None
2.3564 	EXP 	MovieStim: opacity = None
2.3564 	EXP 	MovieStim: size = None
2.3564 	EXP 	MovieStim: ori = None
2.3564 	EXP 	MovieStim: autoLog = None
2.3564 	EXP 	MovieStim: units = None
2.3564 	EXP 	Set movie_2 movie=videos/bandit_chef_headbutt.avi
2.3564 	EXP 	MovieStim: pos = None
2.3564 	EXP 	MovieStim: depth = None
2.3564 	EXP 	MovieStim: colorSpace = None
2.3564 	EXP 	MovieStim: opacity = None
2.3564 	EXP 	MovieStim: size = None
2.3564 	EXP 	MovieStim: ori = None
2.3564 	EXP 	MovieStim: autoDraw = None
2.3564 	EXP 	MovieStim: autoDraw = None
7.3429 	EXP 	Set movie finished
7.3429 	EXP 	Set movie_2 finished
7.3437 	EXP 	New trial (rep=0, index=1): {'verb': u'knockover', 'actor': u'bandit', 'reciever': u'hunter'}
7.3810 	EXP 	MovieStim: autoDraw = None
7.3810 	EXP 	MovieStim: autoDraw = None
7.3810 	EXP 	MovieStim: autoLog = None
7.3810 	EXP 	MovieStim: units = None
7.3810 	EXP 	Set movie movie=videos/bandit_hunter_knockover.avi
7.3810 	EXP 	MovieStim: pos = None
7.3810 	EXP 	MovieStim: depth = None
7.3810 	EXP 	MovieStim: colorSpace = None
7.3810 	EXP 	MovieStim: opacity = None
7.3810 	EXP 	MovieStim: size = None
7.3810 	EXP 	MovieStim: ori = None
7.3810 	EXP 	MovieStim: autoLog = None
7.3810 	EXP 	MovieStim: units = None
7.3810 	EXP 	Set movie_2 movie=videos/bandit_hunter_knockover.avi
7.3810 	EXP 	MovieStim: pos = None
7.3810 	EXP 	MovieStim: depth = None
7.3810 	EXP 	MovieStim: colorSpace = None
7.3810 	EXP 	MovieStim: opacity = None
7.3810 	EXP 	MovieStim: size = None
7.3810 	EXP 	MovieStim: ori = None
7.3810 	EXP 	MovieStim: autoDraw = None
7.3810 	EXP 	MovieStim: autoDraw = None
12.1650 	DATA 	Keypress: escape
12.3942 	WARNING 	Data file, data/_2015_Oct_13_0541.csv, will be overwritten
