1.5067 	WARNING 	User requested fullscreen with size [2560 1700], but screen is actually [2560, 1440]. Using actual size
2.4455 	EXP 	Imported test.csv as conditions, 3 conditions, 11 params
2.4458 	EXP 	Created sequence: sequential, trialTypes=3, nReps=1, seed=None
2.5062 	EXP 	New trial (rep=0, index=0): {'receivertwo': u'hunter', 'soundverb': u'forp', 'verbtwo': u'rock', 'welcometext': u'My name is alien the alien and I will be showing you some experiments today. Press anywhere to continue', 'actor': u'bandit', 'verb': u'headbutt', 'receiver': u'chef', 'soundreceiver': u'doakla', 'correct': 1, 'soundactor': u'barsu', 'actortwo': u'bandit'}
2.5424 	EXP 	TextStim: autoLog = None
2.5424 	EXP 	TextStim: units = None
2.5424 	EXP 	TextStim: useShaders = None
2.5424 	EXP 	TextStim: depth = None
2.5424 	EXP 	TextStim: ori = None
2.5424 	EXP 	TextStim: pos = None
2.5424 	EXP 	TextStim: colorSpace = None
2.5424 	EXP 	TextStim: opacity = None
2.5424 	EXP 	TextStim: contrast = None
2.5424 	EXP 	ImageStim: autoLog = None
2.5424 	EXP 	ImageStim: units = None
2.5424 	EXP 	ImageStim: useShaders = None
2.5424 	EXP 	ImageStim: size = None
2.5424 	EXP 	ImageStim: pos = None
2.5424 	EXP 	ImageStim: ori = None
2.5424 	EXP 	ImageStim: depth = None
2.5424 	EXP 	ImageStim: contrast = None
2.5424 	EXP 	ImageStim: opacity = None
2.5424 	EXP 	ImageStim: autoLog = None
2.5424 	EXP 	ImageStim: units = None
2.5424 	EXP 	ImageStim: useShaders = None
2.5424 	EXP 	ImageStim: size = None
2.5424 	EXP 	ImageStim: pos = None
2.5424 	EXP 	ImageStim: ori = None
2.5424 	EXP 	ImageStim: depth = None
2.5424 	EXP 	ImageStim: contrast = None
2.5424 	EXP 	ImageStim: opacity = None
2.5424 	EXP 	Set text text=My name is alien the alien and I will be showing you some experiments today. Press anywhere to continue
2.5424 	EXP 	TextStim: autoDraw = None
2.5424 	EXP 	ImageStim: autoDraw = None
3.3601 	DATA 	Mouse: Left button down, pos=(1404,421)
3.4764 	DATA 	Mouse: Left button up, pos=(1404,422)
4.4272 	DATA 	Keypress: escape
