1.5202 	WARNING 	User requested fullscreen with size [2560 1700], but screen is actually [2560, 1440]. Using actual size
2.4785 	EXP 	Imported test.csv as conditions, 3 conditions, 11 params
2.4788 	EXP 	Created sequence: sequential, trialTypes=3, nReps=1, seed=None
2.5408 	EXP 	New trial (rep=0, index=0): {'receivertwo': u'hunter', 'soundverb': u'forp', 'verbtwo': u'rock', 'welcometext': u'My name is alien the alien and I will be showing you some experiments today. Press anywhere to continue', 'actor': u'bandit', 'verb': u'headbutt', 'receiver': u'chef', 'soundreceiver': u'doakla', 'correct': 1, 'soundactor': u'barsu', 'actortwo': u'bandit'}
2.5846 	EXP 	Set  sound=soundfiles/barsu_doakla_forp.wav
2.5847 	EXP 	Sound  started
3.1098 	EXP 	TextStim: autoLog = None
3.1098 	EXP 	TextStim: units = None
3.1098 	EXP 	TextStim: useShaders = None
3.1098 	EXP 	TextStim: depth = None
3.1098 	EXP 	TextStim: ori = None
3.1098 	EXP 	TextStim: pos = None
3.1098 	EXP 	TextStim: colorSpace = None
3.1098 	EXP 	TextStim: opacity = None
3.1098 	EXP 	TextStim: contrast = None
3.1098 	EXP 	ImageStim: autoLog = None
3.1098 	EXP 	ImageStim: units = None
3.1098 	EXP 	ImageStim: useShaders = None
3.1098 	EXP 	ImageStim: size = None
3.1098 	EXP 	ImageStim: pos = None
3.1098 	EXP 	ImageStim: ori = None
3.1098 	EXP 	ImageStim: depth = None
3.1098 	EXP 	ImageStim: contrast = None
3.1098 	EXP 	ImageStim: opacity = None
3.1098 	EXP 	ImageStim: autoLog = None
3.1098 	EXP 	ImageStim: units = None
3.1098 	EXP 	ImageStim: useShaders = None
3.1098 	EXP 	ImageStim: size = None
3.1098 	EXP 	ImageStim: pos = None
3.1098 	EXP 	ImageStim: ori = None
3.1098 	EXP 	ImageStim: depth = None
3.1098 	EXP 	ImageStim: contrast = None
3.1098 	EXP 	ImageStim: opacity = None
3.1098 	EXP 	Set text text=My name is alien the alien and I will be showing you some experiments today. Press anywhere to continue
3.1098 	EXP 	TextStim: autoDraw = None
3.1098 	EXP 	ImageStim: autoDraw = None
3.1098 	EXP 	TextStim: autoDraw = None
3.1098 	EXP 	ImageStim: autoDraw = None
3.1098 	EXP 	MovieStim: autoLog = None
3.1098 	EXP 	MovieStim: units = None
3.1098 	EXP 	Set movie movie=videos/bandit_chef_headbutt.avi
3.1098 	EXP 	MovieStim: pos = None
3.1098 	EXP 	MovieStim: depth = None
3.1098 	EXP 	MovieStim: colorSpace = None
3.1098 	EXP 	MovieStim: opacity = None
3.1098 	EXP 	MovieStim: size = None
3.1098 	EXP 	MovieStim: ori = None
3.1098 	EXP 	MovieStim: autoLog = None
3.1098 	EXP 	MovieStim: units = None
3.1098 	EXP 	Set movie movie=videos/bandit_hunter_rock.avi
3.1098 	EXP 	MovieStim: pos = None
3.1098 	EXP 	MovieStim: depth = None
3.1098 	EXP 	MovieStim: colorSpace = None
3.1098 	EXP 	MovieStim: opacity = None
3.1098 	EXP 	MovieStim: size = None
3.1098 	EXP 	MovieStim: ori = None
3.1098 	EXP 	MovieStim: autoDraw = None
3.1098 	EXP 	MovieStim: autoDraw = None
3.1101 	EXP 	Set  sound=soundfiles/barsu_doakla_forp.wav
3.1102 	EXP 	Sound  started
3.1245 	EXP 	Set  sound=soundfiles/barsu_doakla_forp.wav
3.1245 	EXP 	Sound  started
3.1408 	EXP 	Set  sound=soundfiles/barsu_doakla_forp.wav
3.1408 	EXP 	Sound  started
3.1572 	EXP 	Set  sound=soundfiles/barsu_doakla_forp.wav
3.1572 	EXP 	Sound  started
3.1744 	EXP 	Set  sound=soundfiles/barsu_doakla_forp.wav
3.1744 	EXP 	Sound  started
3.1906 	EXP 	Set  sound=soundfiles/barsu_doakla_forp.wav
3.1906 	EXP 	Sound  started
3.2071 	EXP 	Set  sound=soundfiles/barsu_doakla_forp.wav
3.2071 	EXP 	Sound  started
3.2239 	EXP 	Set  sound=soundfiles/barsu_doakla_forp.wav
3.2239 	EXP 	Sound  started
3.2411 	EXP 	Set  sound=soundfiles/barsu_doakla_forp.wav
3.2411 	EXP 	Sound  started
3.2574 	EXP 	Set  sound=soundfiles/barsu_doakla_forp.wav
3.2574 	EXP 	Sound  started
3.2742 	EXP 	Set  sound=soundfiles/barsu_doakla_forp.wav
3.2742 	EXP 	Sound  started
3.2906 	EXP 	Set  sound=soundfiles/barsu_doakla_forp.wav
3.2906 	EXP 	Sound  started
3.3076 	EXP 	Set  sound=soundfiles/barsu_doakla_forp.wav
3.3077 	EXP 	Sound  started
3.3239 	EXP 	Set  sound=soundfiles/barsu_doakla_forp.wav
3.3239 	EXP 	Sound  started
3.3397 	EXP 	Set  sound=soundfiles/barsu_doakla_forp.wav
3.3398 	EXP 	Sound  started
3.3556 	EXP 	Set  sound=soundfiles/barsu_doakla_forp.wav
3.3556 	EXP 	Sound  started
3.3725 	EXP 	Set  sound=soundfiles/barsu_doakla_forp.wav
3.3725 	EXP 	Sound  started
3.3893 	EXP 	Set  sound=soundfiles/barsu_doakla_forp.wav
3.3894 	EXP 	Sound  started
3.4066 	EXP 	Set  sound=soundfiles/barsu_doakla_forp.wav
3.4066 	EXP 	Sound  started
3.4225 	EXP 	Set  sound=soundfiles/barsu_doakla_forp.wav
3.4225 	EXP 	Sound  started
3.4389 	EXP 	Set  sound=soundfiles/barsu_doakla_forp.wav
3.4390 	EXP 	Sound  started
3.4559 	EXP 	Set  sound=soundfiles/barsu_doakla_forp.wav
3.4559 	EXP 	Sound  started
3.4723 	EXP 	Set  sound=soundfiles/barsu_doakla_forp.wav
3.4724 	EXP 	Sound  started
3.4892 	EXP 	Set  sound=soundfiles/barsu_doakla_forp.wav
3.4892 	EXP 	Sound  started
3.5057 	EXP 	Set  sound=soundfiles/barsu_doakla_forp.wav
3.5057 	EXP 	Sound  started
3.5224 	EXP 	Set  sound=soundfiles/barsu_doakla_forp.wav
3.5224 	EXP 	Sound  started
3.5386 	EXP 	Set  sound=soundfiles/barsu_doakla_forp.wav
3.5386 	EXP 	Sound  started
3.5562 	EXP 	Set  sound=soundfiles/barsu_doakla_forp.wav
3.5562 	EXP 	Sound  started
3.5726 	EXP 	Set  sound=soundfiles/barsu_doakla_forp.wav
3.5727 	EXP 	Sound  started
3.5892 	EXP 	Set  sound=soundfiles/barsu_doakla_forp.wav
3.5892 	EXP 	Sound  started
3.6065 	EXP 	Set  sound=soundfiles/barsu_doakla_forp.wav
3.6065 	EXP 	Sound  started
3.6230 	EXP 	Set  sound=soundfiles/barsu_doakla_forp.wav
3.6231 	EXP 	Sound  started
3.6396 	EXP 	Set  sound=soundfiles/barsu_doakla_forp.wav
3.6396 	EXP 	Sound  started
3.6563 	EXP 	Set  sound=soundfiles/barsu_doakla_forp.wav
3.6563 	EXP 	Sound  started
3.6730 	EXP 	Set  sound=soundfiles/barsu_doakla_forp.wav
3.6731 	EXP 	Sound  started
3.6896 	EXP 	Set  sound=soundfiles/barsu_doakla_forp.wav
3.6896 	EXP 	Sound  started
3.7061 	EXP 	Set  sound=soundfiles/barsu_doakla_forp.wav
3.7061 	EXP 	Sound  started
3.7230 	EXP 	Set  sound=soundfiles/barsu_doakla_forp.wav
3.7230 	EXP 	Sound  started
3.7394 	EXP 	Set  sound=soundfiles/barsu_doakla_forp.wav
3.7394 	EXP 	Sound  started
3.7559 	EXP 	Set  sound=soundfiles/barsu_doakla_forp.wav
3.7559 	EXP 	Sound  started
3.7725 	EXP 	Set  sound=soundfiles/barsu_doakla_forp.wav
3.7725 	EXP 	Sound  started
3.7894 	EXP 	Set  sound=soundfiles/barsu_doakla_forp.wav
3.7894 	EXP 	Sound  started
3.8064 	EXP 	Set  sound=soundfiles/barsu_doakla_forp.wav
3.8064 	EXP 	Sound  started
3.8228 	EXP 	Set  sound=soundfiles/barsu_doakla_forp.wav
3.8228 	EXP 	Sound  started
3.8389 	EXP 	Set  sound=soundfiles/barsu_doakla_forp.wav
3.8389 	EXP 	Sound  started
3.8563 	EXP 	Set  sound=soundfiles/barsu_doakla_forp.wav
3.8563 	EXP 	Sound  started
3.8724 	EXP 	Set  sound=soundfiles/barsu_doakla_forp.wav
3.8724 	EXP 	Sound  started
3.8899 	EXP 	Set  sound=soundfiles/barsu_doakla_forp.wav
3.8900 	EXP 	Sound  started
3.9065 	EXP 	Set  sound=soundfiles/barsu_doakla_forp.wav
3.9065 	EXP 	Sound  started
3.9224 	EXP 	Set  sound=soundfiles/barsu_doakla_forp.wav
3.9224 	EXP 	Sound  started
3.9392 	EXP 	Set  sound=soundfiles/barsu_doakla_forp.wav
3.9393 	EXP 	Sound  started
3.9567 	EXP 	Set  sound=soundfiles/barsu_doakla_forp.wav
3.9568 	EXP 	Sound  started
3.9733 	EXP 	Set  sound=soundfiles/barsu_doakla_forp.wav
3.9733 	EXP 	Sound  started
3.9900 	EXP 	Set  sound=soundfiles/barsu_doakla_forp.wav
3.9900 	EXP 	Sound  started
4.0066 	EXP 	Set  sound=soundfiles/barsu_doakla_forp.wav
4.0066 	EXP 	Sound  started
4.0230 	EXP 	Set  sound=soundfiles/barsu_doakla_forp.wav
4.0230 	EXP 	Sound  started
4.0396 	EXP 	Set  sound=soundfiles/barsu_doakla_forp.wav
4.0396 	EXP 	Sound  started
4.0566 	EXP 	Set  sound=soundfiles/barsu_doakla_forp.wav
4.0566 	EXP 	Sound  started
4.0728 	EXP 	Set  sound=soundfiles/barsu_doakla_forp.wav
4.0728 	EXP 	Sound  started
4.0894 	EXP 	Set  sound=soundfiles/barsu_doakla_forp.wav
4.0894 	EXP 	Sound  started
4.1069 	EXP 	Set  sound=soundfiles/barsu_doakla_forp.wav
4.1069 	EXP 	Sound  started
4.1232 	EXP 	Set  sound=soundfiles/barsu_doakla_forp.wav
4.1233 	EXP 	Sound  started
4.1403 	EXP 	Set  sound=soundfiles/barsu_doakla_forp.wav
4.1403 	EXP 	Sound  started
4.1568 	EXP 	Set  sound=soundfiles/barsu_doakla_forp.wav
4.1568 	EXP 	Sound  started
4.1733 	EXP 	Set  sound=soundfiles/barsu_doakla_forp.wav
4.1733 	EXP 	Sound  started
4.1898 	EXP 	Set  sound=soundfiles/barsu_doakla_forp.wav
4.1898 	EXP 	Sound  started
4.2061 	EXP 	Set  sound=soundfiles/barsu_doakla_forp.wav
4.2061 	EXP 	Sound  started
4.2237 	EXP 	Set  sound=soundfiles/barsu_doakla_forp.wav
4.2237 	EXP 	Sound  started
4.2402 	EXP 	Set  sound=soundfiles/barsu_doakla_forp.wav
4.2403 	EXP 	Sound  started
4.2568 	EXP 	Set  sound=soundfiles/barsu_doakla_forp.wav
4.2569 	EXP 	Sound  started
4.2730 	EXP 	Set movie finished
4.2733 	EXP 	Set  sound=soundfiles/barsu_doakla_forp.wav
4.2733 	EXP 	Sound  started
4.2896 	EXP 	Set movie paused
4.2899 	EXP 	Set  sound=soundfiles/barsu_doakla_forp.wav
4.2899 	EXP 	Sound  started
4.3064 	EXP 	Set  sound=soundfiles/barsu_doakla_forp.wav
4.3064 	EXP 	Sound  started
4.3229 	EXP 	Set  sound=soundfiles/barsu_doakla_forp.wav
4.3229 	EXP 	Sound  started
4.3401 	EXP 	Set  sound=soundfiles/barsu_doakla_forp.wav
4.3401 	EXP 	Sound  started
4.3567 	EXP 	Set  sound=soundfiles/barsu_doakla_forp.wav
4.3567 	EXP 	Sound  started
4.3732 	EXP 	Set  sound=soundfiles/barsu_doakla_forp.wav
4.3732 	EXP 	Sound  started
4.3897 	EXP 	Set  sound=soundfiles/barsu_doakla_forp.wav
4.3897 	EXP 	Sound  started
4.4063 	EXP 	Set  sound=soundfiles/barsu_doakla_forp.wav
4.4063 	EXP 	Sound  started
4.4239 	EXP 	Set  sound=soundfiles/barsu_doakla_forp.wav
4.4239 	EXP 	Sound  started
4.4403 	EXP 	Set  sound=soundfiles/barsu_doakla_forp.wav
4.4403 	EXP 	Sound  started
4.4568 	EXP 	Set  sound=soundfiles/barsu_doakla_forp.wav
4.4568 	EXP 	Sound  started
4.4739 	EXP 	Set  sound=soundfiles/barsu_doakla_forp.wav
4.4739 	EXP 	Sound  started
4.4904 	EXP 	Set  sound=soundfiles/barsu_doakla_forp.wav
4.4905 	EXP 	Sound  started
4.5069 	EXP 	Set  sound=soundfiles/barsu_doakla_forp.wav
4.5070 	EXP 	Sound  started
4.5237 	EXP 	Set  sound=soundfiles/barsu_doakla_forp.wav
4.5237 	EXP 	Sound  started
4.5402 	EXP 	Set  sound=soundfiles/barsu_doakla_forp.wav
4.5403 	EXP 	Sound  started
4.5567 	EXP 	Set  sound=soundfiles/barsu_doakla_forp.wav
4.5567 	EXP 	Sound  started
4.5732 	EXP 	Set movie finished
4.5735 	EXP 	Set  sound=soundfiles/barsu_doakla_forp.wav
4.5735 	EXP 	Sound  started
4.5898 	EXP 	Set movie paused
4.5901 	EXP 	Set  sound=soundfiles/barsu_doakla_forp.wav
4.5901 	EXP 	Sound  started
4.6074 	EXP 	Set  sound=soundfiles/barsu_doakla_forp.wav
4.6074 	EXP 	Sound  started
4.6239 	EXP 	Set  sound=soundfiles/barsu_doakla_forp.wav
4.6239 	EXP 	Sound  started
4.6404 	EXP 	Set  sound=soundfiles/barsu_doakla_forp.wav
4.6404 	EXP 	Sound  started
4.6566 	EXP 	Set  sound=soundfiles/barsu_doakla_forp.wav
4.6566 	EXP 	Sound  started
4.6737 	EXP 	Set  sound=soundfiles/barsu_doakla_forp.wav
4.6737 	EXP 	Sound  started
4.6906 	EXP 	Set  sound=soundfiles/barsu_doakla_forp.wav
4.6906 	EXP 	Sound  started
4.7074 	EXP 	Set  sound=soundfiles/barsu_doakla_forp.wav
4.7074 	EXP 	Sound  started
4.7243 	EXP 	Set  sound=soundfiles/barsu_doakla_forp.wav
4.7243 	EXP 	Sound  started
4.7401 	EXP 	Set  sound=soundfiles/barsu_doakla_forp.wav
4.7401 	EXP 	Sound  started
4.7570 	EXP 	Set  sound=soundfiles/barsu_doakla_forp.wav
4.7570 	EXP 	Sound  started
4.7738 	EXP 	Set  sound=soundfiles/barsu_doakla_forp.wav
4.7739 	EXP 	Sound  started
4.7911 	EXP 	Set  sound=soundfiles/barsu_doakla_forp.wav
4.7911 	EXP 	Sound  started
4.8069 	EXP 	Set  sound=soundfiles/barsu_doakla_forp.wav
4.8070 	EXP 	Sound  started
4.8238 	EXP 	Set  sound=soundfiles/barsu_doakla_forp.wav
4.8238 	EXP 	Sound  started
4.8407 	EXP 	Set  sound=soundfiles/barsu_doakla_forp.wav
4.8407 	EXP 	Sound  started
4.8576 	EXP 	Set  sound=soundfiles/barsu_doakla_forp.wav
4.8576 	EXP 	Sound  started
4.8744 	EXP 	Set  sound=soundfiles/barsu_doakla_forp.wav
4.8745 	EXP 	Sound  started
4.8904 	EXP 	Set  sound=soundfiles/barsu_doakla_forp.wav
4.8904 	EXP 	Sound  started
4.9071 	EXP 	Set  sound=soundfiles/barsu_doakla_forp.wav
4.9072 	EXP 	Sound  started
4.9240 	EXP 	Set  sound=soundfiles/barsu_doakla_forp.wav
4.9240 	EXP 	Sound  started
4.9407 	EXP 	Set  sound=soundfiles/barsu_doakla_forp.wav
4.9408 	EXP 	Sound  started
4.9577 	EXP 	Set  sound=soundfiles/barsu_doakla_forp.wav
4.9577 	EXP 	Sound  started
4.9746 	EXP 	Set  sound=soundfiles/barsu_doakla_forp.wav
4.9746 	EXP 	Sound  started
4.9905 	EXP 	Set  sound=soundfiles/barsu_doakla_forp.wav
4.9905 	EXP 	Sound  started
5.0073 	EXP 	Set  sound=soundfiles/barsu_doakla_forp.wav
5.0073 	EXP 	Sound  started
5.0241 	EXP 	Set  sound=soundfiles/barsu_doakla_forp.wav
5.0242 	EXP 	Sound  started
5.0406 	EXP 	Set  sound=soundfiles/barsu_doakla_forp.wav
5.0406 	EXP 	Sound  started
5.0580 	EXP 	Set  sound=soundfiles/barsu_doakla_forp.wav
5.0580 	EXP 	Sound  started
5.0739 	EXP 	Set  sound=soundfiles/barsu_doakla_forp.wav
5.0740 	EXP 	Sound  started
5.0912 	EXP 	Set  sound=soundfiles/barsu_doakla_forp.wav
5.0912 	EXP 	Sound  started
5.1081 	EXP 	Set  sound=soundfiles/barsu_doakla_forp.wav
5.1081 	EXP 	Sound  started
5.1240 	EXP 	Set  sound=soundfiles/barsu_doakla_forp.wav
5.1240 	EXP 	Sound  started
5.1409 	EXP 	Set  sound=soundfiles/barsu_doakla_forp.wav
5.1409 	EXP 	Sound  started
5.1579 	EXP 	Set  sound=soundfiles/barsu_doakla_forp.wav
5.1579 	EXP 	Sound  started
5.1746 	EXP 	Set  sound=soundfiles/barsu_doakla_forp.wav
5.1746 	EXP 	Sound  started
5.1905 	EXP 	Set  sound=soundfiles/barsu_doakla_forp.wav
5.1906 	EXP 	Sound  started
5.2075 	EXP 	Set  sound=soundfiles/barsu_doakla_forp.wav
5.2075 	EXP 	Sound  started
5.2243 	EXP 	Set  sound=soundfiles/barsu_doakla_forp.wav
5.2243 	EXP 	Sound  started
5.2412 	EXP 	Set  sound=soundfiles/barsu_doakla_forp.wav
5.2412 	EXP 	Sound  started
5.2580 	EXP 	Set  sound=soundfiles/barsu_doakla_forp.wav
5.2581 	EXP 	Sound  started
5.2739 	EXP 	Set  sound=soundfiles/barsu_doakla_forp.wav
5.2739 	EXP 	Sound  started
5.2908 	EXP 	Set  sound=soundfiles/barsu_doakla_forp.wav
5.2908 	EXP 	Sound  started
5.3074 	EXP 	Set  sound=soundfiles/barsu_doakla_forp.wav
5.3074 	EXP 	Sound  started
5.3239 	EXP 	Set  sound=soundfiles/barsu_doakla_forp.wav
5.3239 	EXP 	Sound  started
5.3408 	EXP 	Set  sound=soundfiles/barsu_doakla_forp.wav
5.3408 	EXP 	Sound  started
5.3577 	EXP 	Set  sound=soundfiles/barsu_doakla_forp.wav
5.3578 	EXP 	Sound  started
5.3746 	EXP 	Set  sound=soundfiles/barsu_doakla_forp.wav
5.3746 	EXP 	Sound  started
5.3916 	EXP 	Set  sound=soundfiles/barsu_doakla_forp.wav
5.3916 	EXP 	Sound  started
5.4078 	DATA 	Mouse: Left button down, pos=(1530,925)
5.7552 	DATA 	Mouse: Left button up, pos=(1530,925)
6.9542 	EXP 	Set  sound=C
6.9592 	EXP 	Set  sound=button.wav
6.9596 	EXP 	Set  sound=bad.wav
6.9597 	EXP 	Set  sound=soundfiles/barsu_doakla_forp.wav
6.9598 	EXP 	Sound  started
6.9611 	EXP 	New trial (rep=0, index=1): {'receivertwo': u'chef', 'soundverb': u'moship', 'verbtwo': u'knockover', 'welcometext': u'My name is alien the alien and I will be showing you some experiments today', 'actor': u'bandit', 'verb': u'knockover', 'receiver': u'hunter', 'soundreceiver': u'doakla', 'correct': 2, 'soundactor': u'barsu', 'actortwo': u'bandit'}
6.9671 	EXP 	Set  sound=soundfiles/barsu_doakla_moship.wav
6.9671 	EXP 	Sound  started
7.4944 	EXP 	MovieStim: autoDraw = None
7.4944 	EXP 	MovieStim: autoDraw = None
7.4944 	EXP 	MovieStim: autoLog = None
7.4944 	EXP 	MovieStim: units = None
7.4944 	EXP 	Set movie movie=videos/bandit_hunter_knockover.avi
7.4944 	EXP 	MovieStim: pos = None
7.4944 	EXP 	MovieStim: depth = None
7.4944 	EXP 	MovieStim: colorSpace = None
7.4944 	EXP 	MovieStim: opacity = None
7.4944 	EXP 	MovieStim: size = None
7.4944 	EXP 	MovieStim: ori = None
7.4944 	EXP 	MovieStim: autoLog = None
7.4944 	EXP 	MovieStim: units = None
7.4944 	EXP 	Set movie movie=videos/bandit_chef_knockover.avi
7.4944 	EXP 	MovieStim: pos = None
7.4944 	EXP 	MovieStim: depth = None
7.4944 	EXP 	MovieStim: colorSpace = None
7.4944 	EXP 	MovieStim: opacity = None
7.4944 	EXP 	MovieStim: size = None
7.4944 	EXP 	MovieStim: ori = None
7.4944 	EXP 	MovieStim: autoDraw = None
7.4944 	EXP 	MovieStim: autoDraw = None
7.4947 	EXP 	Set  sound=soundfiles/barsu_doakla_moship.wav
7.4947 	EXP 	Sound  started
7.5107 	EXP 	Set  sound=soundfiles/barsu_doakla_moship.wav
7.5107 	EXP 	Sound  started
7.5279 	EXP 	Set  sound=soundfiles/barsu_doakla_moship.wav
7.5279 	EXP 	Sound  started
7.5439 	EXP 	Set  sound=soundfiles/barsu_doakla_moship.wav
7.5439 	EXP 	Sound  started
7.5608 	EXP 	Set  sound=soundfiles/barsu_doakla_moship.wav
7.5609 	EXP 	Sound  started
7.5773 	EXP 	Set  sound=soundfiles/barsu_doakla_moship.wav
7.5773 	EXP 	Sound  started
7.5939 	EXP 	Set  sound=soundfiles/barsu_doakla_moship.wav
7.5939 	EXP 	Sound  started
7.6106 	EXP 	Set  sound=soundfiles/barsu_doakla_moship.wav
7.6106 	EXP 	Sound  started
7.6277 	EXP 	Set  sound=soundfiles/barsu_doakla_moship.wav
7.6277 	EXP 	Sound  started
7.6440 	EXP 	Set  sound=soundfiles/barsu_doakla_moship.wav
7.6440 	EXP 	Sound  started
7.6611 	EXP 	Set  sound=soundfiles/barsu_doakla_moship.wav
7.6611 	EXP 	Sound  started
7.6773 	EXP 	Set  sound=soundfiles/barsu_doakla_moship.wav
7.6773 	EXP 	Sound  started
7.6940 	EXP 	Set  sound=soundfiles/barsu_doakla_moship.wav
7.6940 	EXP 	Sound  started
7.7108 	EXP 	Set  sound=soundfiles/barsu_doakla_moship.wav
7.7109 	EXP 	Sound  started
7.7282 	EXP 	Set  sound=soundfiles/barsu_doakla_moship.wav
7.7282 	EXP 	Sound  started
7.7440 	EXP 	Set  sound=soundfiles/barsu_doakla_moship.wav
7.7441 	EXP 	Sound  started
7.7615 	EXP 	Set  sound=soundfiles/barsu_doakla_moship.wav
7.7615 	EXP 	Sound  started
7.7772 	EXP 	Set  sound=soundfiles/barsu_doakla_moship.wav
7.7772 	EXP 	Sound  started
7.7927 	EXP 	Set  sound=soundfiles/barsu_doakla_moship.wav
7.7927 	EXP 	Sound  started
7.8098 	EXP 	Set  sound=soundfiles/barsu_doakla_moship.wav
7.8098 	EXP 	Sound  started
7.8257 	EXP 	Set  sound=soundfiles/barsu_doakla_moship.wav
7.8257 	EXP 	Sound  started
7.8424 	EXP 	Set  sound=soundfiles/barsu_doakla_moship.wav
7.8424 	EXP 	Sound  started
7.8591 	EXP 	Set  sound=soundfiles/barsu_doakla_moship.wav
7.8591 	EXP 	Sound  started
7.8762 	EXP 	Set  sound=soundfiles/barsu_doakla_moship.wav
7.8762 	EXP 	Sound  started
7.8935 	EXP 	Set  sound=soundfiles/barsu_doakla_moship.wav
7.8935 	EXP 	Sound  started
7.9093 	EXP 	Set  sound=soundfiles/barsu_doakla_moship.wav
7.9093 	EXP 	Sound  started
7.9264 	EXP 	Set  sound=soundfiles/barsu_doakla_moship.wav
7.9265 	EXP 	Sound  started
7.9428 	EXP 	Set  sound=soundfiles/barsu_doakla_moship.wav
7.9428 	EXP 	Sound  started
7.9592 	EXP 	Set  sound=soundfiles/barsu_doakla_moship.wav
7.9592 	EXP 	Sound  started
7.9761 	EXP 	Set  sound=soundfiles/barsu_doakla_moship.wav
7.9761 	EXP 	Sound  started
7.9927 	EXP 	Set  sound=soundfiles/barsu_doakla_moship.wav
7.9928 	EXP 	Sound  started
8.0094 	EXP 	Set  sound=soundfiles/barsu_doakla_moship.wav
8.0094 	EXP 	Sound  started
8.0259 	EXP 	Set  sound=soundfiles/barsu_doakla_moship.wav
8.0259 	EXP 	Sound  started
8.0426 	EXP 	Set  sound=soundfiles/barsu_doakla_moship.wav
8.0427 	EXP 	Sound  started
8.0599 	EXP 	Set  sound=soundfiles/barsu_doakla_moship.wav
8.0599 	EXP 	Sound  started
8.0763 	EXP 	Set  sound=soundfiles/barsu_doakla_moship.wav
8.0763 	EXP 	Sound  started
8.1098 	EXP 	Set  sound=soundfiles/barsu_doakla_moship.wav
8.1098 	EXP 	Sound  started
8.1267 	EXP 	Set  sound=soundfiles/barsu_doakla_moship.wav
8.1268 	EXP 	Sound  started
8.1431 	EXP 	Set  sound=soundfiles/barsu_doakla_moship.wav
8.1431 	EXP 	Sound  started
8.1595 	EXP 	Set  sound=soundfiles/barsu_doakla_moship.wav
8.1595 	EXP 	Sound  started
8.1762 	EXP 	Set  sound=soundfiles/barsu_doakla_moship.wav
8.1763 	EXP 	Sound  started
8.1935 	EXP 	Set  sound=soundfiles/barsu_doakla_moship.wav
8.1936 	EXP 	Sound  started
8.2098 	EXP 	Set  sound=soundfiles/barsu_doakla_moship.wav
8.2099 	EXP 	Sound  started
8.2262 	EXP 	Set  sound=soundfiles/barsu_doakla_moship.wav
8.2263 	EXP 	Sound  started
8.2429 	EXP 	Set  sound=soundfiles/barsu_doakla_moship.wav
8.2429 	EXP 	Sound  started
8.2603 	EXP 	Set  sound=soundfiles/barsu_doakla_moship.wav
8.2603 	EXP 	Sound  started
8.2766 	EXP 	Set  sound=soundfiles/barsu_doakla_moship.wav
8.2766 	EXP 	Sound  started
8.2928 	EXP 	Set  sound=soundfiles/barsu_doakla_moship.wav
8.2928 	EXP 	Sound  started
8.3097 	EXP 	Set  sound=soundfiles/barsu_doakla_moship.wav
8.3097 	EXP 	Sound  started
8.3270 	EXP 	Set  sound=soundfiles/barsu_doakla_moship.wav
8.3270 	EXP 	Sound  started
8.3433 	EXP 	Set  sound=soundfiles/barsu_doakla_moship.wav
8.3434 	EXP 	Sound  started
8.3601 	EXP 	Set  sound=soundfiles/barsu_doakla_moship.wav
8.3601 	EXP 	Sound  started
8.3771 	EXP 	Set  sound=soundfiles/barsu_doakla_moship.wav
8.3771 	EXP 	Sound  started
8.3934 	EXP 	Set  sound=soundfiles/barsu_doakla_moship.wav
8.3934 	EXP 	Sound  started
8.4102 	EXP 	Set  sound=soundfiles/barsu_doakla_moship.wav
8.4102 	EXP 	Sound  started
8.4264 	EXP 	Set  sound=soundfiles/barsu_doakla_moship.wav
8.4264 	EXP 	Sound  started
8.4432 	EXP 	Set  sound=soundfiles/barsu_doakla_moship.wav
8.4432 	EXP 	Sound  started
8.4605 	EXP 	Set  sound=soundfiles/barsu_doakla_moship.wav
8.4606 	EXP 	Sound  started
8.4769 	EXP 	Set  sound=soundfiles/barsu_doakla_moship.wav
8.4769 	EXP 	Sound  started
8.4933 	EXP 	Set  sound=soundfiles/barsu_doakla_moship.wav
8.4933 	EXP 	Sound  started
8.5100 	EXP 	Set  sound=soundfiles/barsu_doakla_moship.wav
8.5100 	EXP 	Sound  started
8.5273 	EXP 	Set  sound=soundfiles/barsu_doakla_moship.wav
8.5273 	EXP 	Sound  started
8.5438 	EXP 	Set  sound=soundfiles/barsu_doakla_moship.wav
8.5438 	EXP 	Sound  started
8.5598 	EXP 	Set  sound=soundfiles/barsu_doakla_moship.wav
8.5598 	EXP 	Sound  started
8.5768 	EXP 	Set  sound=soundfiles/barsu_doakla_moship.wav
8.5768 	EXP 	Sound  started
8.5937 	EXP 	Set  sound=soundfiles/barsu_doakla_moship.wav
8.5938 	EXP 	Sound  started
8.6105 	EXP 	Set  sound=soundfiles/barsu_doakla_moship.wav
8.6105 	EXP 	Sound  started
8.6267 	EXP 	Set  sound=soundfiles/barsu_doakla_moship.wav
8.6268 	EXP 	Sound  started
8.6435 	EXP 	Set  sound=soundfiles/barsu_doakla_moship.wav
8.6435 	EXP 	Sound  started
8.6608 	EXP 	Set  sound=soundfiles/barsu_doakla_moship.wav
8.6608 	EXP 	Sound  started
8.6772 	EXP 	Set  sound=soundfiles/barsu_doakla_moship.wav
8.6772 	EXP 	Sound  started
8.6941 	EXP 	Set  sound=soundfiles/barsu_doakla_moship.wav
8.6941 	EXP 	Sound  started
8.7102 	EXP 	Set  sound=soundfiles/barsu_doakla_moship.wav
8.7103 	EXP 	Sound  started
8.7265 	EXP 	Set  sound=soundfiles/barsu_doakla_moship.wav
8.7265 	EXP 	Sound  started
8.7439 	EXP 	Set  sound=soundfiles/barsu_doakla_moship.wav
8.7440 	EXP 	Sound  started
8.7603 	EXP 	Set  sound=soundfiles/barsu_doakla_moship.wav
8.7603 	EXP 	Sound  started
8.7770 	EXP 	Set  sound=soundfiles/barsu_doakla_moship.wav
8.7770 	EXP 	Sound  started
8.7934 	EXP 	Set  sound=soundfiles/barsu_doakla_moship.wav
8.7934 	EXP 	Sound  started
8.8107 	EXP 	Set  sound=soundfiles/barsu_doakla_moship.wav
8.8107 	EXP 	Sound  started
8.8270 	EXP 	Set  sound=soundfiles/barsu_doakla_moship.wav
8.8270 	EXP 	Sound  started
8.8439 	EXP 	Set  sound=soundfiles/barsu_doakla_moship.wav
8.8439 	EXP 	Sound  started
8.8600 	EXP 	Set  sound=soundfiles/barsu_doakla_moship.wav
8.8600 	EXP 	Sound  started
8.8774 	EXP 	Set  sound=soundfiles/barsu_doakla_moship.wav
8.8775 	EXP 	Sound  started
8.8940 	EXP 	Set  sound=soundfiles/barsu_doakla_moship.wav
8.8940 	EXP 	Sound  started
8.9108 	EXP 	Set  sound=soundfiles/barsu_doakla_moship.wav
8.9108 	EXP 	Sound  started
8.9267 	EXP 	Set  sound=soundfiles/barsu_doakla_moship.wav
8.9267 	EXP 	Sound  started
8.9436 	EXP 	Set  sound=soundfiles/barsu_doakla_moship.wav
8.9436 	EXP 	Sound  started
8.9604 	EXP 	Set  sound=soundfiles/barsu_doakla_moship.wav
8.9604 	EXP 	Sound  started
8.9773 	EXP 	Set  sound=soundfiles/barsu_doakla_moship.wav
8.9773 	EXP 	Sound  started
8.9936 	EXP 	Set  sound=soundfiles/barsu_doakla_moship.wav
8.9936 	EXP 	Sound  started
9.0110 	EXP 	Set  sound=soundfiles/barsu_doakla_moship.wav
9.0110 	EXP 	Sound  started
9.0268 	EXP 	Set  sound=soundfiles/barsu_doakla_moship.wav
9.0269 	EXP 	Sound  started
9.0439 	EXP 	Set  sound=soundfiles/barsu_doakla_moship.wav
9.0439 	EXP 	Sound  started
9.0602 	EXP 	Set  sound=soundfiles/barsu_doakla_moship.wav
9.0602 	EXP 	Sound  started
9.0769 	EXP 	Set  sound=soundfiles/barsu_doakla_moship.wav
9.0769 	EXP 	Sound  started
9.0941 	EXP 	Set  sound=soundfiles/barsu_doakla_moship.wav
9.0941 	EXP 	Sound  started
9.1111 	EXP 	Set  sound=soundfiles/barsu_doakla_moship.wav
9.1111 	EXP 	Sound  started
9.1270 	EXP 	Set  sound=soundfiles/barsu_doakla_moship.wav
9.1270 	EXP 	Sound  started
9.1445 	EXP 	Set  sound=soundfiles/barsu_doakla_moship.wav
9.1445 	EXP 	Sound  started
9.1603 	EXP 	Set  sound=soundfiles/barsu_doakla_moship.wav
9.1603 	EXP 	Sound  started
9.1774 	EXP 	Set  sound=soundfiles/barsu_doakla_moship.wav
9.1775 	EXP 	Sound  started
9.1953 	EXP 	Set  sound=soundfiles/barsu_doakla_moship.wav
9.1954 	EXP 	Sound  started
9.2125 	EXP 	Set  sound=soundfiles/barsu_doakla_moship.wav
9.2125 	EXP 	Sound  started
9.2288 	EXP 	Set  sound=soundfiles/barsu_doakla_moship.wav
9.2288 	EXP 	Sound  started
9.2455 	EXP 	Set  sound=soundfiles/barsu_doakla_moship.wav
9.2455 	EXP 	Sound  started
9.2620 	EXP 	Set  sound=soundfiles/barsu_doakla_moship.wav
9.2621 	EXP 	Sound  started
9.2786 	EXP 	Set  sound=soundfiles/barsu_doakla_moship.wav
9.2786 	EXP 	Sound  started
9.3127 	DATA 	Mouse: Left button down, pos=(1530,925)
9.3136 	EXP 	Set  sound=bad.wav
9.3137 	EXP 	Set  sound=soundfiles/barsu_doakla_moship.wav
9.3137 	EXP 	Sound  started
9.3147 	EXP 	New trial (rep=0, index=2): {'receivertwo': u'ref', 'soundverb': u'doakla', 'verbtwo': u'headbutt', 'welcometext': u'My name is alien the alien and I will be showing you some experiments today', 'actor': u'bandit', 'verb': u'rock', 'receiver': u'ref', 'soundreceiver': u'barsu', 'correct': 2, 'soundactor': u'kyse', 'actortwo': u'bandit'}
9.3214 	EXP 	Set  sound=soundfiles/kyse_barsu_doakla.wav
9.3214 	EXP 	Sound  started
9.7166 	DATA 	Mouse: Left button up, pos=(1530,925)
9.8460 	EXP 	MovieStim: autoDraw = None
9.8460 	EXP 	MovieStim: autoDraw = None
9.8460 	EXP 	MovieStim: autoLog = None
9.8460 	EXP 	MovieStim: units = None
9.8460 	EXP 	Set movie movie=videos/bandit_ref_rock.avi
9.8460 	EXP 	MovieStim: pos = None
9.8460 	EXP 	MovieStim: depth = None
9.8460 	EXP 	MovieStim: colorSpace = None
9.8460 	EXP 	MovieStim: opacity = None
9.8460 	EXP 	MovieStim: size = None
9.8460 	EXP 	MovieStim: ori = None
9.8460 	EXP 	MovieStim: autoLog = None
9.8460 	EXP 	MovieStim: units = None
9.8460 	EXP 	Set movie movie=videos/bandit_ref_headbutt.avi
9.8460 	EXP 	MovieStim: pos = None
9.8460 	EXP 	MovieStim: depth = None
9.8460 	EXP 	MovieStim: colorSpace = None
9.8460 	EXP 	MovieStim: opacity = None
9.8460 	EXP 	MovieStim: size = None
9.8460 	EXP 	MovieStim: ori = None
9.8460 	EXP 	MovieStim: autoDraw = None
9.8460 	EXP 	MovieStim: autoDraw = None
9.8463 	EXP 	Set  sound=soundfiles/kyse_barsu_doakla.wav
9.8463 	EXP 	Sound  started
9.8626 	EXP 	Set  sound=soundfiles/kyse_barsu_doakla.wav
9.8626 	EXP 	Sound  started
9.8792 	EXP 	Set  sound=soundfiles/kyse_barsu_doakla.wav
9.8792 	EXP 	Sound  started
9.8964 	EXP 	Set  sound=soundfiles/kyse_barsu_doakla.wav
9.8964 	EXP 	Sound  started
9.9127 	EXP 	Set  sound=soundfiles/kyse_barsu_doakla.wav
9.9127 	EXP 	Sound  started
9.9294 	EXP 	Set  sound=soundfiles/kyse_barsu_doakla.wav
9.9294 	EXP 	Sound  started
9.9458 	EXP 	Set  sound=soundfiles/kyse_barsu_doakla.wav
9.9458 	EXP 	Sound  started
9.9629 	EXP 	Set  sound=soundfiles/kyse_barsu_doakla.wav
9.9629 	EXP 	Sound  started
9.9790 	EXP 	Set  sound=soundfiles/kyse_barsu_doakla.wav
9.9790 	EXP 	Sound  started
9.9948 	EXP 	Set  sound=soundfiles/kyse_barsu_doakla.wav
9.9948 	EXP 	Sound  started
10.0119 	EXP 	Set  sound=soundfiles/kyse_barsu_doakla.wav
10.0119 	EXP 	Sound  started
10.0280 	EXP 	Set  sound=soundfiles/kyse_barsu_doakla.wav
10.0281 	EXP 	Sound  started
10.0442 	EXP 	Set  sound=soundfiles/kyse_barsu_doakla.wav
10.0442 	EXP 	Sound  started
10.0610 	EXP 	Set  sound=soundfiles/kyse_barsu_doakla.wav
10.0610 	EXP 	Sound  started
10.0783 	EXP 	Set  sound=soundfiles/kyse_barsu_doakla.wav
10.0783 	EXP 	Sound  started
10.0946 	EXP 	Set  sound=soundfiles/kyse_barsu_doakla.wav
10.0946 	EXP 	Sound  started
10.1285 	EXP 	Set  sound=soundfiles/kyse_barsu_doakla.wav
10.1285 	EXP 	Sound  started
10.1451 	EXP 	Set  sound=soundfiles/kyse_barsu_doakla.wav
10.1451 	EXP 	Sound  started
10.1619 	EXP 	Set  sound=soundfiles/kyse_barsu_doakla.wav
10.1619 	EXP 	Sound  started
10.1778 	EXP 	Set  sound=soundfiles/kyse_barsu_doakla.wav
10.1778 	EXP 	Sound  started
10.1951 	EXP 	Set  sound=soundfiles/kyse_barsu_doakla.wav
10.1952 	EXP 	Sound  started
10.2113 	EXP 	Set  sound=soundfiles/kyse_barsu_doakla.wav
10.2114 	EXP 	Sound  started
10.2282 	EXP 	Set  sound=soundfiles/kyse_barsu_doakla.wav
10.2282 	EXP 	Sound  started
10.2443 	EXP 	Set  sound=soundfiles/kyse_barsu_doakla.wav
10.2443 	EXP 	Sound  started
10.2619 	EXP 	Set  sound=soundfiles/kyse_barsu_doakla.wav
10.2619 	EXP 	Sound  started
10.2780 	EXP 	Set  sound=soundfiles/kyse_barsu_doakla.wav
10.2780 	EXP 	Sound  started
10.2949 	EXP 	Set  sound=soundfiles/kyse_barsu_doakla.wav
10.2950 	EXP 	Sound  started
10.3111 	EXP 	Set  sound=soundfiles/kyse_barsu_doakla.wav
10.3111 	EXP 	Sound  started
10.3286 	DATA 	Mouse: Left button down, pos=(1530,925)
10.3295 	EXP 	Set  sound=bad.wav
10.3296 	EXP 	Set  sound=soundfiles/kyse_barsu_doakla.wav
10.3296 	EXP 	Sound  started
10.3309 	EXP 	Imported images.csv as conditions, 5 conditions, 4 params
10.3311 	EXP 	Created sequence: sequential, trialTypes=5, nReps=1, seed=None
10.3322 	EXP 	New trial (rep=0, index=0): {'color': u'Red', 'verb': u'On', 'names': u'mountie', 'object': u'Stool'}
10.3614 	EXP 	MovieStim: autoDraw = None
10.3614 	EXP 	MovieStim: autoDraw = None
10.3614 	EXP 	Set image_2 image=images/mountieOnRedStool.png
10.3614 	EXP 	ImageStim: autoDraw = None
10.4448 	DATA 	Mouse: Left button up, pos=(1530,925)
10.9119 	DATA 	Mouse: Left button down, pos=(1530,925)
10.9131 	EXP 	New trial (rep=0, index=1): {'color': u'Red', 'verb': u'With', 'names': u'hunter', 'object': u'Stool'}
10.9280 	EXP 	ImageStim: autoDraw = None
10.9280 	EXP 	Set image_2 image=images/hunterWithRedStool.png
10.9280 	EXP 	ImageStim: autoDraw = None
11.0125 	DATA 	Mouse: Left button up, pos=(1530,925)
11.1285 	DATA 	Mouse: Left button down, pos=(1530,925)
11.1294 	EXP 	New trial (rep=0, index=2): {'color': u'Red', 'verb': u'On', 'names': u'hunter', 'object': u'Stool'}
11.1449 	EXP 	ImageStim: autoDraw = None
11.1449 	EXP 	Set image_2 image=images/hunterOnRedStool.png
11.1449 	EXP 	ImageStim: autoDraw = None
11.2476 	DATA 	Mouse: Left button up, pos=(1530,924)
11.3972 	DATA 	Mouse: Left button down, pos=(1530,924)
11.3982 	EXP 	New trial (rep=0, index=3): {'color': u'Blue', 'verb': u'Nextto', 'names': u'hunter', 'object': u'Stool'}
11.4299 	EXP 	ImageStim: autoDraw = None
11.4299 	EXP 	Set image_2 image=images/hunterNexttoBlueStool.png
11.4299 	EXP 	ImageStim: autoDraw = None
11.4971 	DATA 	Mouse: Left button up, pos=(1530,924)
12.5313 	DATA 	Keypress: escape
