2.2759 	EXP 	Imported test.csv as conditions, 3 conditions, 3 params
2.2762 	EXP 	Created sequence: sequential, trialTypes=3, nReps=1, seed=None
2.3029 	EXP 	New trial (rep=0, index=0): {'verb': u'headbutt', 'actor': u'bandit', 'reciever': u'chef'}
2.8408 	EXP 	ImageStim: autoLog = None
2.8408 	EXP 	ImageStim: units = None
2.8408 	EXP 	ImageStim: useShaders = None
2.8408 	EXP 	ImageStim: size = None
2.8408 	EXP 	ImageStim: pos = None
2.8408 	EXP 	ImageStim: ori = None
2.8408 	EXP 	ImageStim: depth = None
2.8408 	EXP 	ImageStim: contrast = None
2.8408 	EXP 	ImageStim: opacity = None
2.8408 	EXP 	MovieStim: autoLog = None
2.8408 	EXP 	MovieStim: units = None
2.8408 	EXP 	Set movie movie=videos/bandit_chef_headbutt.avi
2.8408 	EXP 	MovieStim: pos = None
2.8408 	EXP 	MovieStim: depth = None
2.8408 	EXP 	MovieStim: colorSpace = None
2.8408 	EXP 	MovieStim: opacity = None
2.8408 	EXP 	MovieStim: size = None
2.8408 	EXP 	MovieStim: ori = None
2.8408 	EXP 	MovieStim: autoLog = None
2.8408 	EXP 	MovieStim: units = None
2.8408 	EXP 	Set movie movie=videos/bandit_chef_headbutt.avi
2.8408 	EXP 	MovieStim: pos = None
2.8408 	EXP 	MovieStim: depth = None
2.8408 	EXP 	MovieStim: colorSpace = None
2.8408 	EXP 	MovieStim: opacity = None
2.8408 	EXP 	MovieStim: size = None
2.8408 	EXP 	MovieStim: ori = None
2.8408 	EXP 	MovieStim: autoDraw = None
2.8408 	EXP 	MovieStim: autoDraw = None
2.4118 	EXP 	Imported test.csv as conditions, 3 conditions, 3 params
2.4120 	EXP 	Created sequence: sequential, trialTypes=3, nReps=1, seed=None
2.4389 	EXP 	New trial (rep=0, index=0): {'verb': u'headbutt', 'actor': u'bandit', 'reciever': u'chef'}
2.9760 	EXP 	ImageStim: autoLog = None
2.9760 	EXP 	ImageStim: units = None
2.9760 	EXP 	ImageStim: useShaders = None
2.9760 	EXP 	ImageStim: size = None
2.9760 	EXP 	ImageStim: pos = None
2.9760 	EXP 	ImageStim: ori = None
2.9760 	EXP 	ImageStim: depth = None
2.9760 	EXP 	ImageStim: contrast = None
2.9760 	EXP 	ImageStim: opacity = None
2.9760 	EXP 	MovieStim: autoLog = None
2.9760 	EXP 	MovieStim: units = None
2.9760 	EXP 	Set movie movie=videos/bandit_chef_headbutt.avi
2.9760 	EXP 	MovieStim: pos = None
2.9760 	EXP 	MovieStim: depth = None
2.9760 	EXP 	MovieStim: colorSpace = None
2.9760 	EXP 	MovieStim: opacity = None
2.9760 	EXP 	MovieStim: size = None
2.9760 	EXP 	MovieStim: ori = None
2.9760 	EXP 	MovieStim: autoLog = None
2.9760 	EXP 	MovieStim: units = None
2.9760 	EXP 	Set movie movie=videos/bandit_chef_headbutt.avi
2.9760 	EXP 	MovieStim: pos = None
2.9760 	EXP 	MovieStim: depth = None
2.9760 	EXP 	MovieStim: colorSpace = None
2.9760 	EXP 	MovieStim: opacity = None
2.9760 	EXP 	MovieStim: size = None
2.9760 	EXP 	MovieStim: ori = None
2.9760 	EXP 	MovieStim: autoDraw = None
2.9760 	EXP 	MovieStim: autoDraw = None
3.5739 	DATA 	Mouse: Left button down, pos=(1525,920)
3.5752 	EXP 	New trial (rep=0, index=1): {'verb': u'knockover', 'actor': u'bandit', 'reciever': u'hunter'}
3.9119 	DATA 	Mouse: Left button up, pos=(1525,920)
4.0966 	EXP 	MovieStim: autoDraw = None
4.0966 	EXP 	MovieStim: autoDraw = None
4.0966 	EXP 	MovieStim: autoLog = None
4.0966 	EXP 	MovieStim: units = None
4.0966 	EXP 	Set movie movie=videos/bandit_hunter_knockover.avi
4.0966 	EXP 	MovieStim: pos = None
4.0966 	EXP 	MovieStim: depth = None
4.0966 	EXP 	MovieStim: colorSpace = None
4.0966 	EXP 	MovieStim: opacity = None
4.0966 	EXP 	MovieStim: size = None
4.0966 	EXP 	MovieStim: ori = None
4.0966 	EXP 	MovieStim: autoLog = None
4.0966 	EXP 	MovieStim: units = None
4.0966 	EXP 	Set movie movie=videos/bandit_hunter_knockover.avi
4.0966 	EXP 	MovieStim: pos = None
4.0966 	EXP 	MovieStim: depth = None
4.0966 	EXP 	MovieStim: colorSpace = None
4.0966 	EXP 	MovieStim: opacity = None
4.0966 	EXP 	MovieStim: size = None
4.0966 	EXP 	MovieStim: ori = None
4.0966 	EXP 	MovieStim: autoDraw = None
4.0966 	EXP 	MovieStim: autoDraw = None
5.3234 	DATA 	Mouse: Left button down, pos=(1525,920)
5.3242 	EXP 	New trial (rep=0, index=2): {'verb': u'rock', 'actor': u'bandit', 'reciever': u'ref'}
5.6910 	DATA 	Mouse: Left button up, pos=(1525,920)
5.8450 	EXP 	MovieStim: autoDraw = None
5.8450 	EXP 	MovieStim: autoDraw = None
5.8450 	EXP 	MovieStim: autoLog = None
5.8450 	EXP 	MovieStim: units = None
5.8450 	EXP 	Set movie movie=videos/bandit_ref_rock.avi
5.8450 	EXP 	MovieStim: pos = None
5.8450 	EXP 	MovieStim: depth = None
5.8450 	EXP 	MovieStim: colorSpace = None
5.8450 	EXP 	MovieStim: opacity = None
5.8450 	EXP 	MovieStim: size = None
5.8450 	EXP 	MovieStim: ori = None
5.8450 	EXP 	MovieStim: autoLog = None
5.8450 	EXP 	MovieStim: units = None
5.8450 	EXP 	Set movie movie=videos/bandit_ref_rock.avi
5.8450 	EXP 	MovieStim: pos = None
5.8450 	EXP 	MovieStim: depth = None
5.8450 	EXP 	MovieStim: colorSpace = None
5.8450 	EXP 	MovieStim: opacity = None
5.8450 	EXP 	MovieStim: size = None
5.8450 	EXP 	MovieStim: ori = None
5.8450 	EXP 	MovieStim: autoDraw = None
5.8450 	EXP 	MovieStim: autoDraw = None
6.6731 	DATA 	Mouse: Left button down, pos=(879,977)
6.6743 	EXP 	Imported images.csv as conditions, 5 conditions, 4 params
6.6745 	EXP 	Created sequence: sequential, trialTypes=5, nReps=1, seed=None
6.6754 	EXP 	New trial (rep=0, index=0): {'color': u'Red', 'verb': u'On', 'names': u'mountie', 'object': u'Stool'}
6.6908 	EXP 	MovieStim: autoDraw = None
6.6908 	EXP 	MovieStim: autoDraw = None
6.6908 	EXP 	Set image_2 image=images/mountieOnRedStool.png
6.6908 	EXP 	ImageStim: autoDraw = None
6.8232 	DATA 	Mouse: Left button up, pos=(879,977)
7.4398 	DATA 	Mouse: Left button down, pos=(1072,934)
7.4408 	EXP 	New trial (rep=0, index=1): {'color': u'Red', 'verb': u'With', 'names': u'hunter', 'object': u'Stool'}
7.4564 	EXP 	ImageStim: autoDraw = None
7.4564 	EXP 	Set image_2 image=images/hunterWithRedStool.png
7.4564 	EXP 	ImageStim: autoDraw = None
7.5899 	DATA 	Mouse: Left button up, pos=(1072,934)
8.1564 	DATA 	Mouse: Left button down, pos=(1138,926)
8.1571 	EXP 	New trial (rep=0, index=2): {'color': u'Red', 'verb': u'On', 'names': u'hunter', 'object': u'Stool'}
8.1730 	EXP 	ImageStim: autoDraw = None
8.1730 	EXP 	Set image_2 image=images/hunterOnRedStool.png
8.1730 	EXP 	ImageStim: autoDraw = None
8.2566 	DATA 	Mouse: Left button up, pos=(1138,926)
8.4064 	DATA 	Mouse: Left button down, pos=(1138,926)
8.4070 	EXP 	New trial (rep=0, index=3): {'color': u'Blue', 'verb': u'Nextto', 'names': u'hunter', 'object': u'Stool'}
8.4229 	EXP 	ImageStim: autoDraw = None
8.4229 	EXP 	Set image_2 image=images/hunterNexttoBlueStool.png
8.4229 	EXP 	ImageStim: autoDraw = None
8.5232 	DATA 	Mouse: Left button up, pos=(1138,926)
8.9401 	DATA 	Mouse: Left button down, pos=(1135,925)
8.9408 	EXP 	New trial (rep=0, index=4): {'color': u'Red', 'verb': u'On', 'names': u'mountie', 'object': u'Skateboard'}
8.9563 	EXP 	ImageStim: autoDraw = None
8.9563 	EXP 	Set image_2 image=images/mountieOnRedSkateboard.png
8.9563 	EXP 	ImageStim: autoDraw = None
9.0731 	DATA 	Mouse: Left button up, pos=(1133,925)
9.3564 	DATA 	Mouse: Left button down, pos=(1133,924)
9.4061 	WARNING 	Data file, data/_2015_Oct_13_0620.csv, will be overwritten
