2.3262 	EXP 	Imported test.csv as conditions, 3 conditions, 3 params
2.3267 	EXP 	Created sequence: sequential, trialTypes=3, nReps=5, seed=None
2.3575 	EXP 	New trial (rep=0, index=0): {'verb': u'headbutt', 'actor': u'bandit', 'reciever': u'chef'}
2.4021 	EXP 	MovieStim: autoLog = None
2.4021 	EXP 	MovieStim: units = None
2.4021 	EXP 	Set movie movie=videos/bandit_chef_headbutt.avi
2.4021 	EXP 	MovieStim: pos = None
2.4021 	EXP 	MovieStim: depth = None
2.4021 	EXP 	MovieStim: colorSpace = None
2.4021 	EXP 	MovieStim: opacity = None
2.4021 	EXP 	MovieStim: size = None
2.4021 	EXP 	MovieStim: ori = None
2.4021 	EXP 	MovieStim: autoLog = None
2.4021 	EXP 	MovieStim: units = None
2.4021 	EXP 	Set movie_2 movie=videos/bandit_chef_headbutt.avi
2.4021 	EXP 	MovieStim: pos = None
2.4021 	EXP 	MovieStim: depth = None
2.4021 	EXP 	MovieStim: colorSpace = None
2.4021 	EXP 	MovieStim: opacity = None
2.4021 	EXP 	MovieStim: size = None
2.4021 	EXP 	MovieStim: ori = None
2.4021 	EXP 	MovieStim: autoDraw = None
2.4021 	EXP 	MovieStim: autoDraw = None
2.4026 	DATA 	Keypress: right
2.2840 	EXP 	Imported test.csv as conditions, 3 conditions, 3 params
2.2843 	EXP 	Created sequence: sequential, trialTypes=3, nReps=5, seed=None
2.3102 	EXP 	New trial (rep=0, index=0): {'verb': u'headbutt', 'actor': u'bandit', 'reciever': u'chef'}
2.3541 	EXP 	MovieStim: autoLog = None
2.3541 	EXP 	MovieStim: units = None
2.3541 	EXP 	Set movie movie=videos/bandit_chef_headbutt.avi
2.3541 	EXP 	MovieStim: pos = None
2.3541 	EXP 	MovieStim: depth = None
2.3541 	EXP 	MovieStim: colorSpace = None
2.3541 	EXP 	MovieStim: opacity = None
2.3541 	EXP 	MovieStim: size = None
2.3541 	EXP 	MovieStim: ori = None
2.3541 	EXP 	MovieStim: autoLog = None
2.3541 	EXP 	MovieStim: units = None
2.3541 	EXP 	Set movie_2 movie=videos/bandit_chef_headbutt.avi
2.3541 	EXP 	MovieStim: pos = None
2.3541 	EXP 	MovieStim: depth = None
2.3541 	EXP 	MovieStim: colorSpace = None
2.3541 	EXP 	MovieStim: opacity = None
2.3541 	EXP 	MovieStim: size = None
2.3541 	EXP 	MovieStim: ori = None
2.3541 	EXP 	MovieStim: autoDraw = None
2.3541 	EXP 	MovieStim: autoDraw = None
7.1417 	DATA 	Keypress: right
7.3429 	EXP 	Set movie finished
7.3429 	EXP 	Set movie_2 finished
7.9295 	EXP 	Set  sound=C
7.9306 	EXP 	Set  sound=button.wav
7.9314 	EXP 	New trial (rep=0, index=1): {'verb': u'knockover', 'actor': u'bandit', 'reciever': u'hunter'}
7.9633 	EXP 	MovieStim: autoDraw = None
7.9633 	EXP 	MovieStim: autoDraw = None
7.9633 	EXP 	MovieStim: autoLog = None
7.9633 	EXP 	MovieStim: units = None
7.9633 	EXP 	Set movie movie=videos/bandit_hunter_knockover.avi
7.9633 	EXP 	MovieStim: pos = None
7.9633 	EXP 	MovieStim: depth = None
7.9633 	EXP 	MovieStim: colorSpace = None
7.9633 	EXP 	MovieStim: opacity = None
7.9633 	EXP 	MovieStim: size = None
7.9633 	EXP 	MovieStim: ori = None
7.9633 	EXP 	MovieStim: autoLog = None
7.9633 	EXP 	MovieStim: units = None
7.9633 	EXP 	Set movie_2 movie=videos/bandit_hunter_knockover.avi
7.9633 	EXP 	MovieStim: pos = None
7.9633 	EXP 	MovieStim: depth = None
7.9633 	EXP 	MovieStim: colorSpace = None
7.9633 	EXP 	MovieStim: opacity = None
7.9633 	EXP 	MovieStim: size = None
7.9633 	EXP 	MovieStim: ori = None
7.9633 	EXP 	MovieStim: autoDraw = None
7.9633 	EXP 	MovieStim: autoDraw = None
12.7532 	DATA 	Keypress: left
12.7532 	DATA 	Keypress: right
12.9546 	EXP 	Set movie finished
12.9546 	EXP 	Set movie_2 finished
12.9552 	EXP 	Set  sound=bad.wav
12.9558 	EXP 	Set  sound=button.wav
12.9564 	EXP 	New trial (rep=0, index=2): {'verb': u'rock', 'actor': u'bandit', 'reciever': u'ref'}
12.9918 	EXP 	MovieStim: autoDraw = None
12.9918 	EXP 	MovieStim: autoDraw = None
12.9918 	EXP 	MovieStim: autoLog = None
12.9918 	EXP 	MovieStim: units = None
12.9918 	EXP 	Set movie movie=videos/bandit_ref_rock.avi
12.9918 	EXP 	MovieStim: pos = None
12.9918 	EXP 	MovieStim: depth = None
12.9918 	EXP 	MovieStim: colorSpace = None
12.9918 	EXP 	MovieStim: opacity = None
12.9918 	EXP 	MovieStim: size = None
12.9918 	EXP 	MovieStim: ori = None
12.9918 	EXP 	MovieStim: autoLog = None
12.9918 	EXP 	MovieStim: units = None
12.9918 	EXP 	Set movie_2 movie=videos/bandit_ref_rock.avi
12.9918 	EXP 	MovieStim: pos = None
12.9918 	EXP 	MovieStim: depth = None
12.9918 	EXP 	MovieStim: colorSpace = None
12.9918 	EXP 	MovieStim: opacity = None
12.9918 	EXP 	MovieStim: size = None
12.9918 	EXP 	MovieStim: ori = None
12.9918 	EXP 	MovieStim: autoDraw = None
12.9918 	EXP 	MovieStim: autoDraw = None
17.7807 	DATA 	Keypress: right
17.9820 	EXP 	Set movie finished
17.9820 	EXP 	Set movie_2 finished
17.9828 	EXP 	Set  sound=button.wav
17.9833 	EXP 	New trial (rep=1, index=0): {'verb': u'headbutt', 'actor': u'bandit', 'reciever': u'chef'}
18.0127 	EXP 	MovieStim: autoDraw = None
18.0127 	EXP 	MovieStim: autoDraw = None
18.0127 	EXP 	MovieStim: autoLog = None
18.0127 	EXP 	MovieStim: units = None
18.0127 	EXP 	Set movie movie=videos/bandit_chef_headbutt.avi
18.0127 	EXP 	MovieStim: pos = None
18.0127 	EXP 	MovieStim: depth = None
18.0127 	EXP 	MovieStim: colorSpace = None
18.0127 	EXP 	MovieStim: opacity = None
18.0127 	EXP 	MovieStim: size = None
18.0127 	EXP 	MovieStim: ori = None
18.0127 	EXP 	MovieStim: autoLog = None
18.0127 	EXP 	MovieStim: units = None
18.0127 	EXP 	Set movie_2 movie=videos/bandit_chef_headbutt.avi
18.0127 	EXP 	MovieStim: pos = None
18.0127 	EXP 	MovieStim: depth = None
18.0127 	EXP 	MovieStim: colorSpace = None
18.0127 	EXP 	MovieStim: opacity = None
18.0127 	EXP 	MovieStim: size = None
18.0127 	EXP 	MovieStim: ori = None
18.0127 	EXP 	MovieStim: autoDraw = None
18.0127 	EXP 	MovieStim: autoDraw = None
22.8030 	DATA 	Keypress: escape
23.0360 	WARNING 	Data file, data/_2015_Oct_06_1641.csv, will be overwritten
