1.8252 	WARNING 	User requested fullscreen with size [2560 1700], but screen is actually [2560, 1440]. Using actual size
2.8108 	EXP 	Imported test.csv as conditions, 3 conditions, 11 params
2.8111 	EXP 	Created sequence: sequential, trialTypes=3, nReps=1, seed=None
2.8715 	EXP 	New trial (rep=0, index=0): {'receivertwo': u'hunter', 'soundverb': u'forp', 'verbtwo': u'rock', 'welcometext': u'My name is alien the alien and I will be showing you some experiments today. Press anywhere to continue', 'actor': u'bandit', 'verb': u'headbutt', 'receiver': u'chef', 'soundreceiver': u'doakla', 'correct': 1, 'soundactor': u'barsu', 'actortwo': u'bandit'}
2.9054 	EXP 	TextStim: autoLog = None
2.9054 	EXP 	TextStim: units = None
2.9054 	EXP 	TextStim: useShaders = None
2.9054 	EXP 	TextStim: depth = None
2.9054 	EXP 	TextStim: ori = None
2.9054 	EXP 	TextStim: pos = None
2.9054 	EXP 	TextStim: colorSpace = None
2.9054 	EXP 	TextStim: opacity = None
2.9054 	EXP 	TextStim: contrast = None
2.9054 	EXP 	ImageStim: autoLog = None
2.9054 	EXP 	ImageStim: units = None
2.9054 	EXP 	ImageStim: useShaders = None
2.9054 	EXP 	ImageStim: size = None
2.9054 	EXP 	ImageStim: pos = None
2.9054 	EXP 	ImageStim: ori = None
2.9054 	EXP 	ImageStim: depth = None
2.9054 	EXP 	ImageStim: contrast = None
2.9054 	EXP 	ImageStim: opacity = None
2.9054 	EXP 	ImageStim: autoLog = None
2.9054 	EXP 	ImageStim: units = None
2.9054 	EXP 	ImageStim: useShaders = None
2.9054 	EXP 	ImageStim: size = None
2.9054 	EXP 	ImageStim: pos = None
2.9054 	EXP 	ImageStim: ori = None
2.9054 	EXP 	ImageStim: depth = None
2.9054 	EXP 	ImageStim: contrast = None
2.9054 	EXP 	ImageStim: opacity = None
2.9054 	EXP 	Set text text=My name is alien the alien and I will be showing you some experiments today. Press anywhere to continue
2.9054 	EXP 	TextStim: autoDraw = None
2.9054 	EXP 	ImageStim: autoDraw = None
3.6561 	DATA 	Mouse: Left button down, pos=(1056,841)
3.7724 	DATA 	Mouse: Left button up, pos=(1056,841)
4.8233 	DATA 	Mouse: Left button down, pos=(447,832)
4.9405 	DATA 	Mouse: Left button up, pos=(447,831)
5.6408 	DATA 	Keypress: escape
