2.3814 	EXP 	Imported test.csv as conditions, 3 conditions, 3 params
2.3818 	EXP 	Created sequence: sequential, trialTypes=3, nReps=5, seed=None
2.4085 	EXP 	New trial (rep=0, index=0): {'verb': u'headbutt', 'actor': u'bandit', 'reciever': u'chef'}
2.4529 	EXP 	MovieStim: autoLog = None
2.4529 	EXP 	MovieStim: units = None
2.4529 	EXP 	Set movie movie=videos/bandit_chef_headbutt.avi
2.4529 	EXP 	MovieStim: pos = None
2.4529 	EXP 	MovieStim: depth = None
2.4529 	EXP 	MovieStim: colorSpace = None
2.4529 	EXP 	MovieStim: opacity = None
2.4529 	EXP 	MovieStim: size = None
2.4529 	EXP 	MovieStim: ori = None
2.4529 	EXP 	MovieStim: autoLog = None
2.4529 	EXP 	MovieStim: units = None
2.4529 	EXP 	Set movie_2 movie=videos/bandit_chef_headbutt.avi
2.4529 	EXP 	MovieStim: pos = None
2.4529 	EXP 	MovieStim: depth = None
2.4529 	EXP 	MovieStim: colorSpace = None
2.4529 	EXP 	MovieStim: opacity = None
2.4529 	EXP 	MovieStim: size = None
2.4529 	EXP 	MovieStim: ori = None
2.4529 	EXP 	MovieStim: autoDraw = None
2.4529 	EXP 	MovieStim: autoDraw = None
7.2445 	DATA 	Keypress: escape
2.2276 	EXP 	Imported test.csv as conditions, 3 conditions, 3 params
2.2279 	EXP 	Created sequence: sequential, trialTypes=3, nReps=5, seed=None
2.2539 	EXP 	New trial (rep=0, index=0): {'verb': u'headbutt', 'actor': u'bandit', 'reciever': u'chef'}
2.2975 	EXP 	MovieStim: autoLog = None
2.2975 	EXP 	MovieStim: units = None
2.2975 	EXP 	Set movie movie=videos/bandit_chef_headbutt.avi
2.2975 	EXP 	MovieStim: pos = None
2.2975 	EXP 	MovieStim: depth = None
2.2975 	EXP 	MovieStim: colorSpace = None
2.2975 	EXP 	MovieStim: opacity = None
2.2975 	EXP 	MovieStim: size = None
2.2975 	EXP 	MovieStim: ori = None
2.2975 	EXP 	MovieStim: autoLog = None
2.2975 	EXP 	MovieStim: units = None
2.2975 	EXP 	Set movie_2 movie=videos/bandit_chef_headbutt.avi
2.2975 	EXP 	MovieStim: pos = None
2.2975 	EXP 	MovieStim: depth = None
2.2975 	EXP 	MovieStim: colorSpace = None
2.2975 	EXP 	MovieStim: opacity = None
2.2975 	EXP 	MovieStim: size = None
2.2975 	EXP 	MovieStim: ori = None
2.2975 	EXP 	MovieStim: autoDraw = None
2.2975 	EXP 	MovieStim: autoDraw = None
7.2904 	EXP 	Set movie finished
7.2904 	EXP 	Set movie_2 finished
7.2912 	EXP 	New trial (rep=0, index=1): {'verb': u'knockover', 'actor': u'bandit', 'reciever': u'hunter'}
7.3274 	EXP 	MovieStim: autoDraw = None
7.3274 	EXP 	MovieStim: autoDraw = None
7.3274 	EXP 	MovieStim: autoLog = None
7.3274 	EXP 	MovieStim: units = None
7.3274 	EXP 	Set movie movie=videos/bandit_hunter_knockover.avi
7.3274 	EXP 	MovieStim: pos = None
7.3274 	EXP 	MovieStim: depth = None
7.3274 	EXP 	MovieStim: colorSpace = None
7.3274 	EXP 	MovieStim: opacity = None
7.3274 	EXP 	MovieStim: size = None
7.3274 	EXP 	MovieStim: ori = None
7.3274 	EXP 	MovieStim: autoLog = None
7.3274 	EXP 	MovieStim: units = None
7.3274 	EXP 	Set movie_2 movie=videos/bandit_hunter_knockover.avi
7.3274 	EXP 	MovieStim: pos = None
7.3274 	EXP 	MovieStim: depth = None
7.3274 	EXP 	MovieStim: colorSpace = None
7.3274 	EXP 	MovieStim: opacity = None
7.3274 	EXP 	MovieStim: size = None
7.3274 	EXP 	MovieStim: ori = None
7.3274 	EXP 	MovieStim: autoDraw = None
7.3274 	EXP 	MovieStim: autoDraw = None
12.3147 	EXP 	Set movie finished
12.3147 	EXP 	Set movie_2 finished
12.3152 	EXP 	New trial (rep=0, index=2): {'verb': u'rock', 'actor': u'bandit', 'reciever': u'ref'}
12.3452 	EXP 	MovieStim: autoDraw = None
12.3452 	EXP 	MovieStim: autoDraw = None
12.3452 	EXP 	MovieStim: autoLog = None
12.3452 	EXP 	MovieStim: units = None
12.3452 	EXP 	Set movie movie=videos/bandit_ref_rock.avi
12.3452 	EXP 	MovieStim: pos = None
12.3452 	EXP 	MovieStim: depth = None
12.3452 	EXP 	MovieStim: colorSpace = None
12.3452 	EXP 	MovieStim: opacity = None
12.3452 	EXP 	MovieStim: size = None
12.3452 	EXP 	MovieStim: ori = None
12.3452 	EXP 	MovieStim: autoLog = None
12.3452 	EXP 	MovieStim: units = None
12.3452 	EXP 	Set movie_2 movie=videos/bandit_ref_rock.avi
12.3452 	EXP 	MovieStim: pos = None
12.3452 	EXP 	MovieStim: depth = None
12.3452 	EXP 	MovieStim: colorSpace = None
12.3452 	EXP 	MovieStim: opacity = None
12.3452 	EXP 	MovieStim: size = None
12.3452 	EXP 	MovieStim: ori = None
12.3452 	EXP 	MovieStim: autoDraw = None
12.3452 	EXP 	MovieStim: autoDraw = None
17.3416 	EXP 	Set movie finished
17.3416 	EXP 	Set movie_2 finished
17.3421 	EXP 	New trial (rep=1, index=0): {'verb': u'headbutt', 'actor': u'bandit', 'reciever': u'chef'}
17.3782 	EXP 	MovieStim: autoDraw = None
17.3782 	EXP 	MovieStim: autoDraw = None
17.3782 	EXP 	MovieStim: autoLog = None
17.3782 	EXP 	MovieStim: units = None
17.3782 	EXP 	Set movie movie=videos/bandit_chef_headbutt.avi
17.3782 	EXP 	MovieStim: pos = None
17.3782 	EXP 	MovieStim: depth = None
17.3782 	EXP 	MovieStim: colorSpace = None
17.3782 	EXP 	MovieStim: opacity = None
17.3782 	EXP 	MovieStim: size = None
17.3782 	EXP 	MovieStim: ori = None
17.3782 	EXP 	MovieStim: autoLog = None
17.3782 	EXP 	MovieStim: units = None
17.3782 	EXP 	Set movie_2 movie=videos/bandit_chef_headbutt.avi
17.3782 	EXP 	MovieStim: pos = None
17.3782 	EXP 	MovieStim: depth = None
17.3782 	EXP 	MovieStim: colorSpace = None
17.3782 	EXP 	MovieStim: opacity = None
17.3782 	EXP 	MovieStim: size = None
17.3782 	EXP 	MovieStim: ori = None
17.3782 	EXP 	MovieStim: autoDraw = None
17.3782 	EXP 	MovieStim: autoDraw = None
22.1639 	DATA 	Keypress: escape
22.3920 	WARNING 	Data file, data/_2015_Oct_12_2340.csv, will be overwritten
