2.0450 	EXP 	Imported test.csv as conditions, 3 conditions, 7 params
2.0452 	EXP 	Created sequence: sequential, trialTypes=3, nReps=1, seed=None
2.0728 	EXP 	New trial (rep=0, index=0): {'receivertwo': u'hunter', 'verb': u'headbutt', 'verbtwo': u'rock', 'receiver': u'chef', 'correct': 1, 'actor': u'bandit', 'actortwo': u'bandit'}
2.6087 	EXP 	ImageStim: autoLog = None
2.6087 	EXP 	ImageStim: units = None
2.6087 	EXP 	ImageStim: useShaders = None
2.6087 	EXP 	ImageStim: size = None
2.6087 	EXP 	ImageStim: pos = None
2.6087 	EXP 	ImageStim: ori = None
2.6087 	EXP 	ImageStim: depth = None
2.6087 	EXP 	ImageStim: contrast = None
2.6087 	EXP 	ImageStim: opacity = None
2.6087 	EXP 	MovieStim: autoLog = None
2.6087 	EXP 	MovieStim: units = None
2.6087 	EXP 	Set movie movie=videos/bandit_chef_headbutt.avi
2.6087 	EXP 	MovieStim: pos = None
2.6087 	EXP 	MovieStim: depth = None
2.6087 	EXP 	MovieStim: colorSpace = None
2.6087 	EXP 	MovieStim: opacity = None
2.6087 	EXP 	MovieStim: size = None
2.6087 	EXP 	MovieStim: ori = None
2.6087 	EXP 	MovieStim: autoLog = None
2.6087 	EXP 	MovieStim: units = None
2.6087 	EXP 	Set movie movie=videos/bandit_hunter_rock.avi
2.6087 	EXP 	MovieStim: pos = None
2.6087 	EXP 	MovieStim: depth = None
2.6087 	EXP 	MovieStim: colorSpace = None
2.6087 	EXP 	MovieStim: opacity = None
2.6087 	EXP 	MovieStim: size = None
2.6087 	EXP 	MovieStim: ori = None
2.6087 	EXP 	MovieStim: autoDraw = None
2.6087 	EXP 	MovieStim: autoDraw = None
4.0902 	EXP 	MovieStim: autoDraw = None
4.0902 	EXP 	Set movie finished
4.1071 	EXP 	Set movie paused
4.1071 	EXP 	Set movie paused
6.7068 	DATA 	Keypress: escape
2.3269 	EXP 	Imported test.csv as conditions, 3 conditions, 7 params
2.3272 	EXP 	Created sequence: sequential, trialTypes=3, nReps=1, seed=None
2.3547 	EXP 	New trial (rep=0, index=0): {'receivertwo': u'hunter', 'verb': u'headbutt', 'verbtwo': u'rock', 'receiver': u'chef', 'correct': 1, 'actor': u'bandit', 'actortwo': u'bandit'}
2.8904 	EXP 	ImageStim: autoLog = None
2.8904 	EXP 	ImageStim: units = None
2.8904 	EXP 	ImageStim: useShaders = None
2.8904 	EXP 	ImageStim: size = None
2.8904 	EXP 	ImageStim: pos = None
2.8904 	EXP 	ImageStim: ori = None
2.8904 	EXP 	ImageStim: depth = None
2.8904 	EXP 	ImageStim: contrast = None
2.8904 	EXP 	ImageStim: opacity = None
2.8904 	EXP 	MovieStim: autoLog = None
2.8904 	EXP 	MovieStim: units = None
2.8904 	EXP 	Set movie movie=videos/bandit_chef_headbutt.avi
2.8904 	EXP 	MovieStim: pos = None
2.8904 	EXP 	MovieStim: depth = None
2.8904 	EXP 	MovieStim: colorSpace = None
2.8904 	EXP 	MovieStim: opacity = None
2.8904 	EXP 	MovieStim: size = None
2.8904 	EXP 	MovieStim: ori = None
2.8904 	EXP 	MovieStim: autoLog = None
2.8904 	EXP 	MovieStim: units = None
2.8904 	EXP 	Set movie movie=videos/bandit_hunter_rock.avi
2.8904 	EXP 	MovieStim: pos = None
2.8904 	EXP 	MovieStim: depth = None
2.8904 	EXP 	MovieStim: colorSpace = None
2.8904 	EXP 	MovieStim: opacity = None
2.8904 	EXP 	MovieStim: size = None
2.8904 	EXP 	MovieStim: ori = None
2.8904 	EXP 	MovieStim: autoDraw = None
2.8904 	EXP 	MovieStim: autoDraw = None
4.3699 	EXP 	Set movie finished
4.3869 	EXP 	Set movie paused
4.3869 	EXP 	MovieStim: autoDraw = None
4.4034 	EXP 	Set movie paused
6.0034 	DATA 	Mouse: Left button down, pos=(1489,866)
6.0046 	EXP 	New trial (rep=0, index=1): {'receivertwo': u'chef', 'verb': u'knockover', 'verbtwo': u'knockover', 'receiver': u'hunter', 'correct': 2, 'actor': u'bandit', 'actortwo': u'bandit'}
6.3419 	DATA 	Mouse: Left button up, pos=(1489,866)
6.5233 	EXP 	MovieStim: autoDraw = None
6.5233 	EXP 	MovieStim: autoDraw = None
6.5233 	EXP 	MovieStim: autoLog = None
6.5233 	EXP 	MovieStim: units = None
6.5233 	EXP 	Set movie movie=videos/bandit_hunter_knockover.avi
6.5233 	EXP 	MovieStim: pos = None
6.5233 	EXP 	MovieStim: depth = None
6.5233 	EXP 	MovieStim: colorSpace = None
6.5233 	EXP 	MovieStim: opacity = None
6.5233 	EXP 	MovieStim: size = None
6.5233 	EXP 	MovieStim: ori = None
6.5233 	EXP 	MovieStim: autoLog = None
6.5233 	EXP 	MovieStim: units = None
6.5233 	EXP 	Set movie movie=videos/bandit_chef_knockover.avi
6.5233 	EXP 	MovieStim: pos = None
6.5233 	EXP 	MovieStim: depth = None
6.5233 	EXP 	MovieStim: colorSpace = None
6.5233 	EXP 	MovieStim: opacity = None
6.5233 	EXP 	MovieStim: size = None
6.5233 	EXP 	MovieStim: ori = None
6.5233 	EXP 	MovieStim: autoDraw = None
6.5233 	EXP 	MovieStim: autoDraw = None
8.0364 	EXP 	MovieStim: autoDraw = None
8.0530 	EXP 	Set movie paused
10.4700 	DATA 	Mouse: Left button down, pos=(1489,865)
10.4715 	EXP 	New trial (rep=0, index=2): {'receivertwo': u'ref', 'verb': u'rock', 'verbtwo': u'headbutt', 'receiver': u'ref', 'correct': 2, 'actor': u'bandit', 'actortwo': u'bandit'}
10.8143 	DATA 	Mouse: Left button up, pos=(1489,865)
10.9910 	EXP 	MovieStim: autoDraw = None
10.9910 	EXP 	MovieStim: autoDraw = None
10.9910 	EXP 	MovieStim: autoLog = None
10.9910 	EXP 	MovieStim: units = None
10.9910 	EXP 	Set movie movie=videos/bandit_ref_rock.avi
10.9910 	EXP 	MovieStim: pos = None
10.9910 	EXP 	MovieStim: depth = None
10.9910 	EXP 	MovieStim: colorSpace = None
10.9910 	EXP 	MovieStim: opacity = None
10.9910 	EXP 	MovieStim: size = None
10.9910 	EXP 	MovieStim: ori = None
10.9910 	EXP 	MovieStim: autoLog = None
10.9910 	EXP 	MovieStim: units = None
10.9910 	EXP 	Set movie movie=videos/bandit_ref_headbutt.avi
10.9910 	EXP 	MovieStim: pos = None
10.9910 	EXP 	MovieStim: depth = None
10.9910 	EXP 	MovieStim: colorSpace = None
10.9910 	EXP 	MovieStim: opacity = None
10.9910 	EXP 	MovieStim: size = None
10.9910 	EXP 	MovieStim: ori = None
10.9910 	EXP 	MovieStim: autoDraw = None
10.9910 	EXP 	MovieStim: autoDraw = None
12.1694 	EXP 	Set movie finished
12.1863 	EXP 	Set movie paused
12.5025 	EXP 	MovieStim: autoDraw = None
12.5192 	EXP 	Set movie paused
13.5701 	DATA 	Mouse: Left button down, pos=(745,842)
13.5874 	EXP 	Imported images.csv as conditions, 5 conditions, 4 params
13.5876 	EXP 	Created sequence: sequential, trialTypes=5, nReps=1, seed=None
13.5885 	EXP 	New trial (rep=0, index=0): {'color': u'Red', 'verb': u'On', 'names': u'mountie', 'object': u'Stool'}
13.6059 	EXP 	MovieStim: autoDraw = None
13.6059 	EXP 	MovieStim: autoDraw = None
13.6059 	EXP 	Set image_2 image=images/mountieOnRedStool.png
13.6059 	EXP 	ImageStim: autoDraw = None
13.7029 	DATA 	Mouse: Left button up, pos=(745,839)
14.4193 	DATA 	Mouse: Left button down, pos=(828,825)
14.4202 	EXP 	New trial (rep=0, index=1): {'color': u'Red', 'verb': u'With', 'names': u'hunter', 'object': u'Stool'}
14.4357 	EXP 	ImageStim: autoDraw = None
14.4357 	EXP 	Set image_2 image=images/hunterWithRedStool.png
14.4357 	EXP 	ImageStim: autoDraw = None
14.5192 	DATA 	Mouse: Left button up, pos=(829,824)
14.7025 	DATA 	Mouse: Left button down, pos=(829,824)
14.7032 	EXP 	New trial (rep=0, index=2): {'color': u'Red', 'verb': u'On', 'names': u'hunter', 'object': u'Stool'}
14.7190 	EXP 	ImageStim: autoDraw = None
14.7190 	EXP 	Set image_2 image=images/hunterOnRedStool.png
14.7190 	EXP 	ImageStim: autoDraw = None
14.8027 	DATA 	Mouse: Left button up, pos=(829,824)
14.9359 	DATA 	Mouse: Left button down, pos=(829,824)
14.9370 	EXP 	New trial (rep=0, index=3): {'color': u'Blue', 'verb': u'Nextto', 'names': u'hunter', 'object': u'Stool'}
14.9541 	EXP 	ImageStim: autoDraw = None
14.9541 	EXP 	Set image_2 image=images/hunterNexttoBlueStool.png
14.9541 	EXP 	ImageStim: autoDraw = None
15.0526 	DATA 	Mouse: Left button up, pos=(829,824)
15.2859 	DATA 	Mouse: Left button down, pos=(829,824)
15.2867 	EXP 	New trial (rep=0, index=4): {'color': u'Red', 'verb': u'On', 'names': u'mountie', 'object': u'Skateboard'}
15.3026 	EXP 	ImageStim: autoDraw = None
15.3026 	EXP 	Set image_2 image=images/mountieOnRedSkateboard.png
15.3026 	EXP 	ImageStim: autoDraw = None
15.3861 	DATA 	Mouse: Left button up, pos=(829,824)
15.7192 	DATA 	Mouse: Left button down, pos=(829,823)
15.7737 	WARNING 	Data file, data/_2015_Oct_13_0645.csv, will be overwritten
