2.2057 	EXP 	Imported images.csv as conditions, 5 conditions, 4 params
2.2059 	EXP 	Created sequence: sequential, trialTypes=5, nReps=5, seed=None
2.2063 	EXP 	New trial (rep=0, index=0): {'color': u'Red', 'verb': u'On', 'names': u'mountie', 'object': u'Stool'}
2.2064 	ERROR 	Couldn't find image file 'images/mountieOnRedStool'; check path?
2.5863 	EXP 	Imported images.csv as conditions, 5 conditions, 4 params
2.5870 	EXP 	Created sequence: sequential, trialTypes=5, nReps=5, seed=None
2.5883 	EXP 	New trial (rep=0, index=0): {'color': u'Red', 'verb': u'On', 'names': u'mountie', 'object': u'Stool'}
2.6093 	EXP 	ImageStim: autoLog = None
2.6093 	EXP 	ImageStim: units = None
2.6093 	EXP 	ImageStim: useShaders = None
2.6093 	EXP 	ImageStim: size = None
2.6093 	EXP 	ImageStim: pos = None
2.6093 	EXP 	ImageStim: ori = None
2.6093 	EXP 	ImageStim: depth = None
2.6093 	EXP 	ImageStim: contrast = None
2.6093 	EXP 	ImageStim: opacity = None
2.6093 	EXP 	Set image image=images/mountieOnRedStool.png
2.6093 	EXP 	ImageStim: autoDraw = None
3.3454 	DATA 	Keypress: right
3.3461 	EXP 	New trial (rep=0, index=1): {'color': u'Red', 'verb': u'With', 'names': u'hunter', 'object': u'Stool'}
3.3618 	EXP 	ImageStim: autoDraw = None
3.3618 	EXP 	Set image image=images/hunterWithRedStool.png
3.3618 	EXP 	ImageStim: autoDraw = None
3.7894 	DATA 	Keypress: right
3.8597 	EXP 	New trial (rep=0, index=2): {'color': u'Red', 'verb': u'On', 'names': u'hunter', 'object': u'Stool'}
3.8727 	EXP 	ImageStim: autoDraw = None
3.8727 	EXP 	Set image image=images/hunterOnRedStool.png
3.8727 	EXP 	ImageStim: autoDraw = None
4.5284 	DATA 	Keypress: right
4.5289 	EXP 	New trial (rep=0, index=3): {'color': u'Blue', 'verb': u'Nextto', 'names': u'hunter', 'object': u'Stool'}
4.5450 	EXP 	ImageStim: autoDraw = None
4.5450 	EXP 	Set image image=images/hunterNexttoBlueStool.png
4.5450 	EXP 	ImageStim: autoDraw = None
5.1950 	DATA 	Keypress: escape
5.2243 	WARNING 	Data file, data/_2015_Oct_13_0529.csv, will be overwritten
