3.0154 	EXP 	TextStim: autoLog = None
3.0154 	EXP 	TextStim: units = None
3.0154 	EXP 	TextStim: useShaders = None
3.0154 	EXP 	TextStim: depth = None
3.0154 	EXP 	TextStim: ori = None
3.0154 	EXP 	TextStim: pos = None
3.0154 	EXP 	TextStim: colorSpace = None
3.0154 	EXP 	TextStim: opacity = None
3.0154 	EXP 	TextStim: contrast = None
3.0154 	EXP 	ImageStim: autoLog = None
3.0154 	EXP 	ImageStim: units = None
3.0154 	EXP 	ImageStim: useShaders = None
3.0154 	EXP 	ImageStim: size = None
3.0154 	EXP 	ImageStim: pos = None
3.0154 	EXP 	ImageStim: ori = None
3.0154 	EXP 	ImageStim: depth = None
3.0154 	EXP 	ImageStim: contrast = None
3.0154 	EXP 	ImageStim: opacity = None
3.0154 	EXP 	TextStim: autoDraw = None
3.0154 	EXP 	ImageStim: autoDraw = None
